

================================================================
== Vivado HLS Report for 'SubBytes'
================================================================
* Date:           Sat May  9 23:49:01 2020

* Version:        2019.2 (Build 2704478 on Wed Nov 06 22:10:23 MST 2019)
* Project:        picnic1
* Solution:       keypair
* Product family: artix7
* Target device:  xc7a200t-fbg676-2


================================================================
== Performance Estimates
================================================================
+ Timing: 
    * Summary: 
    +--------+----------+----------+------------+
    |  Clock |  Target  | Estimated| Uncertainty|
    +--------+----------+----------+------------+
    |ap_clk  | 10.00 ns | 4.527 ns |   1.25 ns  |
    +--------+----------+----------+------------+

+ Latency: 
    * Summary: 
    +---------+---------+----------+----------+-----+-----+---------+
    |  Latency (cycles) |  Latency (absolute) |  Interval | Pipeline|
    |   min   |   max   |    min   |    max   | min | max |   Type  |
    +---------+---------+----------+----------+-----+-----+---------+
    |       17|       17| 0.170 us | 0.170 us |   17|   17|   none  |
    +---------+---------+----------+----------+-----+-----+---------+

    + Detail: 
        * Instance: 
        N/A

        * Loop: 
        +-------------------+---------+---------+----------+-----------+-----------+------+----------+
        |                   |  Latency (cycles) | Iteration|  Initiation Interval  | Trip |          |
        |     Loop Name     |   min   |   max   |  Latency |  achieved |   target  | Count| Pipelined|
        +-------------------+---------+---------+----------+-----------+-----------+------+----------+
        |- SubBytes_label1  |       16|       16|         4|          -|          -|     4|    no    |
        +-------------------+---------+---------+----------+-----------+-----------+------+----------+

============================================================
+ Verbose Summary: Synthesis Manager
============================================================
InlineROM: 1
ExposeGlobal: 1
============================================================
+ Verbose Summary: CDFG Model
============================================================
IsTopModel: 0
ResetActiveHigh: 1
IsCombinational: 0
IsDatapathOnly: 0
HasWiredReturn: 1
HasMFsm: 0
HasVarLatency: 1
IsPipeline: 0
IsRtlPipelined: 0
IsInstanceOverlapped: 0
IsDontTouch: 0
HasImplIP: 0
IsGatedGlobalClock: 0


============================================================
+ Verbose Summary: Schedule
============================================================
* Number of FSM states : 5
* Pipeline : 0
* Dataflow Pipeline: 0

* FSM state transitions: 
1 --> 2 
2 --> 3 
3 --> 4 
4 --> 5 
5 --> 2 

* FSM state operations: 

State 1 <SV = 0> <Delay = 1.35>
ST_1 : Operation 6 [1/1] (1.35ns)   --->   "br label %1" [NIST-KATs/aes.c:263]   --->   Operation 6 'br' <Predicate = true> <Delay = 1.35>

State 2 <SV = 1> <Delay = 2.56>
ST_2 : Operation 7 [1/1] (0.00ns)   --->   "%i_0 = phi i3 [ 0, %0 ], [ %i, %2 ]"   --->   Operation 7 'phi' 'i_0' <Predicate = true> <Delay = 0.00>
ST_2 : Operation 8 [1/1] (1.00ns)   --->   "%icmp_ln263 = icmp eq i3 %i_0, -4" [NIST-KATs/aes.c:263]   --->   Operation 8 'icmp' 'icmp_ln263' <Predicate = true> <Delay = 1.00> <Core = "Cmp">   --->   Core 25 'Cmp' <Latency = 0> <II = 1> <Delay = 1.00> <FuncUnit> <Opcode : 'icmp'> <InPorts = 2> <OutPorts = 1>
ST_2 : Operation 9 [1/1] (0.00ns)   --->   "%empty = call i32 (...)* @_ssdm_op_SpecLoopTripCount(i64 4, i64 4, i64 4) nounwind"   --->   Operation 9 'speclooptripcount' 'empty' <Predicate = true> <Delay = 0.00>
ST_2 : Operation 10 [1/1] (1.34ns)   --->   "%i = add i3 %i_0, 1" [NIST-KATs/aes.c:263]   --->   Operation 10 'add' 'i' <Predicate = true> <Delay = 1.34> <Core = "AddSub">   --->   Core 14 'AddSub' <Latency = 0> <II = 1> <Delay = 1.34> <FuncUnit> <Opcode : 'add' 'sub'> <InPorts = 2> <OutPorts = 1>
ST_2 : Operation 11 [1/1] (0.00ns)   --->   "br i1 %icmp_ln263, label %3, label %2" [NIST-KATs/aes.c:263]   --->   Operation 11 'br' <Predicate = true> <Delay = 0.00>
ST_2 : Operation 12 [1/1] (0.00ns)   --->   "%zext_ln268 = zext i3 %i_0 to i64" [NIST-KATs/aes.c:268]   --->   Operation 12 'zext' 'zext_ln268' <Predicate = (!icmp_ln263)> <Delay = 0.00>
ST_2 : Operation 13 [1/1] (0.00ns)   --->   "%state_addr = getelementptr [16 x i8]* %state, i64 0, i64 %zext_ln268" [NIST-KATs/aes.c:268]   --->   Operation 13 'getelementptr' 'state_addr' <Predicate = (!icmp_ln263)> <Delay = 0.00>
ST_2 : Operation 14 [1/1] (0.80ns)   --->   "%xor_ln268 = xor i3 %i_0, -4" [NIST-KATs/aes.c:268]   --->   Operation 14 'xor' 'xor_ln268' <Predicate = (!icmp_ln263)> <Delay = 0.80> <Core = "LogicGate">   --->   Core 27 'LogicGate' <Latency = 0> <II = 1> <Delay = 0.80> <FuncUnit> <Opcode : 'and' 'or' 'xor'> <InPorts = 2> <OutPorts = 1>
ST_2 : Operation 15 [1/1] (0.00ns)   --->   "%zext_ln268_5 = zext i3 %xor_ln268 to i64" [NIST-KATs/aes.c:268]   --->   Operation 15 'zext' 'zext_ln268_5' <Predicate = (!icmp_ln263)> <Delay = 0.00>
ST_2 : Operation 16 [1/1] (0.00ns)   --->   "%state_addr_1 = getelementptr [16 x i8]* %state, i64 0, i64 %zext_ln268_5" [NIST-KATs/aes.c:268]   --->   Operation 16 'getelementptr' 'state_addr_1' <Predicate = (!icmp_ln263)> <Delay = 0.00>
ST_2 : Operation 17 [2/2] (1.75ns)   --->   "%state_load = load i8* %state_addr, align 1" [NIST-KATs/aes.c:268]   --->   Operation 17 'load' 'state_load' <Predicate = (!icmp_ln263)> <Delay = 1.75> <Core = "RAM">   --->   Core 37 'RAM' <Latency = 1> <II = 1> <Delay = 1.75> <Storage> <Opcode : 'load' 'store'> <Ports = 2> <Width = 8> <Depth = 16> <RAM>
ST_2 : Operation 18 [2/2] (1.75ns)   --->   "%state_load_1 = load i8* %state_addr_1, align 1" [NIST-KATs/aes.c:268]   --->   Operation 18 'load' 'state_load_1' <Predicate = (!icmp_ln263)> <Delay = 1.75> <Core = "RAM">   --->   Core 37 'RAM' <Latency = 1> <II = 1> <Delay = 1.75> <Storage> <Opcode : 'load' 'store'> <Ports = 2> <Width = 8> <Depth = 16> <RAM>
ST_2 : Operation 19 [1/1] (0.00ns)   --->   "ret void" [NIST-KATs/aes.c:271]   --->   Operation 19 'ret' <Predicate = (icmp_ln263)> <Delay = 0.00>

State 3 <SV = 2> <Delay = 4.52>
ST_3 : Operation 20 [1/1] (0.00ns)   --->   "%tmp = call i64 @_ssdm_op_BitConcatenate.i64.i61.i3(i61 1, i3 %i_0)" [NIST-KATs/aes.c:268]   --->   Operation 20 'bitconcatenate' 'tmp' <Predicate = true> <Delay = 0.00>
ST_3 : Operation 21 [1/1] (0.00ns)   --->   "%state_addr_2 = getelementptr [16 x i8]* %state, i64 0, i64 %tmp" [NIST-KATs/aes.c:268]   --->   Operation 21 'getelementptr' 'state_addr_2' <Predicate = true> <Delay = 0.00>
ST_3 : Operation 22 [1/1] (0.00ns)   --->   "%sext_ln268 = sext i3 %xor_ln268 to i4" [NIST-KATs/aes.c:268]   --->   Operation 22 'sext' 'sext_ln268' <Predicate = true> <Delay = 0.00>
ST_3 : Operation 23 [1/1] (0.00ns)   --->   "%zext_ln268_6 = zext i4 %sext_ln268 to i64" [NIST-KATs/aes.c:268]   --->   Operation 23 'zext' 'zext_ln268_6' <Predicate = true> <Delay = 0.00>
ST_3 : Operation 24 [1/1] (0.00ns)   --->   "%state_addr_3 = getelementptr [16 x i8]* %state, i64 0, i64 %zext_ln268_6" [NIST-KATs/aes.c:268]   --->   Operation 24 'getelementptr' 'state_addr_3' <Predicate = true> <Delay = 0.00>
ST_3 : Operation 25 [1/2] (1.75ns)   --->   "%state_load = load i8* %state_addr, align 1" [NIST-KATs/aes.c:268]   --->   Operation 25 'load' 'state_load' <Predicate = true> <Delay = 1.75> <Core = "RAM">   --->   Core 37 'RAM' <Latency = 1> <II = 1> <Delay = 1.75> <Storage> <Opcode : 'load' 'store'> <Ports = 2> <Width = 8> <Depth = 16> <RAM>
ST_3 : Operation 26 [1/1] (0.00ns)   --->   "%zext_ln268_1 = zext i8 %state_load to i64" [NIST-KATs/aes.c:268]   --->   Operation 26 'zext' 'zext_ln268_1' <Predicate = true> <Delay = 0.00>
ST_3 : Operation 27 [1/1] (0.00ns)   --->   "%sbox_addr = getelementptr inbounds [256 x i8]* @sbox, i64 0, i64 %zext_ln268_1" [NIST-KATs/aes.c:268]   --->   Operation 27 'getelementptr' 'sbox_addr' <Predicate = true> <Delay = 0.00>
ST_3 : Operation 28 [2/2] (2.77ns)   --->   "%sbox_load = load i8* %sbox_addr, align 1" [NIST-KATs/aes.c:268]   --->   Operation 28 'load' 'sbox_load' <Predicate = true> <Delay = 2.77> <Core = "ROM_nP">   --->   Core 52 'ROM_nP' <Latency = 1> <II = 1> <Delay = 2.77> <Storage> <Opcode : 'load'> <Ports = 0> <Width = 8> <Depth = 256> <ROM>
ST_3 : Operation 29 [1/2] (1.75ns)   --->   "%state_load_1 = load i8* %state_addr_1, align 1" [NIST-KATs/aes.c:268]   --->   Operation 29 'load' 'state_load_1' <Predicate = true> <Delay = 1.75> <Core = "RAM">   --->   Core 37 'RAM' <Latency = 1> <II = 1> <Delay = 1.75> <Storage> <Opcode : 'load' 'store'> <Ports = 2> <Width = 8> <Depth = 16> <RAM>
ST_3 : Operation 30 [1/1] (0.00ns)   --->   "%zext_ln268_2 = zext i8 %state_load_1 to i64" [NIST-KATs/aes.c:268]   --->   Operation 30 'zext' 'zext_ln268_2' <Predicate = true> <Delay = 0.00>
ST_3 : Operation 31 [1/1] (0.00ns)   --->   "%sbox_addr_1 = getelementptr inbounds [256 x i8]* @sbox, i64 0, i64 %zext_ln268_2" [NIST-KATs/aes.c:268]   --->   Operation 31 'getelementptr' 'sbox_addr_1' <Predicate = true> <Delay = 0.00>
ST_3 : Operation 32 [2/2] (2.77ns)   --->   "%sbox_load_1 = load i8* %sbox_addr_1, align 1" [NIST-KATs/aes.c:268]   --->   Operation 32 'load' 'sbox_load_1' <Predicate = true> <Delay = 2.77> <Core = "ROM_nP">   --->   Core 52 'ROM_nP' <Latency = 1> <II = 1> <Delay = 2.77> <Storage> <Opcode : 'load'> <Ports = 0> <Width = 8> <Depth = 256> <ROM>
ST_3 : Operation 33 [2/2] (1.75ns)   --->   "%state_load_2 = load i8* %state_addr_2, align 1" [NIST-KATs/aes.c:268]   --->   Operation 33 'load' 'state_load_2' <Predicate = true> <Delay = 1.75> <Core = "RAM">   --->   Core 37 'RAM' <Latency = 1> <II = 1> <Delay = 1.75> <Storage> <Opcode : 'load' 'store'> <Ports = 2> <Width = 8> <Depth = 16> <RAM>
ST_3 : Operation 34 [2/2] (1.75ns)   --->   "%state_load_3 = load i8* %state_addr_3, align 1" [NIST-KATs/aes.c:268]   --->   Operation 34 'load' 'state_load_3' <Predicate = true> <Delay = 1.75> <Core = "RAM">   --->   Core 37 'RAM' <Latency = 1> <II = 1> <Delay = 1.75> <Storage> <Opcode : 'load' 'store'> <Ports = 2> <Width = 8> <Depth = 16> <RAM>

State 4 <SV = 3> <Delay = 4.52>
ST_4 : Operation 35 [1/2] (2.77ns)   --->   "%sbox_load = load i8* %sbox_addr, align 1" [NIST-KATs/aes.c:268]   --->   Operation 35 'load' 'sbox_load' <Predicate = true> <Delay = 2.77> <Core = "ROM_nP">   --->   Core 52 'ROM_nP' <Latency = 1> <II = 1> <Delay = 2.77> <Storage> <Opcode : 'load'> <Ports = 0> <Width = 8> <Depth = 256> <ROM>
ST_4 : Operation 36 [1/1] (1.75ns)   --->   "store i8 %sbox_load, i8* %state_addr, align 1" [NIST-KATs/aes.c:268]   --->   Operation 36 'store' <Predicate = true> <Delay = 1.75> <Core = "RAM">   --->   Core 37 'RAM' <Latency = 1> <II = 1> <Delay = 1.75> <Storage> <Opcode : 'load' 'store'> <Ports = 2> <Width = 8> <Depth = 16> <RAM>
ST_4 : Operation 37 [1/2] (2.77ns)   --->   "%sbox_load_1 = load i8* %sbox_addr_1, align 1" [NIST-KATs/aes.c:268]   --->   Operation 37 'load' 'sbox_load_1' <Predicate = true> <Delay = 2.77> <Core = "ROM_nP">   --->   Core 52 'ROM_nP' <Latency = 1> <II = 1> <Delay = 2.77> <Storage> <Opcode : 'load'> <Ports = 0> <Width = 8> <Depth = 256> <ROM>
ST_4 : Operation 38 [1/1] (1.75ns)   --->   "store i8 %sbox_load_1, i8* %state_addr_1, align 1" [NIST-KATs/aes.c:268]   --->   Operation 38 'store' <Predicate = true> <Delay = 1.75> <Core = "RAM">   --->   Core 37 'RAM' <Latency = 1> <II = 1> <Delay = 1.75> <Storage> <Opcode : 'load' 'store'> <Ports = 2> <Width = 8> <Depth = 16> <RAM>
ST_4 : Operation 39 [1/2] (1.75ns)   --->   "%state_load_2 = load i8* %state_addr_2, align 1" [NIST-KATs/aes.c:268]   --->   Operation 39 'load' 'state_load_2' <Predicate = true> <Delay = 1.75> <Core = "RAM">   --->   Core 37 'RAM' <Latency = 1> <II = 1> <Delay = 1.75> <Storage> <Opcode : 'load' 'store'> <Ports = 2> <Width = 8> <Depth = 16> <RAM>
ST_4 : Operation 40 [1/1] (0.00ns)   --->   "%zext_ln268_3 = zext i8 %state_load_2 to i64" [NIST-KATs/aes.c:268]   --->   Operation 40 'zext' 'zext_ln268_3' <Predicate = true> <Delay = 0.00>
ST_4 : Operation 41 [1/1] (0.00ns)   --->   "%sbox_addr_2 = getelementptr inbounds [256 x i8]* @sbox, i64 0, i64 %zext_ln268_3" [NIST-KATs/aes.c:268]   --->   Operation 41 'getelementptr' 'sbox_addr_2' <Predicate = true> <Delay = 0.00>
ST_4 : Operation 42 [2/2] (2.77ns)   --->   "%sbox_load_2 = load i8* %sbox_addr_2, align 1" [NIST-KATs/aes.c:268]   --->   Operation 42 'load' 'sbox_load_2' <Predicate = true> <Delay = 2.77> <Core = "ROM_nP">   --->   Core 52 'ROM_nP' <Latency = 1> <II = 1> <Delay = 2.77> <Storage> <Opcode : 'load'> <Ports = 0> <Width = 8> <Depth = 256> <ROM>
ST_4 : Operation 43 [1/2] (1.75ns)   --->   "%state_load_3 = load i8* %state_addr_3, align 1" [NIST-KATs/aes.c:268]   --->   Operation 43 'load' 'state_load_3' <Predicate = true> <Delay = 1.75> <Core = "RAM">   --->   Core 37 'RAM' <Latency = 1> <II = 1> <Delay = 1.75> <Storage> <Opcode : 'load' 'store'> <Ports = 2> <Width = 8> <Depth = 16> <RAM>
ST_4 : Operation 44 [1/1] (0.00ns)   --->   "%zext_ln268_4 = zext i8 %state_load_3 to i64" [NIST-KATs/aes.c:268]   --->   Operation 44 'zext' 'zext_ln268_4' <Predicate = true> <Delay = 0.00>
ST_4 : Operation 45 [1/1] (0.00ns)   --->   "%sbox_addr_3 = getelementptr inbounds [256 x i8]* @sbox, i64 0, i64 %zext_ln268_4" [NIST-KATs/aes.c:268]   --->   Operation 45 'getelementptr' 'sbox_addr_3' <Predicate = true> <Delay = 0.00>
ST_4 : Operation 46 [2/2] (2.77ns)   --->   "%sbox_load_3 = load i8* %sbox_addr_3, align 1" [NIST-KATs/aes.c:268]   --->   Operation 46 'load' 'sbox_load_3' <Predicate = true> <Delay = 2.77> <Core = "ROM_nP">   --->   Core 52 'ROM_nP' <Latency = 1> <II = 1> <Delay = 2.77> <Storage> <Opcode : 'load'> <Ports = 0> <Width = 8> <Depth = 256> <ROM>

State 5 <SV = 4> <Delay = 4.52>
ST_5 : Operation 47 [1/1] (0.00ns)   --->   "call void (...)* @_ssdm_op_SpecLoopName([16 x i8]* @p_str8121) nounwind" [NIST-KATs/aes.c:264]   --->   Operation 47 'specloopname' <Predicate = true> <Delay = 0.00>
ST_5 : Operation 48 [1/2] (2.77ns)   --->   "%sbox_load_2 = load i8* %sbox_addr_2, align 1" [NIST-KATs/aes.c:268]   --->   Operation 48 'load' 'sbox_load_2' <Predicate = true> <Delay = 2.77> <Core = "ROM_nP">   --->   Core 52 'ROM_nP' <Latency = 1> <II = 1> <Delay = 2.77> <Storage> <Opcode : 'load'> <Ports = 0> <Width = 8> <Depth = 256> <ROM>
ST_5 : Operation 49 [1/1] (1.75ns)   --->   "store i8 %sbox_load_2, i8* %state_addr_2, align 1" [NIST-KATs/aes.c:268]   --->   Operation 49 'store' <Predicate = true> <Delay = 1.75> <Core = "RAM">   --->   Core 37 'RAM' <Latency = 1> <II = 1> <Delay = 1.75> <Storage> <Opcode : 'load' 'store'> <Ports = 2> <Width = 8> <Depth = 16> <RAM>
ST_5 : Operation 50 [1/2] (2.77ns)   --->   "%sbox_load_3 = load i8* %sbox_addr_3, align 1" [NIST-KATs/aes.c:268]   --->   Operation 50 'load' 'sbox_load_3' <Predicate = true> <Delay = 2.77> <Core = "ROM_nP">   --->   Core 52 'ROM_nP' <Latency = 1> <II = 1> <Delay = 2.77> <Storage> <Opcode : 'load'> <Ports = 0> <Width = 8> <Depth = 256> <ROM>
ST_5 : Operation 51 [1/1] (1.75ns)   --->   "store i8 %sbox_load_3, i8* %state_addr_3, align 1" [NIST-KATs/aes.c:268]   --->   Operation 51 'store' <Predicate = true> <Delay = 1.75> <Core = "RAM">   --->   Core 37 'RAM' <Latency = 1> <II = 1> <Delay = 1.75> <Storage> <Opcode : 'load' 'store'> <Ports = 2> <Width = 8> <Depth = 16> <RAM>
ST_5 : Operation 52 [1/1] (0.00ns)   --->   "br label %1" [NIST-KATs/aes.c:263]   --->   Operation 52 'br' <Predicate = true> <Delay = 0.00>


============================================================
+ Verbose Summary: Binding
============================================================
STG Binding: 
---------------- STG Properties BEGIN ----------------
- Is combinational: 0
- Is one-state seq: 0
- Is datapath-only: 0
- Is pipelined: 0
- Is top level: 0
Port [ Return ] is wired: 1; IO mode=ap_ctrl_hs:ce=0
Port [ state]:  wired=1; compound=1; hidden=0; nouse=0; global=0; static=0; extern=0; dir=2; type=1; pingpong=0; private_global=0; MemPort=[22]; IO mode=ap_memory:ce=0
Port [ sbox]:  wired=0; compound=1; hidden=1; nouse=0; global=1; static=1; extern=0; dir=0; type=1; pingpong=0; private_global=0; linkage=7; visibility=0; MemPort=[11]; IO mode=ap_memory:ce=0
---------------- STG Properties END ------------------

---------------- Datapath Model BEGIN ----------------

<LifeTime>
<method=bitvector/>
br_ln263           (br               ) [ 011111]
i_0                (phi              ) [ 001100]
icmp_ln263         (icmp             ) [ 001111]
empty              (speclooptripcount) [ 000000]
i                  (add              ) [ 011111]
br_ln263           (br               ) [ 000000]
zext_ln268         (zext             ) [ 000000]
state_addr         (getelementptr    ) [ 000110]
xor_ln268          (xor              ) [ 000100]
zext_ln268_5       (zext             ) [ 000000]
state_addr_1       (getelementptr    ) [ 000110]
ret_ln271          (ret              ) [ 000000]
tmp                (bitconcatenate   ) [ 000000]
state_addr_2       (getelementptr    ) [ 000011]
sext_ln268         (sext             ) [ 000000]
zext_ln268_6       (zext             ) [ 000000]
state_addr_3       (getelementptr    ) [ 000011]
state_load         (load             ) [ 000000]
zext_ln268_1       (zext             ) [ 000000]
sbox_addr          (getelementptr    ) [ 000010]
state_load_1       (load             ) [ 000000]
zext_ln268_2       (zext             ) [ 000000]
sbox_addr_1        (getelementptr    ) [ 000010]
sbox_load          (load             ) [ 000000]
store_ln268        (store            ) [ 000000]
sbox_load_1        (load             ) [ 000000]
store_ln268        (store            ) [ 000000]
state_load_2       (load             ) [ 000000]
zext_ln268_3       (zext             ) [ 000000]
sbox_addr_2        (getelementptr    ) [ 000001]
state_load_3       (load             ) [ 000000]
zext_ln268_4       (zext             ) [ 000000]
sbox_addr_3        (getelementptr    ) [ 000001]
specloopname_ln264 (specloopname     ) [ 000000]
sbox_load_2        (load             ) [ 000000]
store_ln268        (store            ) [ 000000]
sbox_load_3        (load             ) [ 000000]
store_ln268        (store            ) [ 000000]
br_ln263           (br               ) [ 011111]
</LifeTime>

<model>

<comp_list>
<comp id="0" class="1000" name="state">
<pin_list>
<pin id="1" dir="1" index="0" bw="1" slack="0"/>
</pin_list>
<bind>
<StgValue><ssdm name="state"/><MemPortTyVec>2 2 </MemPortTyVec>
</StgValue>
</bind>
</comp>

<comp id="2" class="1000" name="sbox">
<pin_list>
<pin id="3" dir="1" index="0" bw="1" slack="0"/>
</pin_list>
<bind>
<StgValue><ssdm name="sbox"/><MemPortTyVec>1 1 </MemPortTyVec>
</StgValue>
</bind>
</comp>

<comp id="4" class="1001" name="const_4">
<pin_list>
<pin id="5" dir="1" index="0" bw="1" slack="1"/>
</pin_list>
<bind>
<StgValue><ssdm name=""/></StgValue>
</bind>
</comp>

<comp id="6" class="1001" name="const_6">
<pin_list>
<pin id="7" dir="1" index="0" bw="1" slack="0"/>
</pin_list>
<bind>
<StgValue><ssdm name=""/></StgValue>
</bind>
</comp>

<comp id="8" class="1001" name="const_8">
<pin_list>
<pin id="9" dir="1" index="0" bw="1" slack="2147483647"/>
</pin_list>
<bind>
<StgValue><ssdm name="_ssdm_op_SpecLoopTripCount"/></StgValue>
</bind>
</comp>

<comp id="10" class="1001" name="const_10">
<pin_list>
<pin id="11" dir="1" index="0" bw="1" slack="2147483647"/>
</pin_list>
<bind>
<StgValue><ssdm name=""/></StgValue>
</bind>
</comp>

<comp id="12" class="1001" name="const_12">
<pin_list>
<pin id="13" dir="1" index="0" bw="1" slack="0"/>
</pin_list>
<bind>
<StgValue><ssdm name=""/></StgValue>
</bind>
</comp>

<comp id="14" class="1001" name="const_14">
<pin_list>
<pin id="15" dir="1" index="0" bw="1" slack="0"/>
</pin_list>
<bind>
<StgValue><ssdm name=""/></StgValue>
</bind>
</comp>

<comp id="16" class="1001" name="const_16">
<pin_list>
<pin id="17" dir="1" index="0" bw="1" slack="0"/>
</pin_list>
<bind>
<StgValue><ssdm name="_ssdm_op_BitConcatenate.i64.i61.i3"/></StgValue>
</bind>
</comp>

<comp id="18" class="1001" name="const_18">
<pin_list>
<pin id="19" dir="1" index="0" bw="1" slack="0"/>
</pin_list>
<bind>
<StgValue><ssdm name=""/></StgValue>
</bind>
</comp>

<comp id="20" class="1001" name="const_20">
<pin_list>
<pin id="21" dir="1" index="0" bw="1" slack="2147483647"/>
</pin_list>
<bind>
<StgValue><ssdm name="_ssdm_op_SpecLoopName"/></StgValue>
</bind>
</comp>

<comp id="22" class="1001" name="const_22">
<pin_list>
<pin id="23" dir="1" index="0" bw="1" slack="2147483647"/>
</pin_list>
<bind>
<StgValue><ssdm name="p_str8121"/></StgValue>
</bind>
</comp>

<comp id="24" class="1004" name="state_addr_gep_fu_24">
<pin_list>
<pin id="25" dir="0" index="0" bw="8" slack="0"/>
<pin id="26" dir="0" index="1" bw="1" slack="0"/>
<pin id="27" dir="0" index="2" bw="3" slack="0"/>
<pin id="28" dir="1" index="3" bw="4" slack="0"/>
</pin_list>
<bind>
<opcode="getelementptr(29) " fcode="getelementptr"/>
<opset="state_addr/2 "/>
</bind>
</comp>

<comp id="31" class="1004" name="state_addr_1_gep_fu_31">
<pin_list>
<pin id="32" dir="0" index="0" bw="8" slack="0"/>
<pin id="33" dir="0" index="1" bw="1" slack="0"/>
<pin id="34" dir="0" index="2" bw="3" slack="0"/>
<pin id="35" dir="1" index="3" bw="4" slack="0"/>
</pin_list>
<bind>
<opcode="getelementptr(29) " fcode="getelementptr"/>
<opset="state_addr_1/2 "/>
</bind>
</comp>

<comp id="38" class="1004" name="grp_access_fu_38">
<pin_list>
<pin id="39" dir="0" index="0" bw="4" slack="0"/>
<pin id="40" dir="0" index="1" bw="8" slack="0"/>
<pin id="41" dir="0" index="2" bw="0" slack="0"/>
<pin id="44" dir="0" index="4" bw="4" slack="0"/>
<pin id="45" dir="0" index="5" bw="8" slack="2147483647"/>
<pin id="46" dir="0" index="6" bw="0" slack="2147483647"/>
<pin id="42" dir="1" index="3" bw="8" slack="0"/>
<pin id="47" dir="1" index="7" bw="8" slack="0"/>
</pin_list>
<bind>
<opcode="load(27) store(28) " fcode="store"/>
<opset="state_load/2 state_load_1/2 state_load_2/3 state_load_3/3 store_ln268/4 store_ln268/4 store_ln268/5 store_ln268/5 "/>
</bind>
</comp>

<comp id="49" class="1004" name="state_addr_2_gep_fu_49">
<pin_list>
<pin id="50" dir="0" index="0" bw="8" slack="0"/>
<pin id="51" dir="0" index="1" bw="1" slack="0"/>
<pin id="52" dir="0" index="2" bw="64" slack="0"/>
<pin id="53" dir="1" index="3" bw="4" slack="0"/>
</pin_list>
<bind>
<opcode="getelementptr(29) " fcode="getelementptr"/>
<opset="state_addr_2/3 "/>
</bind>
</comp>

<comp id="56" class="1004" name="state_addr_3_gep_fu_56">
<pin_list>
<pin id="57" dir="0" index="0" bw="8" slack="0"/>
<pin id="58" dir="0" index="1" bw="1" slack="0"/>
<pin id="59" dir="0" index="2" bw="4" slack="0"/>
<pin id="60" dir="1" index="3" bw="4" slack="0"/>
</pin_list>
<bind>
<opcode="getelementptr(29) " fcode="getelementptr"/>
<opset="state_addr_3/3 "/>
</bind>
</comp>

<comp id="63" class="1004" name="sbox_addr_gep_fu_63">
<pin_list>
<pin id="64" dir="0" index="0" bw="8" slack="0"/>
<pin id="65" dir="0" index="1" bw="1" slack="0"/>
<pin id="66" dir="0" index="2" bw="8" slack="0"/>
<pin id="67" dir="1" index="3" bw="8" slack="0"/>
</pin_list>
<bind>
<opcode="getelementptr(29) " fcode="getelementptr"/>
<opset="sbox_addr/3 "/>
</bind>
</comp>

<comp id="70" class="1004" name="grp_access_fu_70">
<pin_list>
<pin id="71" dir="0" index="0" bw="8" slack="0"/>
<pin id="72" dir="0" index="1" bw="8" slack="2147483647"/>
<pin id="73" dir="0" index="2" bw="0" slack="0"/>
<pin id="83" dir="0" index="4" bw="8" slack="2147483647"/>
<pin id="84" dir="0" index="5" bw="8" slack="2147483647"/>
<pin id="85" dir="0" index="6" bw="0" slack="2147483647"/>
<pin id="74" dir="1" index="3" bw="8" slack="0"/>
<pin id="86" dir="1" index="7" bw="8" slack="0"/>
</pin_list>
<bind>
<opcode="load(27) " fcode="load"/>
<opset="sbox_load/3 sbox_load_1/3 sbox_load_2/4 sbox_load_3/4 "/>
</bind>
</comp>

<comp id="76" class="1004" name="sbox_addr_1_gep_fu_76">
<pin_list>
<pin id="77" dir="0" index="0" bw="8" slack="0"/>
<pin id="78" dir="0" index="1" bw="1" slack="0"/>
<pin id="79" dir="0" index="2" bw="8" slack="0"/>
<pin id="80" dir="1" index="3" bw="8" slack="0"/>
</pin_list>
<bind>
<opcode="getelementptr(29) " fcode="getelementptr"/>
<opset="sbox_addr_1/3 "/>
</bind>
</comp>

<comp id="92" class="1004" name="sbox_addr_2_gep_fu_92">
<pin_list>
<pin id="93" dir="0" index="0" bw="8" slack="0"/>
<pin id="94" dir="0" index="1" bw="1" slack="0"/>
<pin id="95" dir="0" index="2" bw="8" slack="0"/>
<pin id="96" dir="1" index="3" bw="8" slack="0"/>
</pin_list>
<bind>
<opcode="getelementptr(29) " fcode="getelementptr"/>
<opset="sbox_addr_2/4 "/>
</bind>
</comp>

<comp id="100" class="1004" name="sbox_addr_3_gep_fu_100">
<pin_list>
<pin id="101" dir="0" index="0" bw="8" slack="0"/>
<pin id="102" dir="0" index="1" bw="1" slack="0"/>
<pin id="103" dir="0" index="2" bw="8" slack="0"/>
<pin id="104" dir="1" index="3" bw="8" slack="0"/>
</pin_list>
<bind>
<opcode="getelementptr(29) " fcode="getelementptr"/>
<opset="sbox_addr_3/4 "/>
</bind>
</comp>

<comp id="108" class="1005" name="i_0_reg_108">
<pin_list>
<pin id="109" dir="0" index="0" bw="3" slack="1"/>
<pin id="110" dir="1" index="1" bw="3" slack="1"/>
</pin_list>
<bind>
<opset="i_0 (phireg) "/>
</bind>
</comp>

<comp id="112" class="1004" name="i_0_phi_fu_112">
<pin_list>
<pin id="113" dir="0" index="0" bw="1" slack="1"/>
<pin id="114" dir="0" index="1" bw="0" slack="2147483647"/>
<pin id="115" dir="0" index="2" bw="3" slack="0"/>
<pin id="116" dir="0" index="3" bw="0" slack="2147483647"/>
<pin id="117" dir="1" index="4" bw="3" slack="0"/>
</pin_list>
<bind>
<opcode="phi(47) " fcode="phi"/>
<opset="i_0/2 "/>
</bind>
</comp>

<comp id="120" class="1004" name="icmp_ln263_fu_120">
<pin_list>
<pin id="121" dir="0" index="0" bw="3" slack="0"/>
<pin id="122" dir="0" index="1" bw="3" slack="0"/>
<pin id="123" dir="1" index="2" bw="1" slack="2147483647"/>
</pin_list>
<bind>
<opcode="icmp(45) " fcode="icmp"/>
<opset="icmp_ln263/2 "/>
</bind>
</comp>

<comp id="126" class="1004" name="i_fu_126">
<pin_list>
<pin id="127" dir="0" index="0" bw="3" slack="0"/>
<pin id="128" dir="0" index="1" bw="1" slack="0"/>
<pin id="129" dir="1" index="2" bw="3" slack="0"/>
</pin_list>
<bind>
<opcode="add(8) " fcode="add"/>
<opset="i/2 "/>
</bind>
</comp>

<comp id="132" class="1004" name="zext_ln268_fu_132">
<pin_list>
<pin id="133" dir="0" index="0" bw="3" slack="0"/>
<pin id="134" dir="1" index="1" bw="64" slack="0"/>
</pin_list>
<bind>
<opcode="zext(34) " fcode="zext"/>
<opset="zext_ln268/2 "/>
</bind>
</comp>

<comp id="137" class="1004" name="xor_ln268_fu_137">
<pin_list>
<pin id="138" dir="0" index="0" bw="3" slack="0"/>
<pin id="139" dir="0" index="1" bw="3" slack="0"/>
<pin id="140" dir="1" index="2" bw="3" slack="0"/>
</pin_list>
<bind>
<opcode="xor(25) " fcode="xor"/>
<opset="xor_ln268/2 "/>
</bind>
</comp>

<comp id="143" class="1004" name="zext_ln268_5_fu_143">
<pin_list>
<pin id="144" dir="0" index="0" bw="3" slack="0"/>
<pin id="145" dir="1" index="1" bw="64" slack="0"/>
</pin_list>
<bind>
<opcode="zext(34) " fcode="zext"/>
<opset="zext_ln268_5/2 "/>
</bind>
</comp>

<comp id="148" class="1004" name="tmp_fu_148">
<pin_list>
<pin id="149" dir="0" index="0" bw="64" slack="0"/>
<pin id="150" dir="0" index="1" bw="1" slack="0"/>
<pin id="151" dir="0" index="2" bw="3" slack="1"/>
<pin id="152" dir="1" index="3" bw="64" slack="0"/>
</pin_list>
<bind>
<opcode="bitconcatenate(1004) " fcode="bitconcatenate"/>
<opset="tmp/3 "/>
</bind>
</comp>

<comp id="157" class="1004" name="sext_ln268_fu_157">
<pin_list>
<pin id="158" dir="0" index="0" bw="3" slack="1"/>
<pin id="159" dir="1" index="1" bw="4" slack="0"/>
</pin_list>
<bind>
<opcode="sext(35) " fcode="sext"/>
<opset="sext_ln268/3 "/>
</bind>
</comp>

<comp id="160" class="1004" name="zext_ln268_6_fu_160">
<pin_list>
<pin id="161" dir="0" index="0" bw="3" slack="0"/>
<pin id="162" dir="1" index="1" bw="64" slack="0"/>
</pin_list>
<bind>
<opcode="zext(34) " fcode="zext"/>
<opset="zext_ln268_6/3 "/>
</bind>
</comp>

<comp id="165" class="1004" name="zext_ln268_1_fu_165">
<pin_list>
<pin id="166" dir="0" index="0" bw="8" slack="0"/>
<pin id="167" dir="1" index="1" bw="64" slack="0"/>
</pin_list>
<bind>
<opcode="zext(34) " fcode="zext"/>
<opset="zext_ln268_1/3 "/>
</bind>
</comp>

<comp id="170" class="1004" name="zext_ln268_2_fu_170">
<pin_list>
<pin id="171" dir="0" index="0" bw="8" slack="0"/>
<pin id="172" dir="1" index="1" bw="64" slack="0"/>
</pin_list>
<bind>
<opcode="zext(34) " fcode="zext"/>
<opset="zext_ln268_2/3 "/>
</bind>
</comp>

<comp id="175" class="1004" name="zext_ln268_3_fu_175">
<pin_list>
<pin id="176" dir="0" index="0" bw="8" slack="0"/>
<pin id="177" dir="1" index="1" bw="64" slack="0"/>
</pin_list>
<bind>
<opcode="zext(34) " fcode="zext"/>
<opset="zext_ln268_3/4 "/>
</bind>
</comp>

<comp id="180" class="1004" name="zext_ln268_4_fu_180">
<pin_list>
<pin id="181" dir="0" index="0" bw="8" slack="0"/>
<pin id="182" dir="1" index="1" bw="64" slack="0"/>
</pin_list>
<bind>
<opcode="zext(34) " fcode="zext"/>
<opset="zext_ln268_4/4 "/>
</bind>
</comp>

<comp id="188" class="1005" name="i_reg_188">
<pin_list>
<pin id="189" dir="0" index="0" bw="3" slack="0"/>
<pin id="190" dir="1" index="1" bw="3" slack="0"/>
</pin_list>
<bind>
<opset="i "/>
</bind>
</comp>

<comp id="193" class="1005" name="state_addr_reg_193">
<pin_list>
<pin id="194" dir="0" index="0" bw="4" slack="1"/>
<pin id="195" dir="1" index="1" bw="4" slack="1"/>
</pin_list>
<bind>
<opset="state_addr "/>
</bind>
</comp>

<comp id="198" class="1005" name="xor_ln268_reg_198">
<pin_list>
<pin id="199" dir="0" index="0" bw="3" slack="1"/>
<pin id="200" dir="1" index="1" bw="3" slack="1"/>
</pin_list>
<bind>
<opset="xor_ln268 "/>
</bind>
</comp>

<comp id="203" class="1005" name="state_addr_1_reg_203">
<pin_list>
<pin id="204" dir="0" index="0" bw="4" slack="1"/>
<pin id="205" dir="1" index="1" bw="4" slack="1"/>
</pin_list>
<bind>
<opset="state_addr_1 "/>
</bind>
</comp>

<comp id="208" class="1005" name="state_addr_2_reg_208">
<pin_list>
<pin id="209" dir="0" index="0" bw="4" slack="1"/>
<pin id="210" dir="1" index="1" bw="4" slack="1"/>
</pin_list>
<bind>
<opset="state_addr_2 "/>
</bind>
</comp>

<comp id="213" class="1005" name="state_addr_3_reg_213">
<pin_list>
<pin id="214" dir="0" index="0" bw="4" slack="1"/>
<pin id="215" dir="1" index="1" bw="4" slack="1"/>
</pin_list>
<bind>
<opset="state_addr_3 "/>
</bind>
</comp>

<comp id="218" class="1005" name="sbox_addr_reg_218">
<pin_list>
<pin id="219" dir="0" index="0" bw="8" slack="1"/>
<pin id="220" dir="1" index="1" bw="8" slack="1"/>
</pin_list>
<bind>
<opset="sbox_addr "/>
</bind>
</comp>

<comp id="223" class="1005" name="sbox_addr_1_reg_223">
<pin_list>
<pin id="224" dir="0" index="0" bw="8" slack="1"/>
<pin id="225" dir="1" index="1" bw="8" slack="1"/>
</pin_list>
<bind>
<opset="sbox_addr_1 "/>
</bind>
</comp>

<comp id="228" class="1005" name="sbox_addr_2_reg_228">
<pin_list>
<pin id="229" dir="0" index="0" bw="8" slack="1"/>
<pin id="230" dir="1" index="1" bw="8" slack="1"/>
</pin_list>
<bind>
<opset="sbox_addr_2 "/>
</bind>
</comp>

<comp id="233" class="1005" name="sbox_addr_3_reg_233">
<pin_list>
<pin id="234" dir="0" index="0" bw="8" slack="1"/>
<pin id="235" dir="1" index="1" bw="8" slack="1"/>
</pin_list>
<bind>
<opset="sbox_addr_3 "/>
</bind>
</comp>

</comp_list>

<net_list>
<net id="29"><net_src comp="0" pin="0"/><net_sink comp="24" pin=0"/></net>

<net id="30"><net_src comp="14" pin="0"/><net_sink comp="24" pin=1"/></net>

<net id="36"><net_src comp="0" pin="0"/><net_sink comp="31" pin=0"/></net>

<net id="37"><net_src comp="14" pin="0"/><net_sink comp="31" pin=1"/></net>

<net id="43"><net_src comp="24" pin="3"/><net_sink comp="38" pin=0"/></net>

<net id="48"><net_src comp="31" pin="3"/><net_sink comp="38" pin=2"/></net>

<net id="54"><net_src comp="0" pin="0"/><net_sink comp="49" pin=0"/></net>

<net id="55"><net_src comp="14" pin="0"/><net_sink comp="49" pin=1"/></net>

<net id="61"><net_src comp="0" pin="0"/><net_sink comp="56" pin=0"/></net>

<net id="62"><net_src comp="14" pin="0"/><net_sink comp="56" pin=1"/></net>

<net id="68"><net_src comp="2" pin="0"/><net_sink comp="63" pin=0"/></net>

<net id="69"><net_src comp="14" pin="0"/><net_sink comp="63" pin=1"/></net>

<net id="75"><net_src comp="63" pin="3"/><net_sink comp="70" pin=0"/></net>

<net id="81"><net_src comp="2" pin="0"/><net_sink comp="76" pin=0"/></net>

<net id="82"><net_src comp="14" pin="0"/><net_sink comp="76" pin=1"/></net>

<net id="87"><net_src comp="76" pin="3"/><net_sink comp="70" pin=2"/></net>

<net id="88"><net_src comp="49" pin="3"/><net_sink comp="38" pin=0"/></net>

<net id="89"><net_src comp="56" pin="3"/><net_sink comp="38" pin=2"/></net>

<net id="90"><net_src comp="70" pin="3"/><net_sink comp="38" pin=1"/></net>

<net id="91"><net_src comp="70" pin="7"/><net_sink comp="38" pin=4"/></net>

<net id="97"><net_src comp="2" pin="0"/><net_sink comp="92" pin=0"/></net>

<net id="98"><net_src comp="14" pin="0"/><net_sink comp="92" pin=1"/></net>

<net id="99"><net_src comp="92" pin="3"/><net_sink comp="70" pin=0"/></net>

<net id="105"><net_src comp="2" pin="0"/><net_sink comp="100" pin=0"/></net>

<net id="106"><net_src comp="14" pin="0"/><net_sink comp="100" pin=1"/></net>

<net id="107"><net_src comp="100" pin="3"/><net_sink comp="70" pin=2"/></net>

<net id="111"><net_src comp="4" pin="0"/><net_sink comp="108" pin=0"/></net>

<net id="118"><net_src comp="108" pin="1"/><net_sink comp="112" pin=0"/></net>

<net id="119"><net_src comp="112" pin="4"/><net_sink comp="108" pin=0"/></net>

<net id="124"><net_src comp="112" pin="4"/><net_sink comp="120" pin=0"/></net>

<net id="125"><net_src comp="6" pin="0"/><net_sink comp="120" pin=1"/></net>

<net id="130"><net_src comp="112" pin="4"/><net_sink comp="126" pin=0"/></net>

<net id="131"><net_src comp="12" pin="0"/><net_sink comp="126" pin=1"/></net>

<net id="135"><net_src comp="112" pin="4"/><net_sink comp="132" pin=0"/></net>

<net id="136"><net_src comp="132" pin="1"/><net_sink comp="24" pin=2"/></net>

<net id="141"><net_src comp="112" pin="4"/><net_sink comp="137" pin=0"/></net>

<net id="142"><net_src comp="6" pin="0"/><net_sink comp="137" pin=1"/></net>

<net id="146"><net_src comp="137" pin="2"/><net_sink comp="143" pin=0"/></net>

<net id="147"><net_src comp="143" pin="1"/><net_sink comp="31" pin=2"/></net>

<net id="153"><net_src comp="16" pin="0"/><net_sink comp="148" pin=0"/></net>

<net id="154"><net_src comp="18" pin="0"/><net_sink comp="148" pin=1"/></net>

<net id="155"><net_src comp="108" pin="1"/><net_sink comp="148" pin=2"/></net>

<net id="156"><net_src comp="148" pin="3"/><net_sink comp="49" pin=2"/></net>

<net id="163"><net_src comp="157" pin="1"/><net_sink comp="160" pin=0"/></net>

<net id="164"><net_src comp="160" pin="1"/><net_sink comp="56" pin=2"/></net>

<net id="168"><net_src comp="38" pin="3"/><net_sink comp="165" pin=0"/></net>

<net id="169"><net_src comp="165" pin="1"/><net_sink comp="63" pin=2"/></net>

<net id="173"><net_src comp="38" pin="7"/><net_sink comp="170" pin=0"/></net>

<net id="174"><net_src comp="170" pin="1"/><net_sink comp="76" pin=2"/></net>

<net id="178"><net_src comp="38" pin="3"/><net_sink comp="175" pin=0"/></net>

<net id="179"><net_src comp="175" pin="1"/><net_sink comp="92" pin=2"/></net>

<net id="183"><net_src comp="38" pin="7"/><net_sink comp="180" pin=0"/></net>

<net id="184"><net_src comp="180" pin="1"/><net_sink comp="100" pin=2"/></net>

<net id="191"><net_src comp="126" pin="2"/><net_sink comp="188" pin=0"/></net>

<net id="192"><net_src comp="188" pin="1"/><net_sink comp="112" pin=2"/></net>

<net id="196"><net_src comp="24" pin="3"/><net_sink comp="193" pin=0"/></net>

<net id="197"><net_src comp="193" pin="1"/><net_sink comp="38" pin=0"/></net>

<net id="201"><net_src comp="137" pin="2"/><net_sink comp="198" pin=0"/></net>

<net id="202"><net_src comp="198" pin="1"/><net_sink comp="157" pin=0"/></net>

<net id="206"><net_src comp="31" pin="3"/><net_sink comp="203" pin=0"/></net>

<net id="207"><net_src comp="203" pin="1"/><net_sink comp="38" pin=2"/></net>

<net id="211"><net_src comp="49" pin="3"/><net_sink comp="208" pin=0"/></net>

<net id="212"><net_src comp="208" pin="1"/><net_sink comp="38" pin=0"/></net>

<net id="216"><net_src comp="56" pin="3"/><net_sink comp="213" pin=0"/></net>

<net id="217"><net_src comp="213" pin="1"/><net_sink comp="38" pin=2"/></net>

<net id="221"><net_src comp="63" pin="3"/><net_sink comp="218" pin=0"/></net>

<net id="222"><net_src comp="218" pin="1"/><net_sink comp="70" pin=0"/></net>

<net id="226"><net_src comp="76" pin="3"/><net_sink comp="223" pin=0"/></net>

<net id="227"><net_src comp="223" pin="1"/><net_sink comp="70" pin=2"/></net>

<net id="231"><net_src comp="92" pin="3"/><net_sink comp="228" pin=0"/></net>

<net id="232"><net_src comp="228" pin="1"/><net_sink comp="70" pin=0"/></net>

<net id="236"><net_src comp="100" pin="3"/><net_sink comp="233" pin=0"/></net>

<net id="237"><net_src comp="233" pin="1"/><net_sink comp="70" pin=2"/></net>

</net_list>

</model> 
---------------- Datapath Model END ------------------

* FSMD analyzer results:
  - Output states:
	Port: state | {4 5 }
 - Input state : 
	Port: SubBytes : state | {2 3 4 }
	Port: SubBytes : sbox | {3 4 5 }
  - Chain level:
	State 1
	State 2
		icmp_ln263 : 1
		i : 1
		br_ln263 : 2
		zext_ln268 : 1
		state_addr : 2
		xor_ln268 : 1
		zext_ln268_5 : 1
		state_addr_1 : 2
		state_load : 3
		state_load_1 : 3
	State 3
		state_addr_2 : 1
		zext_ln268_6 : 1
		state_addr_3 : 2
		zext_ln268_1 : 1
		sbox_addr : 2
		sbox_load : 3
		zext_ln268_2 : 1
		sbox_addr_1 : 2
		sbox_load_1 : 3
		state_load_2 : 2
		state_load_3 : 3
	State 4
		store_ln268 : 1
		store_ln268 : 1
		zext_ln268_3 : 1
		sbox_addr_2 : 2
		sbox_load_2 : 3
		zext_ln268_4 : 1
		sbox_addr_3 : 2
		sbox_load_3 : 3
	State 5
		store_ln268 : 1
		store_ln268 : 1


============================================================
+ Verbose Summary: Datapath Resource usage 
============================================================

* Functional unit list:
|----------|---------------------|---------|---------|
| Operation|   Functional Unit   |    FF   |   LUT   |
|----------|---------------------|---------|---------|
|    add   |       i_fu_126      |    0    |    12   |
|----------|---------------------|---------|---------|
|   icmp   |  icmp_ln263_fu_120  |    0    |    9    |
|----------|---------------------|---------|---------|
|    xor   |   xor_ln268_fu_137  |    0    |    3    |
|----------|---------------------|---------|---------|
|          |  zext_ln268_fu_132  |    0    |    0    |
|          | zext_ln268_5_fu_143 |    0    |    0    |
|          | zext_ln268_6_fu_160 |    0    |    0    |
|   zext   | zext_ln268_1_fu_165 |    0    |    0    |
|          | zext_ln268_2_fu_170 |    0    |    0    |
|          | zext_ln268_3_fu_175 |    0    |    0    |
|          | zext_ln268_4_fu_180 |    0    |    0    |
|----------|---------------------|---------|---------|
|bitconcatenate|      tmp_fu_148     |    0    |    0    |
|----------|---------------------|---------|---------|
|   sext   |  sext_ln268_fu_157  |    0    |    0    |
|----------|---------------------|---------|---------|
|   Total  |                     |    0    |    24   |
|----------|---------------------|---------|---------|

Memories:
N/A

* Register list:
+--------------------+--------+
|                    |   FF   |
+--------------------+--------+
|     i_0_reg_108    |    3   |
|      i_reg_188     |    3   |
| sbox_addr_1_reg_223|    8   |
| sbox_addr_2_reg_228|    8   |
| sbox_addr_3_reg_233|    8   |
|  sbox_addr_reg_218 |    8   |
|state_addr_1_reg_203|    4   |
|state_addr_2_reg_208|    4   |
|state_addr_3_reg_213|    4   |
| state_addr_reg_193 |    4   |
|  xor_ln268_reg_198 |    3   |
+--------------------+--------+
|        Total       |   57   |
+--------------------+--------+

* Multiplexer (MUX) list: 
|------------------|------|------|------|--------||---------||---------|
|       Comp       |  Pin | Size |  BW  | S x BW ||  Delay  ||   LUT   |
|------------------|------|------|------|--------||---------||---------|
| grp_access_fu_38 |  p0  |   4  |   4  |   16   ||    21   |
| grp_access_fu_38 |  p2  |   4  |   0  |    0   ||    21   |
| grp_access_fu_70 |  p0  |   4  |   8  |   32   ||    21   |
| grp_access_fu_70 |  p2  |   4  |   0  |    0   ||    21   |
|    i_0_reg_108   |  p0  |   2  |   3  |    6   ||    9    |
|------------------|------|------|------|--------||---------||---------|
|       Total      |      |      |      |   54   ||  7.564  ||    93   |
|------------------|------|------|------|--------||---------||---------|



* Summary:
+-----------+--------+--------+--------+
|           |  Delay |   FF   |   LUT  |
+-----------+--------+--------+--------+
|  Function |    -   |    0   |   24   |
|   Memory  |    -   |    -   |    -   |
|Multiplexer|    7   |    -   |   93   |
|  Register |    -   |   57   |    -   |
+-----------+--------+--------+--------+
|   Total   |    7   |   57   |   117  |
+-----------+--------+--------+--------+
