

================================================================
== Vivado HLS Report for 'KeyExpansion'
================================================================
* Date:           Thu May 14 22:22:22 2020

* Version:        2019.2 (Build 2704478 on Wed Nov 06 22:10:23 MST 2019)
* Project:        picnic1
* Solution:       keypair
* Product family: artix7
* Target device:  xc7a200t-fbg676-2


================================================================
== Performance Estimates
================================================================
+ Timing: 
    * Summary: 
    +--------+----------+----------+------------+
    |  Clock |  Target  | Estimated| Uncertainty|
    +--------+----------+----------+------------+
    |ap_clk  | 10.00 ns | 6.344 ns |   1.25 ns  |
    +--------+----------+----------+------------+

+ Latency: 
    * Summary: 
    +---------+---------+-----------+-----------+------+------+---------+
    |  Latency (cycles) |   Latency (absolute)  |   Interval  | Pipeline|
    |   min   |   max   |    min    |    max    |  min |  max |   Type  |
    +---------+---------+-----------+-----------+------+------+---------+
    |     1382|     2682| 13.820 us | 26.820 us |  1382|  2682|   none  |
    +---------+---------+-----------+-----------+------+------+---------+

    + Detail: 
        * Instance: 
        N/A

        * Loop: 
        +--------------------------+---------+---------+----------+-----------+-----------+------+----------+
        |                          |  Latency (cycles) | Iteration|  Initiation Interval  | Trip |          |
        |         Loop Name        |   min   |   max   |  Latency |  achieved |   target  | Count| Pipelined|
        +--------------------------+---------+---------+----------+-----------+-----------+------+----------+
        |- KeyExpansion_label4     |       80|       80|        10|          -|          -|     8|    no    |
        | + KeyExpansion_label4.1  |        8|        8|         2|          -|          -|     4|    no    |
        |- KeyExpansion_label5     |     1300|     2600|  25 ~ 50 |          -|          -|    52|    no    |
        | + KeyExpansion_label5.1  |       12|       12|         3|          -|          -|     4|    no    |
        | + KeyExpansion_label5.2  |       12|       12|         3|          -|          -|     4|    no    |
        | + KeyExpansion_label5.3  |       12|       12|         3|          -|          -|     4|    no    |
        | + KeyExpansion_label5.4  |        8|        8|         2|          -|          -|     4|    no    |
        +--------------------------+---------+---------+----------+-----------+-----------+------+----------+



================================================================
== Utilization Estimates
================================================================
* Summary: 
+-----------------+---------+-------+--------+--------+-----+
|       Name      | BRAM_18K| DSP48E|   FF   |   LUT  | URAM|
+-----------------+---------+-------+--------+--------+-----+
|DSP              |        -|      -|       -|       -|    -|
|Expression       |        -|      -|       0|     281|    -|
|FIFO             |        -|      -|       -|       -|    -|
|Instance         |        -|      -|       0|      51|    -|
|Memory           |        1|      -|       8|       2|    -|
|Multiplexer      |        -|      -|       -|     533|    -|
|Register         |        -|      -|     402|       -|    -|
+-----------------+---------+-------+--------+--------+-----+
|Total            |        1|      0|     410|     867|    0|
+-----------------+---------+-------+--------+--------+-----+
|Available        |      730|    740|  269200|  134600|    0|
+-----------------+---------+-------+--------+--------+-----+
|Utilization (%)  |    ~0   |      0|   ~0   |   ~0   |    0|
+-----------------+---------+-------+--------+--------+-----+

+ Detail: 
    * Instance: 
    +-------------------------+----------------------+---------+-------+---+----+-----+
    |         Instance        |        Module        | BRAM_18K| DSP48E| FF| LUT| URAM|
    +-------------------------+----------------------+---------+-------+---+----+-----+
    |crypto_sign_keypabkb_U1  |crypto_sign_keypabkb  |        0|      0|  0|  17|    0|
    |crypto_sign_keypabkb_U2  |crypto_sign_keypabkb  |        0|      0|  0|  17|    0|
    |crypto_sign_keypabkb_U3  |crypto_sign_keypabkb  |        0|      0|  0|  17|    0|
    +-------------------------+----------------------+---------+-------+---+----+-----+
    |Total                    |                      |        0|      0|  0|  51|    0|
    +-------------------------+----------------------+---------+-------+---+----+-----+

    * DSP48E: 
    N/A

    * Memory: 
    +--------+-------------------+---------+---+----+-----+------+-----+------+-------------+
    | Memory |       Module      | BRAM_18K| FF| LUT| URAM| Words| Bits| Banks| W*Bits*Banks|
    +--------+-------------------+---------+---+----+-----+------+-----+------+-------------+
    |Rcon_U  |KeyExpansion_Rcon  |        0|  8|   2|    0|    11|    8|     1|           88|
    |sbox_U  |KeyExpansion_sbox  |        1|  0|   0|    0|   256|    8|     1|         2048|
    +--------+-------------------+---------+---+----+-----+------+-----+------+-------------+
    |Total   |                   |        1|  8|   2|    0|   267|   16|     2|         2136|
    +--------+-------------------+---------+---+----+-----+------+-----+------+-------------+

    * FIFO: 
    N/A

    * Expression: 
    +-----------------------+----------+-------+---+----+------------+------------+
    |     Variable Name     | Operation| DSP48E| FF| LUT| Bitwidth P0| Bitwidth P1|
    +-----------------------+----------+-------+---+----+------------+------------+
    |add_ln162_fu_768_p2    |     +    |      0|  0|  15|           5|           5|
    |add_ln177_fu_818_p2    |     +    |      0|  0|  16|           9|           9|
    |add_ln231_1_fu_996_p2  |     +    |      0|  0|  15|           8|           8|
    |add_ln231_fu_968_p2    |     +    |      0|  0|  16|           9|           9|
    |i_9_fu_1001_p2         |     +    |      0|  0|  15|           6|           1|
    |i_fu_734_p2            |     +    |      0|  0|  13|           4|           1|
    |j_4_fu_808_p2          |     +    |      0|  0|  12|           3|           1|
    |j_5_fu_848_p2          |     +    |      0|  0|  12|           3|           1|
    |j_7_fu_910_p2          |     +    |      0|  0|  12|           3|           1|
    |j_fu_758_p2            |     +    |      0|  0|  12|           3|           1|
    |k_1_fu_939_p2          |     +    |      0|  0|  15|           8|           7|
    |k_fu_792_p2            |     +    |      0|  0|  15|           8|           4|
    |l_fu_954_p2            |     +    |      0|  0|  12|           3|           1|
    |icmp_ln158_fu_728_p2   |   icmp   |      0|  0|  11|           4|           5|
    |icmp_ln160_fu_752_p2   |   icmp   |      0|  0|   9|           3|           4|
    |icmp_ln171_fu_778_p2   |   icmp   |      0|  0|  11|           6|           4|
    |icmp_ln175_fu_802_p2   |   icmp   |      0|  0|   9|           3|           4|
    |icmp_ln186_fu_836_p2   |   icmp   |      0|  0|   9|           3|           1|
    |icmp_ln204_fu_842_p2   |   icmp   |      0|  0|   9|           3|           4|
    |icmp_ln215_fu_899_p2   |   icmp   |      0|  0|   9|           3|           4|
    |icmp_ln218_fu_904_p2   |   icmp   |      0|  0|   9|           3|           4|
    |icmp_ln229_fu_948_p2   |   icmp   |      0|  0|   9|           3|           4|
    |tempa_0_2_fu_892_p2    |    xor   |      0|  0|   8|           8|           8|
    |xor_ln231_fu_1007_p2   |    xor   |      0|  0|   8|           8|           8|
    +-----------------------+----------+-------+---+----+------------+------------+
    |Total                  |          |      0|  0| 281|         119|          99|
    +-----------------------+----------+-------+---+----+------------+------------+

    * Multiplexer: 
    +------------------------------------+----+-----------+-----+-----------+
    |                Name                | LUT| Input Size| Bits| Total Bits|
    +------------------------------------+----+-----------+-----+-----------+
    |RoundKey_address0                   |  27|          5|    8|         40|
    |RoundKey_d0                         |  15|          3|    8|         24|
    |ap_NS_fsm                           |  89|         18|    1|         18|
    |ap_phi_mux_tempa_0_5_phi_fu_530_p4  |   9|          2|    8|         16|
    |ap_phi_mux_tempa_1_5_phi_fu_518_p4  |   9|          2|    8|         16|
    |ap_phi_mux_tempa_2_5_phi_fu_506_p4  |   9|          2|    8|         16|
    |ap_phi_mux_tempa_3_5_phi_fu_494_p4  |   9|          2|    8|         16|
    |i_0_reg_155                         |   9|          2|    4|          8|
    |i_1_reg_225                         |   9|          2|    6|         12|
    |j_0_reg_166                         |   9|          2|    3|          6|
    |j_1_reg_281                         |   9|          2|    3|          6|
    |j_2_reg_408                         |   9|          2|    3|          6|
    |j_3_reg_582                         |   9|          2|    3|          6|
    |l_0_reg_717                         |   9|          2|    3|          6|
    |sbox_address0                       |  15|          3|    8|         24|
    |tempa_0_32_be_reg_473               |   9|          2|    8|         16|
    |tempa_0_32_reg_397                  |   9|          2|    8|         16|
    |tempa_0_5_reg_527                   |   9|          2|    8|         16|
    |tempa_0_63_be_reg_699               |   9|          2|    8|         16|
    |tempa_0_63_reg_571                  |   9|          2|    8|         16|
    |tempa_0_85_reg_632                  |   9|          2|    8|         16|
    |tempa_0_be_reg_328                  |   9|          2|    8|         16|
    |tempa_0_reg_259                     |   9|          2|    8|         16|
    |tempa_1_3_be_reg_455                |   9|          2|    8|         16|
    |tempa_1_3_reg_386                   |   9|          2|    8|         16|
    |tempa_1_5_reg_515                   |   9|          2|    8|         16|
    |tempa_1_6_be_reg_681                |   9|          2|    8|         16|
    |tempa_1_6_reg_560                   |   9|          2|    8|         16|
    |tempa_1_8_reg_619                   |   9|          2|    8|         16|
    |tempa_1_be_reg_310                  |   9|          2|    8|         16|
    |tempa_1_reg_248                     |   9|          2|    8|         16|
    |tempa_2_3_be_reg_437                |   9|          2|    8|         16|
    |tempa_2_3_reg_375                   |   9|          2|    8|         16|
    |tempa_2_5_reg_503                   |   9|          2|    8|         16|
    |tempa_2_6_be_reg_663                |   9|          2|    8|         16|
    |tempa_2_6_reg_549                   |   9|          2|    8|         16|
    |tempa_2_8_reg_606                   |   9|          2|    8|         16|
    |tempa_2_be_reg_292                  |   9|          2|    8|         16|
    |tempa_2_reg_237                     |   9|          2|    8|         16|
    |tempa_3_3_be_reg_419                |   9|          2|    8|         16|
    |tempa_3_3_reg_364                   |   9|          2|    8|         16|
    |tempa_3_5_reg_491                   |   9|          2|    8|         16|
    |tempa_3_6_be_reg_645                |   9|          2|    8|         16|
    |tempa_3_6_reg_538                   |   9|          2|    8|         16|
    |tempa_3_8_reg_593                   |   9|          2|    8|         16|
    |tempa_3_be_reg_346                  |   9|          2|    8|         16|
    |tempa_3_reg_270                     |   9|          2|    8|         16|
    +------------------------------------+----+-----------+-----+-----------+
    |Total                               | 533|        115|  338|        732|
    +------------------------------------+----+-----------+-----+-----------+

    * Register: 
    +-----------------------+----+----+-----+-----------+
    |          Name         | FF | LUT| Bits| Const Bits|
    +-----------------------+----+----+-----+-----------+
    |add_ln231_1_reg_1178   |   8|   0|    8|          0|
    |ap_CS_fsm              |  17|   0|   17|          0|
    |i_0_reg_155            |   4|   0|    4|          0|
    |i_1_reg_225            |   6|   0|    6|          0|
    |i_reg_1020             |   4|   0|    4|          0|
    |icmp_ln186_reg_1084    |   1|   0|    1|          0|
    |icmp_ln215_reg_1126    |   1|   0|    1|          0|
    |j_0_reg_166            |   3|   0|    3|          0|
    |j_1_reg_281            |   3|   0|    3|          0|
    |j_2_reg_408            |   3|   0|    3|          0|
    |j_3_reg_582            |   3|   0|    3|          0|
    |j_4_reg_1065           |   3|   0|    3|          0|
    |j_5_reg_1099           |   3|   0|    3|          0|
    |j_6_reg_1051           |   6|   0|    8|          2|
    |j_7_reg_1133           |   3|   0|    3|          0|
    |j_reg_1033             |   3|   0|    3|          0|
    |l_0_reg_717            |   3|   0|    3|          0|
    |l_reg_1163             |   3|   0|    3|          0|
    |shl_ln_reg_1025        |   3|   0|    5|          2|
    |tempa_0_0_reg_213      |   8|   0|    8|          0|
    |tempa_0_32_be_reg_473  |   8|   0|    8|          0|
    |tempa_0_32_reg_397     |   8|   0|    8|          0|
    |tempa_0_5_reg_527      |   8|   0|    8|          0|
    |tempa_0_63_be_reg_699  |   8|   0|    8|          0|
    |tempa_0_63_reg_571     |   8|   0|    8|          0|
    |tempa_0_85_reg_632     |   8|   0|    8|          0|
    |tempa_0_be_reg_328     |   8|   0|    8|          0|
    |tempa_0_reg_259        |   8|   0|    8|          0|
    |tempa_1_0_reg_201      |   8|   0|    8|          0|
    |tempa_1_3_be_reg_455   |   8|   0|    8|          0|
    |tempa_1_3_reg_386      |   8|   0|    8|          0|
    |tempa_1_5_reg_515      |   8|   0|    8|          0|
    |tempa_1_6_be_reg_681   |   8|   0|    8|          0|
    |tempa_1_6_reg_560      |   8|   0|    8|          0|
    |tempa_1_8_reg_619      |   8|   0|    8|          0|
    |tempa_1_be_reg_310     |   8|   0|    8|          0|
    |tempa_1_reg_248        |   8|   0|    8|          0|
    |tempa_2_0_reg_189      |   8|   0|    8|          0|
    |tempa_2_3_be_reg_437   |   8|   0|    8|          0|
    |tempa_2_3_reg_375      |   8|   0|    8|          0|
    |tempa_2_5_reg_503      |   8|   0|    8|          0|
    |tempa_2_6_be_reg_663   |   8|   0|    8|          0|
    |tempa_2_6_reg_549      |   8|   0|    8|          0|
    |tempa_2_8_reg_606      |   8|   0|    8|          0|
    |tempa_2_be_reg_292     |   8|   0|    8|          0|
    |tempa_2_reg_237        |   8|   0|    8|          0|
    |tempa_3_0_reg_177      |   8|   0|    8|          0|
    |tempa_3_3_be_reg_419   |   8|   0|    8|          0|
    |tempa_3_3_reg_364      |   8|   0|    8|          0|
    |tempa_3_5_reg_491      |   8|   0|    8|          0|
    |tempa_3_6_be_reg_645   |   8|   0|    8|          0|
    |tempa_3_6_reg_538      |   8|   0|    8|          0|
    |tempa_3_8_reg_593      |   8|   0|    8|          0|
    |tempa_3_be_reg_346     |   8|   0|    8|          0|
    |tempa_3_reg_270        |   8|   0|    8|          0|
    |tmp_3_reg_1173         |   8|   0|    8|          0|
    |trunc_ln171_reg_1079   |   3|   0|    3|          0|
    |trunc_ln177_reg_1075   |   2|   0|    2|          0|
    |trunc_ln206_reg_1104   |   2|   0|    2|          0|
    |trunc_ln220_reg_1138   |   2|   0|    2|          0|
    |zext_ln162_1_reg_1038  |   5|   0|   64|         59|
    |zext_ln175_reg_1057    |   6|   0|    9|          3|
    |zext_ln231_reg_1147    |   6|   0|    9|          3|
    +-----------------------+----+----+-----+-----------+
    |Total                  | 402|   0|  471|         69|
    +-----------------------+----+----+-----+-----------+



================================================================
== Interface
================================================================
* Summary: 
+-------------------+-----+-----+------------+--------------+--------------+
|     RTL Ports     | Dir | Bits|  Protocol  | Source Object|    C Type    |
+-------------------+-----+-----+------------+--------------+--------------+
|ap_clk             |  in |    1| ap_ctrl_hs | KeyExpansion | return value |
|ap_rst             |  in |    1| ap_ctrl_hs | KeyExpansion | return value |
|ap_start           |  in |    1| ap_ctrl_hs | KeyExpansion | return value |
|ap_done            | out |    1| ap_ctrl_hs | KeyExpansion | return value |
|ap_idle            | out |    1| ap_ctrl_hs | KeyExpansion | return value |
|ap_ready           | out |    1| ap_ctrl_hs | KeyExpansion | return value |
|RoundKey_address0  | out |    8|  ap_memory |   RoundKey   |     array    |
|RoundKey_ce0       | out |    1|  ap_memory |   RoundKey   |     array    |
|RoundKey_we0       | out |    1|  ap_memory |   RoundKey   |     array    |
|RoundKey_d0        | out |    8|  ap_memory |   RoundKey   |     array    |
|RoundKey_q0        |  in |    8|  ap_memory |   RoundKey   |     array    |
|Key_address0       | out |    5|  ap_memory |      Key     |     array    |
|Key_ce0            | out |    1|  ap_memory |      Key     |     array    |
|Key_q0             |  in |    8|  ap_memory |      Key     |     array    |
+-------------------+-----+-----+------------+--------------+--------------+

