

================================================================
== Vivado HLS Report for 'crypto_sign_keypair'
================================================================
* Date:           Sat May  9 23:49:11 2020

* Version:        2019.2 (Build 2704478 on Wed Nov 06 22:10:23 MST 2019)
* Project:        picnic1
* Solution:       keypair
* Product family: artix7
* Target device:  xc7a200t-fbg676-2


================================================================
== Performance Estimates
================================================================
+ Timing: 
    * Summary: 
    +--------+----------+----------+------------+
    |  Clock |  Target  | Estimated| Uncertainty|
    +--------+----------+----------+------------+
    |ap_clk  | 10.00 ns | 8.366 ns |   1.25 ns  |
    +--------+----------+----------+------------+

+ Latency: 
    * Summary: 
    +---------+---------+-----------+----------+-----+-------+---------+
    |  Latency (cycles) |  Latency (absolute)  |   Interval  | Pipeline|
    |   min   |   max   |    min    |    max   | min |  max  |   Type  |
    +---------+---------+-----------+----------+-----+-------+---------+
    |        3|    89652| 30.000 ns | 0.897 ms |    3|  89652|   none  |
    +---------+---------+-----------+----------+-----+-------+---------+

    + Detail: 
        * Instance: 
        N/A

        * Loop: 
        +----------+---------+---------+----------+-----------+-----------+------+----------+
        |          |  Latency (cycles) | Iteration|  Initiation Interval  | Trip |          |
        | Loop Name|   min   |   max   |  Latency |  achieved |   target  | Count| Pipelined|
        +----------+---------+---------+----------+-----------+-----------+------+----------+
        |- Loop 1  |        8|        8|         2|          1|          1|     8|    yes   |
        |- Loop 2  |        8|        8|         2|          1|          1|     8|    yes   |
        |- Loop 3  |       32|       32|         3|          2|          1|    16|    yes   |
        +----------+---------+---------+----------+-----------+-----------+------+----------+

============================================================
+ Verbose Summary: Synthesis Manager
============================================================
InlineROM: 1
ExposeGlobal: 1
============================================================
+ Verbose Summary: CDFG Model
============================================================
IsTopModel: 1
ResetActiveHigh: 1
IsCombinational: 0
IsDatapathOnly: 0
HasWiredReturn: 1
HasMFsm: 0
HasVarLatency: 1
IsPipeline: 0
IsRtlPipelined: 0
IsInstanceOverlapped: 0
IsDontTouch: 0
HasImplIP: 0
IsGatedGlobalClock: 0

+ Individual pipeline summary: 
  * Pipeline-0: initiation interval (II) = 1, depth = 2
  * Pipeline-1: initiation interval (II) = 1, depth = 2
  * Pipeline-2: initiation interval (II) = 2, depth = 3


============================================================
+ Verbose Summary: Schedule
============================================================
* Number of FSM states : 13
* Pipeline : 3
  Pipeline-0 : II = 1, D = 2, States = { 3 4 }
  Pipeline-1 : II = 1, D = 2, States = { 6 7 }
  Pipeline-2 : II = 2, D = 3, States = { 9 10 11 }
* Dataflow Pipeline: 0

* FSM state transitions: 
1 --> 2 
2 --> 13 3 
3 --> 5 4 
4 --> 3 
5 --> 6 
6 --> 8 7 
7 --> 6 
8 --> 9 
9 --> 12 10 
10 --> 11 
11 --> 9 
12 --> 13 
13 --> 

* FSM state operations: 

State 1 <SV = 0> <Delay = 2.81>
ST_1 : Operation 14 [1/1] (0.00ns)   --->   "%pubkey_plaintext = alloca [32 x i8], align 1"   --->   Operation 14 'alloca' 'pubkey_plaintext' <Predicate = true> <Delay = 0.00> <Core = "RAM">   --->   Core 37 'RAM' <Latency = 1> <II = 1> <Delay = 1.75> <Storage> <Opcode : 'load' 'store'> <Ports = 2> <Width = 8> <Depth = 49> <RAM>
ST_1 : Operation 15 [1/1] (0.00ns)   --->   "%pubkey_ciphertext = alloca [32 x i8], align 1"   --->   Operation 15 'alloca' 'pubkey_ciphertext' <Predicate = true> <Delay = 0.00> <Core = "RAM">   --->   Core 37 'RAM' <Latency = 1> <II = 1> <Delay = 1.75> <Storage> <Opcode : 'load' 'store'> <Ports = 2> <Width = 8> <Depth = 49> <RAM>
ST_1 : Operation 16 [1/1] (0.00ns)   --->   "%secret_data = alloca [32 x i8], align 1"   --->   Operation 16 'alloca' 'secret_data' <Predicate = true> <Delay = 0.00> <Core = "RAM">   --->   Core 37 'RAM' <Latency = 1> <II = 1> <Delay = 1.75> <Storage> <Opcode : 'load' 'store'> <Ports = 2> <Width = 8> <Depth = 49> <RAM>
ST_1 : Operation 17 [1/1] (0.00ns)   --->   "%secret_pk_plaintext = alloca [32 x i8], align 1"   --->   Operation 17 'alloca' 'secret_pk_plaintext' <Predicate = true> <Delay = 0.00> <Core = "RAM">   --->   Core 37 'RAM' <Latency = 1> <II = 1> <Delay = 1.75> <Storage> <Opcode : 'load' 'store'> <Ports = 2> <Width = 8> <Depth = 49> <RAM>
ST_1 : Operation 18 [1/1] (0.00ns)   --->   "%secret_pk_ciphertext = alloca [32 x i8], align 1"   --->   Operation 18 'alloca' 'secret_pk_ciphertext' <Predicate = true> <Delay = 0.00> <Core = "RAM">   --->   Core 37 'RAM' <Latency = 1> <II = 1> <Delay = 1.75> <Storage> <Opcode : 'load' 'store'> <Ports = 2> <Width = 8> <Depth = 49> <RAM>
ST_1 : Operation 19 [1/1] (0.00ns)   --->   "%params_load = load i4* @params, align 1" [api.c:64]   --->   Operation 19 'load' 'params_load' <Predicate = true> <Delay = 0.00>
ST_1 : Operation 20 [2/2] (2.81ns)   --->   "%call_ret = call fastcc { i32, i4, i4 } @picnic_keygen(i4 %params_load, [32 x i8]* %pubkey_plaintext, [32 x i8]* %pubkey_ciphertext, [32 x i8]* %secret_data, [32 x i8]* %secret_pk_plaintext, [32 x i8]* %secret_pk_ciphertext) nounwind" [api.c:64]   --->   Operation 20 'call' 'call_ret' <Predicate = true> <Delay = 2.81> <CoreType = "Generic">   --->   Core 0 '' <Latency = 0> <II = 1> <Delay = 1.00> <Generic> <Opcode : >

State 2 <SV = 1> <Delay = 5.62>
ST_2 : Operation 21 [1/1] (0.00ns)   --->   "call void (...)* @_ssdm_op_SpecBitsMap([33 x i8]* %pk) nounwind, !map !673"   --->   Operation 21 'specbitsmap' <Predicate = true> <Delay = 0.00>
ST_2 : Operation 22 [1/1] (0.00ns)   --->   "call void (...)* @_ssdm_op_SpecBitsMap([49 x i8]* %sk) nounwind, !map !679"   --->   Operation 22 'specbitsmap' <Predicate = true> <Delay = 0.00>
ST_2 : Operation 23 [1/1] (0.00ns)   --->   "call void (...)* @_ssdm_op_SpecBitsMap(i32 0) nounwind, !map !685"   --->   Operation 23 'specbitsmap' <Predicate = true> <Delay = 0.00>
ST_2 : Operation 24 [1/1] (0.00ns)   --->   "call void (...)* @_ssdm_op_SpecTopModule([20 x i8]* @crypto_sign_keypair_s) nounwind"   --->   Operation 24 'spectopmodule' <Predicate = true> <Delay = 0.00>
ST_2 : Operation 25 [1/2] (2.16ns)   --->   "%call_ret = call fastcc { i32, i4, i4 } @picnic_keygen(i4 %params_load, [32 x i8]* %pubkey_plaintext, [32 x i8]* %pubkey_ciphertext, [32 x i8]* %secret_data, [32 x i8]* %secret_pk_plaintext, [32 x i8]* %secret_pk_ciphertext) nounwind" [api.c:64]   --->   Operation 25 'call' 'call_ret' <Predicate = true> <Delay = 2.16> <CoreType = "Generic">   --->   Core 0 '' <Latency = 0> <II = 1> <Delay = 1.00> <Generic> <Opcode : >
ST_2 : Operation 26 [1/1] (0.00ns)   --->   "%ret = extractvalue { i32, i4, i4 } %call_ret, 0" [api.c:64]   --->   Operation 26 'extractvalue' 'ret' <Predicate = true> <Delay = 0.00>
ST_2 : Operation 27 [1/1] (0.00ns)   --->   "%pubkey_params = extractvalue { i32, i4, i4 } %call_ret, 1" [api.c:64]   --->   Operation 27 'extractvalue' 'pubkey_params' <Predicate = true> <Delay = 0.00>
ST_2 : Operation 28 [1/1] (0.00ns)   --->   "%secret_params = extractvalue { i32, i4, i4 } %call_ret, 2" [api.c:64]   --->   Operation 28 'extractvalue' 'secret_params' <Predicate = true> <Delay = 0.00>
ST_2 : Operation 29 [1/1] (2.11ns)   --->   "%icmp_ln66 = icmp eq i32 %ret, 0" [api.c:66]   --->   Operation 29 'icmp' 'icmp_ln66' <Predicate = true> <Delay = 2.11> <Core = "Cmp">   --->   Core 25 'Cmp' <Latency = 0> <II = 1> <Delay = 2.11> <FuncUnit> <Opcode : 'icmp'> <InPorts = 2> <OutPorts = 1>
ST_2 : Operation 30 [1/1] (1.35ns)   --->   "br i1 %icmp_ln66, label %1, label %UnifiedReturnBlock" [api.c:66]   --->   Operation 30 'br' <Predicate = true> <Delay = 1.35>
ST_2 : Operation 31 [1/1] (0.00ns)   --->   "%pk_addr = getelementptr [33 x i8]* %pk, i64 0, i64 0" [picnic.c:525->api.c:70]   --->   Operation 31 'getelementptr' 'pk_addr' <Predicate = (icmp_ln66)> <Delay = 0.00>
ST_2 : Operation 32 [1/1] (0.00ns)   --->   "%zext_ln545 = zext i4 %pubkey_params to i8" [picnic.c:545->api.c:70]   --->   Operation 32 'zext' 'zext_ln545' <Predicate = (icmp_ln66)> <Delay = 0.00>
ST_2 : Operation 33 [1/1] (1.75ns)   --->   "store i8 %zext_ln545, i8* %pk_addr, align 1" [picnic.c:545->api.c:70]   --->   Operation 33 'store' <Predicate = (icmp_ln66)> <Delay = 1.75> <Core = "RAM">   --->   Core 37 'RAM' <Latency = 1> <II = 1> <Delay = 1.75> <Storage> <Opcode : 'load' 'store'> <Ports = 2> <Width = 8> <Depth = 49> <RAM>
ST_2 : Operation 34 [1/1] (1.35ns)   --->   "br label %2" [picnic.c:549->api.c:70]   --->   Operation 34 'br' <Predicate = (icmp_ln66)> <Delay = 1.35>

State 3 <SV = 2> <Delay = 2.01>
ST_3 : Operation 35 [1/1] (0.00ns)   --->   "%loop_0_0_i = phi i5 [ 0, %1 ], [ %add_ln553, %hls_label_3 ]" [picnic.c:553->api.c:70]   --->   Operation 35 'phi' 'loop_0_0_i' <Predicate = true> <Delay = 0.00>
ST_3 : Operation 36 [1/1] (1.21ns)   --->   "%icmp_ln549 = icmp eq i5 %loop_0_0_i, -16" [picnic.c:549->api.c:70]   --->   Operation 36 'icmp' 'icmp_ln549' <Predicate = true> <Delay = 1.21> <Core = "Cmp">   --->   Core 25 'Cmp' <Latency = 0> <II = 1> <Delay = 2.11> <FuncUnit> <Opcode : 'icmp'> <InPorts = 2> <OutPorts = 1>
ST_3 : Operation 37 [1/1] (0.00ns)   --->   "%empty = call i32 (...)* @_ssdm_op_SpecLoopTripCount(i64 8, i64 8, i64 8) nounwind"   --->   Operation 37 'speclooptripcount' 'empty' <Predicate = true> <Delay = 0.00>
ST_3 : Operation 38 [1/1] (0.00ns)   --->   "br i1 %icmp_ln549, label %.preheader.0.i.preheader, label %hls_label_3" [picnic.c:549->api.c:70]   --->   Operation 38 'br' <Predicate = true> <Delay = 0.00>
ST_3 : Operation 39 [1/1] (0.00ns)   --->   "%trunc_ln549 = trunc i5 %loop_0_0_i to i4" [picnic.c:549->api.c:70]   --->   Operation 39 'trunc' 'trunc_ln549' <Predicate = (!icmp_ln549)> <Delay = 0.00>
ST_3 : Operation 40 [1/1] (0.00ns)   --->   "%zext_ln553 = zext i5 %loop_0_0_i to i64" [picnic.c:553->api.c:70]   --->   Operation 40 'zext' 'zext_ln553' <Predicate = (!icmp_ln549)> <Delay = 0.00>
ST_3 : Operation 41 [1/1] (0.00ns)   --->   "%pubkey_ciphertext_ad = getelementptr [32 x i8]* %pubkey_ciphertext, i64 0, i64 %zext_ln553" [picnic.c:553->api.c:70]   --->   Operation 41 'getelementptr' 'pubkey_ciphertext_ad' <Predicate = (!icmp_ln549)> <Delay = 0.00>
ST_3 : Operation 42 [2/2] (1.75ns)   --->   "%pubkey_ciphertext_lo = load i8* %pubkey_ciphertext_ad, align 1" [picnic.c:553->api.c:70]   --->   Operation 42 'load' 'pubkey_ciphertext_lo' <Predicate = (!icmp_ln549)> <Delay = 1.75> <Core = "RAM">   --->   Core 37 'RAM' <Latency = 1> <II = 1> <Delay = 1.75> <Storage> <Opcode : 'load' 'store'> <Ports = 2> <Width = 8> <Depth = 49> <RAM>
ST_3 : Operation 43 [1/1] (0.00ns)   --->   "%or_ln553 = or i4 %trunc_ln549, 1" [picnic.c:553->api.c:70]   --->   Operation 43 'or' 'or_ln553' <Predicate = (!icmp_ln549)> <Delay = 0.00>
ST_3 : Operation 44 [1/1] (0.00ns)   --->   "%zext_ln553_1 = zext i4 %or_ln553 to i64" [picnic.c:553->api.c:70]   --->   Operation 44 'zext' 'zext_ln553_1' <Predicate = (!icmp_ln549)> <Delay = 0.00>
ST_3 : Operation 45 [1/1] (0.00ns)   --->   "%pubkey_ciphertext_ad_1 = getelementptr [32 x i8]* %pubkey_ciphertext, i64 0, i64 %zext_ln553_1" [picnic.c:553->api.c:70]   --->   Operation 45 'getelementptr' 'pubkey_ciphertext_ad_1' <Predicate = (!icmp_ln549)> <Delay = 0.00>
ST_3 : Operation 46 [2/2] (1.75ns)   --->   "%pubkey_ciphertext_lo_1 = load i8* %pubkey_ciphertext_ad_1, align 1" [picnic.c:553->api.c:70]   --->   Operation 46 'load' 'pubkey_ciphertext_lo_1' <Predicate = (!icmp_ln549)> <Delay = 1.75> <Core = "RAM">   --->   Core 37 'RAM' <Latency = 1> <II = 1> <Delay = 1.75> <Storage> <Opcode : 'load' 'store'> <Ports = 2> <Width = 8> <Depth = 49> <RAM>
ST_3 : Operation 47 [1/1] (1.54ns)   --->   "%add_ln553 = add i5 2, %loop_0_0_i" [picnic.c:553->api.c:70]   --->   Operation 47 'add' 'add_ln553' <Predicate = (!icmp_ln549)> <Delay = 1.54> <Core = "AddSub">   --->   Core 14 'AddSub' <Latency = 0> <II = 1> <Delay = 1.60> <FuncUnit> <Opcode : 'add' 'sub'> <InPorts = 2> <OutPorts = 1>

State 4 <SV = 3> <Delay = 3.51>
ST_4 : Operation 48 [1/1] (0.00ns)   --->   "%tmp_i = call i32 (...)* @_ssdm_op_SpecRegionBegin([12 x i8]* @p_str1677) nounwind" [picnic.c:550->api.c:70]   --->   Operation 48 'specregionbegin' 'tmp_i' <Predicate = (!icmp_ln549)> <Delay = 0.00>
ST_4 : Operation 49 [1/1] (0.00ns)   --->   "call void (...)* @_ssdm_op_SpecPipeline(i32 -1, i32 1, i32 1, i32 0, [1 x i8]* @p_str1273) nounwind" [picnic.c:552->api.c:70]   --->   Operation 49 'specpipeline' <Predicate = (!icmp_ln549)> <Delay = 0.00>
ST_4 : Operation 50 [1/2] (1.75ns)   --->   "%pubkey_ciphertext_lo = load i8* %pubkey_ciphertext_ad, align 1" [picnic.c:553->api.c:70]   --->   Operation 50 'load' 'pubkey_ciphertext_lo' <Predicate = (!icmp_ln549)> <Delay = 1.75> <Core = "RAM">   --->   Core 37 'RAM' <Latency = 1> <II = 1> <Delay = 1.75> <Storage> <Opcode : 'load' 'store'> <Ports = 2> <Width = 8> <Depth = 49> <RAM>
ST_4 : Operation 51 [1/1] (0.00ns)   --->   "%pk_addr_1 = getelementptr [33 x i8]* %pk, i64 0, i64 %zext_ln553_1" [picnic.c:553->api.c:70]   --->   Operation 51 'getelementptr' 'pk_addr_1' <Predicate = (!icmp_ln549)> <Delay = 0.00>
ST_4 : Operation 52 [1/1] (1.75ns)   --->   "store i8 %pubkey_ciphertext_lo, i8* %pk_addr_1, align 1" [picnic.c:553->api.c:70]   --->   Operation 52 'store' <Predicate = (!icmp_ln549)> <Delay = 1.75> <Core = "RAM">   --->   Core 37 'RAM' <Latency = 1> <II = 1> <Delay = 1.75> <Storage> <Opcode : 'load' 'store'> <Ports = 2> <Width = 8> <Depth = 49> <RAM>
ST_4 : Operation 53 [1/1] (0.00ns)   --->   "%empty_41 = call i32 (...)* @_ssdm_op_SpecRegionEnd([12 x i8]* @p_str1677, i32 %tmp_i) nounwind" [picnic.c:554->api.c:70]   --->   Operation 53 'specregionend' 'empty_41' <Predicate = (!icmp_ln549)> <Delay = 0.00>
ST_4 : Operation 54 [1/2] (1.75ns)   --->   "%pubkey_ciphertext_lo_1 = load i8* %pubkey_ciphertext_ad_1, align 1" [picnic.c:553->api.c:70]   --->   Operation 54 'load' 'pubkey_ciphertext_lo_1' <Predicate = (!icmp_ln549)> <Delay = 1.75> <Core = "RAM">   --->   Core 37 'RAM' <Latency = 1> <II = 1> <Delay = 1.75> <Storage> <Opcode : 'load' 'store'> <Ports = 2> <Width = 8> <Depth = 49> <RAM>
ST_4 : Operation 55 [1/1] (0.00ns)   --->   "%zext_ln553_2 = zext i5 %add_ln553 to i64" [picnic.c:553->api.c:70]   --->   Operation 55 'zext' 'zext_ln553_2' <Predicate = (!icmp_ln549)> <Delay = 0.00>
ST_4 : Operation 56 [1/1] (0.00ns)   --->   "%pk_addr_2 = getelementptr [33 x i8]* %pk, i64 0, i64 %zext_ln553_2" [picnic.c:553->api.c:70]   --->   Operation 56 'getelementptr' 'pk_addr_2' <Predicate = (!icmp_ln549)> <Delay = 0.00>
ST_4 : Operation 57 [1/1] (1.75ns)   --->   "store i8 %pubkey_ciphertext_lo_1, i8* %pk_addr_2, align 1" [picnic.c:553->api.c:70]   --->   Operation 57 'store' <Predicate = (!icmp_ln549)> <Delay = 1.75> <Core = "RAM">   --->   Core 37 'RAM' <Latency = 1> <II = 1> <Delay = 1.75> <Storage> <Opcode : 'load' 'store'> <Ports = 2> <Width = 8> <Depth = 49> <RAM>
ST_4 : Operation 58 [1/1] (0.00ns)   --->   "br label %2" [picnic.c:549->api.c:70]   --->   Operation 58 'br' <Predicate = (!icmp_ln549)> <Delay = 0.00>

State 5 <SV = 3> <Delay = 1.35>
ST_5 : Operation 59 [1/1] (1.35ns)   --->   "br label %.preheader.0.i" [picnic.c:556->api.c:70]   --->   Operation 59 'br' <Predicate = true> <Delay = 1.35>

State 6 <SV = 4> <Delay = 2.01>
ST_6 : Operation 60 [1/1] (0.00ns)   --->   "%loop_1_0_i = phi i5 [ %add_ln559, %hls_label_4 ], [ 0, %.preheader.0.i.preheader ]" [picnic.c:559->api.c:70]   --->   Operation 60 'phi' 'loop_1_0_i' <Predicate = true> <Delay = 0.00>
ST_6 : Operation 61 [1/1] (1.21ns)   --->   "%icmp_ln556 = icmp eq i5 %loop_1_0_i, -16" [picnic.c:556->api.c:70]   --->   Operation 61 'icmp' 'icmp_ln556' <Predicate = true> <Delay = 1.21> <Core = "Cmp">   --->   Core 25 'Cmp' <Latency = 0> <II = 1> <Delay = 2.11> <FuncUnit> <Opcode : 'icmp'> <InPorts = 2> <OutPorts = 1>
ST_6 : Operation 62 [1/1] (0.00ns)   --->   "%empty_42 = call i32 (...)* @_ssdm_op_SpecLoopTripCount(i64 8, i64 8, i64 8) nounwind"   --->   Operation 62 'speclooptripcount' 'empty_42' <Predicate = true> <Delay = 0.00>
ST_6 : Operation 63 [1/1] (0.00ns)   --->   "br i1 %icmp_ln556, label %picnic_write_public_key.exit, label %hls_label_4" [picnic.c:556->api.c:70]   --->   Operation 63 'br' <Predicate = true> <Delay = 0.00>
ST_6 : Operation 64 [1/1] (0.00ns)   --->   "%zext_ln556 = zext i5 %loop_1_0_i to i6" [picnic.c:556->api.c:70]   --->   Operation 64 'zext' 'zext_ln556' <Predicate = (!icmp_ln556)> <Delay = 0.00>
ST_6 : Operation 65 [1/1] (0.00ns)   --->   "%trunc_ln556 = trunc i5 %loop_1_0_i to i4" [picnic.c:556->api.c:70]   --->   Operation 65 'trunc' 'trunc_ln556' <Predicate = (!icmp_ln556)> <Delay = 0.00>
ST_6 : Operation 66 [1/1] (0.00ns)   --->   "%zext_ln559 = zext i5 %loop_1_0_i to i64" [picnic.c:559->api.c:70]   --->   Operation 66 'zext' 'zext_ln559' <Predicate = (!icmp_ln556)> <Delay = 0.00>
ST_6 : Operation 67 [1/1] (0.00ns)   --->   "%pubkey_plaintext_add = getelementptr [32 x i8]* %pubkey_plaintext, i64 0, i64 %zext_ln559" [picnic.c:559->api.c:70]   --->   Operation 67 'getelementptr' 'pubkey_plaintext_add' <Predicate = (!icmp_ln556)> <Delay = 0.00>
ST_6 : Operation 68 [2/2] (1.75ns)   --->   "%pubkey_plaintext_loa = load i8* %pubkey_plaintext_add, align 1" [picnic.c:559->api.c:70]   --->   Operation 68 'load' 'pubkey_plaintext_loa' <Predicate = (!icmp_ln556)> <Delay = 1.75> <Core = "RAM">   --->   Core 37 'RAM' <Latency = 1> <II = 1> <Delay = 1.75> <Storage> <Opcode : 'load' 'store'> <Ports = 2> <Width = 8> <Depth = 49> <RAM>
ST_6 : Operation 69 [1/1] (0.00ns)   --->   "%or_ln559 = or i4 %trunc_ln556, 1" [picnic.c:559->api.c:70]   --->   Operation 69 'or' 'or_ln559' <Predicate = (!icmp_ln556)> <Delay = 0.00>
ST_6 : Operation 70 [1/1] (0.00ns)   --->   "%zext_ln559_2 = zext i4 %or_ln559 to i64" [picnic.c:559->api.c:70]   --->   Operation 70 'zext' 'zext_ln559_2' <Predicate = (!icmp_ln556)> <Delay = 0.00>
ST_6 : Operation 71 [1/1] (0.00ns)   --->   "%pubkey_plaintext_add_1 = getelementptr [32 x i8]* %pubkey_plaintext, i64 0, i64 %zext_ln559_2" [picnic.c:559->api.c:70]   --->   Operation 71 'getelementptr' 'pubkey_plaintext_add_1' <Predicate = (!icmp_ln556)> <Delay = 0.00>
ST_6 : Operation 72 [2/2] (1.75ns)   --->   "%pubkey_plaintext_loa_1 = load i8* %pubkey_plaintext_add_1, align 1" [picnic.c:559->api.c:70]   --->   Operation 72 'load' 'pubkey_plaintext_loa_1' <Predicate = (!icmp_ln556)> <Delay = 1.75> <Core = "RAM">   --->   Core 37 'RAM' <Latency = 1> <II = 1> <Delay = 1.75> <Storage> <Opcode : 'load' 'store'> <Ports = 2> <Width = 8> <Depth = 49> <RAM>
ST_6 : Operation 73 [1/1] (1.54ns)   --->   "%add_ln559 = add i5 2, %loop_1_0_i" [picnic.c:559->api.c:70]   --->   Operation 73 'add' 'add_ln559' <Predicate = (!icmp_ln556)> <Delay = 1.54> <Core = "AddSub">   --->   Core 14 'AddSub' <Latency = 0> <II = 1> <Delay = 1.60> <FuncUnit> <Opcode : 'add' 'sub'> <InPorts = 2> <OutPorts = 1>
ST_6 : Operation 74 [1/1] (1.60ns)   --->   "%add_ln559_1 = add i6 18, %zext_ln556" [picnic.c:559->api.c:70]   --->   Operation 74 'add' 'add_ln559_1' <Predicate = (!icmp_ln556)> <Delay = 1.60> <Core = "AddSub">   --->   Core 14 'AddSub' <Latency = 0> <II = 1> <Delay = 1.60> <FuncUnit> <Opcode : 'add' 'sub'> <InPorts = 2> <OutPorts = 1>

State 7 <SV = 5> <Delay = 3.51>
ST_7 : Operation 75 [1/1] (0.00ns)   --->   "%tmp_1_i = call i32 (...)* @_ssdm_op_SpecRegionBegin([12 x i8]* @p_str17) nounwind" [picnic.c:558->api.c:70]   --->   Operation 75 'specregionbegin' 'tmp_1_i' <Predicate = (!icmp_ln556)> <Delay = 0.00>
ST_7 : Operation 76 [1/1] (0.00ns)   --->   "call void (...)* @_ssdm_op_SpecPipeline(i32 -1, i32 1, i32 1, i32 0, [1 x i8]* @p_str1273) nounwind" [picnic.c:558->api.c:70]   --->   Operation 76 'specpipeline' <Predicate = (!icmp_ln556)> <Delay = 0.00>
ST_7 : Operation 77 [1/2] (1.75ns)   --->   "%pubkey_plaintext_loa = load i8* %pubkey_plaintext_add, align 1" [picnic.c:559->api.c:70]   --->   Operation 77 'load' 'pubkey_plaintext_loa' <Predicate = (!icmp_ln556)> <Delay = 1.75> <Core = "RAM">   --->   Core 37 'RAM' <Latency = 1> <II = 1> <Delay = 1.75> <Storage> <Opcode : 'load' 'store'> <Ports = 2> <Width = 8> <Depth = 49> <RAM>
ST_7 : Operation 78 [1/1] (0.00ns)   --->   "%or_ln559_1 = call i5 @_ssdm_op_BitConcatenate.i5.i1.i4(i1 true, i4 %or_ln559)" [picnic.c:559->api.c:70]   --->   Operation 78 'bitconcatenate' 'or_ln559_1' <Predicate = (!icmp_ln556)> <Delay = 0.00>
ST_7 : Operation 79 [1/1] (0.00ns)   --->   "%zext_ln559_1 = zext i5 %or_ln559_1 to i64" [picnic.c:559->api.c:70]   --->   Operation 79 'zext' 'zext_ln559_1' <Predicate = (!icmp_ln556)> <Delay = 0.00>
ST_7 : Operation 80 [1/1] (0.00ns)   --->   "%pk_addr_3 = getelementptr [33 x i8]* %pk, i64 0, i64 %zext_ln559_1" [picnic.c:559->api.c:70]   --->   Operation 80 'getelementptr' 'pk_addr_3' <Predicate = (!icmp_ln556)> <Delay = 0.00>
ST_7 : Operation 81 [1/1] (1.75ns)   --->   "store i8 %pubkey_plaintext_loa, i8* %pk_addr_3, align 1" [picnic.c:559->api.c:70]   --->   Operation 81 'store' <Predicate = (!icmp_ln556)> <Delay = 1.75> <Core = "RAM">   --->   Core 37 'RAM' <Latency = 1> <II = 1> <Delay = 1.75> <Storage> <Opcode : 'load' 'store'> <Ports = 2> <Width = 8> <Depth = 49> <RAM>
ST_7 : Operation 82 [1/1] (0.00ns)   --->   "%empty_43 = call i32 (...)* @_ssdm_op_SpecRegionEnd([12 x i8]* @p_str17, i32 %tmp_1_i) nounwind" [picnic.c:559->api.c:70]   --->   Operation 82 'specregionend' 'empty_43' <Predicate = (!icmp_ln556)> <Delay = 0.00>
ST_7 : Operation 83 [1/2] (1.75ns)   --->   "%pubkey_plaintext_loa_1 = load i8* %pubkey_plaintext_add_1, align 1" [picnic.c:559->api.c:70]   --->   Operation 83 'load' 'pubkey_plaintext_loa_1' <Predicate = (!icmp_ln556)> <Delay = 1.75> <Core = "RAM">   --->   Core 37 'RAM' <Latency = 1> <II = 1> <Delay = 1.75> <Storage> <Opcode : 'load' 'store'> <Ports = 2> <Width = 8> <Depth = 49> <RAM>
ST_7 : Operation 84 [1/1] (0.00ns)   --->   "%zext_ln559_3 = zext i6 %add_ln559_1 to i64" [picnic.c:559->api.c:70]   --->   Operation 84 'zext' 'zext_ln559_3' <Predicate = (!icmp_ln556)> <Delay = 0.00>
ST_7 : Operation 85 [1/1] (0.00ns)   --->   "%pk_addr_4 = getelementptr [33 x i8]* %pk, i64 0, i64 %zext_ln559_3" [picnic.c:559->api.c:70]   --->   Operation 85 'getelementptr' 'pk_addr_4' <Predicate = (!icmp_ln556)> <Delay = 0.00>
ST_7 : Operation 86 [1/1] (1.75ns)   --->   "store i8 %pubkey_plaintext_loa_1, i8* %pk_addr_4, align 1" [picnic.c:559->api.c:70]   --->   Operation 86 'store' <Predicate = (!icmp_ln556)> <Delay = 1.75> <Core = "RAM">   --->   Core 37 'RAM' <Latency = 1> <II = 1> <Delay = 1.75> <Storage> <Opcode : 'load' 'store'> <Ports = 2> <Width = 8> <Depth = 49> <RAM>
ST_7 : Operation 87 [1/1] (0.00ns)   --->   "br label %.preheader.0.i" [picnic.c:556->api.c:70]   --->   Operation 87 'br' <Predicate = (!icmp_ln556)> <Delay = 0.00>

State 8 <SV = 5> <Delay = 1.75>
ST_8 : Operation 88 [1/1] (0.00ns)   --->   "%sk_addr = getelementptr [49 x i8]* %sk, i64 0, i64 0" [picnic.c:604->api.c:75]   --->   Operation 88 'getelementptr' 'sk_addr' <Predicate = true> <Delay = 0.00>
ST_8 : Operation 89 [1/1] (0.00ns)   --->   "%zext_ln627 = zext i4 %secret_params to i8" [picnic.c:627->api.c:75]   --->   Operation 89 'zext' 'zext_ln627' <Predicate = true> <Delay = 0.00>
ST_8 : Operation 90 [1/1] (1.75ns)   --->   "store i8 %zext_ln627, i8* %sk_addr, align 1" [picnic.c:627->api.c:75]   --->   Operation 90 'store' <Predicate = true> <Delay = 1.75> <Core = "RAM">   --->   Core 37 'RAM' <Latency = 1> <II = 1> <Delay = 1.75> <Storage> <Opcode : 'load' 'store'> <Ports = 2> <Width = 8> <Depth = 49> <RAM>
ST_8 : Operation 91 [1/1] (1.35ns)   --->   "br label %3" [picnic.c:632->api.c:75]   --->   Operation 91 'br' <Predicate = true> <Delay = 1.35>

State 9 <SV = 6> <Delay = 2.01>
ST_9 : Operation 92 [1/1] (0.00ns)   --->   "%loop_0_i = phi i5 [ 0, %picnic_write_public_key.exit ], [ %loop, %hls_label_5 ]"   --->   Operation 92 'phi' 'loop_0_i' <Predicate = true> <Delay = 0.00>
ST_9 : Operation 93 [1/1] (0.00ns)   --->   "%empty_44 = call i32 (...)* @_ssdm_op_SpecLoopTripCount(i64 16, i64 16, i64 16) nounwind"   --->   Operation 93 'speclooptripcount' 'empty_44' <Predicate = true> <Delay = 0.00>
ST_9 : Operation 94 [1/1] (1.21ns)   --->   "%icmp_ln632 = icmp eq i5 %loop_0_i, -16" [picnic.c:632->api.c:75]   --->   Operation 94 'icmp' 'icmp_ln632' <Predicate = true> <Delay = 1.21> <Core = "Cmp">   --->   Core 25 'Cmp' <Latency = 0> <II = 1> <Delay = 2.11> <FuncUnit> <Opcode : 'icmp'> <InPorts = 2> <OutPorts = 1>
ST_9 : Operation 95 [1/1] (1.54ns)   --->   "%loop = add i5 %loop_0_i, 1" [picnic.c:637->api.c:75]   --->   Operation 95 'add' 'loop' <Predicate = true> <Delay = 1.54> <Core = "AddSub">   --->   Core 14 'AddSub' <Latency = 0> <II = 1> <Delay = 1.60> <FuncUnit> <Opcode : 'add' 'sub'> <InPorts = 2> <OutPorts = 1>
ST_9 : Operation 96 [1/1] (0.00ns)   --->   "br i1 %icmp_ln632, label %UnifiedReturnBlock.loopexit, label %hls_label_5" [picnic.c:632->api.c:75]   --->   Operation 96 'br' <Predicate = true> <Delay = 0.00>
ST_9 : Operation 97 [1/1] (0.00ns)   --->   "%zext_ln632 = zext i5 %loop_0_i to i64" [picnic.c:632->api.c:75]   --->   Operation 97 'zext' 'zext_ln632' <Predicate = (!icmp_ln632)> <Delay = 0.00>
ST_9 : Operation 98 [1/1] (0.00ns)   --->   "%sext_ln632_i_cast = zext i5 %loop_0_i to i6" [picnic.c:637->api.c:75]   --->   Operation 98 'zext' 'sext_ln632_i_cast' <Predicate = (!icmp_ln632)> <Delay = 0.00>
ST_9 : Operation 99 [1/1] (0.00ns)   --->   "%secret_data_addr = getelementptr [32 x i8]* %secret_data, i64 0, i64 %zext_ln632" [picnic.c:637->api.c:75]   --->   Operation 99 'getelementptr' 'secret_data_addr' <Predicate = (!icmp_ln632)> <Delay = 0.00>
ST_9 : Operation 100 [2/2] (1.75ns)   --->   "%secret_data_load = load i8* %secret_data_addr, align 1" [picnic.c:637->api.c:75]   --->   Operation 100 'load' 'secret_data_load' <Predicate = (!icmp_ln632)> <Delay = 1.75> <Core = "RAM">   --->   Core 37 'RAM' <Latency = 1> <II = 1> <Delay = 1.75> <Storage> <Opcode : 'load' 'store'> <Ports = 2> <Width = 8> <Depth = 49> <RAM>
ST_9 : Operation 101 [1/1] (0.00ns)   --->   "%secret_pk_ciphertext_1 = getelementptr [32 x i8]* %secret_pk_ciphertext, i64 0, i64 %zext_ln632" [picnic.c:638->api.c:75]   --->   Operation 101 'getelementptr' 'secret_pk_ciphertext_1' <Predicate = (!icmp_ln632)> <Delay = 0.00>
ST_9 : Operation 102 [2/2] (1.75ns)   --->   "%secret_pk_ciphertext_2 = load i8* %secret_pk_ciphertext_1, align 1" [picnic.c:638->api.c:75]   --->   Operation 102 'load' 'secret_pk_ciphertext_2' <Predicate = (!icmp_ln632)> <Delay = 1.75> <Core = "RAM">   --->   Core 37 'RAM' <Latency = 1> <II = 1> <Delay = 1.75> <Storage> <Opcode : 'load' 'store'> <Ports = 2> <Width = 8> <Depth = 49> <RAM>
ST_9 : Operation 103 [1/1] (0.00ns)   --->   "%secret_pk_plaintext_s = getelementptr [32 x i8]* %secret_pk_plaintext, i64 0, i64 %zext_ln632" [picnic.c:639->api.c:75]   --->   Operation 103 'getelementptr' 'secret_pk_plaintext_s' <Predicate = (!icmp_ln632)> <Delay = 0.00>
ST_9 : Operation 104 [2/2] (1.75ns)   --->   "%secret_pk_plaintext_1 = load i8* %secret_pk_plaintext_s, align 1" [picnic.c:639->api.c:75]   --->   Operation 104 'load' 'secret_pk_plaintext_1' <Predicate = (!icmp_ln632)> <Delay = 1.75> <Core = "RAM">   --->   Core 37 'RAM' <Latency = 1> <II = 1> <Delay = 1.75> <Storage> <Opcode : 'load' 'store'> <Ports = 2> <Width = 8> <Depth = 49> <RAM>

State 10 <SV = 7> <Delay = 3.51>
ST_10 : Operation 105 [1/2] (1.75ns)   --->   "%secret_data_load = load i8* %secret_data_addr, align 1" [picnic.c:637->api.c:75]   --->   Operation 105 'load' 'secret_data_load' <Predicate = (!icmp_ln632)> <Delay = 1.75> <Core = "RAM">   --->   Core 37 'RAM' <Latency = 1> <II = 1> <Delay = 1.75> <Storage> <Opcode : 'load' 'store'> <Ports = 2> <Width = 8> <Depth = 49> <RAM>
ST_10 : Operation 106 [1/1] (0.00ns)   --->   "%zext_ln637 = zext i5 %loop to i64" [picnic.c:637->api.c:75]   --->   Operation 106 'zext' 'zext_ln637' <Predicate = (!icmp_ln632)> <Delay = 0.00>
ST_10 : Operation 107 [1/1] (0.00ns)   --->   "%sk_addr_1 = getelementptr [49 x i8]* %sk, i64 0, i64 %zext_ln637" [picnic.c:637->api.c:75]   --->   Operation 107 'getelementptr' 'sk_addr_1' <Predicate = (!icmp_ln632)> <Delay = 0.00>
ST_10 : Operation 108 [1/1] (1.75ns)   --->   "store i8 %secret_data_load, i8* %sk_addr_1, align 1" [picnic.c:637->api.c:75]   --->   Operation 108 'store' <Predicate = (!icmp_ln632)> <Delay = 1.75> <Core = "RAM">   --->   Core 37 'RAM' <Latency = 1> <II = 1> <Delay = 1.75> <Storage> <Opcode : 'load' 'store'> <Ports = 2> <Width = 8> <Depth = 49> <RAM>
ST_10 : Operation 109 [1/2] (1.75ns)   --->   "%secret_pk_ciphertext_2 = load i8* %secret_pk_ciphertext_1, align 1" [picnic.c:638->api.c:75]   --->   Operation 109 'load' 'secret_pk_ciphertext_2' <Predicate = (!icmp_ln632)> <Delay = 1.75> <Core = "RAM">   --->   Core 37 'RAM' <Latency = 1> <II = 1> <Delay = 1.75> <Storage> <Opcode : 'load' 'store'> <Ports = 2> <Width = 8> <Depth = 49> <RAM>
ST_10 : Operation 110 [1/1] (1.60ns)   --->   "%add_ln638 = add i6 %sext_ln632_i_cast, 17" [picnic.c:638->api.c:75]   --->   Operation 110 'add' 'add_ln638' <Predicate = (!icmp_ln632)> <Delay = 1.60> <Core = "AddSub">   --->   Core 14 'AddSub' <Latency = 0> <II = 1> <Delay = 1.60> <FuncUnit> <Opcode : 'add' 'sub'> <InPorts = 2> <OutPorts = 1>
ST_10 : Operation 111 [1/1] (0.00ns)   --->   "%zext_ln638 = zext i6 %add_ln638 to i64" [picnic.c:638->api.c:75]   --->   Operation 111 'zext' 'zext_ln638' <Predicate = (!icmp_ln632)> <Delay = 0.00>
ST_10 : Operation 112 [1/1] (0.00ns)   --->   "%sk_addr_2 = getelementptr [49 x i8]* %sk, i64 0, i64 %zext_ln638" [picnic.c:638->api.c:75]   --->   Operation 112 'getelementptr' 'sk_addr_2' <Predicate = (!icmp_ln632)> <Delay = 0.00>
ST_10 : Operation 113 [1/1] (1.75ns)   --->   "store i8 %secret_pk_ciphertext_2, i8* %sk_addr_2, align 1" [picnic.c:638->api.c:75]   --->   Operation 113 'store' <Predicate = (!icmp_ln632)> <Delay = 1.75> <Core = "RAM">   --->   Core 37 'RAM' <Latency = 1> <II = 1> <Delay = 1.75> <Storage> <Opcode : 'load' 'store'> <Ports = 2> <Width = 8> <Depth = 49> <RAM>
ST_10 : Operation 114 [1/2] (1.75ns)   --->   "%secret_pk_plaintext_1 = load i8* %secret_pk_plaintext_s, align 1" [picnic.c:639->api.c:75]   --->   Operation 114 'load' 'secret_pk_plaintext_1' <Predicate = (!icmp_ln632)> <Delay = 1.75> <Core = "RAM">   --->   Core 37 'RAM' <Latency = 1> <II = 1> <Delay = 1.75> <Storage> <Opcode : 'load' 'store'> <Ports = 2> <Width = 8> <Depth = 49> <RAM>

State 11 <SV = 8> <Delay = 3.36>
ST_11 : Operation 115 [1/1] (0.00ns)   --->   "%tmp_i2 = call i32 (...)* @_ssdm_op_SpecRegionBegin([12 x i8]* @p_str20) nounwind" [picnic.c:633->api.c:75]   --->   Operation 115 'specregionbegin' 'tmp_i2' <Predicate = (!icmp_ln632)> <Delay = 0.00>
ST_11 : Operation 116 [1/1] (0.00ns)   --->   "call void (...)* @_ssdm_op_SpecPipeline(i32 -1, i32 1, i32 1, i32 0, [1 x i8]* @p_str1273) nounwind" [picnic.c:636->api.c:75]   --->   Operation 116 'specpipeline' <Predicate = (!icmp_ln632)> <Delay = 0.00>
ST_11 : Operation 117 [1/1] (1.60ns)   --->   "%add_ln639 = add i6 %sext_ln632_i_cast, -31" [picnic.c:639->api.c:75]   --->   Operation 117 'add' 'add_ln639' <Predicate = (!icmp_ln632)> <Delay = 1.60> <Core = "AddSub">   --->   Core 14 'AddSub' <Latency = 0> <II = 1> <Delay = 1.60> <FuncUnit> <Opcode : 'add' 'sub'> <InPorts = 2> <OutPorts = 1>
ST_11 : Operation 118 [1/1] (0.00ns)   --->   "%zext_ln639 = zext i6 %add_ln639 to i64" [picnic.c:639->api.c:75]   --->   Operation 118 'zext' 'zext_ln639' <Predicate = (!icmp_ln632)> <Delay = 0.00>
ST_11 : Operation 119 [1/1] (0.00ns)   --->   "%sk_addr_3 = getelementptr [49 x i8]* %sk, i64 0, i64 %zext_ln639" [picnic.c:639->api.c:75]   --->   Operation 119 'getelementptr' 'sk_addr_3' <Predicate = (!icmp_ln632)> <Delay = 0.00>
ST_11 : Operation 120 [1/1] (1.75ns)   --->   "store i8 %secret_pk_plaintext_1, i8* %sk_addr_3, align 1" [picnic.c:639->api.c:75]   --->   Operation 120 'store' <Predicate = (!icmp_ln632)> <Delay = 1.75> <Core = "RAM">   --->   Core 37 'RAM' <Latency = 1> <II = 1> <Delay = 1.75> <Storage> <Opcode : 'load' 'store'> <Ports = 2> <Width = 8> <Depth = 49> <RAM>
ST_11 : Operation 121 [1/1] (0.00ns)   --->   "%empty_45 = call i32 (...)* @_ssdm_op_SpecRegionEnd([12 x i8]* @p_str20, i32 %tmp_i2) nounwind" [picnic.c:640->api.c:75]   --->   Operation 121 'specregionend' 'empty_45' <Predicate = (!icmp_ln632)> <Delay = 0.00>
ST_11 : Operation 122 [1/1] (0.00ns)   --->   "br label %3" [picnic.c:632->api.c:75]   --->   Operation 122 'br' <Predicate = (!icmp_ln632)> <Delay = 0.00>

State 12 <SV = 7> <Delay = 1.35>
ST_12 : Operation 123 [1/1] (1.35ns)   --->   "br label %UnifiedReturnBlock"   --->   Operation 123 'br' <Predicate = true> <Delay = 1.35>

State 13 <SV = 8> <Delay = 0.00>
ST_13 : Operation 124 [1/1] (0.00ns)   --->   "%UnifiedRetVal = phi i32 [ %ret, %0 ], [ 0, %UnifiedReturnBlock.loopexit ]"   --->   Operation 124 'phi' 'UnifiedRetVal' <Predicate = true> <Delay = 0.00>
ST_13 : Operation 125 [1/1] (0.00ns)   --->   "ret i32 %UnifiedRetVal" [api.c:80]   --->   Operation 125 'ret' <Predicate = true> <Delay = 0.00>


============================================================
+ Verbose Summary: Timing violations
============================================================
Target clock period: 10ns, clock uncertainty: 1.25ns.

 <State 1>: 2.81ns
The critical path consists of the following:
	'alloca' operation ('pubkey_plaintext') [23]  (0 ns)
	'call' operation ('call_ret', api.c:64) to 'picnic_keygen' [29]  (2.81 ns)

 <State 2>: 5.62ns
The critical path consists of the following:
	'call' operation ('call_ret', api.c:64) to 'picnic_keygen' [29]  (2.16 ns)
	'icmp' operation ('icmp_ln66', api.c:66) [33]  (2.11 ns)
	multiplexor before 'phi' operation ('ret') with incoming values : ('ret', api.c:64) [132]  (1.35 ns)

 <State 3>: 2.02ns
The critical path consists of the following:
	'icmp' operation ('icmp_ln549', picnic.c:549->api.c:70) [42]  (1.22 ns)
	blocking operation 0.8 ns on control path)

 <State 4>: 3.51ns
The critical path consists of the following:
	'load' operation ('pubkey_ciphertext_lo', picnic.c:553->api.c:70) on array 'pubkey_ciphertext' [51]  (1.75 ns)
	'store' operation ('store_ln553', picnic.c:553->api.c:70) of variable 'pubkey_ciphertext_lo', picnic.c:553->api.c:70 on array 'pk' [55]  (1.75 ns)

 <State 5>: 1.35ns
The critical path consists of the following:
	multiplexor before 'phi' operation ('loop_1_0_i', picnic.c:559->api.c:70) with incoming values : ('add_ln559', picnic.c:559->api.c:70) [67]  (1.35 ns)

 <State 6>: 2.02ns
The critical path consists of the following:
	'icmp' operation ('icmp_ln556', picnic.c:556->api.c:70) [68]  (1.22 ns)
	blocking operation 0.8 ns on control path)

 <State 7>: 3.51ns
The critical path consists of the following:
	'load' operation ('pubkey_plaintext_loa', picnic.c:559->api.c:70) on array 'pubkey_plaintext' [78]  (1.75 ns)
	'store' operation ('store_ln559', picnic.c:559->api.c:70) of variable 'pubkey_plaintext_loa', picnic.c:559->api.c:70 on array 'pk' [83]  (1.75 ns)

 <State 8>: 1.75ns
The critical path consists of the following:
	'getelementptr' operation ('sk_addr', picnic.c:604->api.c:75) [95]  (0 ns)
	'store' operation ('store_ln627', picnic.c:627->api.c:75) of variable 'zext_ln627', picnic.c:627->api.c:75 on array 'sk' [97]  (1.75 ns)

 <State 9>: 2.02ns
The critical path consists of the following:
	'icmp' operation ('icmp_ln632', picnic.c:632->api.c:75) [102]  (1.22 ns)
	blocking operation 0.8 ns on control path)

 <State 10>: 3.51ns
The critical path consists of the following:
	'load' operation ('secret_data_load', picnic.c:637->api.c:75) on array 'secret_data' [111]  (1.75 ns)
	'store' operation ('store_ln637', picnic.c:637->api.c:75) of variable 'secret_data_load', picnic.c:637->api.c:75 on array 'sk' [114]  (1.75 ns)

 <State 11>: 3.36ns
The critical path consists of the following:
	'add' operation ('add_ln639', picnic.c:639->api.c:75) [123]  (1.6 ns)
	'getelementptr' operation ('sk_addr_3', picnic.c:639->api.c:75) [125]  (0 ns)
	'store' operation ('store_ln639', picnic.c:639->api.c:75) of variable 'secret_pk_plaintext_1', picnic.c:639->api.c:75 on array 'sk' [126]  (1.75 ns)

 <State 12>: 1.35ns
The critical path consists of the following:
	multiplexor before 'phi' operation ('ret') with incoming values : ('ret', api.c:64) [132]  (1.35 ns)

 <State 13>: 0ns
The critical path consists of the following:


============================================================
+ Verbose Summary: Binding
============================================================
N/A
* FSMD analyzer results:
  - Output states:
 - Input state : 
  - Chain level:
	State 1
	State 2
	State 3
	State 4
	State 5
	State 6
	State 7
	State 8
	State 9
	State 10
	State 11
	State 12
	State 13


============================================================
+ Verbose Summary: Datapath Resource usage 
============================================================
N/A
