

================================================================
== Vivado HLS Report for 'SubBytes'
================================================================
* Date:           Sat May  9 23:49:01 2020

* Version:        2019.2 (Build 2704478 on Wed Nov 06 22:10:23 MST 2019)
* Project:        picnic1
* Solution:       keypair
* Product family: artix7
* Target device:  xc7a200t-fbg676-2


================================================================
== Performance Estimates
================================================================
+ Timing: 
    * Summary: 
    +--------+----------+----------+------------+
    |  Clock |  Target  | Estimated| Uncertainty|
    +--------+----------+----------+------------+
    |ap_clk  | 10.00 ns | 4.527 ns |   1.25 ns  |
    +--------+----------+----------+------------+

+ Latency: 
    * Summary: 
    +---------+---------+----------+----------+-----+-----+---------+
    |  Latency (cycles) |  Latency (absolute) |  Interval | Pipeline|
    |   min   |   max   |    min   |    max   | min | max |   Type  |
    +---------+---------+----------+----------+-----+-----+---------+
    |       17|       17| 0.170 us | 0.170 us |   17|   17|   none  |
    +---------+---------+----------+----------+-----+-----+---------+

    + Detail: 
        * Instance: 
        N/A

        * Loop: 
        +-------------------+---------+---------+----------+-----------+-----------+------+----------+
        |                   |  Latency (cycles) | Iteration|  Initiation Interval  | Trip |          |
        |     Loop Name     |   min   |   max   |  Latency |  achieved |   target  | Count| Pipelined|
        +-------------------+---------+---------+----------+-----------+-----------+------+----------+
        |- SubBytes_label1  |       16|       16|         4|          -|          -|     4|    no    |
        +-------------------+---------+---------+----------+-----------+-----------+------+----------+

============================================================
+ Verbose Summary: Synthesis Manager
============================================================
InlineROM: 1
ExposeGlobal: 1
============================================================
+ Verbose Summary: CDFG Model
============================================================
IsTopModel: 0
ResetActiveHigh: 1
IsCombinational: 0
IsDatapathOnly: 0
HasWiredReturn: 1
HasMFsm: 0
HasVarLatency: 1
IsPipeline: 0
IsRtlPipelined: 0
IsInstanceOverlapped: 0
IsDontTouch: 0
HasImplIP: 0
IsGatedGlobalClock: 0


============================================================
+ Verbose Summary: Schedule
============================================================
* Number of FSM states : 5
* Pipeline : 0
* Dataflow Pipeline: 0

* FSM state transitions: 
1 --> 2 
2 --> 3 
3 --> 4 
4 --> 5 
5 --> 2 

* FSM state operations: 

State 1 <SV = 0> <Delay = 1.35>
ST_1 : Operation 6 [1/1] (1.35ns)   --->   "br label %1" [NIST-KATs/aes.c:263]   --->   Operation 6 'br' <Predicate = true> <Delay = 1.35>

State 2 <SV = 1> <Delay = 2.56>
ST_2 : Operation 7 [1/1] (0.00ns)   --->   "%i_0 = phi i3 [ 0, %0 ], [ %i, %2 ]"   --->   Operation 7 'phi' 'i_0' <Predicate = true> <Delay = 0.00>
ST_2 : Operation 8 [1/1] (1.00ns)   --->   "%icmp_ln263 = icmp eq i3 %i_0, -4" [NIST-KATs/aes.c:263]   --->   Operation 8 'icmp' 'icmp_ln263' <Predicate = true> <Delay = 1.00> <Core = "Cmp">   --->   Core 25 'Cmp' <Latency = 0> <II = 1> <Delay = 1.00> <FuncUnit> <Opcode : 'icmp'> <InPorts = 2> <OutPorts = 1>
ST_2 : Operation 9 [1/1] (0.00ns)   --->   "%empty = call i32 (...)* @_ssdm_op_SpecLoopTripCount(i64 4, i64 4, i64 4) nounwind"   --->   Operation 9 'speclooptripcount' 'empty' <Predicate = true> <Delay = 0.00>
ST_2 : Operation 10 [1/1] (1.34ns)   --->   "%i = add i3 %i_0, 1" [NIST-KATs/aes.c:263]   --->   Operation 10 'add' 'i' <Predicate = true> <Delay = 1.34> <Core = "AddSub">   --->   Core 14 'AddSub' <Latency = 0> <II = 1> <Delay = 1.34> <FuncUnit> <Opcode : 'add' 'sub'> <InPorts = 2> <OutPorts = 1>
ST_2 : Operation 11 [1/1] (0.00ns)   --->   "br i1 %icmp_ln263, label %3, label %2" [NIST-KATs/aes.c:263]   --->   Operation 11 'br' <Predicate = true> <Delay = 0.00>
ST_2 : Operation 12 [1/1] (0.00ns)   --->   "%zext_ln268 = zext i3 %i_0 to i64" [NIST-KATs/aes.c:268]   --->   Operation 12 'zext' 'zext_ln268' <Predicate = (!icmp_ln263)> <Delay = 0.00>
ST_2 : Operation 13 [1/1] (0.00ns)   --->   "%state_addr = getelementptr [16 x i8]* %state, i64 0, i64 %zext_ln268" [NIST-KATs/aes.c:268]   --->   Operation 13 'getelementptr' 'state_addr' <Predicate = (!icmp_ln263)> <Delay = 0.00>
ST_2 : Operation 14 [1/1] (0.80ns)   --->   "%xor_ln268 = xor i3 %i_0, -4" [NIST-KATs/aes.c:268]   --->   Operation 14 'xor' 'xor_ln268' <Predicate = (!icmp_ln263)> <Delay = 0.80> <Core = "LogicGate">   --->   Core 27 'LogicGate' <Latency = 0> <II = 1> <Delay = 0.80> <FuncUnit> <Opcode : 'and' 'or' 'xor'> <InPorts = 2> <OutPorts = 1>
ST_2 : Operation 15 [1/1] (0.00ns)   --->   "%zext_ln268_5 = zext i3 %xor_ln268 to i64" [NIST-KATs/aes.c:268]   --->   Operation 15 'zext' 'zext_ln268_5' <Predicate = (!icmp_ln263)> <Delay = 0.00>
ST_2 : Operation 16 [1/1] (0.00ns)   --->   "%state_addr_1 = getelementptr [16 x i8]* %state, i64 0, i64 %zext_ln268_5" [NIST-KATs/aes.c:268]   --->   Operation 16 'getelementptr' 'state_addr_1' <Predicate = (!icmp_ln263)> <Delay = 0.00>
ST_2 : Operation 17 [2/2] (1.75ns)   --->   "%state_load = load i8* %state_addr, align 1" [NIST-KATs/aes.c:268]   --->   Operation 17 'load' 'state_load' <Predicate = (!icmp_ln263)> <Delay = 1.75> <Core = "RAM">   --->   Core 37 'RAM' <Latency = 1> <II = 1> <Delay = 1.75> <Storage> <Opcode : 'load' 'store'> <Ports = 2> <Width = 8> <Depth = 16> <RAM>
ST_2 : Operation 18 [2/2] (1.75ns)   --->   "%state_load_1 = load i8* %state_addr_1, align 1" [NIST-KATs/aes.c:268]   --->   Operation 18 'load' 'state_load_1' <Predicate = (!icmp_ln263)> <Delay = 1.75> <Core = "RAM">   --->   Core 37 'RAM' <Latency = 1> <II = 1> <Delay = 1.75> <Storage> <Opcode : 'load' 'store'> <Ports = 2> <Width = 8> <Depth = 16> <RAM>
ST_2 : Operation 19 [1/1] (0.00ns)   --->   "ret void" [NIST-KATs/aes.c:271]   --->   Operation 19 'ret' <Predicate = (icmp_ln263)> <Delay = 0.00>

State 3 <SV = 2> <Delay = 4.52>
ST_3 : Operation 20 [1/1] (0.00ns)   --->   "%tmp = call i64 @_ssdm_op_BitConcatenate.i64.i61.i3(i61 1, i3 %i_0)" [NIST-KATs/aes.c:268]   --->   Operation 20 'bitconcatenate' 'tmp' <Predicate = true> <Delay = 0.00>
ST_3 : Operation 21 [1/1] (0.00ns)   --->   "%state_addr_2 = getelementptr [16 x i8]* %state, i64 0, i64 %tmp" [NIST-KATs/aes.c:268]   --->   Operation 21 'getelementptr' 'state_addr_2' <Predicate = true> <Delay = 0.00>
ST_3 : Operation 22 [1/1] (0.00ns)   --->   "%sext_ln268 = sext i3 %xor_ln268 to i4" [NIST-KATs/aes.c:268]   --->   Operation 22 'sext' 'sext_ln268' <Predicate = true> <Delay = 0.00>
ST_3 : Operation 23 [1/1] (0.00ns)   --->   "%zext_ln268_6 = zext i4 %sext_ln268 to i64" [NIST-KATs/aes.c:268]   --->   Operation 23 'zext' 'zext_ln268_6' <Predicate = true> <Delay = 0.00>
ST_3 : Operation 24 [1/1] (0.00ns)   --->   "%state_addr_3 = getelementptr [16 x i8]* %state, i64 0, i64 %zext_ln268_6" [NIST-KATs/aes.c:268]   --->   Operation 24 'getelementptr' 'state_addr_3' <Predicate = true> <Delay = 0.00>
ST_3 : Operation 25 [1/2] (1.75ns)   --->   "%state_load = load i8* %state_addr, align 1" [NIST-KATs/aes.c:268]   --->   Operation 25 'load' 'state_load' <Predicate = true> <Delay = 1.75> <Core = "RAM">   --->   Core 37 'RAM' <Latency = 1> <II = 1> <Delay = 1.75> <Storage> <Opcode : 'load' 'store'> <Ports = 2> <Width = 8> <Depth = 16> <RAM>
ST_3 : Operation 26 [1/1] (0.00ns)   --->   "%zext_ln268_1 = zext i8 %state_load to i64" [NIST-KATs/aes.c:268]   --->   Operation 26 'zext' 'zext_ln268_1' <Predicate = true> <Delay = 0.00>
ST_3 : Operation 27 [1/1] (0.00ns)   --->   "%sbox_addr = getelementptr inbounds [256 x i8]* @sbox, i64 0, i64 %zext_ln268_1" [NIST-KATs/aes.c:268]   --->   Operation 27 'getelementptr' 'sbox_addr' <Predicate = true> <Delay = 0.00>
ST_3 : Operation 28 [2/2] (2.77ns)   --->   "%sbox_load = load i8* %sbox_addr, align 1" [NIST-KATs/aes.c:268]   --->   Operation 28 'load' 'sbox_load' <Predicate = true> <Delay = 2.77> <Core = "ROM_nP">   --->   Core 52 'ROM_nP' <Latency = 1> <II = 1> <Delay = 2.77> <Storage> <Opcode : 'load'> <Ports = 0> <Width = 8> <Depth = 256> <ROM>
ST_3 : Operation 29 [1/2] (1.75ns)   --->   "%state_load_1 = load i8* %state_addr_1, align 1" [NIST-KATs/aes.c:268]   --->   Operation 29 'load' 'state_load_1' <Predicate = true> <Delay = 1.75> <Core = "RAM">   --->   Core 37 'RAM' <Latency = 1> <II = 1> <Delay = 1.75> <Storage> <Opcode : 'load' 'store'> <Ports = 2> <Width = 8> <Depth = 16> <RAM>
ST_3 : Operation 30 [1/1] (0.00ns)   --->   "%zext_ln268_2 = zext i8 %state_load_1 to i64" [NIST-KATs/aes.c:268]   --->   Operation 30 'zext' 'zext_ln268_2' <Predicate = true> <Delay = 0.00>
ST_3 : Operation 31 [1/1] (0.00ns)   --->   "%sbox_addr_1 = getelementptr inbounds [256 x i8]* @sbox, i64 0, i64 %zext_ln268_2" [NIST-KATs/aes.c:268]   --->   Operation 31 'getelementptr' 'sbox_addr_1' <Predicate = true> <Delay = 0.00>
ST_3 : Operation 32 [2/2] (2.77ns)   --->   "%sbox_load_1 = load i8* %sbox_addr_1, align 1" [NIST-KATs/aes.c:268]   --->   Operation 32 'load' 'sbox_load_1' <Predicate = true> <Delay = 2.77> <Core = "ROM_nP">   --->   Core 52 'ROM_nP' <Latency = 1> <II = 1> <Delay = 2.77> <Storage> <Opcode : 'load'> <Ports = 0> <Width = 8> <Depth = 256> <ROM>
ST_3 : Operation 33 [2/2] (1.75ns)   --->   "%state_load_2 = load i8* %state_addr_2, align 1" [NIST-KATs/aes.c:268]   --->   Operation 33 'load' 'state_load_2' <Predicate = true> <Delay = 1.75> <Core = "RAM">   --->   Core 37 'RAM' <Latency = 1> <II = 1> <Delay = 1.75> <Storage> <Opcode : 'load' 'store'> <Ports = 2> <Width = 8> <Depth = 16> <RAM>
ST_3 : Operation 34 [2/2] (1.75ns)   --->   "%state_load_3 = load i8* %state_addr_3, align 1" [NIST-KATs/aes.c:268]   --->   Operation 34 'load' 'state_load_3' <Predicate = true> <Delay = 1.75> <Core = "RAM">   --->   Core 37 'RAM' <Latency = 1> <II = 1> <Delay = 1.75> <Storage> <Opcode : 'load' 'store'> <Ports = 2> <Width = 8> <Depth = 16> <RAM>

State 4 <SV = 3> <Delay = 4.52>
ST_4 : Operation 35 [1/2] (2.77ns)   --->   "%sbox_load = load i8* %sbox_addr, align 1" [NIST-KATs/aes.c:268]   --->   Operation 35 'load' 'sbox_load' <Predicate = true> <Delay = 2.77> <Core = "ROM_nP">   --->   Core 52 'ROM_nP' <Latency = 1> <II = 1> <Delay = 2.77> <Storage> <Opcode : 'load'> <Ports = 0> <Width = 8> <Depth = 256> <ROM>
ST_4 : Operation 36 [1/1] (1.75ns)   --->   "store i8 %sbox_load, i8* %state_addr, align 1" [NIST-KATs/aes.c:268]   --->   Operation 36 'store' <Predicate = true> <Delay = 1.75> <Core = "RAM">   --->   Core 37 'RAM' <Latency = 1> <II = 1> <Delay = 1.75> <Storage> <Opcode : 'load' 'store'> <Ports = 2> <Width = 8> <Depth = 16> <RAM>
ST_4 : Operation 37 [1/2] (2.77ns)   --->   "%sbox_load_1 = load i8* %sbox_addr_1, align 1" [NIST-KATs/aes.c:268]   --->   Operation 37 'load' 'sbox_load_1' <Predicate = true> <Delay = 2.77> <Core = "ROM_nP">   --->   Core 52 'ROM_nP' <Latency = 1> <II = 1> <Delay = 2.77> <Storage> <Opcode : 'load'> <Ports = 0> <Width = 8> <Depth = 256> <ROM>
ST_4 : Operation 38 [1/1] (1.75ns)   --->   "store i8 %sbox_load_1, i8* %state_addr_1, align 1" [NIST-KATs/aes.c:268]   --->   Operation 38 'store' <Predicate = true> <Delay = 1.75> <Core = "RAM">   --->   Core 37 'RAM' <Latency = 1> <II = 1> <Delay = 1.75> <Storage> <Opcode : 'load' 'store'> <Ports = 2> <Width = 8> <Depth = 16> <RAM>
ST_4 : Operation 39 [1/2] (1.75ns)   --->   "%state_load_2 = load i8* %state_addr_2, align 1" [NIST-KATs/aes.c:268]   --->   Operation 39 'load' 'state_load_2' <Predicate = true> <Delay = 1.75> <Core = "RAM">   --->   Core 37 'RAM' <Latency = 1> <II = 1> <Delay = 1.75> <Storage> <Opcode : 'load' 'store'> <Ports = 2> <Width = 8> <Depth = 16> <RAM>
ST_4 : Operation 40 [1/1] (0.00ns)   --->   "%zext_ln268_3 = zext i8 %state_load_2 to i64" [NIST-KATs/aes.c:268]   --->   Operation 40 'zext' 'zext_ln268_3' <Predicate = true> <Delay = 0.00>
ST_4 : Operation 41 [1/1] (0.00ns)   --->   "%sbox_addr_2 = getelementptr inbounds [256 x i8]* @sbox, i64 0, i64 %zext_ln268_3" [NIST-KATs/aes.c:268]   --->   Operation 41 'getelementptr' 'sbox_addr_2' <Predicate = true> <Delay = 0.00>
ST_4 : Operation 42 [2/2] (2.77ns)   --->   "%sbox_load_2 = load i8* %sbox_addr_2, align 1" [NIST-KATs/aes.c:268]   --->   Operation 42 'load' 'sbox_load_2' <Predicate = true> <Delay = 2.77> <Core = "ROM_nP">   --->   Core 52 'ROM_nP' <Latency = 1> <II = 1> <Delay = 2.77> <Storage> <Opcode : 'load'> <Ports = 0> <Width = 8> <Depth = 256> <ROM>
ST_4 : Operation 43 [1/2] (1.75ns)   --->   "%state_load_3 = load i8* %state_addr_3, align 1" [NIST-KATs/aes.c:268]   --->   Operation 43 'load' 'state_load_3' <Predicate = true> <Delay = 1.75> <Core = "RAM">   --->   Core 37 'RAM' <Latency = 1> <II = 1> <Delay = 1.75> <Storage> <Opcode : 'load' 'store'> <Ports = 2> <Width = 8> <Depth = 16> <RAM>
ST_4 : Operation 44 [1/1] (0.00ns)   --->   "%zext_ln268_4 = zext i8 %state_load_3 to i64" [NIST-KATs/aes.c:268]   --->   Operation 44 'zext' 'zext_ln268_4' <Predicate = true> <Delay = 0.00>
ST_4 : Operation 45 [1/1] (0.00ns)   --->   "%sbox_addr_3 = getelementptr inbounds [256 x i8]* @sbox, i64 0, i64 %zext_ln268_4" [NIST-KATs/aes.c:268]   --->   Operation 45 'getelementptr' 'sbox_addr_3' <Predicate = true> <Delay = 0.00>
ST_4 : Operation 46 [2/2] (2.77ns)   --->   "%sbox_load_3 = load i8* %sbox_addr_3, align 1" [NIST-KATs/aes.c:268]   --->   Operation 46 'load' 'sbox_load_3' <Predicate = true> <Delay = 2.77> <Core = "ROM_nP">   --->   Core 52 'ROM_nP' <Latency = 1> <II = 1> <Delay = 2.77> <Storage> <Opcode : 'load'> <Ports = 0> <Width = 8> <Depth = 256> <ROM>

State 5 <SV = 4> <Delay = 4.52>
ST_5 : Operation 47 [1/1] (0.00ns)   --->   "call void (...)* @_ssdm_op_SpecLoopName([16 x i8]* @p_str8121) nounwind" [NIST-KATs/aes.c:264]   --->   Operation 47 'specloopname' <Predicate = true> <Delay = 0.00>
ST_5 : Operation 48 [1/2] (2.77ns)   --->   "%sbox_load_2 = load i8* %sbox_addr_2, align 1" [NIST-KATs/aes.c:268]   --->   Operation 48 'load' 'sbox_load_2' <Predicate = true> <Delay = 2.77> <Core = "ROM_nP">   --->   Core 52 'ROM_nP' <Latency = 1> <II = 1> <Delay = 2.77> <Storage> <Opcode : 'load'> <Ports = 0> <Width = 8> <Depth = 256> <ROM>
ST_5 : Operation 49 [1/1] (1.75ns)   --->   "store i8 %sbox_load_2, i8* %state_addr_2, align 1" [NIST-KATs/aes.c:268]   --->   Operation 49 'store' <Predicate = true> <Delay = 1.75> <Core = "RAM">   --->   Core 37 'RAM' <Latency = 1> <II = 1> <Delay = 1.75> <Storage> <Opcode : 'load' 'store'> <Ports = 2> <Width = 8> <Depth = 16> <RAM>
ST_5 : Operation 50 [1/2] (2.77ns)   --->   "%sbox_load_3 = load i8* %sbox_addr_3, align 1" [NIST-KATs/aes.c:268]   --->   Operation 50 'load' 'sbox_load_3' <Predicate = true> <Delay = 2.77> <Core = "ROM_nP">   --->   Core 52 'ROM_nP' <Latency = 1> <II = 1> <Delay = 2.77> <Storage> <Opcode : 'load'> <Ports = 0> <Width = 8> <Depth = 256> <ROM>
ST_5 : Operation 51 [1/1] (1.75ns)   --->   "store i8 %sbox_load_3, i8* %state_addr_3, align 1" [NIST-KATs/aes.c:268]   --->   Operation 51 'store' <Predicate = true> <Delay = 1.75> <Core = "RAM">   --->   Core 37 'RAM' <Latency = 1> <II = 1> <Delay = 1.75> <Storage> <Opcode : 'load' 'store'> <Ports = 2> <Width = 8> <Depth = 16> <RAM>
ST_5 : Operation 52 [1/1] (0.00ns)   --->   "br label %1" [NIST-KATs/aes.c:263]   --->   Operation 52 'br' <Predicate = true> <Delay = 0.00>


============================================================
+ Verbose Summary: Timing violations
============================================================
Target clock period: 10ns, clock uncertainty: 1.25ns.

 <State 1>: 1.35ns
The critical path consists of the following:
	multiplexor before 'phi' operation ('i') with incoming values : ('i', NIST-KATs/aes.c:263) [6]  (1.35 ns)

 <State 2>: 2.56ns
The critical path consists of the following:
	'phi' operation ('i') with incoming values : ('i', NIST-KATs/aes.c:263) [6]  (0 ns)
	'xor' operation ('xor_ln268', NIST-KATs/aes.c:268) [15]  (0.806 ns)
	'getelementptr' operation ('state_addr_1', NIST-KATs/aes.c:268) [17]  (0 ns)
	'load' operation ('state_load_1', NIST-KATs/aes.c:268) on array 'state' [28]  (1.75 ns)

 <State 3>: 4.53ns
The critical path consists of the following:
	'load' operation ('state_load', NIST-KATs/aes.c:268) on array 'state' [23]  (1.75 ns)
	'getelementptr' operation ('sbox_addr', NIST-KATs/aes.c:268) [25]  (0 ns)
	'load' operation ('sbox_load', NIST-KATs/aes.c:268) on array 'sbox' [26]  (2.77 ns)

 <State 4>: 4.53ns
The critical path consists of the following:
	'load' operation ('sbox_load', NIST-KATs/aes.c:268) on array 'sbox' [26]  (2.77 ns)
	'store' operation ('store_ln268', NIST-KATs/aes.c:268) of variable 'sbox_load', NIST-KATs/aes.c:268 on array 'state' [27]  (1.75 ns)

 <State 5>: 4.53ns
The critical path consists of the following:
	'load' operation ('sbox_load_2', NIST-KATs/aes.c:268) on array 'sbox' [36]  (2.77 ns)
	'store' operation ('store_ln268', NIST-KATs/aes.c:268) of variable 'sbox_load_2', NIST-KATs/aes.c:268 on array 'state' [37]  (1.75 ns)


============================================================
+ Verbose Summary: Binding
============================================================
N/A
* FSMD analyzer results:
  - Output states:
 - Input state : 
  - Chain level:
	State 1
	State 2
	State 3
	State 4
	State 5


============================================================
+ Verbose Summary: Datapath Resource usage 
============================================================
N/A
