

================================================================
== Vivado HLS Report for 'AES256_ECB_1'
================================================================
* Date:           Sat May  9 23:49:16 2020

* Version:        2019.2 (Build 2704478 on Wed Nov 06 22:10:23 MST 2019)
* Project:        picnic1
* Solution:       keypair
* Product family: artix7
* Target device:  xc7a200t-fbg676-2


================================================================
== Performance Estimates
================================================================
+ Timing: 
    * Summary: 
    +--------+----------+----------+------------+
    |  Clock |  Target  | Estimated| Uncertainty|
    +--------+----------+----------+------------+
    |ap_clk  | 10.00 ns | 6.344 ns |   1.25 ns  |
    +--------+----------+----------+------------+

+ Latency: 
    * Summary: 
    +---------+---------+-----------+-----------+------+------+---------+
    |  Latency (cycles) |   Latency (absolute)  |   Interval  | Pipeline|
    |   min   |   max   |    min    |    max    |  min |  max |   Type  |
    +---------+---------+-----------+-----------+------+------+---------+
    |     1077|     1077| 10.770 us | 10.770 us |  1077|  1077|   none  |
    +---------+---------+-----------+-----------+------+------+---------+

    + Detail: 
        * Instance: 
        +-------------------------+--------------+---------+---------+----------+----------+-----+-----+---------+
        |                         |              |  Latency (cycles) |  Latency (absolute) |  Interval | Pipeline|
        |         Instance        |    Module    |   min   |   max   |    min   |    max   | min | max |   Type  |
        +-------------------------+--------------+---------+---------+----------+----------+-----+-----+---------+
        |grp_KeyExpansion_fu_380  |KeyExpansion  |      120|      120| 1.200 us | 1.200 us |  120|  120|   none  |
        |grp_MixColumns_fu_389    |MixColumns    |       15|       15| 0.150 us | 0.150 us |   15|   15|   none  |
        |grp_ShiftRows_fu_394     |ShiftRows     |       10|       10| 0.100 us | 0.100 us |   10|   10|   none  |
        |grp_AddRoundKey_fu_399   |AddRoundKey   |       17|       17| 0.170 us | 0.170 us |   17|   17|   none  |
        |grp_SubBytes_fu_421      |SubBytes      |       17|       17| 0.170 us | 0.170 us |   17|   17|   none  |
        +-------------------------+--------------+---------+---------+----------+----------+-----+-----+---------+

        * Loop: 
        N/A



================================================================
== Utilization Estimates
================================================================
* Summary: 
+-----------------+---------+-------+--------+--------+-----+
|       Name      | BRAM_18K| DSP48E|   FF   |   LUT  | URAM|
+-----------------+---------+-------+--------+--------+-----+
|DSP              |        -|      -|       -|       -|    -|
|Expression       |        -|      -|       -|       -|    -|
|FIFO             |        -|      -|       -|       -|    -|
|Instance         |        2|      -|    1795|    6194|    -|
|Memory           |        2|      -|       0|       0|    0|
|Multiplexer      |        -|      -|       -|    1364|    -|
|Register         |        -|      -|     375|       -|    -|
+-----------------+---------+-------+--------+--------+-----+
|Total            |        4|      0|    2170|    7558|    0|
+-----------------+---------+-------+--------+--------+-----+
|Available        |      730|    740|  269200|  134600|    0|
+-----------------+---------+-------+--------+--------+-----+
|Utilization (%)  |    ~0   |      0|   ~0   |       5|    0|
+-----------------+---------+-------+--------+--------+-----+

+ Detail: 
    * Instance: 
    +-------------------------+--------------+---------+-------+------+------+-----+
    |         Instance        |    Module    | BRAM_18K| DSP48E|  FF  |  LUT | URAM|
    +-------------------------+--------------+---------+-------+------+------+-----+
    |grp_AddRoundKey_fu_399   |AddRoundKey   |        0|      0|    44|   202|    0|
    |grp_KeyExpansion_fu_380  |KeyExpansion  |        1|      0|  1457|  4645|    0|
    |grp_MixColumns_fu_389    |MixColumns    |        0|      0|   192|   959|    0|
    |grp_ShiftRows_fu_394     |ShiftRows     |        0|      0|    75|   237|    0|
    |grp_SubBytes_fu_421      |SubBytes      |        1|      0|    27|   151|    0|
    +-------------------------+--------------+---------+-------+------+------+-----+
    |Total                    |              |        2|      0|  1795|  6194|    0|
    +-------------------------+--------------+---------+-------+------+------+-----+

    * DSP48E: 
    N/A

    * Memory: 
    +----------------+----------------------+---------+---+----+-----+------+-----+------+-------------+
    |     Memory     |        Module        | BRAM_18K| FF| LUT| URAM| Words| Bits| Banks| W*Bits*Banks|
    +----------------+----------------------+---------+---+----+-----+------+-----+------+-------------+
    |ctx_RoundKey_U  |AES256_ECB_1_ctx_bkb  |        1|  0|   0|    0|   240|    8|     1|         1920|
    |test_U          |AES256_ECB_1_test     |        1|  0|   0|    0|    16|    8|     1|          128|
    +----------------+----------------------+---------+---+----+-----+------+-----+------+-------------+
    |Total           |                      |        2|  0|   0|    0|   256|   16|     2|         2048|
    +----------------+----------------------+---------+---+----+-----+------+-----+------+-------------+

    * FIFO: 
    N/A

    * Expression: 
    N/A

    * Multiplexer: 
    +------------------------------+-----+-----------+-----+-----------+
    |             Name             | LUT | Input Size| Bits| Total Bits|
    +------------------------------+-----+-----------+-----+-----------+
    |ap_NS_fsm                     |  589|        131|    1|        131|
    |ap_return_0                   |    9|          2|    8|         16|
    |ap_return_1                   |    9|          2|    8|         16|
    |ap_return_10                  |    9|          2|    8|         16|
    |ap_return_11                  |    9|          2|    8|         16|
    |ap_return_12                  |    9|          2|    8|         16|
    |ap_return_13                  |    9|          2|    8|         16|
    |ap_return_14                  |    9|          2|    8|         16|
    |ap_return_15                  |    9|          2|    8|         16|
    |ap_return_2                   |    9|          2|    8|         16|
    |ap_return_3                   |    9|          2|    8|         16|
    |ap_return_4                   |    9|          2|    8|         16|
    |ap_return_5                   |    9|          2|    8|         16|
    |ap_return_6                   |    9|          2|    8|         16|
    |ap_return_7                   |    9|          2|    8|         16|
    |ap_return_8                   |    9|          2|    8|         16|
    |ap_return_9                   |    9|          2|    8|         16|
    |ctr_address0                  |   44|          9|    4|         36|
    |ctr_address1                  |   44|          9|    4|         36|
    |ctx_RoundKey_address0         |   15|          3|    8|         24|
    |ctx_RoundKey_address1         |   15|          3|    8|         24|
    |ctx_RoundKey_ce0              |   15|          3|    1|          3|
    |ctx_RoundKey_ce1              |   15|          3|    1|          3|
    |ctx_RoundKey_we0              |    9|          2|    1|          2|
    |ctx_RoundKey_we1              |    9|          2|    1|          2|
    |grp_AddRoundKey_fu_399_round  |   65|         16|    5|         80|
    |test_address0                 |  101|         21|    4|         84|
    |test_address1                 |  101|         21|    4|         84|
    |test_ce0                      |   33|          6|    1|          6|
    |test_ce1                      |   33|          6|    1|          6|
    |test_d0                       |   33|          6|    8|         48|
    |test_d1                       |   33|          6|    8|         48|
    |test_we0                      |   33|          6|    1|          6|
    |test_we1                      |   33|          6|    1|          6|
    +------------------------------+-----+-----------+-----+-----------+
    |Total                         | 1364|        291|  190|        885|
    +------------------------------+-----+-----------+-----+-----------+

    * Register: 
    +--------------------------------------+-----+----+-----+-----------+
    |                 Name                 |  FF | LUT| Bits| Const Bits|
    +--------------------------------------+-----+----+-----+-----------+
    |ap_CS_fsm                             |  130|   0|  130|          0|
    |ap_return_0_preg                      |    8|   0|    8|          0|
    |ap_return_10_preg                     |    8|   0|    8|          0|
    |ap_return_11_preg                     |    8|   0|    8|          0|
    |ap_return_12_preg                     |    8|   0|    8|          0|
    |ap_return_13_preg                     |    8|   0|    8|          0|
    |ap_return_14_preg                     |    8|   0|    8|          0|
    |ap_return_15_preg                     |    8|   0|    8|          0|
    |ap_return_1_preg                      |    8|   0|    8|          0|
    |ap_return_2_preg                      |    8|   0|    8|          0|
    |ap_return_3_preg                      |    8|   0|    8|          0|
    |ap_return_4_preg                      |    8|   0|    8|          0|
    |ap_return_5_preg                      |    8|   0|    8|          0|
    |ap_return_6_preg                      |    8|   0|    8|          0|
    |ap_return_7_preg                      |    8|   0|    8|          0|
    |ap_return_8_preg                      |    8|   0|    8|          0|
    |ap_return_9_preg                      |    8|   0|    8|          0|
    |grp_AddRoundKey_fu_399_ap_start_reg   |    1|   0|    1|          0|
    |grp_KeyExpansion_fu_380_ap_start_reg  |    1|   0|    1|          0|
    |grp_MixColumns_fu_389_ap_start_reg    |    1|   0|    1|          0|
    |grp_ShiftRows_fu_394_ap_start_reg     |    1|   0|    1|          0|
    |grp_SubBytes_fu_421_ap_start_reg      |    1|   0|    1|          0|
    |test_load_10_reg_720                  |    8|   0|    8|          0|
    |test_load_11_reg_725                  |    8|   0|    8|          0|
    |test_load_12_reg_730                  |    8|   0|    8|          0|
    |test_load_13_reg_735                  |    8|   0|    8|          0|
    |test_load_1_reg_675                   |    8|   0|    8|          0|
    |test_load_2_reg_680                   |    8|   0|    8|          0|
    |test_load_3_reg_685                   |    8|   0|    8|          0|
    |test_load_4_reg_690                   |    8|   0|    8|          0|
    |test_load_5_reg_695                   |    8|   0|    8|          0|
    |test_load_6_reg_700                   |    8|   0|    8|          0|
    |test_load_7_reg_705                   |    8|   0|    8|          0|
    |test_load_8_reg_710                   |    8|   0|    8|          0|
    |test_load_9_reg_715                   |    8|   0|    8|          0|
    |test_load_reg_670                     |    8|   0|    8|          0|
    +--------------------------------------+-----+----+-----+-----------+
    |Total                                 |  375|   0|  375|          0|
    +--------------------------------------+-----+----+-----+-----------+



================================================================
== Interface
================================================================
* Summary: 
+--------------+-----+-----+------------+--------------+--------------+
|   RTL Ports  | Dir | Bits|  Protocol  | Source Object|    C Type    |
+--------------+-----+-----+------------+--------------+--------------+
|ap_clk        |  in |    1| ap_ctrl_hs | AES256_ECB.1 | return value |
|ap_rst        |  in |    1| ap_ctrl_hs | AES256_ECB.1 | return value |
|ap_start      |  in |    1| ap_ctrl_hs | AES256_ECB.1 | return value |
|ap_done       | out |    1| ap_ctrl_hs | AES256_ECB.1 | return value |
|ap_idle       | out |    1| ap_ctrl_hs | AES256_ECB.1 | return value |
|ap_ready      | out |    1| ap_ctrl_hs | AES256_ECB.1 | return value |
|ap_return_0   | out |    8| ap_ctrl_hs | AES256_ECB.1 | return value |
|ap_return_1   | out |    8| ap_ctrl_hs | AES256_ECB.1 | return value |
|ap_return_2   | out |    8| ap_ctrl_hs | AES256_ECB.1 | return value |
|ap_return_3   | out |    8| ap_ctrl_hs | AES256_ECB.1 | return value |
|ap_return_4   | out |    8| ap_ctrl_hs | AES256_ECB.1 | return value |
|ap_return_5   | out |    8| ap_ctrl_hs | AES256_ECB.1 | return value |
|ap_return_6   | out |    8| ap_ctrl_hs | AES256_ECB.1 | return value |
|ap_return_7   | out |    8| ap_ctrl_hs | AES256_ECB.1 | return value |
|ap_return_8   | out |    8| ap_ctrl_hs | AES256_ECB.1 | return value |
|ap_return_9   | out |    8| ap_ctrl_hs | AES256_ECB.1 | return value |
|ap_return_10  | out |    8| ap_ctrl_hs | AES256_ECB.1 | return value |
|ap_return_11  | out |    8| ap_ctrl_hs | AES256_ECB.1 | return value |
|ap_return_12  | out |    8| ap_ctrl_hs | AES256_ECB.1 | return value |
|ap_return_13  | out |    8| ap_ctrl_hs | AES256_ECB.1 | return value |
|ap_return_14  | out |    8| ap_ctrl_hs | AES256_ECB.1 | return value |
|ap_return_15  | out |    8| ap_ctrl_hs | AES256_ECB.1 | return value |
|key_address0  | out |    5|  ap_memory |      key     |     array    |
|key_ce0       | out |    1|  ap_memory |      key     |     array    |
|key_q0        |  in |    8|  ap_memory |      key     |     array    |
|key_address1  | out |    5|  ap_memory |      key     |     array    |
|key_ce1       | out |    1|  ap_memory |      key     |     array    |
|key_q1        |  in |    8|  ap_memory |      key     |     array    |
|ctr_address0  | out |    4|  ap_memory |      ctr     |     array    |
|ctr_ce0       | out |    1|  ap_memory |      ctr     |     array    |
|ctr_q0        |  in |    8|  ap_memory |      ctr     |     array    |
|ctr_address1  | out |    4|  ap_memory |      ctr     |     array    |
|ctr_ce1       | out |    1|  ap_memory |      ctr     |     array    |
|ctr_q1        |  in |    8|  ap_memory |      ctr     |     array    |
+--------------+-----+-----+------------+--------------+--------------+

