

================================================================
== Vivado HLS Report for 'AES256_ECB'
================================================================
* Date:           Sat May  9 23:49:16 2020

* Version:        2019.2 (Build 2704478 on Wed Nov 06 22:10:23 MST 2019)
* Project:        picnic1
* Solution:       keypair
* Product family: artix7
* Target device:  xc7a200t-fbg676-2


================================================================
== Performance Estimates
================================================================
+ Timing: 
    * Summary: 
    +--------+----------+----------+------------+
    |  Clock |  Target  | Estimated| Uncertainty|
    +--------+----------+----------+------------+
    |ap_clk  | 10.00 ns | 6.344 ns |   1.25 ns  |
    +--------+----------+----------+------------+

+ Latency: 
    * Summary: 
    +---------+---------+-----------+-----------+------+------+---------+
    |  Latency (cycles) |   Latency (absolute)  |   Interval  | Pipeline|
    |   min   |   max   |    min    |    max    |  min |  max |   Type  |
    +---------+---------+-----------+-----------+------+------+---------+
    |     1077|     1077| 10.770 us | 10.770 us |  1077|  1077|   none  |
    +---------+---------+-----------+-----------+------+------+---------+

    + Detail: 
        * Instance: 
        +-------------------------+--------------+---------+---------+----------+----------+-----+-----+---------+
        |                         |              |  Latency (cycles) |  Latency (absolute) |  Interval | Pipeline|
        |         Instance        |    Module    |   min   |   max   |    min   |    max   | min | max |   Type  |
        +-------------------------+--------------+---------+---------+----------+----------+-----+-----+---------+
        |grp_KeyExpansion_fu_559  |KeyExpansion  |      120|      120| 1.200 us | 1.200 us |  120|  120|   none  |
        |grp_MixColumns_fu_568    |MixColumns    |       15|       15| 0.150 us | 0.150 us |   15|   15|   none  |
        |grp_ShiftRows_fu_573     |ShiftRows     |       10|       10| 0.100 us | 0.100 us |   10|   10|   none  |
        |grp_AddRoundKey_fu_578   |AddRoundKey   |       17|       17| 0.170 us | 0.170 us |   17|   17|   none  |
        |grp_SubBytes_fu_600      |SubBytes      |       17|       17| 0.170 us | 0.170 us |   17|   17|   none  |
        +-------------------------+--------------+---------+---------+----------+----------+-----+-----+---------+

        * Loop: 
        N/A



================================================================
== Utilization Estimates
================================================================
* Summary: 
+-----------------+---------+-------+--------+--------+-----+
|       Name      | BRAM_18K| DSP48E|   FF   |   LUT  | URAM|
+-----------------+---------+-------+--------+--------+-----+
|DSP              |        -|      -|       -|       -|    -|
|Expression       |        -|      -|       0|     225|    -|
|FIFO             |        -|      -|       -|       -|    -|
|Instance         |        2|      -|    1795|    6194|    -|
|Memory           |        2|      -|       0|       0|    0|
|Multiplexer      |        -|      -|       -|    1308|    -|
|Register         |        -|      -|     135|       -|    -|
+-----------------+---------+-------+--------+--------+-----+
|Total            |        4|      0|    1930|    7727|    0|
+-----------------+---------+-------+--------+--------+-----+
|Available        |      730|    740|  269200|  134600|    0|
+-----------------+---------+-------+--------+--------+-----+
|Utilization (%)  |    ~0   |      0|   ~0   |       5|    0|
+-----------------+---------+-------+--------+--------+-----+

+ Detail: 
    * Instance: 
    +-------------------------+--------------+---------+-------+------+------+-----+
    |         Instance        |    Module    | BRAM_18K| DSP48E|  FF  |  LUT | URAM|
    +-------------------------+--------------+---------+-------+------+------+-----+
    |grp_AddRoundKey_fu_578   |AddRoundKey   |        0|      0|    44|   202|    0|
    |grp_KeyExpansion_fu_559  |KeyExpansion  |        1|      0|  1457|  4645|    0|
    |grp_MixColumns_fu_568    |MixColumns    |        0|      0|   192|   959|    0|
    |grp_ShiftRows_fu_573     |ShiftRows     |        0|      0|    75|   237|    0|
    |grp_SubBytes_fu_600      |SubBytes      |        1|      0|    27|   151|    0|
    +-------------------------+--------------+---------+-------+------+------+-----+
    |Total                    |              |        2|      0|  1795|  6194|    0|
    +-------------------------+--------------+---------+-------+------+------+-----+

    * DSP48E: 
    N/A

    * Memory: 
    +----------------+----------------------+---------+---+----+-----+------+-----+------+-------------+
    |     Memory     |        Module        | BRAM_18K| FF| LUT| URAM| Words| Bits| Banks| W*Bits*Banks|
    +----------------+----------------------+---------+---+----+-----+------+-----+------+-------------+
    |test_U          |AES256_ECB_1_test     |        1|  0|   0|    0|    16|    8|     1|          128|
    |ctx_RoundKey_U  |AES256_ECB_ctx_Rocud  |        1|  0|   0|    0|   240|    8|     1|         1920|
    +----------------+----------------------+---------+---+----+-----+------+-----+------+-------------+
    |Total           |                      |        2|  0|   0|    0|   256|   16|     2|         2048|
    +----------------+----------------------+---------+---+----+-----+------+-----+------+-------------+

    * FIFO: 
    N/A

    * Expression: 
    +---------------------+----------+-------+---+----+------------+------------+
    |    Variable Name    | Operation| DSP48E| FF| LUT| Bitwidth P0| Bitwidth P1|
    +---------------------+----------+-------+---+----+------------+------------+
    |add_ln184_fu_612_p2  |     +    |      0|  0|  15|           6|           1|
    |add_ln185_fu_623_p2  |     +    |      0|  0|  15|           6|           2|
    |add_ln186_fu_633_p2  |     +    |      0|  0|  15|           6|           2|
    |add_ln187_fu_643_p2  |     +    |      0|  0|  15|           6|           3|
    |add_ln188_fu_653_p2  |     +    |      0|  0|  15|           6|           3|
    |add_ln189_fu_663_p2  |     +    |      0|  0|  15|           6|           3|
    |add_ln190_fu_673_p2  |     +    |      0|  0|  15|           6|           3|
    |add_ln191_fu_683_p2  |     +    |      0|  0|  15|           6|           4|
    |add_ln192_fu_693_p2  |     +    |      0|  0|  15|           6|           4|
    |add_ln193_fu_703_p2  |     +    |      0|  0|  15|           6|           4|
    |add_ln194_fu_713_p2  |     +    |      0|  0|  15|           6|           4|
    |add_ln195_fu_723_p2  |     +    |      0|  0|  15|           6|           4|
    |add_ln196_fu_733_p2  |     +    |      0|  0|  15|           6|           4|
    |add_ln197_fu_743_p2  |     +    |      0|  0|  15|           6|           4|
    |add_ln198_fu_753_p2  |     +    |      0|  0|  15|           6|           4|
    +---------------------+----------+-------+---+----+------------+------------+
    |Total                |          |      0|  0| 225|          90|          49|
    +---------------------+----------+-------+---+----+------------+------------+

    * Multiplexer: 
    +------------------------------+-----+-----------+-----+-----------+
    |             Name             | LUT | Input Size| Bits| Total Bits|
    +------------------------------+-----+-----------+-----+-----------+
    |ap_NS_fsm                     |  589|        131|    1|        131|
    |buffer_r_address0             |   44|          9|    6|         54|
    |buffer_r_address1             |   44|          9|    6|         54|
    |ctr_address0                  |   44|          9|    4|         36|
    |ctr_address1                  |   44|          9|    4|         36|
    |ctx_RoundKey_address0         |   15|          3|    8|         24|
    |ctx_RoundKey_address1         |   15|          3|    8|         24|
    |ctx_RoundKey_ce0              |   15|          3|    1|          3|
    |ctx_RoundKey_ce1              |   15|          3|    1|          3|
    |ctx_RoundKey_we0              |    9|          2|    1|          2|
    |ctx_RoundKey_we1              |    9|          2|    1|          2|
    |grp_AddRoundKey_fu_578_round  |   65|         16|    5|         80|
    |test_address0                 |  101|         21|    4|         84|
    |test_address1                 |  101|         21|    4|         84|
    |test_ce0                      |   33|          6|    1|          6|
    |test_ce1                      |   33|          6|    1|          6|
    |test_d0                       |   33|          6|    8|         48|
    |test_d1                       |   33|          6|    8|         48|
    |test_we0                      |   33|          6|    1|          6|
    |test_we1                      |   33|          6|    1|          6|
    +------------------------------+-----+-----------+-----+-----------+
    |Total                         | 1308|        277|   74|        737|
    +------------------------------+-----+-----------+-----+-----------+

    * Register: 
    +--------------------------------------+-----+----+-----+-----------+
    |                 Name                 |  FF | LUT| Bits| Const Bits|
    +--------------------------------------+-----+----+-----+-----------+
    |ap_CS_fsm                             |  130|   0|  130|          0|
    |grp_AddRoundKey_fu_578_ap_start_reg   |    1|   0|    1|          0|
    |grp_KeyExpansion_fu_559_ap_start_reg  |    1|   0|    1|          0|
    |grp_MixColumns_fu_568_ap_start_reg    |    1|   0|    1|          0|
    |grp_ShiftRows_fu_573_ap_start_reg     |    1|   0|    1|          0|
    |grp_SubBytes_fu_600_ap_start_reg      |    1|   0|    1|          0|
    +--------------------------------------+-----+----+-----+-----------+
    |Total                                 |  135|   0|  135|          0|
    +--------------------------------------+-----+----+-----+-----------+



================================================================
== Interface
================================================================
* Summary: 
+-------------------+-----+-----+------------+---------------+--------------+
|     RTL Ports     | Dir | Bits|  Protocol  | Source Object |    C Type    |
+-------------------+-----+-----+------------+---------------+--------------+
|ap_clk             |  in |    1| ap_ctrl_hs |   AES256_ECB  | return value |
|ap_rst             |  in |    1| ap_ctrl_hs |   AES256_ECB  | return value |
|ap_start           |  in |    1| ap_ctrl_hs |   AES256_ECB  | return value |
|ap_done            | out |    1| ap_ctrl_hs |   AES256_ECB  | return value |
|ap_idle            | out |    1| ap_ctrl_hs |   AES256_ECB  | return value |
|ap_ready           | out |    1| ap_ctrl_hs |   AES256_ECB  | return value |
|key_address0       | out |    5|  ap_memory |      key      |     array    |
|key_ce0            | out |    1|  ap_memory |      key      |     array    |
|key_q0             |  in |    8|  ap_memory |      key      |     array    |
|key_address1       | out |    5|  ap_memory |      key      |     array    |
|key_ce1            | out |    1|  ap_memory |      key      |     array    |
|key_q1             |  in |    8|  ap_memory |      key      |     array    |
|ctr_address0       | out |    4|  ap_memory |      ctr      |     array    |
|ctr_ce0            | out |    1|  ap_memory |      ctr      |     array    |
|ctr_q0             |  in |    8|  ap_memory |      ctr      |     array    |
|ctr_address1       | out |    4|  ap_memory |      ctr      |     array    |
|ctr_ce1            | out |    1|  ap_memory |      ctr      |     array    |
|ctr_q1             |  in |    8|  ap_memory |      ctr      |     array    |
|buffer_r_address0  | out |    6|  ap_memory |    buffer_r   |     array    |
|buffer_r_ce0       | out |    1|  ap_memory |    buffer_r   |     array    |
|buffer_r_we0       | out |    1|  ap_memory |    buffer_r   |     array    |
|buffer_r_d0        | out |    8|  ap_memory |    buffer_r   |     array    |
|buffer_r_address1  | out |    6|  ap_memory |    buffer_r   |     array    |
|buffer_r_ce1       | out |    1|  ap_memory |    buffer_r   |     array    |
|buffer_r_we1       | out |    1|  ap_memory |    buffer_r   |     array    |
|buffer_r_d1        | out |    8|  ap_memory |    buffer_r   |     array    |
|buffer_offset      |  in |    6|   ap_none  | buffer_offset |    scalar    |
+-------------------+-----+-----+------------+---------------+--------------+

