

================================================================
== Vivado HLS Report for 'crypto_sign_keypair'
================================================================
* Date:           Sat May  9 23:49:23 2020

* Version:        2019.2 (Build 2704478 on Wed Nov 06 22:10:23 MST 2019)
* Project:        picnic1
* Solution:       keypair
* Product family: artix7
* Target device:  xc7a200t-fbg676-2


================================================================
== Performance Estimates
================================================================
+ Timing: 
    * Summary: 
    +--------+----------+----------+------------+
    |  Clock |  Target  | Estimated| Uncertainty|
    +--------+----------+----------+------------+
    |ap_clk  | 10.00 ns | 8.366 ns |   1.25 ns  |
    +--------+----------+----------+------------+

+ Latency: 
    * Summary: 
    +---------+---------+-----------+----------+-----+-------+---------+
    |  Latency (cycles) |  Latency (absolute)  |   Interval  | Pipeline|
    |   min   |   max   |    min    |    max   | min |  max  |   Type  |
    +---------+---------+-----------+----------+-----+-------+---------+
    |        3|    89652| 30.000 ns | 0.897 ms |    3|  89652|   none  |
    +---------+---------+-----------+----------+-----+-------+---------+

    + Detail: 
        * Instance: 
        +--------------------------+---------------+---------+---------+-----------+----------+-----+-------+---------+
        |                          |               |  Latency (cycles) |  Latency (absolute)  |   Interval  | Pipeline|
        |         Instance         |     Module    |   min   |   max   |    min    |    max   | min |  max  |   Type  |
        +--------------------------+---------------+---------+---------+-----------+----------+-----+-------+---------+
        |grp_picnic_keygen_fu_322  |picnic_keygen  |        1|    89596| 10.000 ns | 0.896 ms |    1|  89596|   none  |
        +--------------------------+---------------+---------+---------+-----------+----------+-----+-------+---------+

        * Loop: 
        +----------+---------+---------+----------+-----------+-----------+------+----------+
        |          |  Latency (cycles) | Iteration|  Initiation Interval  | Trip |          |
        | Loop Name|   min   |   max   |  Latency |  achieved |   target  | Count| Pipelined|
        +----------+---------+---------+----------+-----------+-----------+------+----------+
        |- Loop 1  |        8|        8|         2|          1|          1|     8|    yes   |
        |- Loop 2  |        8|        8|         2|          1|          1|     8|    yes   |
        |- Loop 3  |       32|       32|         3|          2|          1|    16|    yes   |
        +----------+---------+---------+----------+-----------+-----------+------+----------+



================================================================
== Utilization Estimates
================================================================
* Summary: 
+-----------------+---------+-------+--------+--------+-----+
|       Name      | BRAM_18K| DSP48E|   FF   |   LUT  | URAM|
+-----------------+---------+-------+--------+--------+-----+
|DSP              |        -|      -|       -|       -|    -|
|Expression       |        -|      -|       0|     159|    -|
|FIFO             |        -|      -|       -|       -|    -|
|Instance         |       87|      -|    5007|   23896|    0|
|Memory           |        5|      -|       0|       0|    0|
|Multiplexer      |        -|      -|       -|     593|    -|
|Register         |        -|      -|     106|       -|    -|
+-----------------+---------+-------+--------+--------+-----+
|Total            |       92|      0|    5113|   24648|    0|
+-----------------+---------+-------+--------+--------+-----+
|Available        |      730|    740|  269200|  134600|    0|
+-----------------+---------+-------+--------+--------+-----+
|Utilization (%)  |       12|      0|       1|      18|    0|
+-----------------+---------+-------+--------+--------+-----+

+ Detail: 
    * Instance: 
    +--------------------------+---------------+---------+-------+------+-------+-----+
    |         Instance         |     Module    | BRAM_18K| DSP48E|  FF  |  LUT  | URAM|
    +--------------------------+---------------+---------+-------+------+-------+-----+
    |grp_picnic_keygen_fu_322  |picnic_keygen  |       87|      0|  5007|  23896|    0|
    +--------------------------+---------------+---------+-------+------+-------+-----+
    |Total                     |               |       87|      0|  5007|  23896|    0|
    +--------------------------+---------------+---------+-------+------+-------+-----+

    * DSP48E: 
    N/A

    * Memory: 
    +------------------------+----------------------+---------+---+----+-----+------+-----+------+-------------+
    |         Memory         |        Module        | BRAM_18K| FF| LUT| URAM| Words| Bits| Banks| W*Bits*Banks|
    +------------------------+----------------------+---------+---+----+-----+------+-----+------+-------------+
    |pubkey_plaintext_U      |crypto_sign_keypahbi  |        1|  0|   0|    0|    32|    8|     1|          256|
    |pubkey_ciphertext_U     |crypto_sign_keypahbi  |        1|  0|   0|    0|    32|    8|     1|          256|
    |secret_data_U           |crypto_sign_keypahbi  |        1|  0|   0|    0|    32|    8|     1|          256|
    |secret_pk_plaintext_U   |crypto_sign_keypakbM  |        1|  0|   0|    0|    32|    8|     1|          256|
    |secret_pk_ciphertext_U  |crypto_sign_keypakbM  |        1|  0|   0|    0|    32|    8|     1|          256|
    +------------------------+----------------------+---------+---+----+-----+------+-----+------+-------------+
    |Total                   |                      |        5|  0|   0|    0|   160|   40|     5|         1280|
    +------------------------+----------------------+---------+---+----+-----+------+-----+------+-------------+

    * FIFO: 
    N/A

    * Expression: 
    +-------------------------+----------+-------+---+----+------------+------------+
    |      Variable Name      | Operation| DSP48E| FF| LUT| Bitwidth P0| Bitwidth P1|
    +-------------------------+----------+-------+---+----+------------+------------+
    |add_ln553_fu_405_p2      |     +    |      0|  0|  15|           2|           5|
    |add_ln559_1_fu_451_p2    |     +    |      0|  0|  15|           5|           6|
    |add_ln559_fu_445_p2      |     +    |      0|  0|  15|           2|           5|
    |add_ln638_fu_504_p2      |     +    |      0|  0|  15|           6|           5|
    |add_ln639_fu_514_p2      |     +    |      0|  0|  15|           6|           6|
    |loop_fu_483_p2           |     +    |      0|  0|  15|           5|           1|
    |icmp_ln549_fu_379_p2     |   icmp   |      0|  0|  11|           5|           6|
    |icmp_ln556_fu_415_p2     |   icmp   |      0|  0|  11|           5|           6|
    |icmp_ln632_fu_477_p2     |   icmp   |      0|  0|  11|           5|           6|
    |icmp_ln66_fu_368_p2      |   icmp   |      0|  0|  18|          32|           1|
    |or_ln553_fu_394_p2       |    or    |      0|  0|   4|           4|           1|
    |or_ln559_fu_434_p2       |    or    |      0|  0|   4|           4|           1|
    |ap_enable_pp0            |    xor   |      0|  0|   2|           1|           2|
    |ap_enable_pp1            |    xor   |      0|  0|   2|           1|           2|
    |ap_enable_pp2            |    xor   |      0|  0|   2|           1|           2|
    |ap_enable_reg_pp0_iter1  |    xor   |      0|  0|   2|           2|           1|
    |ap_enable_reg_pp1_iter1  |    xor   |      0|  0|   2|           2|           1|
    +-------------------------+----------+-------+---+----+------------+------------+
    |Total                    |          |      0|  0| 159|          88|          57|
    +-------------------------+----------+-------+---+----+------------+------------+

    * Multiplexer: 
    +-------------------------------------+----+-----------+-----+-----------+
    |                 Name                | LUT| Input Size| Bits| Total Bits|
    +-------------------------------------+----+-----------+-----+-----------+
    |DRBG_ctx_reseed_counter_o            |   9|          2|   32|         64|
    |UnifiedRetVal_reg_311                |   9|          2|   32|         64|
    |ap_NS_fsm                            |  50|         11|    1|         11|
    |ap_enable_reg_pp0_iter1              |  15|          3|    1|          3|
    |ap_enable_reg_pp1_iter1              |  15|          3|    1|          3|
    |ap_enable_reg_pp2_iter1              |   9|          2|    1|          2|
    |ap_phi_mux_loop_0_0_i_phi_fu_282_p4  |   9|          2|    5|         10|
    |ap_phi_mux_loop_0_i_phi_fu_304_p4    |   9|          2|    5|         10|
    |loop_0_0_i_reg_278                   |   9|          2|    5|         10|
    |loop_0_i_reg_300                     |   9|          2|    5|         10|
    |loop_1_0_i_reg_289                   |   9|          2|    5|         10|
    |pk_address0                          |  21|          4|    6|         24|
    |pk_address1                          |  15|          3|    6|         18|
    |pk_d0                                |  21|          4|    8|         32|
    |pk_d1                                |  15|          3|    8|         24|
    |pubkey_ciphertext_address0           |  15|          3|    5|         15|
    |pubkey_ciphertext_address1           |  15|          3|    5|         15|
    |pubkey_ciphertext_ce0                |  15|          3|    1|          3|
    |pubkey_ciphertext_ce1                |  15|          3|    1|          3|
    |pubkey_ciphertext_we0                |   9|          2|    1|          2|
    |pubkey_ciphertext_we1                |   9|          2|    1|          2|
    |pubkey_plaintext_address0            |  15|          3|    5|         15|
    |pubkey_plaintext_address1            |  15|          3|    5|         15|
    |pubkey_plaintext_ce0                 |  15|          3|    1|          3|
    |pubkey_plaintext_ce1                 |  15|          3|    1|          3|
    |pubkey_plaintext_we0                 |   9|          2|    1|          2|
    |pubkey_plaintext_we1                 |   9|          2|    1|          2|
    |secret_data_address0                 |  15|          3|    5|         15|
    |secret_data_ce0                      |  15|          3|    1|          3|
    |secret_data_ce1                      |   9|          2|    1|          2|
    |secret_data_we0                      |   9|          2|    1|          2|
    |secret_data_we1                      |   9|          2|    1|          2|
    |secret_pk_ciphertext_address0        |  15|          3|    5|         15|
    |secret_pk_ciphertext_ce0             |  15|          3|    1|          3|
    |secret_pk_ciphertext_ce1             |   9|          2|    1|          2|
    |secret_pk_ciphertext_we0             |   9|          2|    1|          2|
    |secret_pk_ciphertext_we1             |   9|          2|    1|          2|
    |secret_pk_plaintext_address0         |  15|          3|    5|         15|
    |secret_pk_plaintext_ce0              |  15|          3|    1|          3|
    |secret_pk_plaintext_ce1              |   9|          2|    1|          2|
    |secret_pk_plaintext_we0              |   9|          2|    1|          2|
    |secret_pk_plaintext_we1              |   9|          2|    1|          2|
    |sk_address0                          |  21|          4|    6|         24|
    |sk_d0                                |  21|          4|    8|         32|
    +-------------------------------------+----+-----------+-----+-----------+
    |Total                                | 593|        123|  190|        503|
    +-------------------------------------+----+-----------+-----+-----------+

    * Register: 
    +---------------------------------------+----+----+-----+-----------+
    |                  Name                 | FF | LUT| Bits| Const Bits|
    +---------------------------------------+----+----+-----+-----------+
    |UnifiedRetVal_reg_311                  |  32|   0|   32|          0|
    |add_ln553_reg_562                      |   5|   0|    5|          0|
    |add_ln559_1_reg_592                    |   6|   0|    6|          0|
    |ap_CS_fsm                              |  10|   0|   10|          0|
    |ap_enable_reg_pp0_iter0                |   1|   0|    1|          0|
    |ap_enable_reg_pp0_iter1                |   1|   0|    1|          0|
    |ap_enable_reg_pp1_iter0                |   1|   0|    1|          0|
    |ap_enable_reg_pp1_iter1                |   1|   0|    1|          0|
    |ap_enable_reg_pp2_iter0                |   1|   0|    1|          0|
    |ap_enable_reg_pp2_iter1                |   1|   0|    1|          0|
    |grp_picnic_keygen_fu_322_ap_start_reg  |   1|   0|    1|          0|
    |icmp_ln549_reg_543                     |   1|   0|    1|          0|
    |icmp_ln556_reg_568                     |   1|   0|    1|          0|
    |icmp_ln632_reg_597                     |   1|   0|    1|          0|
    |loop_0_0_i_reg_278                     |   5|   0|    5|          0|
    |loop_0_i_reg_300                       |   5|   0|    5|          0|
    |loop_1_0_i_reg_289                     |   5|   0|    5|          0|
    |loop_reg_601                           |   5|   0|    5|          0|
    |or_ln559_reg_577                       |   3|   0|    4|          1|
    |secret_params_reg_534                  |   4|   0|    4|          0|
    |secret_pk_plaintext_1_reg_628          |   8|   0|    8|          0|
    |sext_ln632_i_cast_reg_607              |   5|   0|    6|          1|
    |zext_ln553_1_reg_552                   |   3|   0|   64|         61|
    +---------------------------------------+----+----+-----+-----------+
    |Total                                  | 106|   0|  169|         63|
    +---------------------------------------+----+----+-----+-----------+



================================================================
== Interface
================================================================
* Summary: 
+----------------------------------+-----+-----+------------+-------------------------+--------------+
|             RTL Ports            | Dir | Bits|  Protocol  |      Source Object      |    C Type    |
+----------------------------------+-----+-----+------------+-------------------------+--------------+
|ap_clk                            |  in |    1| ap_ctrl_hs |   crypto_sign_keypair   | return value |
|ap_rst                            |  in |    1| ap_ctrl_hs |   crypto_sign_keypair   | return value |
|ap_start                          |  in |    1| ap_ctrl_hs |   crypto_sign_keypair   | return value |
|ap_done                           | out |    1| ap_ctrl_hs |   crypto_sign_keypair   | return value |
|ap_idle                           | out |    1| ap_ctrl_hs |   crypto_sign_keypair   | return value |
|ap_ready                          | out |    1| ap_ctrl_hs |   crypto_sign_keypair   | return value |
|ap_return                         | out |   32| ap_ctrl_hs |   crypto_sign_keypair   | return value |
|pk_address0                       | out |    6|  ap_memory |            pk           |     array    |
|pk_ce0                            | out |    1|  ap_memory |            pk           |     array    |
|pk_we0                            | out |    1|  ap_memory |            pk           |     array    |
|pk_d0                             | out |    8|  ap_memory |            pk           |     array    |
|pk_address1                       | out |    6|  ap_memory |            pk           |     array    |
|pk_ce1                            | out |    1|  ap_memory |            pk           |     array    |
|pk_we1                            | out |    1|  ap_memory |            pk           |     array    |
|pk_d1                             | out |    8|  ap_memory |            pk           |     array    |
|sk_address0                       | out |    6|  ap_memory |            sk           |     array    |
|sk_ce0                            | out |    1|  ap_memory |            sk           |     array    |
|sk_we0                            | out |    1|  ap_memory |            sk           |     array    |
|sk_d0                             | out |    8|  ap_memory |            sk           |     array    |
|sk_address1                       | out |    6|  ap_memory |            sk           |     array    |
|sk_ce1                            | out |    1|  ap_memory |            sk           |     array    |
|sk_we1                            | out |    1|  ap_memory |            sk           |     array    |
|sk_d1                             | out |    8|  ap_memory |            sk           |     array    |
|params                            |  in |    4|   ap_none  |          params         |    pointer   |
|DRBG_ctx_V_address0               | out |    4|  ap_memory |        DRBG_ctx_V       |     array    |
|DRBG_ctx_V_ce0                    | out |    1|  ap_memory |        DRBG_ctx_V       |     array    |
|DRBG_ctx_V_we0                    | out |    1|  ap_memory |        DRBG_ctx_V       |     array    |
|DRBG_ctx_V_d0                     | out |    8|  ap_memory |        DRBG_ctx_V       |     array    |
|DRBG_ctx_V_q0                     |  in |    8|  ap_memory |        DRBG_ctx_V       |     array    |
|DRBG_ctx_V_address1               | out |    4|  ap_memory |        DRBG_ctx_V       |     array    |
|DRBG_ctx_V_ce1                    | out |    1|  ap_memory |        DRBG_ctx_V       |     array    |
|DRBG_ctx_V_we1                    | out |    1|  ap_memory |        DRBG_ctx_V       |     array    |
|DRBG_ctx_V_d1                     | out |    8|  ap_memory |        DRBG_ctx_V       |     array    |
|DRBG_ctx_V_q1                     |  in |    8|  ap_memory |        DRBG_ctx_V       |     array    |
|DRBG_ctx_Key_address0             | out |    5|  ap_memory |       DRBG_ctx_Key      |     array    |
|DRBG_ctx_Key_ce0                  | out |    1|  ap_memory |       DRBG_ctx_Key      |     array    |
|DRBG_ctx_Key_we0                  | out |    1|  ap_memory |       DRBG_ctx_Key      |     array    |
|DRBG_ctx_Key_d0                   | out |    8|  ap_memory |       DRBG_ctx_Key      |     array    |
|DRBG_ctx_Key_q0                   |  in |    8|  ap_memory |       DRBG_ctx_Key      |     array    |
|DRBG_ctx_Key_address1             | out |    5|  ap_memory |       DRBG_ctx_Key      |     array    |
|DRBG_ctx_Key_ce1                  | out |    1|  ap_memory |       DRBG_ctx_Key      |     array    |
|DRBG_ctx_Key_we1                  | out |    1|  ap_memory |       DRBG_ctx_Key      |     array    |
|DRBG_ctx_Key_d1                   | out |    8|  ap_memory |       DRBG_ctx_Key      |     array    |
|DRBG_ctx_Key_q1                   |  in |    8|  ap_memory |       DRBG_ctx_Key      |     array    |
|DRBG_ctx_reseed_counter_i         |  in |   32|   ap_ovld  | DRBG_ctx_reseed_counter |    pointer   |
|DRBG_ctx_reseed_counter_o         | out |   32|   ap_ovld  | DRBG_ctx_reseed_counter |    pointer   |
|DRBG_ctx_reseed_counter_o_ap_vld  | out |    1|   ap_ovld  | DRBG_ctx_reseed_counter |    pointer   |
+----------------------------------+-----+-----+------------+-------------------------+--------------+

