

================================================================
== Vivado HLS Report for 'matrix_mul'
================================================================
* Date:           Sat May  9 23:49:20 2020

* Version:        2019.2 (Build 2704478 on Wed Nov 06 22:10:23 MST 2019)
* Project:        picnic1
* Solution:       keypair
* Product family: artix7
* Target device:  xc7a200t-fbg676-2


================================================================
== Performance Estimates
================================================================
+ Timing: 
    * Summary: 
    +--------+----------+----------+------------+
    |  Clock |  Target  | Estimated| Uncertainty|
    +--------+----------+----------+------------+
    |ap_clk  | 10.00 ns | 8.366 ns |   1.25 ns  |
    +--------+----------+----------+------------+

+ Latency: 
    * Summary: 
    +---------+---------+-----------+-----------+------+------+---------+
    |  Latency (cycles) |   Latency (absolute)  |   Interval  | Pipeline|
    |   min   |   max   |    min    |    max    |  min |  max |   Type  |
    +---------+---------+-----------+-----------+------+------+---------+
    |     1925|     1925| 19.250 us | 19.250 us |  1925|  1925|   none  |
    +---------+---------+-----------+-----------+------+------+---------+

    + Detail: 
        * Instance: 
        N/A

        * Loop: 
        +------------------------+---------+---------+----------+-----------+-----------+------+----------+
        |                        |  Latency (cycles) | Iteration|  Initiation Interval  | Trip |          |
        |        Loop Name       |   min   |   max   |  Latency |  achieved |   target  | Count| Pipelined|
        +------------------------+---------+---------+----------+-----------+-----------+------+----------+
        |- matrix_mul_label6     |     1920|     1920|        15|          -|          -|   128|    no    |
        | + matrix_mul_label5    |        2|        2|         2|          1|          1|     2|    yes   |
        | + matrix_mul_label6.2  |        6|        6|         2|          -|          -|     3|    no    |
        |- matrix_mul_label7     |        2|        2|         2|          1|          1|     2|    yes   |
        +------------------------+---------+---------+----------+-----------+-----------+------+----------+



================================================================
== Utilization Estimates
================================================================
* Summary: 
+-----------------+---------+-------+--------+--------+-----+
|       Name      | BRAM_18K| DSP48E|   FF   |   LUT  | URAM|
+-----------------+---------+-------+--------+--------+-----+
|DSP              |        -|      -|       -|       -|    -|
|Expression       |        -|      -|       0|    1375|    -|
|FIFO             |        -|      -|       -|       -|    -|
|Instance         |        -|      -|       -|       -|    -|
|Memory           |       36|      -|       0|       0|    0|
|Multiplexer      |        -|      -|       -|     218|    -|
|Register         |        -|      -|     120|       -|    -|
+-----------------+---------+-------+--------+--------+-----+
|Total            |       36|      0|     120|    1593|    0|
+-----------------+---------+-------+--------+--------+-----+
|Available        |      730|    740|  269200|  134600|    0|
+-----------------+---------+-------+--------+--------+-----+
|Utilization (%)  |        4|      0|   ~0   |       1|    0|
+-----------------+---------+-------+--------+--------+-----+

+ Detail: 
    * Instance: 
    N/A

    * DSP48E: 
    N/A

    * Memory: 
    +----------------+----------------------+---------+---+----+-----+-------+-----+------+-------------+
    |     Memory     |        Module        | BRAM_18K| FF| LUT| URAM| Words | Bits| Banks| W*Bits*Banks|
    +----------------+----------------------+---------+---+----+-----+-------+-----+------+-------------+
    |prod_U          |matrix_mul_1_prod     |        2|  0|   0|    0|     64|   32|     1|         2048|
    |temp_U          |matrix_mul_1_temp     |        2|  0|   0|    0|     64|   32|     1|         2048|
    |temp_matrix2_U  |matrix_mul_temp_mfYi  |       32|  0|   0|    0|  10240|   32|     1|       327680|
    +----------------+----------------------+---------+---+----+-----+-------+-----+------+-------------+
    |Total           |                      |       36|  0|   0|    0|  10368|   96|     3|       331776|
    +----------------+----------------------+---------+---+----+-----+-------+-----+------+-------------+

    * FIFO: 
    N/A

    * Expression: 
    +--------------------------+----------+-------+---+-----+------------+------------+
    |       Variable Name      | Operation| DSP48E| FF| LUT | Bitwidth P0| Bitwidth P1|
    +--------------------------+----------+-------+---+-----+------------+------------+
    |add_ln130_fu_419_p2       |     +    |      0|  0|   12|           2|           3|
    |add_ln133_fu_363_p2       |     +    |      0|  0|   16|           9|           9|
    |add_ln134_2_fu_409_p2     |     +    |      0|  0|   21|          14|          14|
    |add_ln134_fu_377_p2       |     +    |      0|  0|   21|          14|          14|
    |add_ln139_fu_994_p2       |     +    |      0|  0|   12|           2|           3|
    |add_ln68_fu_708_p2        |     +    |      0|  0|   15|           3|           6|
    |i_2_fu_450_p2             |     +    |      0|  0|   12|           3|           1|
    |i_fu_327_p2               |     +    |      0|  0|   15|           8|           1|
    |sub_ln68_4_fu_750_p2      |     -    |      0|  0|   15|           6|           6|
    |sub_ln68_5_fu_780_p2      |     -    |      0|  0|   15|           5|           6|
    |sub_ln68_6_fu_892_p2      |     -    |      0|  0|   15|           5|           6|
    |sub_ln68_fu_738_p2        |     -    |      0|  0|   15|           6|           6|
    |and_ln68_4_fu_806_p2      |    and   |      0|  0|   32|          32|          32|
    |and_ln68_5_fu_945_p2      |    and   |      0|  0|   32|          32|          32|
    |and_ln68_fu_843_p2        |    and   |      0|  0|    8|           8|           8|
    |prod_d0                   |    and   |      0|  0|   32|          32|          32|
    |prod_d1                   |    and   |      0|  0|   32|          32|          32|
    |temp_d0                   |    and   |      0|  0|   32|          32|          32|
    |icmp_ln129_fu_321_p2      |   icmp   |      0|  0|   13|           8|           9|
    |icmp_ln130_fu_349_p2      |   icmp   |      0|  0|    9|           3|           4|
    |icmp_ln139_fu_968_p2      |   icmp   |      0|  0|    9|           3|           4|
    |icmp_ln68_2_fu_855_p2     |   icmp   |      0|  0|   29|          64|          64|
    |icmp_ln68_fu_718_p2       |   icmp   |      0|  0|   29|          64|          64|
    |icmp_ln87_fu_444_p2       |   icmp   |      0|  0|    9|           3|           4|
    |lshr_ln68_3_fu_800_p2     |   lshr   |      0|  0|  101|           2|          32|
    |lshr_ln68_4_fu_939_p2     |   lshr   |      0|  0|  101|           2|          32|
    |lshr_ln68_fu_794_p2       |   lshr   |      0|  0|  101|          32|          32|
    |or_ln130_fu_387_p2        |    or    |      0|  0|    2|           2|           1|
    |or_ln139_fu_983_p2        |    or    |      0|  0|    2|           2|           1|
    |or_ln68_fu_849_p2         |    or    |      0|  0|    8|           8|           8|
    |select_ln68_10_fu_879_p3  |  select  |      0|  0|    6|           1|           6|
    |select_ln68_11_fu_885_p3  |  select  |      0|  0|    6|           1|           6|
    |select_ln68_12_fu_926_p3  |  select  |      0|  0|   32|           1|          32|
    |select_ln68_7_fu_764_p3   |  select  |      0|  0|   32|           1|          32|
    |select_ln68_8_fu_772_p3   |  select  |      0|  0|    6|           1|           6|
    |select_ln68_9_fu_873_p3   |  select  |      0|  0|    6|           1|           6|
    |select_ln68_fu_756_p3     |  select  |      0|  0|    6|           1|           6|
    |shl_ln68_2_fu_837_p2      |    shl   |      0|  0|   19|           8|           8|
    |shl_ln68_5_fu_910_p2      |    shl   |      0|  0|  101|          32|          32|
    |shl_ln68_6_fu_933_p2      |    shl   |      0|  0|  101|           2|          32|
    |shl_ln68_7_fu_961_p2      |    shl   |      0|  0|   11|           1|           4|
    |shl_ln68_fu_825_p2        |    shl   |      0|  0|   19|           1|           8|
    |ap_enable_pp0             |    xor   |      0|  0|    2|           1|           2|
    |ap_enable_pp1             |    xor   |      0|  0|    2|           1|           2|
    |ap_enable_reg_pp0_iter1   |    xor   |      0|  0|    2|           2|           1|
    |ap_enable_reg_pp1_iter1   |    xor   |      0|  0|    2|           2|           1|
    |x_2_fu_481_p2             |    xor   |      0|  0|   32|          32|          32|
    |xor_ln100_5_fu_665_p2     |    xor   |      0|  0|    2|           1|           1|
    |xor_ln100_6_fu_671_p2     |    xor   |      0|  0|    2|           1|           1|
    |xor_ln100_7_fu_677_p2     |    xor   |      0|  0|    2|           1|           1|
    |xor_ln100_8_fu_683_p2     |    xor   |      0|  0|    2|           1|           1|
    |xor_ln100_fu_659_p2       |    xor   |      0|  0|    2|           1|           1|
    |xor_ln68_2_fu_831_p2      |    xor   |      0|  0|    8|           8|           2|
    |xor_ln68_4_fu_744_p2      |    xor   |      0|  0|    6|           6|           5|
    |xor_ln68_5_fu_867_p2      |    xor   |      0|  0|    6|           6|           5|
    |xor_ln68_fu_816_p2        |    xor   |      0|  0|    3|           3|           2|
    |xor_ln96_fu_555_p2        |    xor   |      0|  0|   24|          24|          24|
    |xor_ln97_4_fu_621_p2      |    xor   |      0|  0|   24|          24|          24|
    |xor_ln97_fu_599_p2        |    xor   |      0|  0|   24|          24|          24|
    |y_4_fu_571_p2             |    xor   |      0|  0|   32|          32|          32|
    |y_5_fu_615_p2             |    xor   |      0|  0|   32|          32|          32|
    |y_6_fu_645_p2             |    xor   |      0|  0|   24|          24|          24|
    |y_fu_527_p2               |    xor   |      0|  0|   32|          32|          32|
    +--------------------------+----------+-------+---+-----+------------+------------+
    |Total                     |          |      0|  0| 1375|         747|         925|
    +--------------------------+----------+-------+---+-----+------------+------------+

    * Multiplexer: 
    +--------------------------+----+-----------+-----+-----------+
    |           Name           | LUT| Input Size| Bits| Total Bits|
    +--------------------------+----+-----------+-----+-----------+
    |ap_NS_fsm                 |  53|         12|    1|         12|
    |ap_enable_reg_pp0_iter1   |  15|          3|    1|          3|
    |ap_enable_reg_pp1_iter1   |  15|          3|    1|          3|
    |bitNumber_assign_reg_266  |   9|          2|    8|         16|
    |i_0_i_reg_299             |   9|          2|    3|          6|
    |j_0_0_reg_278             |   9|          2|    3|          6|
    |loop_0_0_reg_310          |   9|          2|    3|          6|
    |output_r_address0         |  15|          3|    3|          9|
    |output_r_address1         |  15|          3|    3|          9|
    |prod_address0             |  15|          3|    6|         18|
    |prod_address1             |  15|          3|    6|         18|
    |temp_address0             |  21|          4|    6|         24|
    |temp_we0                  |   9|          2|    4|          8|
    |x_0_i_reg_289             |   9|          2|   32|         64|
    +--------------------------+----+-----------+-----+-----------+
    |Total                     | 218|         46|   80|        202|
    +--------------------------+----+-----------+-----+-----------+

    * Register: 
    +--------------------------+----+----+-----+-----------+
    |           Name           | FF | LUT| Bits| Const Bits|
    +--------------------------+----+----+-----+-----------+
    |add_ln68_reg_1113         |   3|   0|    6|          3|
    |ap_CS_fsm                 |  11|   0|   11|          0|
    |ap_enable_reg_pp0_iter0   |   1|   0|    1|          0|
    |ap_enable_reg_pp0_iter1   |   1|   0|    1|          0|
    |ap_enable_reg_pp1_iter0   |   1|   0|    1|          0|
    |ap_enable_reg_pp1_iter1   |   1|   0|    1|          0|
    |bitNumber_assign_reg_266  |   8|   0|    8|          0|
    |i_0_i_reg_299             |   3|   0|    3|          0|
    |i_2_reg_1087              |   3|   0|    3|          0|
    |i_reg_1015                |   8|   0|    8|          0|
    |icmp_ln130_reg_1035       |   1|   0|    1|          0|
    |icmp_ln139_reg_1132       |   1|   0|    1|          0|
    |icmp_ln68_2_reg_1124      |   1|   0|    1|          0|
    |j_0_0_reg_278             |   3|   0|    3|          0|
    |loop_0_0_reg_310          |   3|   0|    3|          0|
    |or_ln68_reg_1119          |   8|   0|    8|          0|
    |shl_ln_reg_1030           |   7|   0|    9|          2|
    |temp_addr_10_reg_1098     |   2|   0|    6|          4|
    |tmp_17_reg_1092           |   2|   0|    2|          0|
    |trunc_ln129_reg_1020      |   3|   0|    3|          0|
    |trunc_ln133_reg_1025      |   7|   0|    7|          0|
    |x_0_i_reg_289             |  32|   0|   32|          0|
    |zext_ln134_1_reg_1054     |   1|   0|   64|         63|
    |zext_ln134_reg_1039       |   3|   0|   64|         61|
    |zext_ln142_2_reg_1146     |   1|   0|   64|         63|
    |zext_ln142_reg_1136       |   3|   0|   64|         61|
    |zext_ln68_cast_reg_1108   |   2|   0|    5|          3|
    +--------------------------+----+----+-----+-----------+
    |Total                     | 120|   0|  380|        260|
    +--------------------------+----+----+-----+-----------+



================================================================
== Interface
================================================================
* Summary: 
+-------------------+-----+-----+------------+---------------+--------------+
|     RTL Ports     | Dir | Bits|  Protocol  | Source Object |    C Type    |
+-------------------+-----+-----+------------+---------------+--------------+
|ap_clk             |  in |    1| ap_ctrl_hs |   matrix_mul  | return value |
|ap_rst             |  in |    1| ap_ctrl_hs |   matrix_mul  | return value |
|ap_start           |  in |    1| ap_ctrl_hs |   matrix_mul  | return value |
|ap_done            | out |    1| ap_ctrl_hs |   matrix_mul  | return value |
|ap_idle            | out |    1| ap_ctrl_hs |   matrix_mul  | return value |
|ap_ready           | out |    1| ap_ctrl_hs |   matrix_mul  | return value |
|output_r_address0  | out |    3|  ap_memory |    output_r   |     array    |
|output_r_ce0       | out |    1|  ap_memory |    output_r   |     array    |
|output_r_we0       | out |    1|  ap_memory |    output_r   |     array    |
|output_r_d0        | out |   32|  ap_memory |    output_r   |     array    |
|output_r_q0        |  in |   32|  ap_memory |    output_r   |     array    |
|output_r_address1  | out |    3|  ap_memory |    output_r   |     array    |
|output_r_ce1       | out |    1|  ap_memory |    output_r   |     array    |
|output_r_we1       | out |    1|  ap_memory |    output_r   |     array    |
|output_r_d1        | out |   32|  ap_memory |    output_r   |     array    |
|output_r_q1        |  in |   32|  ap_memory |    output_r   |     array    |
|matrix_offset      |  in |   14|   ap_none  | matrix_offset |    scalar    |
+-------------------+-----+-----+------------+---------------+--------------+

