

================================================================
== Vivado HLS Report for 'randombytes'
================================================================
* Date:           Sat May  9 23:49:18 2020

* Version:        2019.2 (Build 2704478 on Wed Nov 06 22:10:23 MST 2019)
* Project:        picnic1
* Solution:       keypair
* Product family: artix7
* Target device:  xc7a200t-fbg676-2


================================================================
== Performance Estimates
================================================================
+ Timing: 
    * Summary: 
    +--------+----------+----------+------------+
    |  Clock |  Target  | Estimated| Uncertainty|
    +--------+----------+----------+------------+
    |ap_clk  | 10.00 ns | 6.344 ns |   1.25 ns  |
    +--------+----------+----------+------------+

+ Latency: 
    * Summary: 
    +---------+---------+-----------+-----------+------+------+---------+
    |  Latency (cycles) |   Latency (absolute)  |   Interval  | Pipeline|
    |   min   |   max   |    min    |    max    |  min |  max |   Type  |
    +---------+---------+-----------+-----------+------+------+---------+
    |     4359|     4419| 43.590 us | 44.190 us |  4359|  4419|   none  |
    +---------+---------+-----------+-----------+------+------+---------+

    + Detail: 
        * Instance: 
        +---------------------------------+----------------------+---------+---------+-----------+-----------+------+------+---------+
        |                                 |                      |  Latency (cycles) |   Latency (absolute)  |   Interval  | Pipeline|
        |             Instance            |        Module        |   min   |   max   |    min    |    max    |  min |  max |   Type  |
        +---------------------------------+----------------------+---------+---------+-----------+-----------+------+------+---------+
        |grp_AES256_CTR_DRBG_Upda_fu_425  |AES256_CTR_DRBG_Upda  |     3271|     3316| 32.710 us | 33.160 us |  3271|  3316|   none  |
        |grp_AES256_ECB_1_fu_435          |AES256_ECB_1          |     1077|     1077| 10.770 us | 10.770 us |  1077|  1077|   none  |
        +---------------------------------+----------------------+---------+---------+-----------+-----------+------+------+---------+

        * Loop: 
        N/A



================================================================
== Utilization Estimates
================================================================
* Summary: 
+-----------------+---------+-------+--------+--------+-----+
|       Name      | BRAM_18K| DSP48E|   FF   |   LUT  | URAM|
+-----------------+---------+-------+--------+--------+-----+
|DSP              |        -|      -|       -|       -|    -|
|Expression       |        -|      -|       0|      76|    -|
|FIFO             |        -|      -|       -|       -|    -|
|Instance         |        9|      -|    4164|   16366|    0|
|Memory           |        -|      -|       -|       -|    -|
|Multiplexer      |        -|      -|       -|     752|    -|
|Register         |        -|      -|     169|       -|    -|
+-----------------+---------+-------+--------+--------+-----+
|Total            |        9|      0|    4333|   17194|    0|
+-----------------+---------+-------+--------+--------+-----+
|Available        |      730|    740|  269200|  134600|    0|
+-----------------+---------+-------+--------+--------+-----+
|Utilization (%)  |        1|      0|       1|      12|    0|
+-----------------+---------+-------+--------+--------+-----+

+ Detail: 
    * Instance: 
    +---------------------------------+----------------------+---------+-------+------+------+-----+
    |             Instance            |        Module        | BRAM_18K| DSP48E|  FF  |  LUT | URAM|
    +---------------------------------+----------------------+---------+-------+------+------+-----+
    |grp_AES256_CTR_DRBG_Upda_fu_425  |AES256_CTR_DRBG_Upda  |        5|      0|  1994|  8808|    0|
    |grp_AES256_ECB_1_fu_435          |AES256_ECB_1          |        4|      0|  2170|  7558|    0|
    +---------------------------------+----------------------+---------+-------+------+------+-----+
    |Total                            |                      |        9|      0|  4164| 16366|    0|
    +---------------------------------+----------------------+---------+-------+------+------+-----+

    * DSP48E: 
    N/A

    * Memory: 
    N/A

    * FIFO: 
    N/A

    * Expression: 
    +------------------------+----------+-------+---+----+------------+------------+
    |      Variable Name     | Operation| DSP48E| FF| LUT| Bitwidth P0| Bitwidth P1|
    +------------------------+----------+-------+---+----+------------+------------+
    |add_ln232_fu_462_p2     |     +    |      0|  0|  15|           8|           1|
    |add_ln263_fu_539_p2     |     +    |      0|  0|  39|          32|           1|
    |grp_fu_445_p2           |   icmp   |      0|  0|  11|           8|           2|
    |icmp_ln228_2_fu_451_p2  |   icmp   |      0|  0|  11|           8|           2|
    +------------------------+----------+-------+---+----+------------+------------+
    |Total                   |          |      0|  0|  76|          56|           6|
    +------------------------+----------+-------+---+----+------------+------------+

    * Multiplexer: 
    +------------------------------+-----+-----------+-----+-----------+
    |             Name             | LUT | Input Size| Bits| Total Bits|
    +------------------------------+-----+-----------+-----+-----------+
    |DRBG_ctx_Key_address0         |   15|          3|    5|         15|
    |DRBG_ctx_Key_address1         |   15|          3|    5|         15|
    |DRBG_ctx_Key_ce0              |   15|          3|    1|          3|
    |DRBG_ctx_Key_ce1              |   15|          3|    1|          3|
    |DRBG_ctx_Key_we0              |    9|          2|    1|          2|
    |DRBG_ctx_Key_we1              |    9|          2|    1|          2|
    |DRBG_ctx_V_addr_lcss_reg_356  |   65|         16|    4|         64|
    |DRBG_ctx_V_address0           |   89|         18|    4|         72|
    |DRBG_ctx_V_address1           |   89|         18|    4|         72|
    |DRBG_ctx_V_ce0                |   21|          4|    1|          4|
    |DRBG_ctx_V_ce1                |   21|          4|    1|          4|
    |DRBG_ctx_V_d0                 |   15|          3|    8|         24|
    |DRBG_ctx_V_d1                 |   21|          4|    8|         32|
    |DRBG_ctx_V_load_lcss_reg_319  |    9|          2|    8|         16|
    |DRBG_ctx_V_we0                |   15|          3|    1|          3|
    |DRBG_ctx_V_we1                |   15|          3|    1|          3|
    |DRBG_ctx_reseed_counter_o     |    9|          2|   32|         64|
    |ap_NS_fsm                     |  129|         28|    1|         28|
    |x_address0                    |   44|          9|    5|         45|
    |x_address1                    |   44|          9|    5|         45|
    |x_d0                          |   44|          9|    8|         72|
    |x_d1                          |   44|          9|    8|         72|
    +------------------------------+-----+-----------+-----+-----------+
    |Total                         |  752|        157|  113|        660|
    +------------------------------+-----+-----------+-----+-----------+

    * Register: 
    +----------------------------------------------+----+----+-----+-----------+
    |                     Name                     | FF | LUT| Bits| Const Bits|
    +----------------------------------------------+----+----+-----+-----------+
    |DRBG_ctx_V_addr_lcss_reg_356                  |   4|   0|    4|          0|
    |DRBG_ctx_V_load_lcss_reg_319                  |   8|   0|    8|          0|
    |ap_CS_fsm                                     |  27|   0|   27|          0|
    |block_10_reg_740                              |   8|   0|    8|          0|
    |block_11_reg_745                              |   8|   0|    8|          0|
    |block_12_reg_750                              |   8|   0|    8|          0|
    |block_13_reg_755                              |   8|   0|    8|          0|
    |block_14_reg_760                              |   8|   0|    8|          0|
    |block_2_reg_695                               |   8|   0|    8|          0|
    |block_3_reg_700                               |   8|   0|    8|          0|
    |block_4_reg_705                               |   8|   0|    8|          0|
    |block_5_reg_710                               |   8|   0|    8|          0|
    |block_6_reg_715                               |   8|   0|    8|          0|
    |block_7_reg_720                               |   8|   0|    8|          0|
    |block_8_reg_725                               |   8|   0|    8|          0|
    |block_9_reg_730                               |   8|   0|    8|          0|
    |block_s_reg_735                               |   8|   0|    8|          0|
    |grp_AES256_CTR_DRBG_Upda_fu_425_ap_start_reg  |   1|   0|    1|          0|
    |grp_AES256_ECB_1_fu_435_ap_start_reg          |   1|   0|    1|          0|
    |icmp_ln228_10_reg_646                         |   1|   0|    1|          0|
    |icmp_ln228_11_reg_655                         |   1|   0|    1|          0|
    |icmp_ln228_12_reg_664                         |   1|   0|    1|          0|
    |icmp_ln228_13_reg_673                         |   1|   0|    1|          0|
    |icmp_ln228_14_reg_682                         |   1|   0|    1|          0|
    |icmp_ln228_15_reg_691                         |   1|   0|    1|          0|
    |icmp_ln228_1_reg_565                          |   1|   0|    1|          0|
    |icmp_ln228_2_reg_574                          |   1|   0|    1|          0|
    |icmp_ln228_3_reg_583                          |   1|   0|    1|          0|
    |icmp_ln228_4_reg_592                          |   1|   0|    1|          0|
    |icmp_ln228_5_reg_601                          |   1|   0|    1|          0|
    |icmp_ln228_6_reg_610                          |   1|   0|    1|          0|
    |icmp_ln228_7_reg_619                          |   1|   0|    1|          0|
    |icmp_ln228_8_reg_628                          |   1|   0|    1|          0|
    |icmp_ln228_9_reg_637                          |   1|   0|    1|          0|
    |icmp_ln228_reg_556                            |   1|   0|    1|          0|
    +----------------------------------------------+----+----+-----+-----------+
    |Total                                         | 169|   0|  169|          0|
    +----------------------------------------------+----+----+-----+-----------+



================================================================
== Interface
================================================================
* Summary: 
+----------------------------------+-----+-----+------------+-------------------------+--------------+
|             RTL Ports            | Dir | Bits|  Protocol  |      Source Object      |    C Type    |
+----------------------------------+-----+-----+------------+-------------------------+--------------+
|ap_clk                            |  in |    1| ap_ctrl_hs |       randombytes       | return value |
|ap_rst                            |  in |    1| ap_ctrl_hs |       randombytes       | return value |
|ap_start                          |  in |    1| ap_ctrl_hs |       randombytes       | return value |
|ap_done                           | out |    1| ap_ctrl_hs |       randombytes       | return value |
|ap_idle                           | out |    1| ap_ctrl_hs |       randombytes       | return value |
|ap_ready                          | out |    1| ap_ctrl_hs |       randombytes       | return value |
|x_address0                        | out |    5|  ap_memory |            x            |     array    |
|x_ce0                             | out |    1|  ap_memory |            x            |     array    |
|x_we0                             | out |    1|  ap_memory |            x            |     array    |
|x_d0                              | out |    8|  ap_memory |            x            |     array    |
|x_address1                        | out |    5|  ap_memory |            x            |     array    |
|x_ce1                             | out |    1|  ap_memory |            x            |     array    |
|x_we1                             | out |    1|  ap_memory |            x            |     array    |
|x_d1                              | out |    8|  ap_memory |            x            |     array    |
|DRBG_ctx_V_address0               | out |    4|  ap_memory |        DRBG_ctx_V       |     array    |
|DRBG_ctx_V_ce0                    | out |    1|  ap_memory |        DRBG_ctx_V       |     array    |
|DRBG_ctx_V_we0                    | out |    1|  ap_memory |        DRBG_ctx_V       |     array    |
|DRBG_ctx_V_d0                     | out |    8|  ap_memory |        DRBG_ctx_V       |     array    |
|DRBG_ctx_V_q0                     |  in |    8|  ap_memory |        DRBG_ctx_V       |     array    |
|DRBG_ctx_V_address1               | out |    4|  ap_memory |        DRBG_ctx_V       |     array    |
|DRBG_ctx_V_ce1                    | out |    1|  ap_memory |        DRBG_ctx_V       |     array    |
|DRBG_ctx_V_we1                    | out |    1|  ap_memory |        DRBG_ctx_V       |     array    |
|DRBG_ctx_V_d1                     | out |    8|  ap_memory |        DRBG_ctx_V       |     array    |
|DRBG_ctx_V_q1                     |  in |    8|  ap_memory |        DRBG_ctx_V       |     array    |
|DRBG_ctx_Key_address0             | out |    5|  ap_memory |       DRBG_ctx_Key      |     array    |
|DRBG_ctx_Key_ce0                  | out |    1|  ap_memory |       DRBG_ctx_Key      |     array    |
|DRBG_ctx_Key_we0                  | out |    1|  ap_memory |       DRBG_ctx_Key      |     array    |
|DRBG_ctx_Key_d0                   | out |    8|  ap_memory |       DRBG_ctx_Key      |     array    |
|DRBG_ctx_Key_q0                   |  in |    8|  ap_memory |       DRBG_ctx_Key      |     array    |
|DRBG_ctx_Key_address1             | out |    5|  ap_memory |       DRBG_ctx_Key      |     array    |
|DRBG_ctx_Key_ce1                  | out |    1|  ap_memory |       DRBG_ctx_Key      |     array    |
|DRBG_ctx_Key_we1                  | out |    1|  ap_memory |       DRBG_ctx_Key      |     array    |
|DRBG_ctx_Key_d1                   | out |    8|  ap_memory |       DRBG_ctx_Key      |     array    |
|DRBG_ctx_Key_q1                   |  in |    8|  ap_memory |       DRBG_ctx_Key      |     array    |
|DRBG_ctx_reseed_counter_i         |  in |   32|   ap_ovld  | DRBG_ctx_reseed_counter |    pointer   |
|DRBG_ctx_reseed_counter_o         | out |   32|   ap_ovld  | DRBG_ctx_reseed_counter |    pointer   |
|DRBG_ctx_reseed_counter_o_ap_vld  | out |    1|   ap_ovld  | DRBG_ctx_reseed_counter |    pointer   |
+----------------------------------+-----+-----+------------+-------------------------+--------------+

