

================================================================
== Vivado HLS Report for 'crypto_sign_keypair'
================================================================
* Date:           Wed May 13 21:29:02 2020

* Version:        2019.2 (Build 2704478 on Wed Nov 06 22:10:23 MST 2019)
* Project:        picnic1
* Solution:       keypair
* Product family: artix7
* Target device:  xc7a200t-fbg676-2


================================================================
== Performance Estimates
================================================================
+ Timing: 
    * Summary: 
    +--------+----------+----------+------------+
    |  Clock |  Target  | Estimated| Uncertainty|
    +--------+----------+----------+------------+
    |ap_clk  | 10.00 ns | 8.366 ns |   1.25 ns  |
    +--------+----------+----------+------------+

+ Latency: 
    * Summary: 
    +---------+---------+-----------+----------+-----+--------+---------+
    |  Latency (cycles) |  Latency (absolute)  |   Interval   | Pipeline|
    |   min   |   max   |    min    |    max   | min |   max  |   Type  |
    +---------+---------+-----------+----------+-----+--------+---------+
    |        3|   145113| 30.000 ns | 1.451 ms |    3|  145113|   none  |
    +---------+---------+-----------+----------+-----+--------+---------+

    + Detail: 
        * Instance: 
        +--------------------------+---------------+---------+---------+-----------+----------+-----+--------+---------+
        |                          |               |  Latency (cycles) |  Latency (absolute)  |   Interval   | Pipeline|
        |         Instance         |     Module    |   min   |   max   |    min    |    max   | min |   max  |   Type  |
        +--------------------------+---------------+---------+---------+-----------+----------+-----+--------+---------+
        |grp_picnic_keygen_fu_250  |picnic_keygen  |        1|   144996| 10.000 ns | 1.450 ms |    1|  144996|   none  |
        +--------------------------+---------------+---------+---------+-----------+----------+-----+--------+---------+

        * Loop: 
        +----------+---------+---------+----------+-----------+-----------+------+----------+
        |          |  Latency (cycles) | Iteration|  Initiation Interval  | Trip |          |
        | Loop Name|   min   |   max   |  Latency |  achieved |   target  | Count| Pipelined|
        +----------+---------+---------+----------+-----------+-----------+------+----------+
        |- Loop 1  |       32|       32|         2|          -|          -|    16|    no    |
        |- Loop 2  |       32|       32|         2|          -|          -|    16|    no    |
        |- Loop 3  |       48|       48|         3|          -|          -|    16|    no    |
        +----------+---------+---------+----------+-----------+-----------+------+----------+



================================================================
== Utilization Estimates
================================================================
* Summary: 
+-----------------+---------+-------+--------+--------+-----+
|       Name      | BRAM_18K| DSP48E|   FF   |   LUT  | URAM|
+-----------------+---------+-------+--------+--------+-----+
|DSP              |        -|      -|       -|       -|    -|
|Expression       |        -|      -|       0|     141|    -|
|FIFO             |        -|      -|       -|       -|    -|
|Instance         |       78|      -|    2218|    9712|    0|
|Memory           |        0|      -|      80|      20|    0|
|Multiplexer      |        -|      -|       -|     419|    -|
|Register         |        -|      -|      95|       -|    -|
+-----------------+---------+-------+--------+--------+-----+
|Total            |       78|      0|    2393|   10292|    0|
+-----------------+---------+-------+--------+--------+-----+
|Available        |      730|    740|  269200|  134600|    0|
+-----------------+---------+-------+--------+--------+-----+
|Utilization (%)  |       10|      0|   ~0   |       7|    0|
+-----------------+---------+-------+--------+--------+-----+

+ Detail: 
    * Instance: 
    +--------------------------+---------------+---------+-------+------+------+-----+
    |         Instance         |     Module    | BRAM_18K| DSP48E|  FF  |  LUT | URAM|
    +--------------------------+---------------+---------+-------+------+------+-----+
    |grp_picnic_keygen_fu_250  |picnic_keygen  |       78|      0|  2218|  9712|    0|
    +--------------------------+---------------+---------+-------+------+------+-----+
    |Total                     |               |       78|      0|  2218|  9712|    0|
    +--------------------------+---------------+---------+-------+------+------+-----+

    * DSP48E: 
    N/A

    * Memory: 
    +------------------------+----------------------+---------+----+----+-----+------+-----+------+-------------+
    |         Memory         |        Module        | BRAM_18K| FF | LUT| URAM| Words| Bits| Banks| W*Bits*Banks|
    +------------------------+----------------------+---------+----+----+-----+------+-----+------+-------------+
    |pubkey_plaintext_U      |crypto_sign_keypahbi  |        0|  16|   4|    0|    32|    8|     1|          256|
    |pubkey_ciphertext_U     |crypto_sign_keypahbi  |        0|  16|   4|    0|    32|    8|     1|          256|
    |secret_data_U           |crypto_sign_keypahbi  |        0|  16|   4|    0|    32|    8|     1|          256|
    |secret_pk_plaintext_U   |crypto_sign_keypakbM  |        0|  16|   4|    0|    32|    8|     1|          256|
    |secret_pk_ciphertext_U  |crypto_sign_keypakbM  |        0|  16|   4|    0|    32|    8|     1|          256|
    +------------------------+----------------------+---------+----+----+-----+------+-----+------+-------------+
    |Total                   |                      |        0|  80|  20|    0|   160|   40|     5|         1280|
    +------------------------+----------------------+---------+----+----+-----+------+-----+------+-------------+

    * FIFO: 
    N/A

    * Expression: 
    +-----------------------+----------+-------+---+----+------------+------------+
    |     Variable Name     | Operation| DSP48E| FF| LUT| Bitwidth P0| Bitwidth P1|
    +-----------------------+----------+-------+---+----+------------+------------+
    |add_ln542_1_fu_355_p2  |     +    |      0|  0|  15|           6|           5|
    |add_ln616_fu_392_p2    |     +    |      0|  0|  15|           6|           5|
    |add_ln617_fu_402_p2    |     +    |      0|  0|  15|           6|           6|
    |loop_5_fu_340_p2       |     +    |      0|  0|  15|           5|           1|
    |loop_6_fu_382_p2       |     +    |      0|  0|  15|           5|           1|
    |loop_fu_315_p2         |     +    |      0|  0|  15|           5|           1|
    |icmp_ln538_fu_309_p2   |   icmp   |      0|  0|  11|           5|           6|
    |icmp_ln541_fu_334_p2   |   icmp   |      0|  0|  11|           5|           6|
    |icmp_ln614_fu_376_p2   |   icmp   |      0|  0|  11|           5|           6|
    |icmp_ln66_fu_298_p2    |   icmp   |      0|  0|  18|          32|           1|
    +-----------------------+----------+-------+---+----+------------+------------+
    |Total                  |          |      0|  0| 141|          80|          38|
    +-----------------------+----------+-------+---+----+------------+------------+

    * Multiplexer: 
    +-------------------------------+----+-----------+-----+-----------+
    |              Name             | LUT| Input Size| Bits| Total Bits|
    +-------------------------------+----+-----------+-----+-----------+
    |DRBG_ctx_reseed_counter_o      |   9|          2|   32|         64|
    |UnifiedRetVal_reg_239          |   9|          2|   32|         64|
    |ap_NS_fsm                      |  50|         11|    1|         11|
    |loop_0_i2_reg_228              |   9|          2|    5|         10|
    |loop_0_i_reg_206               |   9|          2|    5|         10|
    |loop_1_i_reg_217               |   9|          2|    5|         10|
    |pk_address0                    |  21|          4|    6|         24|
    |pk_d0                          |  21|          4|    8|         32|
    |pubkey_ciphertext_address0     |  15|          3|    5|         15|
    |pubkey_ciphertext_ce0          |  15|          3|    1|          3|
    |pubkey_ciphertext_ce1          |   9|          2|    1|          2|
    |pubkey_ciphertext_we0          |   9|          2|    1|          2|
    |pubkey_plaintext_address0      |  15|          3|    5|         15|
    |pubkey_plaintext_ce0           |  15|          3|    1|          3|
    |pubkey_plaintext_ce1           |   9|          2|    1|          2|
    |pubkey_plaintext_we0           |   9|          2|    1|          2|
    |secret_data_address0           |  15|          3|    5|         15|
    |secret_data_ce0                |  15|          3|    1|          3|
    |secret_data_ce1                |   9|          2|    1|          2|
    |secret_data_we0                |   9|          2|    1|          2|
    |secret_pk_ciphertext_address0  |  15|          3|    5|         15|
    |secret_pk_ciphertext_ce0       |  15|          3|    1|          3|
    |secret_pk_ciphertext_we0       |   9|          2|    1|          2|
    |secret_pk_plaintext_address0   |  15|          3|    5|         15|
    |secret_pk_plaintext_ce0        |  15|          3|    1|          3|
    |secret_pk_plaintext_we0        |   9|          2|    1|          2|
    |sk_address0                    |  15|          3|    6|         18|
    |sk_address1                    |  15|          3|    6|         18|
    |sk_d0                          |  15|          3|    8|         24|
    |sk_d1                          |  15|          3|    8|         24|
    +-------------------------------+----+-----------+-----+-----------+
    |Total                          | 419|         87|  160|        415|
    +-------------------------------+----+-----------+-----+-----------+

    * Register: 
    +---------------------------------------+----+----+-----+-----------+
    |                  Name                 | FF | LUT| Bits| Const Bits|
    +---------------------------------------+----+----+-----+-----------+
    |UnifiedRetVal_reg_239                  |  32|   0|   32|          0|
    |ap_CS_fsm                              |  10|   0|   10|          0|
    |grp_picnic_keygen_fu_250_ap_start_reg  |   1|   0|    1|          0|
    |loop_0_i2_reg_228                      |   5|   0|    5|          0|
    |loop_0_i_reg_206                       |   5|   0|    5|          0|
    |loop_1_i_reg_217                       |   5|   0|    5|          0|
    |loop_5_reg_452                         |   5|   0|    5|          0|
    |loop_6_reg_471                         |   5|   0|    5|          0|
    |loop_reg_433                           |   5|   0|    5|          0|
    |secret_params_reg_422                  |   4|   0|    4|          0|
    |secret_pk_plaintext_1_reg_492          |   8|   0|    8|          0|
    |sext_ln614_i_cast_reg_462              |   5|   0|    6|          1|
    |zext_ln541_reg_444                     |   5|   0|    6|          1|
    +---------------------------------------+----+----+-----+-----------+
    |Total                                  |  95|   0|   97|          2|
    +---------------------------------------+----+----+-----+-----------+



================================================================
== Interface
================================================================
* Summary: 
+----------------------------------+-----+-----+------------+-------------------------+--------------+
|             RTL Ports            | Dir | Bits|  Protocol  |      Source Object      |    C Type    |
+----------------------------------+-----+-----+------------+-------------------------+--------------+
|ap_clk                            |  in |    1| ap_ctrl_hs |   crypto_sign_keypair   | return value |
|ap_rst                            |  in |    1| ap_ctrl_hs |   crypto_sign_keypair   | return value |
|ap_start                          |  in |    1| ap_ctrl_hs |   crypto_sign_keypair   | return value |
|ap_done                           | out |    1| ap_ctrl_hs |   crypto_sign_keypair   | return value |
|ap_idle                           | out |    1| ap_ctrl_hs |   crypto_sign_keypair   | return value |
|ap_ready                          | out |    1| ap_ctrl_hs |   crypto_sign_keypair   | return value |
|ap_return                         | out |   32| ap_ctrl_hs |   crypto_sign_keypair   | return value |
|pk_address0                       | out |    6|  ap_memory |            pk           |     array    |
|pk_ce0                            | out |    1|  ap_memory |            pk           |     array    |
|pk_we0                            | out |    1|  ap_memory |            pk           |     array    |
|pk_d0                             | out |    8|  ap_memory |            pk           |     array    |
|sk_address0                       | out |    6|  ap_memory |            sk           |     array    |
|sk_ce0                            | out |    1|  ap_memory |            sk           |     array    |
|sk_we0                            | out |    1|  ap_memory |            sk           |     array    |
|sk_d0                             | out |    8|  ap_memory |            sk           |     array    |
|sk_address1                       | out |    6|  ap_memory |            sk           |     array    |
|sk_ce1                            | out |    1|  ap_memory |            sk           |     array    |
|sk_we1                            | out |    1|  ap_memory |            sk           |     array    |
|sk_d1                             | out |    8|  ap_memory |            sk           |     array    |
|params                            |  in |    4|   ap_none  |          params         |    pointer   |
|DRBG_ctx_V_address0               | out |    4|  ap_memory |        DRBG_ctx_V       |     array    |
|DRBG_ctx_V_ce0                    | out |    1|  ap_memory |        DRBG_ctx_V       |     array    |
|DRBG_ctx_V_we0                    | out |    1|  ap_memory |        DRBG_ctx_V       |     array    |
|DRBG_ctx_V_d0                     | out |    8|  ap_memory |        DRBG_ctx_V       |     array    |
|DRBG_ctx_V_q0                     |  in |    8|  ap_memory |        DRBG_ctx_V       |     array    |
|DRBG_ctx_Key_address0             | out |    5|  ap_memory |       DRBG_ctx_Key      |     array    |
|DRBG_ctx_Key_ce0                  | out |    1|  ap_memory |       DRBG_ctx_Key      |     array    |
|DRBG_ctx_Key_we0                  | out |    1|  ap_memory |       DRBG_ctx_Key      |     array    |
|DRBG_ctx_Key_d0                   | out |    8|  ap_memory |       DRBG_ctx_Key      |     array    |
|DRBG_ctx_Key_q0                   |  in |    8|  ap_memory |       DRBG_ctx_Key      |     array    |
|DRBG_ctx_reseed_counter_i         |  in |   32|   ap_ovld  | DRBG_ctx_reseed_counter |    pointer   |
|DRBG_ctx_reseed_counter_o         | out |   32|   ap_ovld  | DRBG_ctx_reseed_counter |    pointer   |
|DRBG_ctx_reseed_counter_o_ap_vld  | out |    1|   ap_ovld  | DRBG_ctx_reseed_counter |    pointer   |
+----------------------------------+-----+-----+------------+-------------------------+--------------+

============================================================
+ Verbose Summary: Synthesis Manager
============================================================
InlineROM: 1
ExposeGlobal: 1
============================================================
+ Verbose Summary: CDFG Model
============================================================
IsTopModel: 1
ResetActiveHigh: 1
IsCombinational: 2
IsDatapathOnly: 2
HasWiredReturn: 1
HasMFsm: 0
HasVarLatency: 1
IsPipeline: 0
IsRtlPipelined: 0
IsInstanceOverlapped: 0
IsDontTouch: 0
HasImplIP: 0
IsGatedGlobalClock: 0


============================================================
+ Verbose Summary: Schedule
============================================================
* Number of FSM states : 10
* Pipeline : 0
* Dataflow Pipeline: 0

* FSM state transitions: 
1 --> 2 
2 --> 10 3 
3 --> 4 5 
4 --> 3 
5 --> 6 7 
6 --> 5 
7 --> 8 10 
8 --> 9 
9 --> 7 
10 --> 

* FSM state operations: 

State 1 <SV = 0> <Delay = 4.56>
ST_1 : Operation 11 [1/1] (1.75ns)   --->   "%pubkey_plaintext = alloca [32 x i8], align 1"   --->   Operation 11 'alloca' 'pubkey_plaintext' <Predicate = true> <Delay = 1.75> <Core = "RAM">   --->   Core 37 'RAM' <Latency = 1> <II = 1> <Delay = 1.75> <Storage> <Opcode : 'load' 'store'> <Ports = 2> <Width = 8> <Depth = 32> <RAM>
ST_1 : Operation 12 [1/1] (1.75ns)   --->   "%pubkey_ciphertext = alloca [32 x i8], align 1"   --->   Operation 12 'alloca' 'pubkey_ciphertext' <Predicate = true> <Delay = 1.75> <Core = "RAM">   --->   Core 37 'RAM' <Latency = 1> <II = 1> <Delay = 1.75> <Storage> <Opcode : 'load' 'store'> <Ports = 2> <Width = 8> <Depth = 32> <RAM>
ST_1 : Operation 13 [1/1] (1.75ns)   --->   "%secret_data = alloca [32 x i8], align 1"   --->   Operation 13 'alloca' 'secret_data' <Predicate = true> <Delay = 1.75> <Core = "RAM">   --->   Core 37 'RAM' <Latency = 1> <II = 1> <Delay = 1.75> <Storage> <Opcode : 'load' 'store'> <Ports = 2> <Width = 8> <Depth = 32> <RAM>
ST_1 : Operation 14 [1/1] (1.75ns)   --->   "%secret_pk_plaintext = alloca [32 x i8], align 1"   --->   Operation 14 'alloca' 'secret_pk_plaintext' <Predicate = true> <Delay = 1.75> <Core = "RAM">   --->   Core 37 'RAM' <Latency = 1> <II = 1> <Delay = 1.75> <Storage> <Opcode : 'load' 'store'> <Ports = 2> <Width = 8> <Depth = 32> <RAM>
ST_1 : Operation 15 [1/1] (1.75ns)   --->   "%secret_pk_ciphertext = alloca [32 x i8], align 1"   --->   Operation 15 'alloca' 'secret_pk_ciphertext' <Predicate = true> <Delay = 1.75> <Core = "RAM">   --->   Core 37 'RAM' <Latency = 1> <II = 1> <Delay = 1.75> <Storage> <Opcode : 'load' 'store'> <Ports = 2> <Width = 8> <Depth = 32> <RAM>
ST_1 : Operation 16 [1/1] (0.00ns)   --->   "%params_load = load i4* @params, align 1" [api.c:64]   --->   Operation 16 'load' 'params_load' <Predicate = true> <Delay = 0.00>
ST_1 : Operation 17 [2/2] (2.81ns)   --->   "%call_ret = call fastcc { i32, i4, i4 } @picnic_keygen(i4 %params_load, [32 x i8]* %pubkey_plaintext, [32 x i8]* %pubkey_ciphertext, [32 x i8]* %secret_data, [32 x i8]* %secret_pk_plaintext, [32 x i8]* %secret_pk_ciphertext) nounwind" [api.c:64]   --->   Operation 17 'call' 'call_ret' <Predicate = true> <Delay = 2.81> <CoreType = "Generic">   --->   Core 0 '' <Latency = 0> <II = 1> <Delay = 1.00> <Generic> <Opcode : >

State 2 <SV = 1> <Delay = 4.27>
ST_2 : Operation 18 [1/1] (0.00ns)   --->   "call void (...)* @_ssdm_op_SpecBitsMap([33 x i8]* %pk) nounwind, !map !671"   --->   Operation 18 'specbitsmap' <Predicate = true> <Delay = 0.00>
ST_2 : Operation 19 [1/1] (0.00ns)   --->   "call void (...)* @_ssdm_op_SpecBitsMap([49 x i8]* %sk) nounwind, !map !677"   --->   Operation 19 'specbitsmap' <Predicate = true> <Delay = 0.00>
ST_2 : Operation 20 [1/1] (0.00ns)   --->   "call void (...)* @_ssdm_op_SpecBitsMap(i32 0) nounwind, !map !683"   --->   Operation 20 'specbitsmap' <Predicate = true> <Delay = 0.00>
ST_2 : Operation 21 [1/1] (0.00ns)   --->   "call void (...)* @_ssdm_op_SpecTopModule([20 x i8]* @crypto_sign_keypair_s) nounwind"   --->   Operation 21 'spectopmodule' <Predicate = true> <Delay = 0.00>
ST_2 : Operation 22 [1/2] (0.81ns)   --->   "%call_ret = call fastcc { i32, i4, i4 } @picnic_keygen(i4 %params_load, [32 x i8]* %pubkey_plaintext, [32 x i8]* %pubkey_ciphertext, [32 x i8]* %secret_data, [32 x i8]* %secret_pk_plaintext, [32 x i8]* %secret_pk_ciphertext) nounwind" [api.c:64]   --->   Operation 22 'call' 'call_ret' <Predicate = true> <Delay = 0.81> <CoreType = "Generic">   --->   Core 0 '' <Latency = 0> <II = 1> <Delay = 1.00> <Generic> <Opcode : >
ST_2 : Operation 23 [1/1] (0.00ns)   --->   "%ret = extractvalue { i32, i4, i4 } %call_ret, 0" [api.c:64]   --->   Operation 23 'extractvalue' 'ret' <Predicate = true> <Delay = 0.00>
ST_2 : Operation 24 [1/1] (0.00ns)   --->   "%pubkey_params = extractvalue { i32, i4, i4 } %call_ret, 1" [api.c:64]   --->   Operation 24 'extractvalue' 'pubkey_params' <Predicate = true> <Delay = 0.00>
ST_2 : Operation 25 [1/1] (0.00ns)   --->   "%secret_params = extractvalue { i32, i4, i4 } %call_ret, 2" [api.c:64]   --->   Operation 25 'extractvalue' 'secret_params' <Predicate = true> <Delay = 0.00>
ST_2 : Operation 26 [1/1] (2.11ns)   --->   "%icmp_ln66 = icmp eq i32 %ret, 0" [api.c:66]   --->   Operation 26 'icmp' 'icmp_ln66' <Predicate = true> <Delay = 2.11> <Core = "Cmp">   --->   Core 25 'Cmp' <Latency = 0> <II = 1> <Delay = 2.11> <FuncUnit> <Opcode : 'icmp'> <InPorts = 2> <OutPorts = 1>
ST_2 : Operation 27 [1/1] (1.35ns)   --->   "br i1 %icmp_ln66, label %1, label %UnifiedReturnBlock" [api.c:66]   --->   Operation 27 'br' <Predicate = true> <Delay = 1.35>
ST_2 : Operation 28 [1/1] (0.00ns)   --->   "%pk_addr = getelementptr [33 x i8]* %pk, i64 0, i64 0" [picnic.c:516->api.c:70]   --->   Operation 28 'getelementptr' 'pk_addr' <Predicate = (icmp_ln66)> <Delay = 0.00>
ST_2 : Operation 29 [1/1] (0.00ns)   --->   "%zext_ln535 = zext i4 %pubkey_params to i8" [picnic.c:535->api.c:70]   --->   Operation 29 'zext' 'zext_ln535' <Predicate = (icmp_ln66)> <Delay = 0.00>
ST_2 : Operation 30 [1/1] (1.75ns)   --->   "store i8 %zext_ln535, i8* %pk_addr, align 1" [picnic.c:535->api.c:70]   --->   Operation 30 'store' <Predicate = (icmp_ln66)> <Delay = 1.75> <Core = "RAM">   --->   Core 37 'RAM' <Latency = 1> <II = 1> <Delay = 1.75> <Storage> <Opcode : 'load' 'store'> <Ports = 2> <Width = 8> <Depth = 32> <RAM>
ST_2 : Operation 31 [1/1] (1.35ns)   --->   "br label %2" [picnic.c:538->api.c:70]   --->   Operation 31 'br' <Predicate = (icmp_ln66)> <Delay = 1.35>

State 3 <SV = 2> <Delay = 1.75>
ST_3 : Operation 32 [1/1] (0.00ns)   --->   "%loop_0_i = phi i5 [ 0, %1 ], [ %loop, %3 ]"   --->   Operation 32 'phi' 'loop_0_i' <Predicate = true> <Delay = 0.00>
ST_3 : Operation 33 [1/1] (1.21ns)   --->   "%icmp_ln538 = icmp eq i5 %loop_0_i, -16" [picnic.c:538->api.c:70]   --->   Operation 33 'icmp' 'icmp_ln538' <Predicate = true> <Delay = 1.21> <Core = "Cmp">   --->   Core 25 'Cmp' <Latency = 0> <II = 1> <Delay = 2.11> <FuncUnit> <Opcode : 'icmp'> <InPorts = 2> <OutPorts = 1>
ST_3 : Operation 34 [1/1] (0.00ns)   --->   "%empty = call i32 (...)* @_ssdm_op_SpecLoopTripCount(i64 16, i64 16, i64 16) nounwind"   --->   Operation 34 'speclooptripcount' 'empty' <Predicate = true> <Delay = 0.00>
ST_3 : Operation 35 [1/1] (1.54ns)   --->   "%loop = add i5 %loop_0_i, 1" [picnic.c:539->api.c:70]   --->   Operation 35 'add' 'loop' <Predicate = true> <Delay = 1.54> <Core = "AddSub">   --->   Core 14 'AddSub' <Latency = 0> <II = 1> <Delay = 1.54> <FuncUnit> <Opcode : 'add' 'sub'> <InPorts = 2> <OutPorts = 1>
ST_3 : Operation 36 [1/1] (0.00ns)   --->   "br i1 %icmp_ln538, label %.preheader.i.preheader, label %3" [picnic.c:538->api.c:70]   --->   Operation 36 'br' <Predicate = true> <Delay = 0.00>
ST_3 : Operation 37 [1/1] (0.00ns)   --->   "%zext_ln539 = zext i5 %loop_0_i to i64" [picnic.c:539->api.c:70]   --->   Operation 37 'zext' 'zext_ln539' <Predicate = (!icmp_ln538)> <Delay = 0.00>
ST_3 : Operation 38 [1/1] (0.00ns)   --->   "%pubkey_ciphertext_ad = getelementptr [32 x i8]* %pubkey_ciphertext, i64 0, i64 %zext_ln539" [picnic.c:539->api.c:70]   --->   Operation 38 'getelementptr' 'pubkey_ciphertext_ad' <Predicate = (!icmp_ln538)> <Delay = 0.00>
ST_3 : Operation 39 [2/2] (1.75ns)   --->   "%pubkey_ciphertext_lo = load i8* %pubkey_ciphertext_ad, align 1" [picnic.c:539->api.c:70]   --->   Operation 39 'load' 'pubkey_ciphertext_lo' <Predicate = (!icmp_ln538)> <Delay = 1.75> <Core = "RAM">   --->   Core 37 'RAM' <Latency = 1> <II = 1> <Delay = 1.75> <Storage> <Opcode : 'load' 'store'> <Ports = 2> <Width = 8> <Depth = 32> <RAM>
ST_3 : Operation 40 [1/1] (1.35ns)   --->   "br label %.preheader.i" [picnic.c:541->api.c:70]   --->   Operation 40 'br' <Predicate = (icmp_ln538)> <Delay = 1.35>

State 4 <SV = 3> <Delay = 3.51>
ST_4 : Operation 41 [1/2] (1.75ns)   --->   "%pubkey_ciphertext_lo = load i8* %pubkey_ciphertext_ad, align 1" [picnic.c:539->api.c:70]   --->   Operation 41 'load' 'pubkey_ciphertext_lo' <Predicate = true> <Delay = 1.75> <Core = "RAM">   --->   Core 37 'RAM' <Latency = 1> <II = 1> <Delay = 1.75> <Storage> <Opcode : 'load' 'store'> <Ports = 2> <Width = 8> <Depth = 32> <RAM>
ST_4 : Operation 42 [1/1] (0.00ns)   --->   "%zext_ln539_1 = zext i5 %loop to i64" [picnic.c:539->api.c:70]   --->   Operation 42 'zext' 'zext_ln539_1' <Predicate = true> <Delay = 0.00>
ST_4 : Operation 43 [1/1] (0.00ns)   --->   "%pk_addr_1 = getelementptr [33 x i8]* %pk, i64 0, i64 %zext_ln539_1" [picnic.c:539->api.c:70]   --->   Operation 43 'getelementptr' 'pk_addr_1' <Predicate = true> <Delay = 0.00>
ST_4 : Operation 44 [1/1] (1.75ns)   --->   "store i8 %pubkey_ciphertext_lo, i8* %pk_addr_1, align 1" [picnic.c:539->api.c:70]   --->   Operation 44 'store' <Predicate = true> <Delay = 1.75> <Core = "RAM">   --->   Core 37 'RAM' <Latency = 1> <II = 1> <Delay = 1.75> <Storage> <Opcode : 'load' 'store'> <Ports = 2> <Width = 8> <Depth = 32> <RAM>
ST_4 : Operation 45 [1/1] (0.00ns)   --->   "br label %2" [picnic.c:538->api.c:70]   --->   Operation 45 'br' <Predicate = true> <Delay = 0.00>

State 5 <SV = 3> <Delay = 1.75>
ST_5 : Operation 46 [1/1] (0.00ns)   --->   "%loop_1_i = phi i5 [ %loop_5, %4 ], [ 0, %.preheader.i.preheader ]"   --->   Operation 46 'phi' 'loop_1_i' <Predicate = true> <Delay = 0.00>
ST_5 : Operation 47 [1/1] (0.00ns)   --->   "%zext_ln541 = zext i5 %loop_1_i to i6" [picnic.c:541->api.c:70]   --->   Operation 47 'zext' 'zext_ln541' <Predicate = true> <Delay = 0.00>
ST_5 : Operation 48 [1/1] (1.21ns)   --->   "%icmp_ln541 = icmp eq i5 %loop_1_i, -16" [picnic.c:541->api.c:70]   --->   Operation 48 'icmp' 'icmp_ln541' <Predicate = true> <Delay = 1.21> <Core = "Cmp">   --->   Core 25 'Cmp' <Latency = 0> <II = 1> <Delay = 2.11> <FuncUnit> <Opcode : 'icmp'> <InPorts = 2> <OutPorts = 1>
ST_5 : Operation 49 [1/1] (0.00ns)   --->   "%empty_45 = call i32 (...)* @_ssdm_op_SpecLoopTripCount(i64 16, i64 16, i64 16) nounwind"   --->   Operation 49 'speclooptripcount' 'empty_45' <Predicate = true> <Delay = 0.00>
ST_5 : Operation 50 [1/1] (1.54ns)   --->   "%loop_5 = add i5 %loop_1_i, 1" [picnic.c:542->api.c:70]   --->   Operation 50 'add' 'loop_5' <Predicate = true> <Delay = 1.54> <Core = "AddSub">   --->   Core 14 'AddSub' <Latency = 0> <II = 1> <Delay = 1.54> <FuncUnit> <Opcode : 'add' 'sub'> <InPorts = 2> <OutPorts = 1>
ST_5 : Operation 51 [1/1] (0.00ns)   --->   "br i1 %icmp_ln541, label %picnic_write_public_key.exit, label %4" [picnic.c:541->api.c:70]   --->   Operation 51 'br' <Predicate = true> <Delay = 0.00>
ST_5 : Operation 52 [1/1] (0.00ns)   --->   "%zext_ln542 = zext i5 %loop_1_i to i64" [picnic.c:542->api.c:70]   --->   Operation 52 'zext' 'zext_ln542' <Predicate = (!icmp_ln541)> <Delay = 0.00>
ST_5 : Operation 53 [1/1] (0.00ns)   --->   "%pubkey_plaintext_add = getelementptr [32 x i8]* %pubkey_plaintext, i64 0, i64 %zext_ln542" [picnic.c:542->api.c:70]   --->   Operation 53 'getelementptr' 'pubkey_plaintext_add' <Predicate = (!icmp_ln541)> <Delay = 0.00>
ST_5 : Operation 54 [2/2] (1.75ns)   --->   "%pubkey_plaintext_loa = load i8* %pubkey_plaintext_add, align 1" [picnic.c:542->api.c:70]   --->   Operation 54 'load' 'pubkey_plaintext_loa' <Predicate = (!icmp_ln541)> <Delay = 1.75> <Core = "RAM">   --->   Core 37 'RAM' <Latency = 1> <II = 1> <Delay = 1.75> <Storage> <Opcode : 'load' 'store'> <Ports = 2> <Width = 8> <Depth = 32> <RAM>
ST_5 : Operation 55 [1/1] (0.00ns)   --->   "%sk_addr = getelementptr [49 x i8]* %sk, i64 0, i64 0" [picnic.c:588->api.c:75]   --->   Operation 55 'getelementptr' 'sk_addr' <Predicate = (icmp_ln541)> <Delay = 0.00>
ST_5 : Operation 56 [1/1] (0.00ns)   --->   "%zext_ln609 = zext i4 %secret_params to i8" [picnic.c:609->api.c:75]   --->   Operation 56 'zext' 'zext_ln609' <Predicate = (icmp_ln541)> <Delay = 0.00>
ST_5 : Operation 57 [1/1] (1.75ns)   --->   "store i8 %zext_ln609, i8* %sk_addr, align 1" [picnic.c:609->api.c:75]   --->   Operation 57 'store' <Predicate = (icmp_ln541)> <Delay = 1.75> <Core = "RAM">   --->   Core 37 'RAM' <Latency = 1> <II = 1> <Delay = 1.75> <Storage> <Opcode : 'load' 'store'> <Ports = 2> <Width = 8> <Depth = 32> <RAM>
ST_5 : Operation 58 [1/1] (1.35ns)   --->   "br label %5" [picnic.c:614->api.c:75]   --->   Operation 58 'br' <Predicate = (icmp_ln541)> <Delay = 1.35>

State 6 <SV = 4> <Delay = 3.51>
ST_6 : Operation 59 [1/2] (1.75ns)   --->   "%pubkey_plaintext_loa = load i8* %pubkey_plaintext_add, align 1" [picnic.c:542->api.c:70]   --->   Operation 59 'load' 'pubkey_plaintext_loa' <Predicate = true> <Delay = 1.75> <Core = "RAM">   --->   Core 37 'RAM' <Latency = 1> <II = 1> <Delay = 1.75> <Storage> <Opcode : 'load' 'store'> <Ports = 2> <Width = 8> <Depth = 32> <RAM>
ST_6 : Operation 60 [1/1] (1.60ns)   --->   "%add_ln542_1 = add i6 %zext_ln541, 17" [picnic.c:542->api.c:70]   --->   Operation 60 'add' 'add_ln542_1' <Predicate = true> <Delay = 1.60> <Core = "AddSub">   --->   Core 14 'AddSub' <Latency = 0> <II = 1> <Delay = 1.54> <FuncUnit> <Opcode : 'add' 'sub'> <InPorts = 2> <OutPorts = 1>
ST_6 : Operation 61 [1/1] (0.00ns)   --->   "%zext_ln542_1 = zext i6 %add_ln542_1 to i64" [picnic.c:542->api.c:70]   --->   Operation 61 'zext' 'zext_ln542_1' <Predicate = true> <Delay = 0.00>
ST_6 : Operation 62 [1/1] (0.00ns)   --->   "%pk_addr_2 = getelementptr [33 x i8]* %pk, i64 0, i64 %zext_ln542_1" [picnic.c:542->api.c:70]   --->   Operation 62 'getelementptr' 'pk_addr_2' <Predicate = true> <Delay = 0.00>
ST_6 : Operation 63 [1/1] (1.75ns)   --->   "store i8 %pubkey_plaintext_loa, i8* %pk_addr_2, align 1" [picnic.c:542->api.c:70]   --->   Operation 63 'store' <Predicate = true> <Delay = 1.75> <Core = "RAM">   --->   Core 37 'RAM' <Latency = 1> <II = 1> <Delay = 1.75> <Storage> <Opcode : 'load' 'store'> <Ports = 2> <Width = 8> <Depth = 32> <RAM>
ST_6 : Operation 64 [1/1] (0.00ns)   --->   "br label %.preheader.i" [picnic.c:541->api.c:70]   --->   Operation 64 'br' <Predicate = true> <Delay = 0.00>

State 7 <SV = 4> <Delay = 1.75>
ST_7 : Operation 65 [1/1] (0.00ns)   --->   "%loop_0_i2 = phi i5 [ 0, %picnic_write_public_key.exit ], [ %loop_6, %6 ]"   --->   Operation 65 'phi' 'loop_0_i2' <Predicate = true> <Delay = 0.00>
ST_7 : Operation 66 [1/1] (0.00ns)   --->   "%zext_ln614 = zext i5 %loop_0_i2 to i64" [picnic.c:614->api.c:75]   --->   Operation 66 'zext' 'zext_ln614' <Predicate = true> <Delay = 0.00>
ST_7 : Operation 67 [1/1] (0.00ns)   --->   "%sext_ln614_i_cast = zext i5 %loop_0_i2 to i6" [picnic.c:615->api.c:75]   --->   Operation 67 'zext' 'sext_ln614_i_cast' <Predicate = true> <Delay = 0.00>
ST_7 : Operation 68 [1/1] (0.00ns)   --->   "%empty_46 = call i32 (...)* @_ssdm_op_SpecLoopTripCount(i64 16, i64 16, i64 16) nounwind"   --->   Operation 68 'speclooptripcount' 'empty_46' <Predicate = true> <Delay = 0.00>
ST_7 : Operation 69 [1/1] (1.21ns)   --->   "%icmp_ln614 = icmp eq i5 %loop_0_i2, -16" [picnic.c:614->api.c:75]   --->   Operation 69 'icmp' 'icmp_ln614' <Predicate = true> <Delay = 1.21> <Core = "Cmp">   --->   Core 25 'Cmp' <Latency = 0> <II = 1> <Delay = 2.11> <FuncUnit> <Opcode : 'icmp'> <InPorts = 2> <OutPorts = 1>
ST_7 : Operation 70 [1/1] (1.54ns)   --->   "%loop_6 = add i5 %loop_0_i2, 1" [picnic.c:615->api.c:75]   --->   Operation 70 'add' 'loop_6' <Predicate = true> <Delay = 1.54> <Core = "AddSub">   --->   Core 14 'AddSub' <Latency = 0> <II = 1> <Delay = 1.54> <FuncUnit> <Opcode : 'add' 'sub'> <InPorts = 2> <OutPorts = 1>
ST_7 : Operation 71 [1/1] (0.00ns)   --->   "br i1 %icmp_ln614, label %UnifiedReturnBlock.loopexit, label %6" [picnic.c:614->api.c:75]   --->   Operation 71 'br' <Predicate = true> <Delay = 0.00>
ST_7 : Operation 72 [1/1] (0.00ns)   --->   "%secret_data_addr = getelementptr [32 x i8]* %secret_data, i64 0, i64 %zext_ln614" [picnic.c:615->api.c:75]   --->   Operation 72 'getelementptr' 'secret_data_addr' <Predicate = (!icmp_ln614)> <Delay = 0.00>
ST_7 : Operation 73 [2/2] (1.75ns)   --->   "%secret_data_load = load i8* %secret_data_addr, align 1" [picnic.c:615->api.c:75]   --->   Operation 73 'load' 'secret_data_load' <Predicate = (!icmp_ln614)> <Delay = 1.75> <Core = "RAM">   --->   Core 37 'RAM' <Latency = 1> <II = 1> <Delay = 1.75> <Storage> <Opcode : 'load' 'store'> <Ports = 2> <Width = 8> <Depth = 32> <RAM>
ST_7 : Operation 74 [1/1] (0.00ns)   --->   "%secret_pk_ciphertext_1 = getelementptr [32 x i8]* %secret_pk_ciphertext, i64 0, i64 %zext_ln614" [picnic.c:616->api.c:75]   --->   Operation 74 'getelementptr' 'secret_pk_ciphertext_1' <Predicate = (!icmp_ln614)> <Delay = 0.00>
ST_7 : Operation 75 [2/2] (1.75ns)   --->   "%secret_pk_ciphertext_2 = load i8* %secret_pk_ciphertext_1, align 1" [picnic.c:616->api.c:75]   --->   Operation 75 'load' 'secret_pk_ciphertext_2' <Predicate = (!icmp_ln614)> <Delay = 1.75> <Core = "RAM">   --->   Core 37 'RAM' <Latency = 1> <II = 1> <Delay = 1.75> <Storage> <Opcode : 'load' 'store'> <Ports = 2> <Width = 8> <Depth = 32> <RAM>
ST_7 : Operation 76 [1/1] (0.00ns)   --->   "%secret_pk_plaintext_s = getelementptr [32 x i8]* %secret_pk_plaintext, i64 0, i64 %zext_ln614" [picnic.c:617->api.c:75]   --->   Operation 76 'getelementptr' 'secret_pk_plaintext_s' <Predicate = (!icmp_ln614)> <Delay = 0.00>
ST_7 : Operation 77 [2/2] (1.75ns)   --->   "%secret_pk_plaintext_1 = load i8* %secret_pk_plaintext_s, align 1" [picnic.c:617->api.c:75]   --->   Operation 77 'load' 'secret_pk_plaintext_1' <Predicate = (!icmp_ln614)> <Delay = 1.75> <Core = "RAM">   --->   Core 37 'RAM' <Latency = 1> <II = 1> <Delay = 1.75> <Storage> <Opcode : 'load' 'store'> <Ports = 2> <Width = 8> <Depth = 32> <RAM>
ST_7 : Operation 78 [1/1] (1.35ns)   --->   "br label %UnifiedReturnBlock"   --->   Operation 78 'br' <Predicate = (icmp_ln614)> <Delay = 1.35>

State 8 <SV = 5> <Delay = 3.51>
ST_8 : Operation 79 [1/2] (1.75ns)   --->   "%secret_data_load = load i8* %secret_data_addr, align 1" [picnic.c:615->api.c:75]   --->   Operation 79 'load' 'secret_data_load' <Predicate = true> <Delay = 1.75> <Core = "RAM">   --->   Core 37 'RAM' <Latency = 1> <II = 1> <Delay = 1.75> <Storage> <Opcode : 'load' 'store'> <Ports = 2> <Width = 8> <Depth = 32> <RAM>
ST_8 : Operation 80 [1/1] (0.00ns)   --->   "%zext_ln615 = zext i5 %loop_6 to i64" [picnic.c:615->api.c:75]   --->   Operation 80 'zext' 'zext_ln615' <Predicate = true> <Delay = 0.00>
ST_8 : Operation 81 [1/1] (0.00ns)   --->   "%sk_addr_1 = getelementptr [49 x i8]* %sk, i64 0, i64 %zext_ln615" [picnic.c:615->api.c:75]   --->   Operation 81 'getelementptr' 'sk_addr_1' <Predicate = true> <Delay = 0.00>
ST_8 : Operation 82 [1/1] (1.75ns)   --->   "store i8 %secret_data_load, i8* %sk_addr_1, align 1" [picnic.c:615->api.c:75]   --->   Operation 82 'store' <Predicate = true> <Delay = 1.75> <Core = "RAM">   --->   Core 37 'RAM' <Latency = 1> <II = 1> <Delay = 1.75> <Storage> <Opcode : 'load' 'store'> <Ports = 2> <Width = 8> <Depth = 32> <RAM>
ST_8 : Operation 83 [1/2] (1.75ns)   --->   "%secret_pk_ciphertext_2 = load i8* %secret_pk_ciphertext_1, align 1" [picnic.c:616->api.c:75]   --->   Operation 83 'load' 'secret_pk_ciphertext_2' <Predicate = true> <Delay = 1.75> <Core = "RAM">   --->   Core 37 'RAM' <Latency = 1> <II = 1> <Delay = 1.75> <Storage> <Opcode : 'load' 'store'> <Ports = 2> <Width = 8> <Depth = 32> <RAM>
ST_8 : Operation 84 [1/1] (1.60ns)   --->   "%add_ln616 = add i6 %sext_ln614_i_cast, 17" [picnic.c:616->api.c:75]   --->   Operation 84 'add' 'add_ln616' <Predicate = true> <Delay = 1.60> <Core = "AddSub">   --->   Core 14 'AddSub' <Latency = 0> <II = 1> <Delay = 1.54> <FuncUnit> <Opcode : 'add' 'sub'> <InPorts = 2> <OutPorts = 1>
ST_8 : Operation 85 [1/1] (0.00ns)   --->   "%zext_ln616 = zext i6 %add_ln616 to i64" [picnic.c:616->api.c:75]   --->   Operation 85 'zext' 'zext_ln616' <Predicate = true> <Delay = 0.00>
ST_8 : Operation 86 [1/1] (0.00ns)   --->   "%sk_addr_2 = getelementptr [49 x i8]* %sk, i64 0, i64 %zext_ln616" [picnic.c:616->api.c:75]   --->   Operation 86 'getelementptr' 'sk_addr_2' <Predicate = true> <Delay = 0.00>
ST_8 : Operation 87 [1/1] (1.75ns)   --->   "store i8 %secret_pk_ciphertext_2, i8* %sk_addr_2, align 1" [picnic.c:616->api.c:75]   --->   Operation 87 'store' <Predicate = true> <Delay = 1.75> <Core = "RAM">   --->   Core 37 'RAM' <Latency = 1> <II = 1> <Delay = 1.75> <Storage> <Opcode : 'load' 'store'> <Ports = 2> <Width = 8> <Depth = 32> <RAM>
ST_8 : Operation 88 [1/2] (1.75ns)   --->   "%secret_pk_plaintext_1 = load i8* %secret_pk_plaintext_s, align 1" [picnic.c:617->api.c:75]   --->   Operation 88 'load' 'secret_pk_plaintext_1' <Predicate = true> <Delay = 1.75> <Core = "RAM">   --->   Core 37 'RAM' <Latency = 1> <II = 1> <Delay = 1.75> <Storage> <Opcode : 'load' 'store'> <Ports = 2> <Width = 8> <Depth = 32> <RAM>

State 9 <SV = 6> <Delay = 3.36>
ST_9 : Operation 89 [1/1] (1.60ns)   --->   "%add_ln617 = add i6 %sext_ln614_i_cast, -31" [picnic.c:617->api.c:75]   --->   Operation 89 'add' 'add_ln617' <Predicate = true> <Delay = 1.60> <Core = "AddSub">   --->   Core 14 'AddSub' <Latency = 0> <II = 1> <Delay = 1.54> <FuncUnit> <Opcode : 'add' 'sub'> <InPorts = 2> <OutPorts = 1>
ST_9 : Operation 90 [1/1] (0.00ns)   --->   "%zext_ln617 = zext i6 %add_ln617 to i64" [picnic.c:617->api.c:75]   --->   Operation 90 'zext' 'zext_ln617' <Predicate = true> <Delay = 0.00>
ST_9 : Operation 91 [1/1] (0.00ns)   --->   "%sk_addr_3 = getelementptr [49 x i8]* %sk, i64 0, i64 %zext_ln617" [picnic.c:617->api.c:75]   --->   Operation 91 'getelementptr' 'sk_addr_3' <Predicate = true> <Delay = 0.00>
ST_9 : Operation 92 [1/1] (1.75ns)   --->   "store i8 %secret_pk_plaintext_1, i8* %sk_addr_3, align 1" [picnic.c:617->api.c:75]   --->   Operation 92 'store' <Predicate = true> <Delay = 1.75> <Core = "RAM">   --->   Core 37 'RAM' <Latency = 1> <II = 1> <Delay = 1.75> <Storage> <Opcode : 'load' 'store'> <Ports = 2> <Width = 8> <Depth = 32> <RAM>
ST_9 : Operation 93 [1/1] (0.00ns)   --->   "br label %5" [picnic.c:614->api.c:75]   --->   Operation 93 'br' <Predicate = true> <Delay = 0.00>

State 10 <SV = 5> <Delay = 0.00>
ST_10 : Operation 94 [1/1] (0.00ns)   --->   "%UnifiedRetVal = phi i32 [ %ret, %0 ], [ 0, %UnifiedReturnBlock.loopexit ]"   --->   Operation 94 'phi' 'UnifiedRetVal' <Predicate = true> <Delay = 0.00>
ST_10 : Operation 95 [1/1] (0.00ns)   --->   "ret i32 %UnifiedRetVal" [api.c:81]   --->   Operation 95 'ret' <Predicate = true> <Delay = 0.00>


============================================================
+ Verbose Summary: Binding
============================================================
STG Binding: 
---------------- STG Properties BEGIN ----------------
- Is combinational: 0
- Is one-state seq: 0
- Is datapath-only: 0
- Is pipelined: 0
- Is top level: 1
Port [ Return ] is wired: 1; IO mode=ap_ctrl_hs:ce=0
Port [ pk]:  wired=1; compound=1; hidden=0; nouse=0; global=0; static=0; extern=0; dir=1; type=1; pingpong=0; private_global=0; MemPort=[03]; IO mode=ap_memory:ce=0
Port [ sk]:  wired=1; compound=1; hidden=0; nouse=0; global=0; static=0; extern=0; dir=1; type=1; pingpong=0; private_global=0; MemPort=[00]; IO mode=ap_memory:ce=0
Port [ params]:  wired=1; compound=0; hidden=0; nouse=0; global=1; static=0; extern=0; dir=0; type=0; pingpong=0; private_global=0; linkage=0; visibility=0; IO mode=ap_none:ce=0
Port [ DRBG_ctx_V]:  wired=1; compound=1; hidden=0; nouse=0; global=1; static=0; extern=0; dir=2; type=1; pingpong=0; private_global=0; linkage=15; visibility=0; MemPort=[23]; IO mode=ap_memory:ce=0
Port [ sbox]:  wired=0; compound=1; hidden=1; nouse=1; global=1; static=1; extern=0; dir=0; type=1; pingpong=0; private_global=0; linkage=7; visibility=0; MemPort=[1]; IO mode=ap_memory:ce=0
Port [ Rcon]:  wired=0; compound=1; hidden=1; nouse=1; global=1; static=1; extern=0; dir=0; type=1; pingpong=0; private_global=0; linkage=7; visibility=0; MemPort=[1]; IO mode=ap_memory:ce=0
Port [ DRBG_ctx_Key]:  wired=1; compound=1; hidden=0; nouse=0; global=1; static=0; extern=0; dir=2; type=1; pingpong=0; private_global=0; linkage=15; visibility=0; MemPort=[23]; IO mode=ap_memory:ce=0
Port [ DRBG_ctx_reseed_counter]:  wired=1; compound=0; hidden=0; nouse=0; global=1; static=0; extern=0; dir=2; type=0; pingpong=0; private_global=0; linkage=15; visibility=0; IO mode=ap_ovld:ce=0
Port [ temp_matrix]:  wired=0; compound=1; hidden=1; nouse=1; global=1; static=0; extern=0; dir=0; type=1; pingpong=0; private_global=0; linkage=0; visibility=0; MemPort=[1]; IO mode=ap_memory:ce=0
Port [ temp_matrix2]:  wired=0; compound=1; hidden=1; nouse=1; global=1; static=0; extern=0; dir=0; type=1; pingpong=0; private_global=0; linkage=0; visibility=0; MemPort=[1]; IO mode=ap_memory:ce=0
Port [ temp_matrix3]:  wired=0; compound=1; hidden=1; nouse=1; global=1; static=0; extern=0; dir=0; type=1; pingpong=0; private_global=0; linkage=0; visibility=0; MemPort=[1]; IO mode=ap_memory:ce=0
---------------- STG Properties END ------------------

---------------- Datapath Model BEGIN ----------------

<LifeTime>
<method=bitvector/>
pubkey_plaintext       (alloca           ) [ 00111110000]
pubkey_ciphertext      (alloca           ) [ 00111000000]
secret_data            (alloca           ) [ 00111111110]
secret_pk_plaintext    (alloca           ) [ 00111111110]
secret_pk_ciphertext   (alloca           ) [ 00111111110]
params_load            (load             ) [ 00100000000]
specbitsmap_ln0        (specbitsmap      ) [ 00000000000]
specbitsmap_ln0        (specbitsmap      ) [ 00000000000]
specbitsmap_ln0        (specbitsmap      ) [ 00000000000]
spectopmodule_ln0      (spectopmodule    ) [ 00000000000]
call_ret               (call             ) [ 00000000000]
ret                    (extractvalue     ) [ 00111111111]
pubkey_params          (extractvalue     ) [ 00000000000]
secret_params          (extractvalue     ) [ 00011110000]
icmp_ln66              (icmp             ) [ 00100000000]
br_ln66                (br               ) [ 00111111111]
pk_addr                (getelementptr    ) [ 00000000000]
zext_ln535             (zext             ) [ 00000000000]
store_ln535            (store            ) [ 00000000000]
br_ln538               (br               ) [ 00111000000]
loop_0_i               (phi              ) [ 00010000000]
icmp_ln538             (icmp             ) [ 00011000000]
empty                  (speclooptripcount) [ 00000000000]
loop                   (add              ) [ 00111000000]
br_ln538               (br               ) [ 00000000000]
zext_ln539             (zext             ) [ 00000000000]
pubkey_ciphertext_ad   (getelementptr    ) [ 00001000000]
br_ln541               (br               ) [ 00011110000]
pubkey_ciphertext_lo   (load             ) [ 00000000000]
zext_ln539_1           (zext             ) [ 00000000000]
pk_addr_1              (getelementptr    ) [ 00000000000]
store_ln539            (store            ) [ 00000000000]
br_ln538               (br               ) [ 00111000000]
loop_1_i               (phi              ) [ 00000100000]
zext_ln541             (zext             ) [ 00000010000]
icmp_ln541             (icmp             ) [ 00000110000]
empty_45               (speclooptripcount) [ 00000000000]
loop_5                 (add              ) [ 00010110000]
br_ln541               (br               ) [ 00000000000]
zext_ln542             (zext             ) [ 00000000000]
pubkey_plaintext_add   (getelementptr    ) [ 00000010000]
sk_addr                (getelementptr    ) [ 00000000000]
zext_ln609             (zext             ) [ 00000000000]
store_ln609            (store            ) [ 00000000000]
br_ln614               (br               ) [ 00000111110]
pubkey_plaintext_loa   (load             ) [ 00000000000]
add_ln542_1            (add              ) [ 00000000000]
zext_ln542_1           (zext             ) [ 00000000000]
pk_addr_2              (getelementptr    ) [ 00000000000]
store_ln542            (store            ) [ 00000000000]
br_ln541               (br               ) [ 00010110000]
loop_0_i2              (phi              ) [ 00000001000]
zext_ln614             (zext             ) [ 00000000000]
sext_ln614_i_cast      (zext             ) [ 00000000110]
empty_46               (speclooptripcount) [ 00000000000]
icmp_ln614             (icmp             ) [ 00000001110]
loop_6                 (add              ) [ 00000101110]
br_ln614               (br               ) [ 00000000000]
secret_data_addr       (getelementptr    ) [ 00000000100]
secret_pk_ciphertext_1 (getelementptr    ) [ 00000000100]
secret_pk_plaintext_s  (getelementptr    ) [ 00000000100]
br_ln0                 (br               ) [ 00100001111]
secret_data_load       (load             ) [ 00000000000]
zext_ln615             (zext             ) [ 00000000000]
sk_addr_1              (getelementptr    ) [ 00000000000]
store_ln615            (store            ) [ 00000000000]
secret_pk_ciphertext_2 (load             ) [ 00000000000]
add_ln616              (add              ) [ 00000000000]
zext_ln616             (zext             ) [ 00000000000]
sk_addr_2              (getelementptr    ) [ 00000000000]
store_ln616            (store            ) [ 00000000000]
secret_pk_plaintext_1  (load             ) [ 00000000010]
add_ln617              (add              ) [ 00000000000]
zext_ln617             (zext             ) [ 00000000000]
sk_addr_3              (getelementptr    ) [ 00000000000]
store_ln617            (store            ) [ 00000000000]
br_ln614               (br               ) [ 00000101110]
UnifiedRetVal          (phi              ) [ 00000000001]
ret_ln81               (ret              ) [ 00000000000]
</LifeTime>

<model>

<comp_list>
<comp id="0" class="1000" name="pk">
<pin_list>
<pin id="1" dir="1" index="0" bw="1" slack="0"/>
</pin_list>
<bind>
<StgValue><ssdm name="pk"/><MemPortTyVec>0 3 </MemPortTyVec>
</StgValue>
</bind>
</comp>

<comp id="2" class="1000" name="sk">
<pin_list>
<pin id="3" dir="1" index="0" bw="1" slack="0"/>
</pin_list>
<bind>
<StgValue><ssdm name="sk"/><MemPortTyVec>0 0 </MemPortTyVec>
</StgValue>
</bind>
</comp>

<comp id="4" class="1000" name="params">
<pin_list>
<pin id="5" dir="1" index="0" bw="1" slack="0"/>
</pin_list>
<bind>
<StgValue><ssdm name="params"/></StgValue>
</bind>
</comp>

<comp id="6" class="1000" name="DRBG_ctx_V">
<pin_list>
<pin id="7" dir="1" index="0" bw="1" slack="0"/>
</pin_list>
<bind>
<StgValue><ssdm name="DRBG_ctx_V"/><MemPortTyVec>2 3 </MemPortTyVec>
</StgValue>
</bind>
</comp>

<comp id="8" class="1000" name="sbox">
<pin_list>
<pin id="9" dir="1" index="0" bw="1" slack="0"/>
</pin_list>
<bind>
<StgValue><ssdm name="sbox"/><MemPortTyVec>1 </MemPortTyVec>
</StgValue>
</bind>
</comp>

<comp id="10" class="1000" name="Rcon">
<pin_list>
<pin id="11" dir="1" index="0" bw="1" slack="0"/>
</pin_list>
<bind>
<StgValue><ssdm name="Rcon"/><MemPortTyVec>1 </MemPortTyVec>
</StgValue>
</bind>
</comp>

<comp id="12" class="1000" name="DRBG_ctx_Key">
<pin_list>
<pin id="13" dir="1" index="0" bw="1" slack="0"/>
</pin_list>
<bind>
<StgValue><ssdm name="DRBG_ctx_Key"/><MemPortTyVec>2 3 </MemPortTyVec>
</StgValue>
</bind>
</comp>

<comp id="14" class="1000" name="DRBG_ctx_reseed_counter">
<pin_list>
<pin id="15" dir="1" index="0" bw="1" slack="0"/>
</pin_list>
<bind>
<StgValue><ssdm name="DRBG_ctx_reseed_counter"/></StgValue>
</bind>
</comp>

<comp id="16" class="1000" name="temp_matrix">
<pin_list>
<pin id="17" dir="1" index="0" bw="1" slack="0"/>
</pin_list>
<bind>
<StgValue><ssdm name="temp_matrix"/><MemPortTyVec>1 </MemPortTyVec>
</StgValue>
</bind>
</comp>

<comp id="18" class="1000" name="temp_matrix2">
<pin_list>
<pin id="19" dir="1" index="0" bw="1" slack="0"/>
</pin_list>
<bind>
<StgValue><ssdm name="temp_matrix2"/><MemPortTyVec>1 </MemPortTyVec>
</StgValue>
</bind>
</comp>

<comp id="20" class="1000" name="temp_matrix3">
<pin_list>
<pin id="21" dir="1" index="0" bw="1" slack="0"/>
</pin_list>
<bind>
<StgValue><ssdm name="temp_matrix3"/><MemPortTyVec>1 </MemPortTyVec>
</StgValue>
</bind>
</comp>

<comp id="22" class="1001" name="const_22">
<pin_list>
<pin id="23" dir="1" index="0" bw="1" slack="0"/>
</pin_list>
<bind>
<StgValue><ssdm name=""/></StgValue>
</bind>
</comp>

<comp id="24" class="1001" name="const_24">
<pin_list>
<pin id="25" dir="1" index="0" bw="1" slack="0"/>
</pin_list>
<bind>
<StgValue><ssdm name="picnic_keygen"/></StgValue>
</bind>
</comp>

<comp id="26" class="1001" name="const_26">
<pin_list>
<pin id="27" dir="1" index="0" bw="1" slack="2147483647"/>
</pin_list>
<bind>
<StgValue><ssdm name="_ssdm_op_SpecBitsMap"/></StgValue>
</bind>
</comp>

<comp id="28" class="1001" name="const_28">
<pin_list>
<pin id="29" dir="1" index="0" bw="1" slack="0"/>
</pin_list>
<bind>
<StgValue><ssdm name=""/></StgValue>
</bind>
</comp>

<comp id="30" class="1001" name="const_30">
<pin_list>
<pin id="31" dir="1" index="0" bw="1" slack="2147483647"/>
</pin_list>
<bind>
<StgValue><ssdm name="_ssdm_op_SpecTopModule"/></StgValue>
</bind>
</comp>

<comp id="32" class="1001" name="const_32">
<pin_list>
<pin id="33" dir="1" index="0" bw="1" slack="2147483647"/>
</pin_list>
<bind>
<StgValue><ssdm name="crypto_sign_keypair_s"/></StgValue>
</bind>
</comp>

<comp id="34" class="1001" name="const_34">
<pin_list>
<pin id="35" dir="1" index="0" bw="1" slack="0"/>
</pin_list>
<bind>
<StgValue><ssdm name=""/></StgValue>
</bind>
</comp>

<comp id="36" class="1001" name="const_36">
<pin_list>
<pin id="37" dir="1" index="0" bw="1" slack="1"/>
</pin_list>
<bind>
<StgValue><ssdm name=""/></StgValue>
</bind>
</comp>

<comp id="38" class="1001" name="const_38">
<pin_list>
<pin id="39" dir="1" index="0" bw="1" slack="0"/>
</pin_list>
<bind>
<StgValue><ssdm name=""/></StgValue>
</bind>
</comp>

<comp id="40" class="1001" name="const_40">
<pin_list>
<pin id="41" dir="1" index="0" bw="1" slack="2147483647"/>
</pin_list>
<bind>
<StgValue><ssdm name="_ssdm_op_SpecLoopTripCount"/></StgValue>
</bind>
</comp>

<comp id="42" class="1001" name="const_42">
<pin_list>
<pin id="43" dir="1" index="0" bw="1" slack="2147483647"/>
</pin_list>
<bind>
<StgValue><ssdm name=""/></StgValue>
</bind>
</comp>

<comp id="44" class="1001" name="const_44">
<pin_list>
<pin id="45" dir="1" index="0" bw="1" slack="0"/>
</pin_list>
<bind>
<StgValue><ssdm name=""/></StgValue>
</bind>
</comp>

<comp id="46" class="1001" name="const_46">
<pin_list>
<pin id="47" dir="1" index="0" bw="1" slack="0"/>
</pin_list>
<bind>
<StgValue><ssdm name=""/></StgValue>
</bind>
</comp>

<comp id="48" class="1001" name="const_48">
<pin_list>
<pin id="49" dir="1" index="0" bw="1" slack="0"/>
</pin_list>
<bind>
<StgValue><ssdm name=""/></StgValue>
</bind>
</comp>

<comp id="50" class="1004" name="pubkey_plaintext_alloca_fu_50">
<pin_list>
<pin id="51" dir="0" index="0" bw="1" slack="0"/>
<pin id="52" dir="1" index="1" bw="8" slack="0"/>
</pin_list>
<bind>
<opcode="alloca(26) " fcode="alloca"/>
<opset="pubkey_plaintext/1 "/>
</bind>
</comp>

<comp id="54" class="1004" name="pubkey_ciphertext_alloca_fu_54">
<pin_list>
<pin id="55" dir="0" index="0" bw="1" slack="0"/>
<pin id="56" dir="1" index="1" bw="8" slack="0"/>
</pin_list>
<bind>
<opcode="alloca(26) " fcode="alloca"/>
<opset="pubkey_ciphertext/1 "/>
</bind>
</comp>

<comp id="58" class="1004" name="secret_data_alloca_fu_58">
<pin_list>
<pin id="59" dir="0" index="0" bw="1" slack="0"/>
<pin id="60" dir="1" index="1" bw="8" slack="0"/>
</pin_list>
<bind>
<opcode="alloca(26) " fcode="alloca"/>
<opset="secret_data/1 "/>
</bind>
</comp>

<comp id="62" class="1004" name="secret_pk_plaintext_alloca_fu_62">
<pin_list>
<pin id="63" dir="0" index="0" bw="1" slack="0"/>
<pin id="64" dir="1" index="1" bw="8" slack="0"/>
</pin_list>
<bind>
<opcode="alloca(26) " fcode="alloca"/>
<opset="secret_pk_plaintext/1 "/>
</bind>
</comp>

<comp id="66" class="1004" name="secret_pk_ciphertext_alloca_fu_66">
<pin_list>
<pin id="67" dir="0" index="0" bw="1" slack="0"/>
<pin id="68" dir="1" index="1" bw="8" slack="0"/>
</pin_list>
<bind>
<opcode="alloca(26) " fcode="alloca"/>
<opset="secret_pk_ciphertext/1 "/>
</bind>
</comp>

<comp id="70" class="1004" name="pk_addr_gep_fu_70">
<pin_list>
<pin id="71" dir="0" index="0" bw="8" slack="0"/>
<pin id="72" dir="0" index="1" bw="1" slack="0"/>
<pin id="73" dir="0" index="2" bw="1" slack="0"/>
<pin id="74" dir="1" index="3" bw="6" slack="0"/>
</pin_list>
<bind>
<opcode="getelementptr(29) " fcode="getelementptr"/>
<opset="pk_addr/2 "/>
</bind>
</comp>

<comp id="78" class="1004" name="grp_access_fu_78">
<pin_list>
<pin id="79" dir="0" index="0" bw="6" slack="0"/>
<pin id="80" dir="0" index="1" bw="8" slack="0"/>
<pin id="81" dir="0" index="2" bw="0" slack="2147483647"/>
<pin id="82" dir="1" index="3" bw="8" slack="2147483647"/>
</pin_list>
<bind>
<opcode="store(28) " fcode="store"/>
<opset="store_ln535/2 store_ln539/4 store_ln542/6 "/>
</bind>
</comp>

<comp id="84" class="1004" name="pubkey_ciphertext_ad_gep_fu_84">
<pin_list>
<pin id="85" dir="0" index="0" bw="8" slack="2147483647"/>
<pin id="86" dir="0" index="1" bw="1" slack="0"/>
<pin id="87" dir="0" index="2" bw="5" slack="0"/>
<pin id="88" dir="1" index="3" bw="5" slack="0"/>
</pin_list>
<bind>
<opcode="getelementptr(29) " fcode="getelementptr"/>
<opset="pubkey_ciphertext_ad/3 "/>
</bind>
</comp>

<comp id="90" class="1004" name="grp_access_fu_90">
<pin_list>
<pin id="91" dir="0" index="0" bw="5" slack="0"/>
<pin id="92" dir="0" index="1" bw="8" slack="2147483647"/>
<pin id="93" dir="0" index="2" bw="0" slack="2147483647"/>
<pin id="94" dir="1" index="3" bw="8" slack="0"/>
</pin_list>
<bind>
<opcode="load(27) " fcode="load"/>
<opset="pubkey_ciphertext_lo/3 "/>
</bind>
</comp>

<comp id="96" class="1004" name="pk_addr_1_gep_fu_96">
<pin_list>
<pin id="97" dir="0" index="0" bw="8" slack="0"/>
<pin id="98" dir="0" index="1" bw="1" slack="0"/>
<pin id="99" dir="0" index="2" bw="5" slack="0"/>
<pin id="100" dir="1" index="3" bw="6" slack="0"/>
</pin_list>
<bind>
<opcode="getelementptr(29) " fcode="getelementptr"/>
<opset="pk_addr_1/4 "/>
</bind>
</comp>

<comp id="105" class="1004" name="pubkey_plaintext_add_gep_fu_105">
<pin_list>
<pin id="106" dir="0" index="0" bw="8" slack="2147483647"/>
<pin id="107" dir="0" index="1" bw="1" slack="0"/>
<pin id="108" dir="0" index="2" bw="5" slack="0"/>
<pin id="109" dir="1" index="3" bw="5" slack="0"/>
</pin_list>
<bind>
<opcode="getelementptr(29) " fcode="getelementptr"/>
<opset="pubkey_plaintext_add/5 "/>
</bind>
</comp>

<comp id="111" class="1004" name="grp_access_fu_111">
<pin_list>
<pin id="112" dir="0" index="0" bw="5" slack="0"/>
<pin id="113" dir="0" index="1" bw="8" slack="2147483647"/>
<pin id="114" dir="0" index="2" bw="0" slack="2147483647"/>
<pin id="115" dir="1" index="3" bw="8" slack="0"/>
</pin_list>
<bind>
<opcode="load(27) " fcode="load"/>
<opset="pubkey_plaintext_loa/5 "/>
</bind>
</comp>

<comp id="117" class="1004" name="sk_addr_gep_fu_117">
<pin_list>
<pin id="118" dir="0" index="0" bw="8" slack="0"/>
<pin id="119" dir="0" index="1" bw="1" slack="0"/>
<pin id="120" dir="0" index="2" bw="1" slack="0"/>
<pin id="121" dir="1" index="3" bw="6" slack="0"/>
</pin_list>
<bind>
<opcode="getelementptr(29) " fcode="getelementptr"/>
<opset="sk_addr/5 "/>
</bind>
</comp>

<comp id="125" class="1004" name="grp_access_fu_125">
<pin_list>
<pin id="126" dir="0" index="0" bw="6" slack="0"/>
<pin id="127" dir="0" index="1" bw="8" slack="0"/>
<pin id="128" dir="0" index="2" bw="0" slack="0"/>
<pin id="192" dir="0" index="4" bw="6" slack="0"/>
<pin id="193" dir="0" index="5" bw="8" slack="2147483647"/>
<pin id="194" dir="0" index="6" bw="0" slack="2147483647"/>
<pin id="129" dir="1" index="3" bw="8" slack="2147483647"/>
<pin id="195" dir="1" index="7" bw="8" slack="2147483647"/>
</pin_list>
<bind>
<opcode="store(28) " fcode="store"/>
<opset="store_ln609/5 store_ln615/8 store_ln616/8 store_ln617/9 "/>
</bind>
</comp>

<comp id="131" class="1004" name="pk_addr_2_gep_fu_131">
<pin_list>
<pin id="132" dir="0" index="0" bw="8" slack="0"/>
<pin id="133" dir="0" index="1" bw="1" slack="0"/>
<pin id="134" dir="0" index="2" bw="6" slack="0"/>
<pin id="135" dir="1" index="3" bw="6" slack="0"/>
</pin_list>
<bind>
<opcode="getelementptr(29) " fcode="getelementptr"/>
<opset="pk_addr_2/6 "/>
</bind>
</comp>

<comp id="140" class="1004" name="secret_data_addr_gep_fu_140">
<pin_list>
<pin id="141" dir="0" index="0" bw="8" slack="2147483647"/>
<pin id="142" dir="0" index="1" bw="1" slack="0"/>
<pin id="143" dir="0" index="2" bw="5" slack="0"/>
<pin id="144" dir="1" index="3" bw="5" slack="0"/>
</pin_list>
<bind>
<opcode="getelementptr(29) " fcode="getelementptr"/>
<opset="secret_data_addr/7 "/>
</bind>
</comp>

<comp id="146" class="1004" name="grp_access_fu_146">
<pin_list>
<pin id="147" dir="0" index="0" bw="5" slack="0"/>
<pin id="148" dir="0" index="1" bw="8" slack="2147483647"/>
<pin id="149" dir="0" index="2" bw="0" slack="2147483647"/>
<pin id="150" dir="1" index="3" bw="8" slack="0"/>
</pin_list>
<bind>
<opcode="load(27) " fcode="load"/>
<opset="secret_data_load/7 "/>
</bind>
</comp>

<comp id="152" class="1004" name="secret_pk_ciphertext_1_gep_fu_152">
<pin_list>
<pin id="153" dir="0" index="0" bw="8" slack="2147483647"/>
<pin id="154" dir="0" index="1" bw="1" slack="0"/>
<pin id="155" dir="0" index="2" bw="5" slack="0"/>
<pin id="156" dir="1" index="3" bw="5" slack="0"/>
</pin_list>
<bind>
<opcode="getelementptr(29) " fcode="getelementptr"/>
<opset="secret_pk_ciphertext_1/7 "/>
</bind>
</comp>

<comp id="158" class="1004" name="grp_access_fu_158">
<pin_list>
<pin id="159" dir="0" index="0" bw="5" slack="0"/>
<pin id="160" dir="0" index="1" bw="8" slack="2147483647"/>
<pin id="161" dir="0" index="2" bw="0" slack="2147483647"/>
<pin id="162" dir="1" index="3" bw="8" slack="0"/>
</pin_list>
<bind>
<opcode="load(27) " fcode="load"/>
<opset="secret_pk_ciphertext_2/7 "/>
</bind>
</comp>

<comp id="164" class="1004" name="secret_pk_plaintext_s_gep_fu_164">
<pin_list>
<pin id="165" dir="0" index="0" bw="8" slack="2147483647"/>
<pin id="166" dir="0" index="1" bw="1" slack="0"/>
<pin id="167" dir="0" index="2" bw="5" slack="0"/>
<pin id="168" dir="1" index="3" bw="5" slack="0"/>
</pin_list>
<bind>
<opcode="getelementptr(29) " fcode="getelementptr"/>
<opset="secret_pk_plaintext_s/7 "/>
</bind>
</comp>

<comp id="170" class="1004" name="grp_access_fu_170">
<pin_list>
<pin id="171" dir="0" index="0" bw="5" slack="0"/>
<pin id="172" dir="0" index="1" bw="8" slack="2147483647"/>
<pin id="173" dir="0" index="2" bw="0" slack="2147483647"/>
<pin id="174" dir="1" index="3" bw="8" slack="1"/>
</pin_list>
<bind>
<opcode="load(27) " fcode="load"/>
<opset="secret_pk_plaintext_1/7 "/>
</bind>
</comp>

<comp id="176" class="1004" name="sk_addr_1_gep_fu_176">
<pin_list>
<pin id="177" dir="0" index="0" bw="8" slack="0"/>
<pin id="178" dir="0" index="1" bw="1" slack="0"/>
<pin id="179" dir="0" index="2" bw="5" slack="0"/>
<pin id="180" dir="1" index="3" bw="6" slack="0"/>
</pin_list>
<bind>
<opcode="getelementptr(29) " fcode="getelementptr"/>
<opset="sk_addr_1/8 "/>
</bind>
</comp>

<comp id="185" class="1004" name="sk_addr_2_gep_fu_185">
<pin_list>
<pin id="186" dir="0" index="0" bw="8" slack="0"/>
<pin id="187" dir="0" index="1" bw="1" slack="0"/>
<pin id="188" dir="0" index="2" bw="6" slack="0"/>
<pin id="189" dir="1" index="3" bw="6" slack="0"/>
</pin_list>
<bind>
<opcode="getelementptr(29) " fcode="getelementptr"/>
<opset="sk_addr_2/8 "/>
</bind>
</comp>

<comp id="198" class="1004" name="sk_addr_3_gep_fu_198">
<pin_list>
<pin id="199" dir="0" index="0" bw="8" slack="0"/>
<pin id="200" dir="0" index="1" bw="1" slack="0"/>
<pin id="201" dir="0" index="2" bw="6" slack="0"/>
<pin id="202" dir="1" index="3" bw="6" slack="0"/>
</pin_list>
<bind>
<opcode="getelementptr(29) " fcode="getelementptr"/>
<opset="sk_addr_3/9 "/>
</bind>
</comp>

<comp id="206" class="1005" name="loop_0_i_reg_206">
<pin_list>
<pin id="207" dir="0" index="0" bw="5" slack="1"/>
<pin id="208" dir="1" index="1" bw="5" slack="1"/>
</pin_list>
<bind>
<opset="loop_0_i (phireg) "/>
</bind>
</comp>

<comp id="210" class="1004" name="loop_0_i_phi_fu_210">
<pin_list>
<pin id="211" dir="0" index="0" bw="1" slack="1"/>
<pin id="212" dir="0" index="1" bw="0" slack="2147483647"/>
<pin id="213" dir="0" index="2" bw="5" slack="0"/>
<pin id="214" dir="0" index="3" bw="0" slack="2147483647"/>
<pin id="215" dir="1" index="4" bw="5" slack="0"/>
</pin_list>
<bind>
<opcode="phi(47) " fcode="phi"/>
<opset="loop_0_i/3 "/>
</bind>
</comp>

<comp id="217" class="1005" name="loop_1_i_reg_217">
<pin_list>
<pin id="218" dir="0" index="0" bw="5" slack="1"/>
<pin id="219" dir="1" index="1" bw="5" slack="1"/>
</pin_list>
<bind>
<opset="loop_1_i (phireg) "/>
</bind>
</comp>

<comp id="221" class="1004" name="loop_1_i_phi_fu_221">
<pin_list>
<pin id="222" dir="0" index="0" bw="5" slack="0"/>
<pin id="223" dir="0" index="1" bw="0" slack="2147483647"/>
<pin id="224" dir="0" index="2" bw="1" slack="1"/>
<pin id="225" dir="0" index="3" bw="0" slack="2147483647"/>
<pin id="226" dir="1" index="4" bw="5" slack="0"/>
</pin_list>
<bind>
<opcode="phi(47) " fcode="phi"/>
<opset="loop_1_i/5 "/>
</bind>
</comp>

<comp id="228" class="1005" name="loop_0_i2_reg_228">
<pin_list>
<pin id="229" dir="0" index="0" bw="5" slack="1"/>
<pin id="230" dir="1" index="1" bw="5" slack="1"/>
</pin_list>
<bind>
<opset="loop_0_i2 (phireg) "/>
</bind>
</comp>

<comp id="232" class="1004" name="loop_0_i2_phi_fu_232">
<pin_list>
<pin id="233" dir="0" index="0" bw="1" slack="1"/>
<pin id="234" dir="0" index="1" bw="0" slack="2147483647"/>
<pin id="235" dir="0" index="2" bw="5" slack="0"/>
<pin id="236" dir="0" index="3" bw="0" slack="2147483647"/>
<pin id="237" dir="1" index="4" bw="5" slack="0"/>
</pin_list>
<bind>
<opcode="phi(47) " fcode="phi"/>
<opset="loop_0_i2/7 "/>
</bind>
</comp>

<comp id="239" class="1005" name="UnifiedRetVal_reg_239">
<pin_list>
<pin id="240" dir="0" index="0" bw="32" slack="1"/>
<pin id="241" dir="1" index="1" bw="32" slack="1"/>
</pin_list>
<bind>
<opset="UnifiedRetVal (phireg) "/>
</bind>
</comp>

<comp id="243" class="1004" name="UnifiedRetVal_phi_fu_243">
<pin_list>
<pin id="244" dir="0" index="0" bw="32" slack="4"/>
<pin id="245" dir="0" index="1" bw="0" slack="2147483647"/>
<pin id="246" dir="0" index="2" bw="1" slack="1"/>
<pin id="247" dir="0" index="3" bw="0" slack="2147483647"/>
<pin id="248" dir="1" index="4" bw="32" slack="2147483647"/>
</pin_list>
<bind>
<opcode="phi(47) " fcode="phi"/>
<opset="UnifiedRetVal/10 "/>
</bind>
</comp>

<comp id="250" class="1004" name="grp_picnic_keygen_fu_250">
<pin_list>
<pin id="251" dir="0" index="0" bw="40" slack="0"/>
<pin id="252" dir="0" index="1" bw="4" slack="0"/>
<pin id="253" dir="0" index="2" bw="8" slack="0"/>
<pin id="254" dir="0" index="3" bw="8" slack="0"/>
<pin id="255" dir="0" index="4" bw="8" slack="0"/>
<pin id="256" dir="0" index="5" bw="8" slack="0"/>
<pin id="257" dir="0" index="6" bw="8" slack="0"/>
<pin id="258" dir="0" index="7" bw="8" slack="0"/>
<pin id="259" dir="0" index="8" bw="8" slack="0"/>
<pin id="260" dir="0" index="9" bw="8" slack="0"/>
<pin id="261" dir="0" index="10" bw="8" slack="0"/>
<pin id="262" dir="0" index="11" bw="32" slack="0"/>
<pin id="263" dir="0" index="12" bw="32" slack="0"/>
<pin id="264" dir="0" index="13" bw="32" slack="0"/>
<pin id="265" dir="0" index="14" bw="32" slack="0"/>
<pin id="266" dir="1" index="15" bw="40" slack="0"/>
</pin_list>
<bind>
<opcode="call(48) " fcode="call"/>
<opset="call_ret/1 "/>
</bind>
</comp>

<comp id="281" class="1004" name="params_load_load_fu_281">
<pin_list>
<pin id="282" dir="0" index="0" bw="4" slack="0"/>
<pin id="283" dir="1" index="1" bw="4" slack="0"/>
</pin_list>
<bind>
<opcode="load(27) " fcode="load"/>
<opset="params_load/1 "/>
</bind>
</comp>

<comp id="286" class="1004" name="ret_fu_286">
<pin_list>
<pin id="287" dir="0" index="0" bw="40" slack="0"/>
<pin id="288" dir="1" index="1" bw="32" slack="0"/>
</pin_list>
<bind>
<opcode="extractvalue(56) " fcode="extractvalue"/>
<opset="ret/2 "/>
</bind>
</comp>

<comp id="290" class="1004" name="pubkey_params_fu_290">
<pin_list>
<pin id="291" dir="0" index="0" bw="40" slack="0"/>
<pin id="292" dir="1" index="1" bw="4" slack="0"/>
</pin_list>
<bind>
<opcode="extractvalue(56) " fcode="extractvalue"/>
<opset="pubkey_params/2 "/>
</bind>
</comp>

<comp id="294" class="1004" name="secret_params_fu_294">
<pin_list>
<pin id="295" dir="0" index="0" bw="40" slack="0"/>
<pin id="296" dir="1" index="1" bw="4" slack="2"/>
</pin_list>
<bind>
<opcode="extractvalue(56) " fcode="extractvalue"/>
<opset="secret_params/2 "/>
</bind>
</comp>

<comp id="298" class="1004" name="icmp_ln66_fu_298">
<pin_list>
<pin id="299" dir="0" index="0" bw="32" slack="0"/>
<pin id="300" dir="0" index="1" bw="32" slack="0"/>
<pin id="301" dir="1" index="2" bw="1" slack="2147483647"/>
</pin_list>
<bind>
<opcode="icmp(45) " fcode="icmp"/>
<opset="icmp_ln66/2 "/>
</bind>
</comp>

<comp id="304" class="1004" name="zext_ln535_fu_304">
<pin_list>
<pin id="305" dir="0" index="0" bw="4" slack="0"/>
<pin id="306" dir="1" index="1" bw="8" slack="0"/>
</pin_list>
<bind>
<opcode="zext(34) " fcode="zext"/>
<opset="zext_ln535/2 "/>
</bind>
</comp>

<comp id="309" class="1004" name="icmp_ln538_fu_309">
<pin_list>
<pin id="310" dir="0" index="0" bw="5" slack="0"/>
<pin id="311" dir="0" index="1" bw="5" slack="0"/>
<pin id="312" dir="1" index="2" bw="1" slack="2147483647"/>
</pin_list>
<bind>
<opcode="icmp(45) " fcode="icmp"/>
<opset="icmp_ln538/3 "/>
</bind>
</comp>

<comp id="315" class="1004" name="loop_fu_315">
<pin_list>
<pin id="316" dir="0" index="0" bw="5" slack="0"/>
<pin id="317" dir="0" index="1" bw="1" slack="0"/>
<pin id="318" dir="1" index="2" bw="5" slack="0"/>
</pin_list>
<bind>
<opcode="add(8) " fcode="add"/>
<opset="loop/3 "/>
</bind>
</comp>

<comp id="321" class="1004" name="zext_ln539_fu_321">
<pin_list>
<pin id="322" dir="0" index="0" bw="5" slack="0"/>
<pin id="323" dir="1" index="1" bw="64" slack="0"/>
</pin_list>
<bind>
<opcode="zext(34) " fcode="zext"/>
<opset="zext_ln539/3 "/>
</bind>
</comp>

<comp id="326" class="1004" name="zext_ln539_1_fu_326">
<pin_list>
<pin id="327" dir="0" index="0" bw="5" slack="1"/>
<pin id="328" dir="1" index="1" bw="64" slack="0"/>
</pin_list>
<bind>
<opcode="zext(34) " fcode="zext"/>
<opset="zext_ln539_1/4 "/>
</bind>
</comp>

<comp id="330" class="1004" name="zext_ln541_fu_330">
<pin_list>
<pin id="331" dir="0" index="0" bw="5" slack="0"/>
<pin id="332" dir="1" index="1" bw="6" slack="1"/>
</pin_list>
<bind>
<opcode="zext(34) " fcode="zext"/>
<opset="zext_ln541/5 "/>
</bind>
</comp>

<comp id="334" class="1004" name="icmp_ln541_fu_334">
<pin_list>
<pin id="335" dir="0" index="0" bw="5" slack="0"/>
<pin id="336" dir="0" index="1" bw="5" slack="0"/>
<pin id="337" dir="1" index="2" bw="1" slack="2147483647"/>
</pin_list>
<bind>
<opcode="icmp(45) " fcode="icmp"/>
<opset="icmp_ln541/5 "/>
</bind>
</comp>

<comp id="340" class="1004" name="loop_5_fu_340">
<pin_list>
<pin id="341" dir="0" index="0" bw="5" slack="0"/>
<pin id="342" dir="0" index="1" bw="1" slack="0"/>
<pin id="343" dir="1" index="2" bw="5" slack="0"/>
</pin_list>
<bind>
<opcode="add(8) " fcode="add"/>
<opset="loop_5/5 "/>
</bind>
</comp>

<comp id="346" class="1004" name="zext_ln542_fu_346">
<pin_list>
<pin id="347" dir="0" index="0" bw="5" slack="0"/>
<pin id="348" dir="1" index="1" bw="64" slack="0"/>
</pin_list>
<bind>
<opcode="zext(34) " fcode="zext"/>
<opset="zext_ln542/5 "/>
</bind>
</comp>

<comp id="351" class="1004" name="zext_ln609_fu_351">
<pin_list>
<pin id="352" dir="0" index="0" bw="4" slack="2"/>
<pin id="353" dir="1" index="1" bw="8" slack="0"/>
</pin_list>
<bind>
<opcode="zext(34) " fcode="zext"/>
<opset="zext_ln609/5 "/>
</bind>
</comp>

<comp id="355" class="1004" name="add_ln542_1_fu_355">
<pin_list>
<pin id="356" dir="0" index="0" bw="5" slack="1"/>
<pin id="357" dir="0" index="1" bw="6" slack="0"/>
<pin id="358" dir="1" index="2" bw="6" slack="0"/>
</pin_list>
<bind>
<opcode="add(8) " fcode="add"/>
<opset="add_ln542_1/6 "/>
</bind>
</comp>

<comp id="360" class="1004" name="zext_ln542_1_fu_360">
<pin_list>
<pin id="361" dir="0" index="0" bw="6" slack="0"/>
<pin id="362" dir="1" index="1" bw="64" slack="0"/>
</pin_list>
<bind>
<opcode="zext(34) " fcode="zext"/>
<opset="zext_ln542_1/6 "/>
</bind>
</comp>

<comp id="365" class="1004" name="zext_ln614_fu_365">
<pin_list>
<pin id="366" dir="0" index="0" bw="5" slack="0"/>
<pin id="367" dir="1" index="1" bw="64" slack="0"/>
</pin_list>
<bind>
<opcode="zext(34) " fcode="zext"/>
<opset="zext_ln614/7 "/>
</bind>
</comp>

<comp id="372" class="1004" name="sext_ln614_i_cast_fu_372">
<pin_list>
<pin id="373" dir="0" index="0" bw="5" slack="0"/>
<pin id="374" dir="1" index="1" bw="6" slack="1"/>
</pin_list>
<bind>
<opcode="zext(34) " fcode="zext"/>
<opset="sext_ln614_i_cast/7 "/>
</bind>
</comp>

<comp id="376" class="1004" name="icmp_ln614_fu_376">
<pin_list>
<pin id="377" dir="0" index="0" bw="5" slack="0"/>
<pin id="378" dir="0" index="1" bw="5" slack="0"/>
<pin id="379" dir="1" index="2" bw="1" slack="2147483647"/>
</pin_list>
<bind>
<opcode="icmp(45) " fcode="icmp"/>
<opset="icmp_ln614/7 "/>
</bind>
</comp>

<comp id="382" class="1004" name="loop_6_fu_382">
<pin_list>
<pin id="383" dir="0" index="0" bw="5" slack="0"/>
<pin id="384" dir="0" index="1" bw="1" slack="0"/>
<pin id="385" dir="1" index="2" bw="5" slack="0"/>
</pin_list>
<bind>
<opcode="add(8) " fcode="add"/>
<opset="loop_6/7 "/>
</bind>
</comp>

<comp id="388" class="1004" name="zext_ln615_fu_388">
<pin_list>
<pin id="389" dir="0" index="0" bw="5" slack="1"/>
<pin id="390" dir="1" index="1" bw="64" slack="0"/>
</pin_list>
<bind>
<opcode="zext(34) " fcode="zext"/>
<opset="zext_ln615/8 "/>
</bind>
</comp>

<comp id="392" class="1004" name="add_ln616_fu_392">
<pin_list>
<pin id="393" dir="0" index="0" bw="5" slack="1"/>
<pin id="394" dir="0" index="1" bw="6" slack="0"/>
<pin id="395" dir="1" index="2" bw="6" slack="0"/>
</pin_list>
<bind>
<opcode="add(8) " fcode="add"/>
<opset="add_ln616/8 "/>
</bind>
</comp>

<comp id="397" class="1004" name="zext_ln616_fu_397">
<pin_list>
<pin id="398" dir="0" index="0" bw="6" slack="0"/>
<pin id="399" dir="1" index="1" bw="64" slack="0"/>
</pin_list>
<bind>
<opcode="zext(34) " fcode="zext"/>
<opset="zext_ln616/8 "/>
</bind>
</comp>

<comp id="402" class="1004" name="add_ln617_fu_402">
<pin_list>
<pin id="403" dir="0" index="0" bw="5" slack="2"/>
<pin id="404" dir="0" index="1" bw="6" slack="0"/>
<pin id="405" dir="1" index="2" bw="6" slack="0"/>
</pin_list>
<bind>
<opcode="add(8) " fcode="add"/>
<opset="add_ln617/9 "/>
</bind>
</comp>

<comp id="407" class="1004" name="zext_ln617_fu_407">
<pin_list>
<pin id="408" dir="0" index="0" bw="6" slack="0"/>
<pin id="409" dir="1" index="1" bw="64" slack="0"/>
</pin_list>
<bind>
<opcode="zext(34) " fcode="zext"/>
<opset="zext_ln617/9 "/>
</bind>
</comp>

<comp id="412" class="1005" name="params_load_reg_412">
<pin_list>
<pin id="413" dir="0" index="0" bw="4" slack="1"/>
<pin id="414" dir="1" index="1" bw="4" slack="1"/>
</pin_list>
<bind>
<opset="params_load "/>
</bind>
</comp>

<comp id="417" class="1005" name="ret_reg_417">
<pin_list>
<pin id="418" dir="0" index="0" bw="32" slack="4"/>
<pin id="419" dir="1" index="1" bw="32" slack="4"/>
</pin_list>
<bind>
<opset="ret "/>
</bind>
</comp>

<comp id="422" class="1005" name="secret_params_reg_422">
<pin_list>
<pin id="423" dir="0" index="0" bw="4" slack="2"/>
<pin id="424" dir="1" index="1" bw="4" slack="2"/>
</pin_list>
<bind>
<opset="secret_params "/>
</bind>
</comp>

<comp id="433" class="1005" name="loop_reg_433">
<pin_list>
<pin id="434" dir="0" index="0" bw="5" slack="0"/>
<pin id="435" dir="1" index="1" bw="5" slack="0"/>
</pin_list>
<bind>
<opset="loop "/>
</bind>
</comp>

<comp id="439" class="1005" name="pubkey_ciphertext_ad_reg_439">
<pin_list>
<pin id="440" dir="0" index="0" bw="5" slack="1"/>
<pin id="441" dir="1" index="1" bw="5" slack="1"/>
</pin_list>
<bind>
<opset="pubkey_ciphertext_ad "/>
</bind>
</comp>

<comp id="444" class="1005" name="zext_ln541_reg_444">
<pin_list>
<pin id="445" dir="0" index="0" bw="6" slack="1"/>
<pin id="446" dir="1" index="1" bw="6" slack="1"/>
</pin_list>
<bind>
<opset="zext_ln541 "/>
</bind>
</comp>

<comp id="452" class="1005" name="loop_5_reg_452">
<pin_list>
<pin id="453" dir="0" index="0" bw="5" slack="0"/>
<pin id="454" dir="1" index="1" bw="5" slack="0"/>
</pin_list>
<bind>
<opset="loop_5 "/>
</bind>
</comp>

<comp id="457" class="1005" name="pubkey_plaintext_add_reg_457">
<pin_list>
<pin id="458" dir="0" index="0" bw="5" slack="1"/>
<pin id="459" dir="1" index="1" bw="5" slack="1"/>
</pin_list>
<bind>
<opset="pubkey_plaintext_add "/>
</bind>
</comp>

<comp id="462" class="1005" name="sext_ln614_i_cast_reg_462">
<pin_list>
<pin id="463" dir="0" index="0" bw="6" slack="1"/>
<pin id="464" dir="1" index="1" bw="6" slack="1"/>
</pin_list>
<bind>
<opset="sext_ln614_i_cast "/>
</bind>
</comp>

<comp id="471" class="1005" name="loop_6_reg_471">
<pin_list>
<pin id="472" dir="0" index="0" bw="5" slack="0"/>
<pin id="473" dir="1" index="1" bw="5" slack="0"/>
</pin_list>
<bind>
<opset="loop_6 "/>
</bind>
</comp>

<comp id="477" class="1005" name="secret_data_addr_reg_477">
<pin_list>
<pin id="478" dir="0" index="0" bw="5" slack="1"/>
<pin id="479" dir="1" index="1" bw="5" slack="1"/>
</pin_list>
<bind>
<opset="secret_data_addr "/>
</bind>
</comp>

<comp id="482" class="1005" name="secret_pk_ciphertext_1_reg_482">
<pin_list>
<pin id="483" dir="0" index="0" bw="5" slack="1"/>
<pin id="484" dir="1" index="1" bw="5" slack="1"/>
</pin_list>
<bind>
<opset="secret_pk_ciphertext_1 "/>
</bind>
</comp>

<comp id="487" class="1005" name="secret_pk_plaintext_s_reg_487">
<pin_list>
<pin id="488" dir="0" index="0" bw="5" slack="1"/>
<pin id="489" dir="1" index="1" bw="5" slack="1"/>
</pin_list>
<bind>
<opset="secret_pk_plaintext_s "/>
</bind>
</comp>

<comp id="492" class="1005" name="secret_pk_plaintext_1_reg_492">
<pin_list>
<pin id="493" dir="0" index="0" bw="8" slack="1"/>
<pin id="494" dir="1" index="1" bw="8" slack="1"/>
</pin_list>
<bind>
<opset="secret_pk_plaintext_1 "/>
</bind>
</comp>

</comp_list>

<net_list>
<net id="53"><net_src comp="22" pin="0"/><net_sink comp="50" pin=0"/></net>

<net id="57"><net_src comp="22" pin="0"/><net_sink comp="54" pin=0"/></net>

<net id="61"><net_src comp="22" pin="0"/><net_sink comp="58" pin=0"/></net>

<net id="65"><net_src comp="22" pin="0"/><net_sink comp="62" pin=0"/></net>

<net id="69"><net_src comp="22" pin="0"/><net_sink comp="66" pin=0"/></net>

<net id="75"><net_src comp="0" pin="0"/><net_sink comp="70" pin=0"/></net>

<net id="76"><net_src comp="34" pin="0"/><net_sink comp="70" pin=1"/></net>

<net id="77"><net_src comp="34" pin="0"/><net_sink comp="70" pin=2"/></net>

<net id="83"><net_src comp="70" pin="3"/><net_sink comp="78" pin=0"/></net>

<net id="89"><net_src comp="34" pin="0"/><net_sink comp="84" pin=1"/></net>

<net id="95"><net_src comp="84" pin="3"/><net_sink comp="90" pin=0"/></net>

<net id="101"><net_src comp="0" pin="0"/><net_sink comp="96" pin=0"/></net>

<net id="102"><net_src comp="34" pin="0"/><net_sink comp="96" pin=1"/></net>

<net id="103"><net_src comp="90" pin="3"/><net_sink comp="78" pin=1"/></net>

<net id="104"><net_src comp="96" pin="3"/><net_sink comp="78" pin=0"/></net>

<net id="110"><net_src comp="34" pin="0"/><net_sink comp="105" pin=1"/></net>

<net id="116"><net_src comp="105" pin="3"/><net_sink comp="111" pin=0"/></net>

<net id="122"><net_src comp="2" pin="0"/><net_sink comp="117" pin=0"/></net>

<net id="123"><net_src comp="34" pin="0"/><net_sink comp="117" pin=1"/></net>

<net id="124"><net_src comp="34" pin="0"/><net_sink comp="117" pin=2"/></net>

<net id="130"><net_src comp="117" pin="3"/><net_sink comp="125" pin=0"/></net>

<net id="136"><net_src comp="0" pin="0"/><net_sink comp="131" pin=0"/></net>

<net id="137"><net_src comp="34" pin="0"/><net_sink comp="131" pin=1"/></net>

<net id="138"><net_src comp="111" pin="3"/><net_sink comp="78" pin=1"/></net>

<net id="139"><net_src comp="131" pin="3"/><net_sink comp="78" pin=0"/></net>

<net id="145"><net_src comp="34" pin="0"/><net_sink comp="140" pin=1"/></net>

<net id="151"><net_src comp="140" pin="3"/><net_sink comp="146" pin=0"/></net>

<net id="157"><net_src comp="34" pin="0"/><net_sink comp="152" pin=1"/></net>

<net id="163"><net_src comp="152" pin="3"/><net_sink comp="158" pin=0"/></net>

<net id="169"><net_src comp="34" pin="0"/><net_sink comp="164" pin=1"/></net>

<net id="175"><net_src comp="164" pin="3"/><net_sink comp="170" pin=0"/></net>

<net id="181"><net_src comp="2" pin="0"/><net_sink comp="176" pin=0"/></net>

<net id="182"><net_src comp="34" pin="0"/><net_sink comp="176" pin=1"/></net>

<net id="183"><net_src comp="146" pin="3"/><net_sink comp="125" pin=1"/></net>

<net id="184"><net_src comp="176" pin="3"/><net_sink comp="125" pin=0"/></net>

<net id="190"><net_src comp="2" pin="0"/><net_sink comp="185" pin=0"/></net>

<net id="191"><net_src comp="34" pin="0"/><net_sink comp="185" pin=1"/></net>

<net id="196"><net_src comp="158" pin="3"/><net_sink comp="125" pin=4"/></net>

<net id="197"><net_src comp="185" pin="3"/><net_sink comp="125" pin=2"/></net>

<net id="203"><net_src comp="2" pin="0"/><net_sink comp="198" pin=0"/></net>

<net id="204"><net_src comp="34" pin="0"/><net_sink comp="198" pin=1"/></net>

<net id="205"><net_src comp="198" pin="3"/><net_sink comp="125" pin=2"/></net>

<net id="209"><net_src comp="36" pin="0"/><net_sink comp="206" pin=0"/></net>

<net id="216"><net_src comp="206" pin="1"/><net_sink comp="210" pin=0"/></net>

<net id="220"><net_src comp="36" pin="0"/><net_sink comp="217" pin=0"/></net>

<net id="227"><net_src comp="217" pin="1"/><net_sink comp="221" pin=2"/></net>

<net id="231"><net_src comp="36" pin="0"/><net_sink comp="228" pin=0"/></net>

<net id="238"><net_src comp="228" pin="1"/><net_sink comp="232" pin=0"/></net>

<net id="242"><net_src comp="28" pin="0"/><net_sink comp="239" pin=0"/></net>

<net id="249"><net_src comp="239" pin="1"/><net_sink comp="243" pin=2"/></net>

<net id="267"><net_src comp="24" pin="0"/><net_sink comp="250" pin=0"/></net>

<net id="268"><net_src comp="50" pin="1"/><net_sink comp="250" pin=2"/></net>

<net id="269"><net_src comp="54" pin="1"/><net_sink comp="250" pin=3"/></net>

<net id="270"><net_src comp="58" pin="1"/><net_sink comp="250" pin=4"/></net>

<net id="271"><net_src comp="62" pin="1"/><net_sink comp="250" pin=5"/></net>

<net id="272"><net_src comp="66" pin="1"/><net_sink comp="250" pin=6"/></net>

<net id="273"><net_src comp="6" pin="0"/><net_sink comp="250" pin=7"/></net>

<net id="274"><net_src comp="8" pin="0"/><net_sink comp="250" pin=8"/></net>

<net id="275"><net_src comp="10" pin="0"/><net_sink comp="250" pin=9"/></net>

<net id="276"><net_src comp="12" pin="0"/><net_sink comp="250" pin=10"/></net>

<net id="277"><net_src comp="14" pin="0"/><net_sink comp="250" pin=11"/></net>

<net id="278"><net_src comp="16" pin="0"/><net_sink comp="250" pin=12"/></net>

<net id="279"><net_src comp="18" pin="0"/><net_sink comp="250" pin=13"/></net>

<net id="280"><net_src comp="20" pin="0"/><net_sink comp="250" pin=14"/></net>

<net id="284"><net_src comp="4" pin="0"/><net_sink comp="281" pin=0"/></net>

<net id="285"><net_src comp="281" pin="1"/><net_sink comp="250" pin=1"/></net>

<net id="289"><net_src comp="250" pin="15"/><net_sink comp="286" pin=0"/></net>

<net id="293"><net_src comp="250" pin="15"/><net_sink comp="290" pin=0"/></net>

<net id="297"><net_src comp="250" pin="15"/><net_sink comp="294" pin=0"/></net>

<net id="302"><net_src comp="286" pin="1"/><net_sink comp="298" pin=0"/></net>

<net id="303"><net_src comp="28" pin="0"/><net_sink comp="298" pin=1"/></net>

<net id="307"><net_src comp="290" pin="1"/><net_sink comp="304" pin=0"/></net>

<net id="308"><net_src comp="304" pin="1"/><net_sink comp="78" pin=1"/></net>

<net id="313"><net_src comp="210" pin="4"/><net_sink comp="309" pin=0"/></net>

<net id="314"><net_src comp="38" pin="0"/><net_sink comp="309" pin=1"/></net>

<net id="319"><net_src comp="210" pin="4"/><net_sink comp="315" pin=0"/></net>

<net id="320"><net_src comp="44" pin="0"/><net_sink comp="315" pin=1"/></net>

<net id="324"><net_src comp="210" pin="4"/><net_sink comp="321" pin=0"/></net>

<net id="325"><net_src comp="321" pin="1"/><net_sink comp="84" pin=2"/></net>

<net id="329"><net_src comp="326" pin="1"/><net_sink comp="96" pin=2"/></net>

<net id="333"><net_src comp="221" pin="4"/><net_sink comp="330" pin=0"/></net>

<net id="338"><net_src comp="221" pin="4"/><net_sink comp="334" pin=0"/></net>

<net id="339"><net_src comp="38" pin="0"/><net_sink comp="334" pin=1"/></net>

<net id="344"><net_src comp="221" pin="4"/><net_sink comp="340" pin=0"/></net>

<net id="345"><net_src comp="44" pin="0"/><net_sink comp="340" pin=1"/></net>

<net id="349"><net_src comp="221" pin="4"/><net_sink comp="346" pin=0"/></net>

<net id="350"><net_src comp="346" pin="1"/><net_sink comp="105" pin=2"/></net>

<net id="354"><net_src comp="351" pin="1"/><net_sink comp="125" pin=1"/></net>

<net id="359"><net_src comp="46" pin="0"/><net_sink comp="355" pin=1"/></net>

<net id="363"><net_src comp="355" pin="2"/><net_sink comp="360" pin=0"/></net>

<net id="364"><net_src comp="360" pin="1"/><net_sink comp="131" pin=2"/></net>

<net id="368"><net_src comp="232" pin="4"/><net_sink comp="365" pin=0"/></net>

<net id="369"><net_src comp="365" pin="1"/><net_sink comp="140" pin=2"/></net>

<net id="370"><net_src comp="365" pin="1"/><net_sink comp="152" pin=2"/></net>

<net id="371"><net_src comp="365" pin="1"/><net_sink comp="164" pin=2"/></net>

<net id="375"><net_src comp="232" pin="4"/><net_sink comp="372" pin=0"/></net>

<net id="380"><net_src comp="232" pin="4"/><net_sink comp="376" pin=0"/></net>

<net id="381"><net_src comp="38" pin="0"/><net_sink comp="376" pin=1"/></net>

<net id="386"><net_src comp="232" pin="4"/><net_sink comp="382" pin=0"/></net>

<net id="387"><net_src comp="44" pin="0"/><net_sink comp="382" pin=1"/></net>

<net id="391"><net_src comp="388" pin="1"/><net_sink comp="176" pin=2"/></net>

<net id="396"><net_src comp="46" pin="0"/><net_sink comp="392" pin=1"/></net>

<net id="400"><net_src comp="392" pin="2"/><net_sink comp="397" pin=0"/></net>

<net id="401"><net_src comp="397" pin="1"/><net_sink comp="185" pin=2"/></net>

<net id="406"><net_src comp="48" pin="0"/><net_sink comp="402" pin=1"/></net>

<net id="410"><net_src comp="402" pin="2"/><net_sink comp="407" pin=0"/></net>

<net id="411"><net_src comp="407" pin="1"/><net_sink comp="198" pin=2"/></net>

<net id="415"><net_src comp="281" pin="1"/><net_sink comp="412" pin=0"/></net>

<net id="416"><net_src comp="412" pin="1"/><net_sink comp="250" pin=1"/></net>

<net id="420"><net_src comp="286" pin="1"/><net_sink comp="417" pin=0"/></net>

<net id="421"><net_src comp="417" pin="1"/><net_sink comp="243" pin=0"/></net>

<net id="425"><net_src comp="294" pin="1"/><net_sink comp="422" pin=0"/></net>

<net id="426"><net_src comp="422" pin="1"/><net_sink comp="351" pin=0"/></net>

<net id="436"><net_src comp="315" pin="2"/><net_sink comp="433" pin=0"/></net>

<net id="437"><net_src comp="433" pin="1"/><net_sink comp="210" pin=2"/></net>

<net id="438"><net_src comp="433" pin="1"/><net_sink comp="326" pin=0"/></net>

<net id="442"><net_src comp="84" pin="3"/><net_sink comp="439" pin=0"/></net>

<net id="443"><net_src comp="439" pin="1"/><net_sink comp="90" pin=0"/></net>

<net id="447"><net_src comp="330" pin="1"/><net_sink comp="444" pin=0"/></net>

<net id="448"><net_src comp="444" pin="1"/><net_sink comp="355" pin=0"/></net>

<net id="455"><net_src comp="340" pin="2"/><net_sink comp="452" pin=0"/></net>

<net id="456"><net_src comp="452" pin="1"/><net_sink comp="221" pin=0"/></net>

<net id="460"><net_src comp="105" pin="3"/><net_sink comp="457" pin=0"/></net>

<net id="461"><net_src comp="457" pin="1"/><net_sink comp="111" pin=0"/></net>

<net id="465"><net_src comp="372" pin="1"/><net_sink comp="462" pin=0"/></net>

<net id="466"><net_src comp="462" pin="1"/><net_sink comp="392" pin=0"/></net>

<net id="467"><net_src comp="462" pin="1"/><net_sink comp="402" pin=0"/></net>

<net id="474"><net_src comp="382" pin="2"/><net_sink comp="471" pin=0"/></net>

<net id="475"><net_src comp="471" pin="1"/><net_sink comp="232" pin=2"/></net>

<net id="476"><net_src comp="471" pin="1"/><net_sink comp="388" pin=0"/></net>

<net id="480"><net_src comp="140" pin="3"/><net_sink comp="477" pin=0"/></net>

<net id="481"><net_src comp="477" pin="1"/><net_sink comp="146" pin=0"/></net>

<net id="485"><net_src comp="152" pin="3"/><net_sink comp="482" pin=0"/></net>

<net id="486"><net_src comp="482" pin="1"/><net_sink comp="158" pin=0"/></net>

<net id="490"><net_src comp="164" pin="3"/><net_sink comp="487" pin=0"/></net>

<net id="491"><net_src comp="487" pin="1"/><net_sink comp="170" pin=0"/></net>

<net id="495"><net_src comp="170" pin="3"/><net_sink comp="492" pin=0"/></net>

<net id="496"><net_src comp="492" pin="1"/><net_sink comp="125" pin=4"/></net>

</net_list>

</model> 
---------------- Datapath Model END ------------------

* FSMD analyzer results:
  - Output states:
	Port: pk | {2 4 6 }
	Port: sk | {5 8 9 }
	Port: DRBG_ctx_V | {1 2 }
	Port: DRBG_ctx_Key | {1 2 }
	Port: DRBG_ctx_reseed_counter | {1 2 }
 - Input state : 
	Port: crypto_sign_keypair : params | {1 }
	Port: crypto_sign_keypair : DRBG_ctx_V | {1 2 }
	Port: crypto_sign_keypair : sbox | {1 2 }
	Port: crypto_sign_keypair : Rcon | {1 2 }
	Port: crypto_sign_keypair : DRBG_ctx_Key | {1 2 }
	Port: crypto_sign_keypair : DRBG_ctx_reseed_counter | {1 2 }
	Port: crypto_sign_keypair : temp_matrix | {1 2 }
	Port: crypto_sign_keypair : temp_matrix2 | {1 2 }
	Port: crypto_sign_keypair : temp_matrix3 | {1 2 }
  - Chain level:
	State 1
		call_ret : 1
	State 2
		ret : 1
		pubkey_params : 1
		secret_params : 1
		icmp_ln66 : 2
		br_ln66 : 3
		zext_ln535 : 2
		store_ln535 : 3
	State 3
		icmp_ln538 : 1
		loop : 1
		br_ln538 : 2
		zext_ln539 : 1
		pubkey_ciphertext_ad : 2
		pubkey_ciphertext_lo : 3
	State 4
		pk_addr_1 : 1
		store_ln539 : 2
	State 5
		zext_ln541 : 1
		icmp_ln541 : 1
		loop_5 : 1
		br_ln541 : 2
		zext_ln542 : 1
		pubkey_plaintext_add : 2
		pubkey_plaintext_loa : 3
		store_ln609 : 1
	State 6
		zext_ln542_1 : 1
		pk_addr_2 : 2
		store_ln542 : 3
	State 7
		zext_ln614 : 1
		sext_ln614_i_cast : 1
		icmp_ln614 : 1
		loop_6 : 1
		br_ln614 : 2
		secret_data_addr : 2
		secret_data_load : 3
		secret_pk_ciphertext_1 : 2
		secret_pk_ciphertext_2 : 3
		secret_pk_plaintext_s : 2
		secret_pk_plaintext_1 : 3
	State 8
		sk_addr_1 : 1
		store_ln615 : 2
		zext_ln616 : 1
		sk_addr_2 : 2
		store_ln616 : 3
	State 9
		zext_ln617 : 1
		sk_addr_3 : 2
		store_ln617 : 3
	State 10
		ret_ln81 : 1


============================================================
+ Verbose Summary: Datapath Resource usage 
============================================================

* Functional unit list:
|----------|--------------------------|---------|---------|---------|---------|---------|
| Operation|      Functional Unit     |   BRAM  |  Delay  |    FF   |   LUT   |   URAM  |
|----------|--------------------------|---------|---------|---------|---------|---------|
|   call   | grp_picnic_keygen_fu_250 |    9    | 139.613 |   3375  |   6021  |    0    |
|----------|--------------------------|---------|---------|---------|---------|---------|
|          |        loop_fu_315       |    0    |    0    |    0    |    15   |    0    |
|          |       loop_5_fu_340      |    0    |    0    |    0    |    15   |    0    |
|    add   |    add_ln542_1_fu_355    |    0    |    0    |    0    |    15   |    0    |
|          |       loop_6_fu_382      |    0    |    0    |    0    |    15   |    0    |
|          |     add_ln616_fu_392     |    0    |    0    |    0    |    15   |    0    |
|          |     add_ln617_fu_402     |    0    |    0    |    0    |    15   |    0    |
|----------|--------------------------|---------|---------|---------|---------|---------|
|          |     icmp_ln66_fu_298     |    0    |    0    |    0    |    18   |    0    |
|   icmp   |     icmp_ln538_fu_309    |    0    |    0    |    0    |    11   |    0    |
|          |     icmp_ln541_fu_334    |    0    |    0    |    0    |    11   |    0    |
|          |     icmp_ln614_fu_376    |    0    |    0    |    0    |    11   |    0    |
|----------|--------------------------|---------|---------|---------|---------|---------|
|          |        ret_fu_286        |    0    |    0    |    0    |    0    |    0    |
|extractvalue|   pubkey_params_fu_290   |    0    |    0    |    0    |    0    |    0    |
|          |   secret_params_fu_294   |    0    |    0    |    0    |    0    |    0    |
|----------|--------------------------|---------|---------|---------|---------|---------|
|          |     zext_ln535_fu_304    |    0    |    0    |    0    |    0    |    0    |
|          |     zext_ln539_fu_321    |    0    |    0    |    0    |    0    |    0    |
|          |    zext_ln539_1_fu_326   |    0    |    0    |    0    |    0    |    0    |
|          |     zext_ln541_fu_330    |    0    |    0    |    0    |    0    |    0    |
|          |     zext_ln542_fu_346    |    0    |    0    |    0    |    0    |    0    |
|   zext   |     zext_ln609_fu_351    |    0    |    0    |    0    |    0    |    0    |
|          |    zext_ln542_1_fu_360   |    0    |    0    |    0    |    0    |    0    |
|          |     zext_ln614_fu_365    |    0    |    0    |    0    |    0    |    0    |
|          | sext_ln614_i_cast_fu_372 |    0    |    0    |    0    |    0    |    0    |
|          |     zext_ln615_fu_388    |    0    |    0    |    0    |    0    |    0    |
|          |     zext_ln616_fu_397    |    0    |    0    |    0    |    0    |    0    |
|          |     zext_ln617_fu_407    |    0    |    0    |    0    |    0    |    0    |
|----------|--------------------------|---------|---------|---------|---------|---------|
|   Total  |                          |    9    | 139.613 |   3375  |   6162  |    0    |
|----------|--------------------------|---------|---------|---------|---------|---------|

Memories:
+--------------------+--------+--------+--------+--------+
|                    |  BRAM  |   FF   |   LUT  |  URAM  |
+--------------------+--------+--------+--------+--------+
|        Rcon        |    0   |    8   |    2   |    -   |
|  pubkey_ciphertext |    0   |   16   |    4   |    0   |
|  pubkey_plaintext  |    0   |   16   |    4   |    0   |
|        sbox        |    1   |    0   |    0   |    -   |
|     secret_data    |    0   |   16   |    4   |    0   |
|secret_pk_ciphertext|    0   |   16   |    4   |    0   |
| secret_pk_plaintext|    0   |   16   |    4   |    0   |
|     temp_matrix    |   32   |    0   |    0   |    -   |
|    temp_matrix2    |   32   |    0   |    0   |    -   |
|    temp_matrix3    |    1   |    0   |    0   |    -   |
+--------------------+--------+--------+--------+--------+
|        Total       |   66   |   88   |   22   |    0   |
+--------------------+--------+--------+--------+--------+

* Register list:
+------------------------------+--------+
|                              |   FF   |
+------------------------------+--------+
|     UnifiedRetVal_reg_239    |   32   |
|       loop_0_i2_reg_228      |    5   |
|       loop_0_i_reg_206       |    5   |
|       loop_1_i_reg_217       |    5   |
|        loop_5_reg_452        |    5   |
|        loop_6_reg_471        |    5   |
|         loop_reg_433         |    5   |
|      params_load_reg_412     |    4   |
| pubkey_ciphertext_ad_reg_439 |    5   |
| pubkey_plaintext_add_reg_457 |    5   |
|          ret_reg_417         |   32   |
|   secret_data_addr_reg_477   |    5   |
|     secret_params_reg_422    |    4   |
|secret_pk_ciphertext_1_reg_482|    5   |
| secret_pk_plaintext_1_reg_492|    8   |
| secret_pk_plaintext_s_reg_487|    5   |
|   sext_ln614_i_cast_reg_462  |    6   |
|      zext_ln541_reg_444      |    6   |
+------------------------------+--------+
|             Total            |   147  |
+------------------------------+--------+

* Multiplexer (MUX) list: 
|--------------------------|------|------|------|--------||---------||---------|
|           Comp           |  Pin | Size |  BW  | S x BW ||  Delay  ||   LUT   |
|--------------------------|------|------|------|--------||---------||---------|
|     grp_access_fu_78     |  p0  |   3  |   6  |   18   ||    15   |
|     grp_access_fu_78     |  p1  |   3  |   8  |   24   ||    15   |
|     grp_access_fu_90     |  p0  |   2  |   5  |   10   ||    9    |
|     grp_access_fu_111    |  p0  |   2  |   5  |   10   ||    9    |
|     grp_access_fu_125    |  p0  |   2  |   6  |   12   ||    9    |
|     grp_access_fu_125    |  p1  |   2  |   8  |   16   ||    9    |
|     grp_access_fu_125    |  p2  |   2  |   0  |    0   ||    9    |
|     grp_access_fu_125    |  p4  |   2  |   6  |   12   ||    9    |
|     grp_access_fu_146    |  p0  |   2  |   5  |   10   ||    9    |
|     grp_access_fu_158    |  p0  |   2  |   5  |   10   ||    9    |
|     grp_access_fu_170    |  p0  |   2  |   5  |   10   ||    9    |
| grp_picnic_keygen_fu_250 |  p1  |   2  |   4  |    8   ||    9    |
|--------------------------|------|------|------|--------||---------||---------|
|           Total          |      |      |      |   140  || 16.4035 ||   120   |
|--------------------------|------|------|------|--------||---------||---------|



* Summary:
+-----------+--------+--------+--------+--------+--------+
|           |  BRAM  |  Delay |   FF   |   LUT  |  URAM  |
+-----------+--------+--------+--------+--------+--------+
|  Function |    9   |   139  |  3375  |  6162  |    0   |
|   Memory  |   66   |    -   |   88   |   22   |    0   |
|Multiplexer|    -   |   16   |    -   |   120  |    -   |
|  Register |    -   |    -   |   147  |    -   |    -   |
+-----------+--------+--------+--------+--------+--------+
|   Total   |   75   |   156  |  3610  |  6304  |    0   |
+-----------+--------+--------+--------+--------+--------+
