

================================================================
== Vivado HLS Report for 'SubBytes'
================================================================
* Date:           Thu May 14 22:22:16 2020

* Version:        2019.2 (Build 2704478 on Wed Nov 06 22:10:23 MST 2019)
* Project:        picnic1
* Solution:       keypair
* Product family: artix7
* Target device:  xc7a200t-fbg676-2


================================================================
== Performance Estimates
================================================================
+ Timing: 
    * Summary: 
    +--------+----------+----------+------------+
    |  Clock |  Target  | Estimated| Uncertainty|
    +--------+----------+----------+------------+
    |ap_clk  | 10.00 ns | 4.527 ns |   1.25 ns  |
    +--------+----------+----------+------------+

+ Latency: 
    * Summary: 
    +---------+---------+----------+----------+-----+-----+---------+
    |  Latency (cycles) |  Latency (absolute) |  Interval | Pipeline|
    |   min   |   max   |    min   |    max   | min | max |   Type  |
    +---------+---------+----------+----------+-----+-----+---------+
    |       57|       57| 0.570 us | 0.570 us |   57|   57|   none  |
    +---------+---------+----------+----------+-----+-----+---------+

    + Detail: 
        * Instance: 
        N/A

        * Loop: 
        +--------------------+---------+---------+----------+-----------+-----------+------+----------+
        |                    |  Latency (cycles) | Iteration|  Initiation Interval  | Trip |          |
        |      Loop Name     |   min   |   max   |  Latency |  achieved |   target  | Count| Pipelined|
        +--------------------+---------+---------+----------+-----------+-----------+------+----------+
        |- SubBytes_label1   |       56|       56|        14|          -|          -|     4|    no    |
        | + SubBytes_label0  |       12|       12|         3|          -|          -|     4|    no    |
        +--------------------+---------+---------+----------+-----------+-----------+------+----------+

============================================================
+ Verbose Summary: Synthesis Manager
============================================================
InlineROM: 1
ExposeGlobal: 1
============================================================
+ Verbose Summary: CDFG Model
============================================================
IsTopModel: 0
ResetActiveHigh: 1
IsCombinational: 0
IsDatapathOnly: 0
HasWiredReturn: 1
HasMFsm: 0
HasVarLatency: 1
IsPipeline: 0
IsRtlPipelined: 0
IsInstanceOverlapped: 0
IsDontTouch: 0
HasImplIP: 0
IsGatedGlobalClock: 0


============================================================
+ Verbose Summary: Schedule
============================================================
* Number of FSM states : 5
* Pipeline : 0
* Dataflow Pipeline: 0

* FSM state transitions: 
1 --> 2 
2 --> 3 
3 --> 4 2 
4 --> 5 
5 --> 3 

* FSM state operations: 

State 1 <SV = 0> <Delay = 1.35>
ST_1 : Operation 6 [1/1] (1.35ns)   --->   "br label %1" [NIST-KATs/aes.c:275]   --->   Operation 6 'br' <Predicate = true> <Delay = 1.35>

State 2 <SV = 1> <Delay = 1.35>
ST_2 : Operation 7 [1/1] (0.00ns)   --->   "%i_0 = phi i3 [ 0, %0 ], [ %i, %SubBytes_label1_end ]"   --->   Operation 7 'phi' 'i_0' <Predicate = true> <Delay = 0.00>
ST_2 : Operation 8 [1/1] (1.00ns)   --->   "%icmp_ln275 = icmp eq i3 %i_0, -4" [NIST-KATs/aes.c:275]   --->   Operation 8 'icmp' 'icmp_ln275' <Predicate = true> <Delay = 1.00> <Core = "Cmp">   --->   Core 25 'Cmp' <Latency = 0> <II = 1> <Delay = 1.00> <FuncUnit> <Opcode : 'icmp'> <InPorts = 2> <OutPorts = 1>
ST_2 : Operation 9 [1/1] (0.00ns)   --->   "%empty = call i32 (...)* @_ssdm_op_SpecLoopTripCount(i64 4, i64 4, i64 4) nounwind"   --->   Operation 9 'speclooptripcount' 'empty' <Predicate = true> <Delay = 0.00>
ST_2 : Operation 10 [1/1] (1.34ns)   --->   "%i = add i3 %i_0, 1" [NIST-KATs/aes.c:275]   --->   Operation 10 'add' 'i' <Predicate = true> <Delay = 1.34> <Core = "AddSub">   --->   Core 14 'AddSub' <Latency = 0> <II = 1> <Delay = 1.54> <FuncUnit> <Opcode : 'add' 'sub'> <InPorts = 2> <OutPorts = 1>
ST_2 : Operation 11 [1/1] (0.00ns)   --->   "br i1 %icmp_ln275, label %4, label %SubBytes_label1_begin" [NIST-KATs/aes.c:275]   --->   Operation 11 'br' <Predicate = true> <Delay = 0.00>
ST_2 : Operation 12 [1/1] (0.00ns)   --->   "call void (...)* @_ssdm_op_SpecLoopName([16 x i8]* @p_str415) nounwind" [NIST-KATs/aes.c:276]   --->   Operation 12 'specloopname' <Predicate = (!icmp_ln275)> <Delay = 0.00>
ST_2 : Operation 13 [1/1] (0.00ns)   --->   "%tmp = call i32 (...)* @_ssdm_op_SpecRegionBegin([16 x i8]* @p_str415) nounwind" [NIST-KATs/aes.c:276]   --->   Operation 13 'specregionbegin' 'tmp' <Predicate = (!icmp_ln275)> <Delay = 0.00>
ST_2 : Operation 14 [1/1] (0.00ns)   --->   "%zext_ln277 = zext i3 %i_0 to i6" [NIST-KATs/aes.c:277]   --->   Operation 14 'zext' 'zext_ln277' <Predicate = (!icmp_ln275)> <Delay = 0.00>
ST_2 : Operation 15 [1/1] (1.35ns)   --->   "br label %2" [NIST-KATs/aes.c:277]   --->   Operation 15 'br' <Predicate = (!icmp_ln275)> <Delay = 1.35>
ST_2 : Operation 16 [1/1] (0.00ns)   --->   "ret void" [NIST-KATs/aes.c:282]   --->   Operation 16 'ret' <Predicate = (icmp_ln275)> <Delay = 0.00>

State 3 <SV = 2> <Delay = 3.30>
ST_3 : Operation 17 [1/1] (0.00ns)   --->   "%j_0 = phi i3 [ 0, %SubBytes_label1_begin ], [ %j, %3 ]"   --->   Operation 17 'phi' 'j_0' <Predicate = true> <Delay = 0.00>
ST_3 : Operation 18 [1/1] (1.00ns)   --->   "%icmp_ln277 = icmp eq i3 %j_0, -4" [NIST-KATs/aes.c:277]   --->   Operation 18 'icmp' 'icmp_ln277' <Predicate = true> <Delay = 1.00> <Core = "Cmp">   --->   Core 25 'Cmp' <Latency = 0> <II = 1> <Delay = 1.00> <FuncUnit> <Opcode : 'icmp'> <InPorts = 2> <OutPorts = 1>
ST_3 : Operation 19 [1/1] (0.00ns)   --->   "%empty_122 = call i32 (...)* @_ssdm_op_SpecLoopTripCount(i64 4, i64 4, i64 4) nounwind"   --->   Operation 19 'speclooptripcount' 'empty_122' <Predicate = true> <Delay = 0.00>
ST_3 : Operation 20 [1/1] (1.34ns)   --->   "%j = add i3 %j_0, 1" [NIST-KATs/aes.c:277]   --->   Operation 20 'add' 'j' <Predicate = true> <Delay = 1.34> <Core = "AddSub">   --->   Core 14 'AddSub' <Latency = 0> <II = 1> <Delay = 1.54> <FuncUnit> <Opcode : 'add' 'sub'> <InPorts = 2> <OutPorts = 1>
ST_3 : Operation 21 [1/1] (0.00ns)   --->   "br i1 %icmp_ln277, label %SubBytes_label1_end, label %3" [NIST-KATs/aes.c:277]   --->   Operation 21 'br' <Predicate = true> <Delay = 0.00>
ST_3 : Operation 22 [1/1] (0.00ns)   --->   "%tmp_s = call i5 @_ssdm_op_BitConcatenate.i5.i3.i2(i3 %j_0, i2 0)" [NIST-KATs/aes.c:279]   --->   Operation 22 'bitconcatenate' 'tmp_s' <Predicate = (!icmp_ln277)> <Delay = 0.00>
ST_3 : Operation 23 [1/1] (0.00ns)   --->   "%zext_ln279 = zext i5 %tmp_s to i6" [NIST-KATs/aes.c:279]   --->   Operation 23 'zext' 'zext_ln279' <Predicate = (!icmp_ln277)> <Delay = 0.00>
ST_3 : Operation 24 [1/1] (1.54ns)   --->   "%add_ln279 = add i6 %zext_ln277, %zext_ln279" [NIST-KATs/aes.c:279]   --->   Operation 24 'add' 'add_ln279' <Predicate = (!icmp_ln277)> <Delay = 1.54> <Core = "AddSub">   --->   Core 14 'AddSub' <Latency = 0> <II = 1> <Delay = 1.54> <FuncUnit> <Opcode : 'add' 'sub'> <InPorts = 2> <OutPorts = 1>
ST_3 : Operation 25 [1/1] (0.00ns)   --->   "%zext_ln279_1 = zext i6 %add_ln279 to i64" [NIST-KATs/aes.c:279]   --->   Operation 25 'zext' 'zext_ln279_1' <Predicate = (!icmp_ln277)> <Delay = 0.00>
ST_3 : Operation 26 [1/1] (0.00ns)   --->   "%state_addr = getelementptr [16 x i8]* %state, i64 0, i64 %zext_ln279_1" [NIST-KATs/aes.c:279]   --->   Operation 26 'getelementptr' 'state_addr' <Predicate = (!icmp_ln277)> <Delay = 0.00>
ST_3 : Operation 27 [2/2] (1.75ns)   --->   "%state_load = load i8* %state_addr, align 1" [NIST-KATs/aes.c:279]   --->   Operation 27 'load' 'state_load' <Predicate = (!icmp_ln277)> <Delay = 1.75> <Core = "RAM">   --->   Core 37 'RAM' <Latency = 1> <II = 1> <Delay = 1.75> <Storage> <Opcode : 'load' 'store'> <Ports = 2> <Width = 8> <Depth = 16> <RAM>
ST_3 : Operation 28 [1/1] (0.00ns)   --->   "%empty_123 = call i32 (...)* @_ssdm_op_SpecRegionEnd([16 x i8]* @p_str415, i32 %tmp) nounwind" [NIST-KATs/aes.c:281]   --->   Operation 28 'specregionend' 'empty_123' <Predicate = (icmp_ln277)> <Delay = 0.00>
ST_3 : Operation 29 [1/1] (0.00ns)   --->   "br label %1" [NIST-KATs/aes.c:275]   --->   Operation 29 'br' <Predicate = (icmp_ln277)> <Delay = 0.00>

State 4 <SV = 3> <Delay = 4.52>
ST_4 : Operation 30 [1/2] (1.75ns)   --->   "%state_load = load i8* %state_addr, align 1" [NIST-KATs/aes.c:279]   --->   Operation 30 'load' 'state_load' <Predicate = true> <Delay = 1.75> <Core = "RAM">   --->   Core 37 'RAM' <Latency = 1> <II = 1> <Delay = 1.75> <Storage> <Opcode : 'load' 'store'> <Ports = 2> <Width = 8> <Depth = 16> <RAM>
ST_4 : Operation 31 [1/1] (0.00ns)   --->   "%zext_ln279_2 = zext i8 %state_load to i64" [NIST-KATs/aes.c:279]   --->   Operation 31 'zext' 'zext_ln279_2' <Predicate = true> <Delay = 0.00>
ST_4 : Operation 32 [1/1] (0.00ns)   --->   "%sbox_addr = getelementptr inbounds [256 x i8]* @sbox, i64 0, i64 %zext_ln279_2" [NIST-KATs/aes.c:279]   --->   Operation 32 'getelementptr' 'sbox_addr' <Predicate = true> <Delay = 0.00>
ST_4 : Operation 33 [2/2] (2.77ns)   --->   "%sbox_load = load i8* %sbox_addr, align 1" [NIST-KATs/aes.c:279]   --->   Operation 33 'load' 'sbox_load' <Predicate = true> <Delay = 2.77> <Core = "ROM_nP">   --->   Core 52 'ROM_nP' <Latency = 1> <II = 1> <Delay = 2.77> <Storage> <Opcode : 'load'> <Ports = 0> <Width = 8> <Depth = 256> <ROM>

State 5 <SV = 4> <Delay = 4.52>
ST_5 : Operation 34 [1/1] (0.00ns)   --->   "call void (...)* @_ssdm_op_SpecLoopName([16 x i8]* @p_str516) nounwind" [NIST-KATs/aes.c:278]   --->   Operation 34 'specloopname' <Predicate = true> <Delay = 0.00>
ST_5 : Operation 35 [1/2] (2.77ns)   --->   "%sbox_load = load i8* %sbox_addr, align 1" [NIST-KATs/aes.c:279]   --->   Operation 35 'load' 'sbox_load' <Predicate = true> <Delay = 2.77> <Core = "ROM_nP">   --->   Core 52 'ROM_nP' <Latency = 1> <II = 1> <Delay = 2.77> <Storage> <Opcode : 'load'> <Ports = 0> <Width = 8> <Depth = 256> <ROM>
ST_5 : Operation 36 [1/1] (1.75ns)   --->   "store i8 %sbox_load, i8* %state_addr, align 1" [NIST-KATs/aes.c:279]   --->   Operation 36 'store' <Predicate = true> <Delay = 1.75> <Core = "RAM">   --->   Core 37 'RAM' <Latency = 1> <II = 1> <Delay = 1.75> <Storage> <Opcode : 'load' 'store'> <Ports = 2> <Width = 8> <Depth = 16> <RAM>
ST_5 : Operation 37 [1/1] (0.00ns)   --->   "br label %2" [NIST-KATs/aes.c:277]   --->   Operation 37 'br' <Predicate = true> <Delay = 0.00>


============================================================
+ Verbose Summary: Binding
============================================================
STG Binding: 
---------------- STG Properties BEGIN ----------------
- Is combinational: 0
- Is one-state seq: 0
- Is datapath-only: 0
- Is pipelined: 0
- Is top level: 0
Port [ Return ] is wired: 1; IO mode=ap_ctrl_hs:ce=0
Port [ state]:  wired=1; compound=1; hidden=0; nouse=0; global=0; static=0; extern=0; dir=2; type=1; pingpong=0; private_global=0; MemPort=[23]; IO mode=ap_memory:ce=0
Port [ sbox]:  wired=0; compound=1; hidden=1; nouse=0; global=1; static=1; extern=0; dir=0; type=1; pingpong=0; private_global=0; linkage=7; visibility=0; MemPort=[1]; IO mode=ap_memory:ce=0
---------------- STG Properties END ------------------

---------------- Datapath Model BEGIN ----------------

<LifeTime>
<method=bitvector/>
br_ln275           (br               ) [ 011111]
i_0                (phi              ) [ 001000]
icmp_ln275         (icmp             ) [ 001111]
empty              (speclooptripcount) [ 000000]
i                  (add              ) [ 011111]
br_ln275           (br               ) [ 000000]
specloopname_ln276 (specloopname     ) [ 000000]
tmp                (specregionbegin  ) [ 000111]
zext_ln277         (zext             ) [ 000111]
br_ln277           (br               ) [ 001111]
ret_ln282          (ret              ) [ 000000]
j_0                (phi              ) [ 000100]
icmp_ln277         (icmp             ) [ 001111]
empty_122          (speclooptripcount) [ 000000]
j                  (add              ) [ 001111]
br_ln277           (br               ) [ 000000]
tmp_s              (bitconcatenate   ) [ 000000]
zext_ln279         (zext             ) [ 000000]
add_ln279          (add              ) [ 000000]
zext_ln279_1       (zext             ) [ 000000]
state_addr         (getelementptr    ) [ 000011]
empty_123          (specregionend    ) [ 000000]
br_ln275           (br               ) [ 011111]
state_load         (load             ) [ 000000]
zext_ln279_2       (zext             ) [ 000000]
sbox_addr          (getelementptr    ) [ 000001]
specloopname_ln278 (specloopname     ) [ 000000]
sbox_load          (load             ) [ 000000]
store_ln279        (store            ) [ 000000]
br_ln277           (br               ) [ 001111]
</LifeTime>

<model>

<comp_list>
<comp id="0" class="1000" name="state">
<pin_list>
<pin id="1" dir="1" index="0" bw="1" slack="0"/>
</pin_list>
<bind>
<StgValue><ssdm name="state"/><MemPortTyVec>2 3 </MemPortTyVec>
</StgValue>
</bind>
</comp>

<comp id="2" class="1000" name="sbox">
<pin_list>
<pin id="3" dir="1" index="0" bw="1" slack="0"/>
</pin_list>
<bind>
<StgValue><ssdm name="sbox"/><MemPortTyVec>1 </MemPortTyVec>
</StgValue>
</bind>
</comp>

<comp id="4" class="1001" name="const_4">
<pin_list>
<pin id="5" dir="1" index="0" bw="1" slack="1"/>
</pin_list>
<bind>
<StgValue><ssdm name=""/></StgValue>
</bind>
</comp>

<comp id="6" class="1001" name="const_6">
<pin_list>
<pin id="7" dir="1" index="0" bw="1" slack="0"/>
</pin_list>
<bind>
<StgValue><ssdm name=""/></StgValue>
</bind>
</comp>

<comp id="8" class="1001" name="const_8">
<pin_list>
<pin id="9" dir="1" index="0" bw="1" slack="2147483647"/>
</pin_list>
<bind>
<StgValue><ssdm name="_ssdm_op_SpecLoopTripCount"/></StgValue>
</bind>
</comp>

<comp id="10" class="1001" name="const_10">
<pin_list>
<pin id="11" dir="1" index="0" bw="1" slack="2147483647"/>
</pin_list>
<bind>
<StgValue><ssdm name=""/></StgValue>
</bind>
</comp>

<comp id="12" class="1001" name="const_12">
<pin_list>
<pin id="13" dir="1" index="0" bw="1" slack="0"/>
</pin_list>
<bind>
<StgValue><ssdm name=""/></StgValue>
</bind>
</comp>

<comp id="14" class="1001" name="const_14">
<pin_list>
<pin id="15" dir="1" index="0" bw="1" slack="2147483647"/>
</pin_list>
<bind>
<StgValue><ssdm name="_ssdm_op_SpecLoopName"/></StgValue>
</bind>
</comp>

<comp id="16" class="1001" name="const_16">
<pin_list>
<pin id="17" dir="1" index="0" bw="1" slack="2147483647"/>
</pin_list>
<bind>
<StgValue><ssdm name="p_str415"/></StgValue>
</bind>
</comp>

<comp id="18" class="1001" name="const_18">
<pin_list>
<pin id="19" dir="1" index="0" bw="1" slack="2147483647"/>
</pin_list>
<bind>
<StgValue><ssdm name="_ssdm_op_SpecRegionBegin"/></StgValue>
</bind>
</comp>

<comp id="20" class="1001" name="const_20">
<pin_list>
<pin id="21" dir="1" index="0" bw="1" slack="0"/>
</pin_list>
<bind>
<StgValue><ssdm name="_ssdm_op_BitConcatenate.i5.i3.i2"/></StgValue>
</bind>
</comp>

<comp id="22" class="1001" name="const_22">
<pin_list>
<pin id="23" dir="1" index="0" bw="1" slack="0"/>
</pin_list>
<bind>
<StgValue><ssdm name=""/></StgValue>
</bind>
</comp>

<comp id="24" class="1001" name="const_24">
<pin_list>
<pin id="25" dir="1" index="0" bw="1" slack="0"/>
</pin_list>
<bind>
<StgValue><ssdm name=""/></StgValue>
</bind>
</comp>

<comp id="26" class="1001" name="const_26">
<pin_list>
<pin id="27" dir="1" index="0" bw="1" slack="2147483647"/>
</pin_list>
<bind>
<StgValue><ssdm name="_ssdm_op_SpecRegionEnd"/></StgValue>
</bind>
</comp>

<comp id="28" class="1001" name="const_28">
<pin_list>
<pin id="29" dir="1" index="0" bw="1" slack="2147483647"/>
</pin_list>
<bind>
<StgValue><ssdm name="p_str516"/></StgValue>
</bind>
</comp>

<comp id="30" class="1004" name="state_addr_gep_fu_30">
<pin_list>
<pin id="31" dir="0" index="0" bw="8" slack="0"/>
<pin id="32" dir="0" index="1" bw="1" slack="0"/>
<pin id="33" dir="0" index="2" bw="6" slack="0"/>
<pin id="34" dir="1" index="3" bw="4" slack="0"/>
</pin_list>
<bind>
<opcode="getelementptr(29) " fcode="getelementptr"/>
<opset="state_addr/3 "/>
</bind>
</comp>

<comp id="37" class="1004" name="grp_access_fu_37">
<pin_list>
<pin id="38" dir="0" index="0" bw="4" slack="0"/>
<pin id="39" dir="0" index="1" bw="8" slack="0"/>
<pin id="40" dir="0" index="2" bw="0" slack="2147483647"/>
<pin id="41" dir="1" index="3" bw="8" slack="0"/>
</pin_list>
<bind>
<opcode="load(27) store(28) " fcode="store"/>
<opset="state_load/3 store_ln279/5 "/>
</bind>
</comp>

<comp id="43" class="1004" name="sbox_addr_gep_fu_43">
<pin_list>
<pin id="44" dir="0" index="0" bw="8" slack="0"/>
<pin id="45" dir="0" index="1" bw="1" slack="0"/>
<pin id="46" dir="0" index="2" bw="8" slack="0"/>
<pin id="47" dir="1" index="3" bw="8" slack="0"/>
</pin_list>
<bind>
<opcode="getelementptr(29) " fcode="getelementptr"/>
<opset="sbox_addr/4 "/>
</bind>
</comp>

<comp id="50" class="1004" name="grp_access_fu_50">
<pin_list>
<pin id="51" dir="0" index="0" bw="8" slack="0"/>
<pin id="52" dir="0" index="1" bw="8" slack="2147483647"/>
<pin id="53" dir="0" index="2" bw="0" slack="2147483647"/>
<pin id="54" dir="1" index="3" bw="8" slack="0"/>
</pin_list>
<bind>
<opcode="load(27) " fcode="load"/>
<opset="sbox_load/4 "/>
</bind>
</comp>

<comp id="57" class="1005" name="i_0_reg_57">
<pin_list>
<pin id="58" dir="0" index="0" bw="3" slack="1"/>
<pin id="59" dir="1" index="1" bw="3" slack="1"/>
</pin_list>
<bind>
<opset="i_0 (phireg) "/>
</bind>
</comp>

<comp id="61" class="1004" name="i_0_phi_fu_61">
<pin_list>
<pin id="62" dir="0" index="0" bw="1" slack="1"/>
<pin id="63" dir="0" index="1" bw="0" slack="2147483647"/>
<pin id="64" dir="0" index="2" bw="3" slack="0"/>
<pin id="65" dir="0" index="3" bw="0" slack="2147483647"/>
<pin id="66" dir="1" index="4" bw="3" slack="0"/>
</pin_list>
<bind>
<opcode="phi(47) " fcode="phi"/>
<opset="i_0/2 "/>
</bind>
</comp>

<comp id="68" class="1005" name="j_0_reg_68">
<pin_list>
<pin id="69" dir="0" index="0" bw="3" slack="1"/>
<pin id="70" dir="1" index="1" bw="3" slack="1"/>
</pin_list>
<bind>
<opset="j_0 (phireg) "/>
</bind>
</comp>

<comp id="72" class="1004" name="j_0_phi_fu_72">
<pin_list>
<pin id="73" dir="0" index="0" bw="1" slack="1"/>
<pin id="74" dir="0" index="1" bw="0" slack="2147483647"/>
<pin id="75" dir="0" index="2" bw="3" slack="0"/>
<pin id="76" dir="0" index="3" bw="0" slack="2147483647"/>
<pin id="77" dir="1" index="4" bw="3" slack="0"/>
</pin_list>
<bind>
<opcode="phi(47) " fcode="phi"/>
<opset="j_0/3 "/>
</bind>
</comp>

<comp id="79" class="1004" name="icmp_ln275_fu_79">
<pin_list>
<pin id="80" dir="0" index="0" bw="3" slack="0"/>
<pin id="81" dir="0" index="1" bw="3" slack="0"/>
<pin id="82" dir="1" index="2" bw="1" slack="2147483647"/>
</pin_list>
<bind>
<opcode="icmp(45) " fcode="icmp"/>
<opset="icmp_ln275/2 "/>
</bind>
</comp>

<comp id="85" class="1004" name="i_fu_85">
<pin_list>
<pin id="86" dir="0" index="0" bw="3" slack="0"/>
<pin id="87" dir="0" index="1" bw="1" slack="0"/>
<pin id="88" dir="1" index="2" bw="3" slack="0"/>
</pin_list>
<bind>
<opcode="add(8) " fcode="add"/>
<opset="i/2 "/>
</bind>
</comp>

<comp id="91" class="1004" name="zext_ln277_fu_91">
<pin_list>
<pin id="92" dir="0" index="0" bw="3" slack="0"/>
<pin id="93" dir="1" index="1" bw="6" slack="1"/>
</pin_list>
<bind>
<opcode="zext(34) " fcode="zext"/>
<opset="zext_ln277/2 "/>
</bind>
</comp>

<comp id="95" class="1004" name="icmp_ln277_fu_95">
<pin_list>
<pin id="96" dir="0" index="0" bw="3" slack="0"/>
<pin id="97" dir="0" index="1" bw="3" slack="0"/>
<pin id="98" dir="1" index="2" bw="1" slack="2147483647"/>
</pin_list>
<bind>
<opcode="icmp(45) " fcode="icmp"/>
<opset="icmp_ln277/3 "/>
</bind>
</comp>

<comp id="101" class="1004" name="j_fu_101">
<pin_list>
<pin id="102" dir="0" index="0" bw="3" slack="0"/>
<pin id="103" dir="0" index="1" bw="1" slack="0"/>
<pin id="104" dir="1" index="2" bw="3" slack="0"/>
</pin_list>
<bind>
<opcode="add(8) " fcode="add"/>
<opset="j/3 "/>
</bind>
</comp>

<comp id="107" class="1004" name="tmp_s_fu_107">
<pin_list>
<pin id="108" dir="0" index="0" bw="5" slack="0"/>
<pin id="109" dir="0" index="1" bw="3" slack="0"/>
<pin id="110" dir="0" index="2" bw="1" slack="0"/>
<pin id="111" dir="1" index="3" bw="5" slack="0"/>
</pin_list>
<bind>
<opcode="bitconcatenate(1004) " fcode="bitconcatenate"/>
<opset="tmp_s/3 "/>
</bind>
</comp>

<comp id="115" class="1004" name="zext_ln279_fu_115">
<pin_list>
<pin id="116" dir="0" index="0" bw="5" slack="0"/>
<pin id="117" dir="1" index="1" bw="6" slack="0"/>
</pin_list>
<bind>
<opcode="zext(34) " fcode="zext"/>
<opset="zext_ln279/3 "/>
</bind>
</comp>

<comp id="119" class="1004" name="add_ln279_fu_119">
<pin_list>
<pin id="120" dir="0" index="0" bw="3" slack="1"/>
<pin id="121" dir="0" index="1" bw="5" slack="0"/>
<pin id="122" dir="1" index="2" bw="6" slack="0"/>
</pin_list>
<bind>
<opcode="add(8) " fcode="add"/>
<opset="add_ln279/3 "/>
</bind>
</comp>

<comp id="124" class="1004" name="zext_ln279_1_fu_124">
<pin_list>
<pin id="125" dir="0" index="0" bw="6" slack="0"/>
<pin id="126" dir="1" index="1" bw="64" slack="0"/>
</pin_list>
<bind>
<opcode="zext(34) " fcode="zext"/>
<opset="zext_ln279_1/3 "/>
</bind>
</comp>

<comp id="129" class="1004" name="zext_ln279_2_fu_129">
<pin_list>
<pin id="130" dir="0" index="0" bw="8" slack="0"/>
<pin id="131" dir="1" index="1" bw="64" slack="0"/>
</pin_list>
<bind>
<opcode="zext(34) " fcode="zext"/>
<opset="zext_ln279_2/4 "/>
</bind>
</comp>

<comp id="137" class="1005" name="i_reg_137">
<pin_list>
<pin id="138" dir="0" index="0" bw="3" slack="0"/>
<pin id="139" dir="1" index="1" bw="3" slack="0"/>
</pin_list>
<bind>
<opset="i "/>
</bind>
</comp>

<comp id="142" class="1005" name="zext_ln277_reg_142">
<pin_list>
<pin id="143" dir="0" index="0" bw="6" slack="1"/>
<pin id="144" dir="1" index="1" bw="6" slack="1"/>
</pin_list>
<bind>
<opset="zext_ln277 "/>
</bind>
</comp>

<comp id="150" class="1005" name="j_reg_150">
<pin_list>
<pin id="151" dir="0" index="0" bw="3" slack="0"/>
<pin id="152" dir="1" index="1" bw="3" slack="0"/>
</pin_list>
<bind>
<opset="j "/>
</bind>
</comp>

<comp id="155" class="1005" name="state_addr_reg_155">
<pin_list>
<pin id="156" dir="0" index="0" bw="4" slack="1"/>
<pin id="157" dir="1" index="1" bw="4" slack="1"/>
</pin_list>
<bind>
<opset="state_addr "/>
</bind>
</comp>

<comp id="160" class="1005" name="sbox_addr_reg_160">
<pin_list>
<pin id="161" dir="0" index="0" bw="8" slack="1"/>
<pin id="162" dir="1" index="1" bw="8" slack="1"/>
</pin_list>
<bind>
<opset="sbox_addr "/>
</bind>
</comp>

</comp_list>

<net_list>
<net id="35"><net_src comp="0" pin="0"/><net_sink comp="30" pin=0"/></net>

<net id="36"><net_src comp="24" pin="0"/><net_sink comp="30" pin=1"/></net>

<net id="42"><net_src comp="30" pin="3"/><net_sink comp="37" pin=0"/></net>

<net id="48"><net_src comp="2" pin="0"/><net_sink comp="43" pin=0"/></net>

<net id="49"><net_src comp="24" pin="0"/><net_sink comp="43" pin=1"/></net>

<net id="55"><net_src comp="43" pin="3"/><net_sink comp="50" pin=0"/></net>

<net id="56"><net_src comp="50" pin="3"/><net_sink comp="37" pin=1"/></net>

<net id="60"><net_src comp="4" pin="0"/><net_sink comp="57" pin=0"/></net>

<net id="67"><net_src comp="57" pin="1"/><net_sink comp="61" pin=0"/></net>

<net id="71"><net_src comp="4" pin="0"/><net_sink comp="68" pin=0"/></net>

<net id="78"><net_src comp="68" pin="1"/><net_sink comp="72" pin=0"/></net>

<net id="83"><net_src comp="61" pin="4"/><net_sink comp="79" pin=0"/></net>

<net id="84"><net_src comp="6" pin="0"/><net_sink comp="79" pin=1"/></net>

<net id="89"><net_src comp="61" pin="4"/><net_sink comp="85" pin=0"/></net>

<net id="90"><net_src comp="12" pin="0"/><net_sink comp="85" pin=1"/></net>

<net id="94"><net_src comp="61" pin="4"/><net_sink comp="91" pin=0"/></net>

<net id="99"><net_src comp="72" pin="4"/><net_sink comp="95" pin=0"/></net>

<net id="100"><net_src comp="6" pin="0"/><net_sink comp="95" pin=1"/></net>

<net id="105"><net_src comp="72" pin="4"/><net_sink comp="101" pin=0"/></net>

<net id="106"><net_src comp="12" pin="0"/><net_sink comp="101" pin=1"/></net>

<net id="112"><net_src comp="20" pin="0"/><net_sink comp="107" pin=0"/></net>

<net id="113"><net_src comp="72" pin="4"/><net_sink comp="107" pin=1"/></net>

<net id="114"><net_src comp="22" pin="0"/><net_sink comp="107" pin=2"/></net>

<net id="118"><net_src comp="107" pin="3"/><net_sink comp="115" pin=0"/></net>

<net id="123"><net_src comp="115" pin="1"/><net_sink comp="119" pin=1"/></net>

<net id="127"><net_src comp="119" pin="2"/><net_sink comp="124" pin=0"/></net>

<net id="128"><net_src comp="124" pin="1"/><net_sink comp="30" pin=2"/></net>

<net id="132"><net_src comp="37" pin="3"/><net_sink comp="129" pin=0"/></net>

<net id="133"><net_src comp="129" pin="1"/><net_sink comp="43" pin=2"/></net>

<net id="140"><net_src comp="85" pin="2"/><net_sink comp="137" pin=0"/></net>

<net id="141"><net_src comp="137" pin="1"/><net_sink comp="61" pin=2"/></net>

<net id="145"><net_src comp="91" pin="1"/><net_sink comp="142" pin=0"/></net>

<net id="146"><net_src comp="142" pin="1"/><net_sink comp="119" pin=0"/></net>

<net id="153"><net_src comp="101" pin="2"/><net_sink comp="150" pin=0"/></net>

<net id="154"><net_src comp="150" pin="1"/><net_sink comp="72" pin=2"/></net>

<net id="158"><net_src comp="30" pin="3"/><net_sink comp="155" pin=0"/></net>

<net id="159"><net_src comp="155" pin="1"/><net_sink comp="37" pin=0"/></net>

<net id="163"><net_src comp="43" pin="3"/><net_sink comp="160" pin=0"/></net>

<net id="164"><net_src comp="160" pin="1"/><net_sink comp="50" pin=0"/></net>

</net_list>

</model> 
---------------- Datapath Model END ------------------

* FSMD analyzer results:
  - Output states:
	Port: state | {5 }
 - Input state : 
	Port: SubBytes : state | {3 4 }
	Port: SubBytes : sbox | {4 5 }
  - Chain level:
	State 1
	State 2
		icmp_ln275 : 1
		i : 1
		br_ln275 : 2
		zext_ln277 : 1
	State 3
		icmp_ln277 : 1
		j : 1
		br_ln277 : 2
		tmp_s : 1
		zext_ln279 : 2
		add_ln279 : 3
		zext_ln279_1 : 4
		state_addr : 5
		state_load : 6
	State 4
		zext_ln279_2 : 1
		sbox_addr : 2
		sbox_load : 3
	State 5
		store_ln279 : 1


============================================================
+ Verbose Summary: Datapath Resource usage 
============================================================

* Functional unit list:
|----------|---------------------|---------|---------|
| Operation|   Functional Unit   |    FF   |   LUT   |
|----------|---------------------|---------|---------|
|          |       i_fu_85       |    0    |    12   |
|    add   |       j_fu_101      |    0    |    12   |
|          |   add_ln279_fu_119  |    0    |    15   |
|----------|---------------------|---------|---------|
|   icmp   |   icmp_ln275_fu_79  |    0    |    9    |
|          |   icmp_ln277_fu_95  |    0    |    9    |
|----------|---------------------|---------|---------|
|          |   zext_ln277_fu_91  |    0    |    0    |
|   zext   |  zext_ln279_fu_115  |    0    |    0    |
|          | zext_ln279_1_fu_124 |    0    |    0    |
|          | zext_ln279_2_fu_129 |    0    |    0    |
|----------|---------------------|---------|---------|
|bitconcatenate|     tmp_s_fu_107    |    0    |    0    |
|----------|---------------------|---------|---------|
|   Total  |                     |    0    |    57   |
|----------|---------------------|---------|---------|

Memories:
N/A

* Register list:
+------------------+--------+
|                  |   FF   |
+------------------+--------+
|    i_0_reg_57    |    3   |
|     i_reg_137    |    3   |
|    j_0_reg_68    |    3   |
|     j_reg_150    |    3   |
| sbox_addr_reg_160|    8   |
|state_addr_reg_155|    4   |
|zext_ln277_reg_142|    6   |
+------------------+--------+
|       Total      |   30   |
+------------------+--------+

* Multiplexer (MUX) list: 
|------------------|------|------|------|--------||---------||---------|
|       Comp       |  Pin | Size |  BW  | S x BW ||  Delay  ||   LUT   |
|------------------|------|------|------|--------||---------||---------|
| grp_access_fu_37 |  p0  |   2  |   4  |    8   ||    9    |
| grp_access_fu_50 |  p0  |   2  |   8  |   16   ||    9    |
|------------------|------|------|------|--------||---------||---------|
|       Total      |      |      |      |   24   ||   2.7   ||    18   |
|------------------|------|------|------|--------||---------||---------|



* Summary:
+-----------+--------+--------+--------+
|           |  Delay |   FF   |   LUT  |
+-----------+--------+--------+--------+
|  Function |    -   |    0   |   57   |
|   Memory  |    -   |    -   |    -   |
|Multiplexer|    2   |    -   |   18   |
|  Register |    -   |   30   |    -   |
+-----------+--------+--------+--------+
|   Total   |    2   |   30   |   75   |
+-----------+--------+--------+--------+
