

================================================================
== Vivado HLS Report for 'AES256_CTR_DRBG_Upda'
================================================================
* Date:           Tue May 12 20:22:32 2020

* Version:        2019.2 (Build 2704478 on Wed Nov 06 22:10:23 MST 2019)
* Project:        picnic1
* Solution:       keypair
* Product family: artix7
* Target device:  xc7a200t-fbg676-2


================================================================
== Performance Estimates
================================================================
+ Timing: 
    * Summary: 
    +--------+----------+----------+------------+
    |  Clock |  Target  | Estimated| Uncertainty|
    +--------+----------+----------+------------+
    |ap_clk  | 10.00 ns | 6.620 ns |   1.25 ns  |
    +--------+----------+----------+------------+

+ Latency: 
    * Summary: 
    +---------+---------+-----------+-----------+------+------+---------+
    |  Latency (cycles) |   Latency (absolute)  |   Interval  | Pipeline|
    |   min   |   max   |    min    |    max    |  min |  max |   Type  |
    +---------+---------+-----------+-----------+------+------+---------+
    |     6684|     6777| 66.840 us | 67.770 us |  6684|  6777|   none  |
    +---------+---------+-----------+-----------+------+------+---------+

    + Detail: 
        * Instance: 
        +-----------------------+------------+---------+---------+-----------+-----------+------+------+---------+
        |                       |            |  Latency (cycles) |   Latency (absolute)  |   Interval  | Pipeline|
        |        Instance       |   Module   |   min   |   max   |    min    |    max    |  min |  max |   Type  |
        +-----------------------+------------+---------+---------+-----------+-----------+------+------+---------+
        |grp_AES256_ECB_fu_171  |AES256_ECB  |     2189|     2189| 21.890 us | 21.890 us |  2189|  2189|   none  |
        +-----------------------+------------+---------+---------+-----------+-----------+------+------+---------+

        * Loop: 
        +-------------+---------+---------+-------------+-----------+-----------+--------+----------+
        |             |  Latency (cycles) |  Iteration  |  Initiation Interval  |  Trip  |          |
        |  Loop Name  |   min   |   max   |   Latency   |  achieved |   target  |  Count | Pipelined|
        +-------------+---------+---------+-------------+-----------+-----------+--------+----------+
        |- Loop 1     |     6585|     6678| 2195 ~ 2226 |          -|          -|       3|    no    |
        | + Loop 1.1  |        2|       33|            2|          -|          -| 1 ~ 16 |    no    |
        |- Loop 2     |       64|       64|            2|          -|          -|      32|    no    |
        |- Loop 3     |       32|       32|            2|          -|          -|      16|    no    |
        +-------------+---------+---------+-------------+-----------+-----------+--------+----------+

============================================================
+ Verbose Summary: Synthesis Manager
============================================================
InlineROM: 1
ExposeGlobal: 1
============================================================
+ Verbose Summary: CDFG Model
============================================================
IsTopModel: 0
ResetActiveHigh: 1
IsCombinational: 0
IsDatapathOnly: 0
HasWiredReturn: 1
HasMFsm: 0
HasVarLatency: 1
IsPipeline: 0
IsRtlPipelined: 0
IsInstanceOverlapped: 0
IsDontTouch: 0
HasImplIP: 0
IsGatedGlobalClock: 0


============================================================
+ Verbose Summary: Schedule
============================================================
* Number of FSM states : 10
* Pipeline : 0
* Dataflow Pipeline: 0

* FSM state transitions: 
1 --> 2 
2 --> 3 7 
3 --> 4 5 
4 --> 3 5 
5 --> 6 
6 --> 2 
7 --> 8 9 
8 --> 7 
9 --> 10 
10 --> 9 

* FSM state operations: 

State 1 <SV = 0> <Delay = 1.75>
ST_1 : Operation 11 [1/1] (1.75ns)   --->   "%temp = alloca [48 x i8], align 16"   --->   Operation 11 'alloca' 'temp' <Predicate = true> <Delay = 1.75> <Core = "RAM">   --->   Core 37 'RAM' <Latency = 1> <II = 1> <Delay = 1.75> <Storage> <Opcode : 'load' 'store'> <Ports = 2> <Width = 8> <Depth = 48> <RAM>
ST_1 : Operation 12 [1/1] (1.35ns)   --->   "br label %1" [NIST-KATs/rng.c:328]   --->   Operation 12 'br' <Predicate = true> <Delay = 1.35>

State 2 <SV = 1> <Delay = 1.35>
ST_2 : Operation 13 [1/1] (0.00ns)   --->   "%i_0 = phi i2 [ 0, %0 ], [ %i_9, %.loopexit ]"   --->   Operation 13 'phi' 'i_0' <Predicate = true> <Delay = 0.00>
ST_2 : Operation 14 [1/1] (0.79ns)   --->   "%icmp_ln328 = icmp eq i2 %i_0, -1" [NIST-KATs/rng.c:328]   --->   Operation 14 'icmp' 'icmp_ln328' <Predicate = true> <Delay = 0.79> <Core = "Cmp">   --->   Core 25 'Cmp' <Latency = 0> <II = 1> <Delay = 1.21> <FuncUnit> <Opcode : 'icmp'> <InPorts = 2> <OutPorts = 1>
ST_2 : Operation 15 [1/1] (0.00ns)   --->   "%empty = call i32 (...)* @_ssdm_op_SpecLoopTripCount(i64 3, i64 3, i64 3)"   --->   Operation 15 'speclooptripcount' 'empty' <Predicate = true> <Delay = 0.00>
ST_2 : Operation 16 [1/1] (1.20ns)   --->   "%i_9 = add i2 %i_0, 1" [NIST-KATs/rng.c:328]   --->   Operation 16 'add' 'i_9' <Predicate = true> <Delay = 1.20> <Core = "AddSub">   --->   Core 14 'AddSub' <Latency = 0> <II = 1> <Delay = 1.54> <FuncUnit> <Opcode : 'add' 'sub'> <InPorts = 2> <OutPorts = 1>
ST_2 : Operation 17 [1/1] (0.00ns)   --->   "br i1 %icmp_ln328, label %.loopexit3.preheader, label %.preheader4.preheader" [NIST-KATs/rng.c:328]   --->   Operation 17 'br' <Predicate = true> <Delay = 0.00>
ST_2 : Operation 18 [1/1] (1.35ns)   --->   "br label %.preheader4" [NIST-KATs/rng.c:330]   --->   Operation 18 'br' <Predicate = (!icmp_ln328)> <Delay = 1.35>
ST_2 : Operation 19 [1/1] (1.35ns)   --->   "br label %.loopexit3" [NIST-KATs/rng.c:346]   --->   Operation 19 'br' <Predicate = (icmp_ln328)> <Delay = 1.35>

State 3 <SV = 2> <Delay = 1.75>
ST_3 : Operation 20 [1/1] (0.00ns)   --->   "%j_0 = phi i5 [ %j, %3 ], [ 15, %.preheader4.preheader ]"   --->   Operation 20 'phi' 'j_0' <Predicate = true> <Delay = 0.00>
ST_3 : Operation 21 [1/1] (0.00ns)   --->   "%sext_ln330 = sext i5 %j_0 to i32" [NIST-KATs/rng.c:330]   --->   Operation 21 'sext' 'sext_ln330' <Predicate = true> <Delay = 0.00>
ST_3 : Operation 22 [1/1] (0.00ns)   --->   "%tmp = call i1 @_ssdm_op_BitSelect.i1.i5.i32(i5 %j_0, i32 4)" [NIST-KATs/rng.c:330]   --->   Operation 22 'bitselect' 'tmp' <Predicate = true> <Delay = 0.00>
ST_3 : Operation 23 [1/1] (0.00ns)   --->   "%empty_130 = call i32 (...)* @_ssdm_op_SpecLoopTripCount(i64 1, i64 16, i64 8)"   --->   Operation 23 'speclooptripcount' 'empty_130' <Predicate = true> <Delay = 0.00>
ST_3 : Operation 24 [1/1] (0.00ns)   --->   "br i1 %tmp, label %.loopexit.loopexit, label %2" [NIST-KATs/rng.c:330]   --->   Operation 24 'br' <Predicate = true> <Delay = 0.00>
ST_3 : Operation 25 [1/1] (0.00ns)   --->   "%zext_ln331 = zext i32 %sext_ln330 to i64" [NIST-KATs/rng.c:331]   --->   Operation 25 'zext' 'zext_ln331' <Predicate = (!tmp)> <Delay = 0.00>
ST_3 : Operation 26 [1/1] (0.00ns)   --->   "%V_addr = getelementptr [16 x i8]* %V, i64 0, i64 %zext_ln331" [NIST-KATs/rng.c:331]   --->   Operation 26 'getelementptr' 'V_addr' <Predicate = (!tmp)> <Delay = 0.00>
ST_3 : Operation 27 [2/2] (1.75ns)   --->   "%V_load = load i8* %V_addr, align 1" [NIST-KATs/rng.c:331]   --->   Operation 27 'load' 'V_load' <Predicate = (!tmp)> <Delay = 1.75> <Core = "RAM">   --->   Core 37 'RAM' <Latency = 1> <II = 1> <Delay = 1.75> <Storage> <Opcode : 'load' 'store'> <Ports = 2> <Width = 8> <Depth = 48> <RAM>
ST_3 : Operation 28 [1/1] (0.00ns)   --->   "br label %.loopexit"   --->   Operation 28 'br' <Predicate = (tmp)> <Delay = 0.00>

State 4 <SV = 3> <Delay = 5.22>
ST_4 : Operation 29 [1/2] (1.75ns)   --->   "%V_load = load i8* %V_addr, align 1" [NIST-KATs/rng.c:331]   --->   Operation 29 'load' 'V_load' <Predicate = true> <Delay = 1.75> <Core = "RAM">   --->   Core 37 'RAM' <Latency = 1> <II = 1> <Delay = 1.75> <Storage> <Opcode : 'load' 'store'> <Ports = 2> <Width = 8> <Depth = 48> <RAM>
ST_4 : Operation 30 [1/1] (1.24ns)   --->   "%icmp_ln331 = icmp eq i8 %V_load, -1" [NIST-KATs/rng.c:331]   --->   Operation 30 'icmp' 'icmp_ln331' <Predicate = true> <Delay = 1.24> <Core = "Cmp">   --->   Core 25 'Cmp' <Latency = 0> <II = 1> <Delay = 1.21> <FuncUnit> <Opcode : 'icmp'> <InPorts = 2> <OutPorts = 1>
ST_4 : Operation 31 [1/1] (0.00ns)   --->   "br i1 %icmp_ln331, label %3, label %4" [NIST-KATs/rng.c:331]   --->   Operation 31 'br' <Predicate = true> <Delay = 0.00>
ST_4 : Operation 32 [1/1] (1.75ns)   --->   "store i8 0, i8* %V_addr, align 1" [NIST-KATs/rng.c:332]   --->   Operation 32 'store' <Predicate = (icmp_ln331)> <Delay = 1.75> <Core = "RAM">   --->   Core 37 'RAM' <Latency = 1> <II = 1> <Delay = 1.75> <Storage> <Opcode : 'load' 'store'> <Ports = 2> <Width = 8> <Depth = 48> <RAM>
ST_4 : Operation 33 [1/1] (1.54ns)   --->   "%j = add i5 %j_0, -1" [NIST-KATs/rng.c:330]   --->   Operation 33 'add' 'j' <Predicate = (icmp_ln331)> <Delay = 1.54> <Core = "AddSub">   --->   Core 14 'AddSub' <Latency = 0> <II = 1> <Delay = 1.54> <FuncUnit> <Opcode : 'add' 'sub'> <InPorts = 2> <OutPorts = 1>
ST_4 : Operation 34 [1/1] (0.00ns)   --->   "br label %.preheader4" [NIST-KATs/rng.c:330]   --->   Operation 34 'br' <Predicate = (icmp_ln331)> <Delay = 0.00>
ST_4 : Operation 35 [1/1] (1.71ns)   --->   "%add_ln334 = add i8 %V_load, 1" [NIST-KATs/rng.c:334]   --->   Operation 35 'add' 'add_ln334' <Predicate = (!icmp_ln331)> <Delay = 1.71> <Core = "AddSub">   --->   Core 14 'AddSub' <Latency = 0> <II = 1> <Delay = 1.54> <FuncUnit> <Opcode : 'add' 'sub'> <InPorts = 2> <OutPorts = 1>
ST_4 : Operation 36 [1/1] (1.75ns)   --->   "store i8 %add_ln334, i8* %V_addr, align 1" [NIST-KATs/rng.c:334]   --->   Operation 36 'store' <Predicate = (!icmp_ln331)> <Delay = 1.75> <Core = "RAM">   --->   Core 37 'RAM' <Latency = 1> <II = 1> <Delay = 1.75> <Storage> <Opcode : 'load' 'store'> <Ports = 2> <Width = 8> <Depth = 48> <RAM>
ST_4 : Operation 37 [1/1] (0.00ns)   --->   "br label %.loopexit" [NIST-KATs/rng.c:335]   --->   Operation 37 'br' <Predicate = (!icmp_ln331)> <Delay = 0.00>

State 5 <SV = 4> <Delay = 3.36>
ST_5 : Operation 38 [1/1] (0.00ns)   --->   "%shl_ln = call i6 @_ssdm_op_BitConcatenate.i6.i2.i4(i2 %i_0, i4 0)" [NIST-KATs/rng.c:339]   --->   Operation 38 'bitconcatenate' 'shl_ln' <Predicate = true> <Delay = 0.00>
ST_5 : Operation 39 [2/2] (3.36ns)   --->   "call fastcc void @AES256_ECB([32 x i8]* @DRBG_ctx_Key, [16 x i8]* %V, [48 x i8]* %temp, i6 %shl_ln)" [NIST-KATs/rng.c:339]   --->   Operation 39 'call' <Predicate = true> <Delay = 3.36> <CoreType = "Generic">   --->   Core 0 '' <Latency = 0> <II = 1> <Delay = 1.00> <Generic> <Opcode : >

State 6 <SV = 5> <Delay = 0.00>
ST_6 : Operation 40 [1/2] (0.00ns)   --->   "call fastcc void @AES256_ECB([32 x i8]* @DRBG_ctx_Key, [16 x i8]* %V, [48 x i8]* %temp, i6 %shl_ln)" [NIST-KATs/rng.c:339]   --->   Operation 40 'call' <Predicate = true> <Delay = 0.00> <CoreType = "Generic">   --->   Core 0 '' <Latency = 0> <II = 1> <Delay = 1.00> <Generic> <Opcode : >
ST_6 : Operation 41 [1/1] (0.00ns)   --->   "br label %1" [NIST-KATs/rng.c:328]   --->   Operation 41 'br' <Predicate = true> <Delay = 0.00>

State 7 <SV = 2> <Delay = 1.75>
ST_7 : Operation 42 [1/1] (0.00ns)   --->   "%i_2 = phi i6 [ %i, %5 ], [ 0, %.loopexit3.preheader ]"   --->   Operation 42 'phi' 'i_2' <Predicate = true> <Delay = 0.00>
ST_7 : Operation 43 [1/1] (1.22ns)   --->   "%icmp_ln346 = icmp eq i6 %i_2, -32" [NIST-KATs/rng.c:346]   --->   Operation 43 'icmp' 'icmp_ln346' <Predicate = true> <Delay = 1.22> <Core = "Cmp">   --->   Core 25 'Cmp' <Latency = 0> <II = 1> <Delay = 1.21> <FuncUnit> <Opcode : 'icmp'> <InPorts = 2> <OutPorts = 1>
ST_7 : Operation 44 [1/1] (0.00ns)   --->   "%empty_131 = call i32 (...)* @_ssdm_op_SpecLoopTripCount(i64 32, i64 32, i64 32)"   --->   Operation 44 'speclooptripcount' 'empty_131' <Predicate = true> <Delay = 0.00>
ST_7 : Operation 45 [1/1] (1.60ns)   --->   "%i = add i6 %i_2, 1" [NIST-KATs/rng.c:346]   --->   Operation 45 'add' 'i' <Predicate = true> <Delay = 1.60> <Core = "AddSub">   --->   Core 14 'AddSub' <Latency = 0> <II = 1> <Delay = 1.54> <FuncUnit> <Opcode : 'add' 'sub'> <InPorts = 2> <OutPorts = 1>
ST_7 : Operation 46 [1/1] (0.00ns)   --->   "br i1 %icmp_ln346, label %.preheader.preheader, label %5" [NIST-KATs/rng.c:346]   --->   Operation 46 'br' <Predicate = true> <Delay = 0.00>
ST_7 : Operation 47 [1/1] (0.00ns)   --->   "%zext_ln347 = zext i6 %i_2 to i64" [NIST-KATs/rng.c:347]   --->   Operation 47 'zext' 'zext_ln347' <Predicate = (!icmp_ln346)> <Delay = 0.00>
ST_7 : Operation 48 [1/1] (0.00ns)   --->   "%temp_addr = getelementptr inbounds [48 x i8]* %temp, i64 0, i64 %zext_ln347" [NIST-KATs/rng.c:347]   --->   Operation 48 'getelementptr' 'temp_addr' <Predicate = (!icmp_ln346)> <Delay = 0.00>
ST_7 : Operation 49 [2/2] (1.75ns)   --->   "%temp_load = load i8* %temp_addr, align 1" [NIST-KATs/rng.c:347]   --->   Operation 49 'load' 'temp_load' <Predicate = (!icmp_ln346)> <Delay = 1.75> <Core = "RAM">   --->   Core 37 'RAM' <Latency = 1> <II = 1> <Delay = 1.75> <Storage> <Opcode : 'load' 'store'> <Ports = 2> <Width = 8> <Depth = 48> <RAM>
ST_7 : Operation 50 [1/1] (1.35ns)   --->   "br label %.preheader" [NIST-KATs/rng.c:348]   --->   Operation 50 'br' <Predicate = (icmp_ln346)> <Delay = 1.35>

State 8 <SV = 3> <Delay = 3.51>
ST_8 : Operation 51 [1/2] (1.75ns)   --->   "%temp_load = load i8* %temp_addr, align 1" [NIST-KATs/rng.c:347]   --->   Operation 51 'load' 'temp_load' <Predicate = true> <Delay = 1.75> <Core = "RAM">   --->   Core 37 'RAM' <Latency = 1> <II = 1> <Delay = 1.75> <Storage> <Opcode : 'load' 'store'> <Ports = 2> <Width = 8> <Depth = 48> <RAM>
ST_8 : Operation 52 [1/1] (0.00ns)   --->   "%DRBG_ctx_Key_addr = getelementptr [32 x i8]* @DRBG_ctx_Key, i64 0, i64 %zext_ln347" [NIST-KATs/rng.c:347]   --->   Operation 52 'getelementptr' 'DRBG_ctx_Key_addr' <Predicate = true> <Delay = 0.00>
ST_8 : Operation 53 [1/1] (1.75ns)   --->   "store i8 %temp_load, i8* %DRBG_ctx_Key_addr, align 1" [NIST-KATs/rng.c:347]   --->   Operation 53 'store' <Predicate = true> <Delay = 1.75> <Core = "RAM">   --->   Core 37 'RAM' <Latency = 1> <II = 1> <Delay = 1.75> <Storage> <Opcode : 'load' 'store'> <Ports = 2> <Width = 8> <Depth = 48> <RAM>
ST_8 : Operation 54 [1/1] (0.00ns)   --->   "br label %.loopexit3" [NIST-KATs/rng.c:346]   --->   Operation 54 'br' <Predicate = true> <Delay = 0.00>

State 9 <SV = 3> <Delay = 1.75>
ST_9 : Operation 55 [1/1] (0.00ns)   --->   "%i_3 = phi i5 [ %i_8, %6 ], [ 0, %.preheader.preheader ]"   --->   Operation 55 'phi' 'i_3' <Predicate = true> <Delay = 0.00>
ST_9 : Operation 56 [1/1] (1.21ns)   --->   "%icmp_ln348 = icmp eq i5 %i_3, -16" [NIST-KATs/rng.c:348]   --->   Operation 56 'icmp' 'icmp_ln348' <Predicate = true> <Delay = 1.21> <Core = "Cmp">   --->   Core 25 'Cmp' <Latency = 0> <II = 1> <Delay = 1.21> <FuncUnit> <Opcode : 'icmp'> <InPorts = 2> <OutPorts = 1>
ST_9 : Operation 57 [1/1] (0.00ns)   --->   "%empty_132 = call i32 (...)* @_ssdm_op_SpecLoopTripCount(i64 16, i64 16, i64 16)"   --->   Operation 57 'speclooptripcount' 'empty_132' <Predicate = true> <Delay = 0.00>
ST_9 : Operation 58 [1/1] (1.54ns)   --->   "%i_8 = add i5 %i_3, 1" [NIST-KATs/rng.c:348]   --->   Operation 58 'add' 'i_8' <Predicate = true> <Delay = 1.54> <Core = "AddSub">   --->   Core 14 'AddSub' <Latency = 0> <II = 1> <Delay = 1.54> <FuncUnit> <Opcode : 'add' 'sub'> <InPorts = 2> <OutPorts = 1>
ST_9 : Operation 59 [1/1] (0.00ns)   --->   "br i1 %icmp_ln348, label %7, label %6" [NIST-KATs/rng.c:348]   --->   Operation 59 'br' <Predicate = true> <Delay = 0.00>
ST_9 : Operation 60 [1/1] (0.00ns)   --->   "%or_ln = call i6 @_ssdm_op_BitConcatenate.i6.i1.i5(i1 true, i5 %i_3)" [NIST-KATs/rng.c:349]   --->   Operation 60 'bitconcatenate' 'or_ln' <Predicate = (!icmp_ln348)> <Delay = 0.00>
ST_9 : Operation 61 [1/1] (0.00ns)   --->   "%zext_ln349 = zext i6 %or_ln to i64" [NIST-KATs/rng.c:349]   --->   Operation 61 'zext' 'zext_ln349' <Predicate = (!icmp_ln348)> <Delay = 0.00>
ST_9 : Operation 62 [1/1] (0.00ns)   --->   "%temp_addr_7 = getelementptr inbounds [48 x i8]* %temp, i64 0, i64 %zext_ln349" [NIST-KATs/rng.c:349]   --->   Operation 62 'getelementptr' 'temp_addr_7' <Predicate = (!icmp_ln348)> <Delay = 0.00>
ST_9 : Operation 63 [2/2] (1.75ns)   --->   "%temp_load_4 = load i8* %temp_addr_7, align 1" [NIST-KATs/rng.c:349]   --->   Operation 63 'load' 'temp_load_4' <Predicate = (!icmp_ln348)> <Delay = 1.75> <Core = "RAM">   --->   Core 37 'RAM' <Latency = 1> <II = 1> <Delay = 1.75> <Storage> <Opcode : 'load' 'store'> <Ports = 2> <Width = 8> <Depth = 48> <RAM>
ST_9 : Operation 64 [1/1] (0.00ns)   --->   "ret void" [NIST-KATs/rng.c:350]   --->   Operation 64 'ret' <Predicate = (icmp_ln348)> <Delay = 0.00>

State 10 <SV = 4> <Delay = 3.51>
ST_10 : Operation 65 [1/2] (1.75ns)   --->   "%temp_load_4 = load i8* %temp_addr_7, align 1" [NIST-KATs/rng.c:349]   --->   Operation 65 'load' 'temp_load_4' <Predicate = true> <Delay = 1.75> <Core = "RAM">   --->   Core 37 'RAM' <Latency = 1> <II = 1> <Delay = 1.75> <Storage> <Opcode : 'load' 'store'> <Ports = 2> <Width = 8> <Depth = 48> <RAM>
ST_10 : Operation 66 [1/1] (0.00ns)   --->   "%zext_ln349_1 = zext i5 %i_3 to i64" [NIST-KATs/rng.c:349]   --->   Operation 66 'zext' 'zext_ln349_1' <Predicate = true> <Delay = 0.00>
ST_10 : Operation 67 [1/1] (0.00ns)   --->   "%V_addr_1 = getelementptr [16 x i8]* %V, i64 0, i64 %zext_ln349_1" [NIST-KATs/rng.c:349]   --->   Operation 67 'getelementptr' 'V_addr_1' <Predicate = true> <Delay = 0.00>
ST_10 : Operation 68 [1/1] (1.75ns)   --->   "store i8 %temp_load_4, i8* %V_addr_1, align 1" [NIST-KATs/rng.c:349]   --->   Operation 68 'store' <Predicate = true> <Delay = 1.75> <Core = "RAM">   --->   Core 37 'RAM' <Latency = 1> <II = 1> <Delay = 1.75> <Storage> <Opcode : 'load' 'store'> <Ports = 2> <Width = 8> <Depth = 48> <RAM>
ST_10 : Operation 69 [1/1] (0.00ns)   --->   "br label %.preheader" [NIST-KATs/rng.c:348]   --->   Operation 69 'br' <Predicate = true> <Delay = 0.00>


============================================================
+ Verbose Summary: Binding
============================================================
STG Binding: 
---------------- STG Properties BEGIN ----------------
- Is combinational: 0
- Is one-state seq: 0
- Is datapath-only: 0
- Is pipelined: 0
- Is top level: 0
Port [ Return ] is wired: 1; IO mode=ap_ctrl_hs:ce=0
Port [ V]:  wired=1; compound=1; hidden=0; nouse=0; global=0; static=0; extern=0; dir=2; type=1; pingpong=0; private_global=0; MemPort=[21]; IO mode=ap_memory:ce=0
Port [ sbox]:  wired=0; compound=1; hidden=1; nouse=1; global=1; static=1; extern=0; dir=0; type=1; pingpong=0; private_global=0; linkage=7; visibility=0; MemPort=[1111]; IO mode=ap_memory:ce=0
Port [ Rcon]:  wired=0; compound=1; hidden=1; nouse=1; global=1; static=1; extern=0; dir=0; type=1; pingpong=0; private_global=0; linkage=7; visibility=0; MemPort=[1]; IO mode=ap_memory:ce=0
Port [ DRBG_ctx_Key]:  wired=1; compound=1; hidden=0; nouse=0; global=1; static=0; extern=0; dir=2; type=1; pingpong=0; private_global=0; linkage=15; visibility=0; MemPort=[21]; IO mode=ap_memory:ce=0
---------------- STG Properties END ------------------

---------------- Datapath Model BEGIN ----------------

<LifeTime>
<method=bitvector/>
temp              (alloca           ) [ 00111111111]
br_ln328          (br               ) [ 01111110000]
i_0               (phi              ) [ 00111100000]
icmp_ln328        (icmp             ) [ 00111110000]
empty             (speclooptripcount) [ 00000000000]
i_9               (add              ) [ 01111110000]
br_ln328          (br               ) [ 00000000000]
br_ln330          (br               ) [ 00111110000]
br_ln346          (br               ) [ 00111111100]
j_0               (phi              ) [ 00011000000]
sext_ln330        (sext             ) [ 00000000000]
tmp               (bitselect        ) [ 00111110000]
empty_130         (speclooptripcount) [ 00000000000]
br_ln330          (br               ) [ 00000000000]
zext_ln331        (zext             ) [ 00000000000]
V_addr            (getelementptr    ) [ 00001000000]
br_ln0            (br               ) [ 00000000000]
V_load            (load             ) [ 00000000000]
icmp_ln331        (icmp             ) [ 00111110000]
br_ln331          (br               ) [ 00000000000]
store_ln332       (store            ) [ 00000000000]
j                 (add              ) [ 00111110000]
br_ln330          (br               ) [ 00111110000]
add_ln334         (add              ) [ 00000000000]
store_ln334       (store            ) [ 00000000000]
br_ln335          (br               ) [ 00000000000]
shl_ln            (bitconcatenate   ) [ 00000010000]
call_ln339        (call             ) [ 00000000000]
br_ln328          (br               ) [ 01111110000]
i_2               (phi              ) [ 00000001000]
icmp_ln346        (icmp             ) [ 00000001100]
empty_131         (speclooptripcount) [ 00000000000]
i                 (add              ) [ 00100001100]
br_ln346          (br               ) [ 00000000000]
zext_ln347        (zext             ) [ 00000000100]
temp_addr         (getelementptr    ) [ 00000000100]
br_ln348          (br               ) [ 00000001111]
temp_load         (load             ) [ 00000000000]
DRBG_ctx_Key_addr (getelementptr    ) [ 00000000000]
store_ln347       (store            ) [ 00000000000]
br_ln346          (br               ) [ 00100001100]
i_3               (phi              ) [ 00000000011]
icmp_ln348        (icmp             ) [ 00000000011]
empty_132         (speclooptripcount) [ 00000000000]
i_8               (add              ) [ 00000001011]
br_ln348          (br               ) [ 00000000000]
or_ln             (bitconcatenate   ) [ 00000000000]
zext_ln349        (zext             ) [ 00000000000]
temp_addr_7       (getelementptr    ) [ 00000000001]
ret_ln350         (ret              ) [ 00000000000]
temp_load_4       (load             ) [ 00000000000]
zext_ln349_1      (zext             ) [ 00000000000]
V_addr_1          (getelementptr    ) [ 00000000000]
store_ln349       (store            ) [ 00000000000]
br_ln348          (br               ) [ 00000001011]
</LifeTime>

<model>

<comp_list>
<comp id="0" class="1000" name="V">
<pin_list>
<pin id="1" dir="1" index="0" bw="1" slack="0"/>
</pin_list>
<bind>
<StgValue><ssdm name="V"/><MemPortTyVec>2 1 </MemPortTyVec>
</StgValue>
</bind>
</comp>

<comp id="2" class="1000" name="sbox">
<pin_list>
<pin id="3" dir="1" index="0" bw="1" slack="0"/>
</pin_list>
<bind>
<StgValue><ssdm name="sbox"/><MemPortTyVec>1 1 1 1 </MemPortTyVec>
</StgValue>
</bind>
</comp>

<comp id="4" class="1000" name="Rcon">
<pin_list>
<pin id="5" dir="1" index="0" bw="1" slack="0"/>
</pin_list>
<bind>
<StgValue><ssdm name="Rcon"/><MemPortTyVec>1 </MemPortTyVec>
</StgValue>
</bind>
</comp>

<comp id="6" class="1000" name="DRBG_ctx_Key">
<pin_list>
<pin id="7" dir="1" index="0" bw="1" slack="0"/>
</pin_list>
<bind>
<StgValue><ssdm name="DRBG_ctx_Key"/><MemPortTyVec>2 1 </MemPortTyVec>
</StgValue>
</bind>
</comp>

<comp id="8" class="1001" name="const_8">
<pin_list>
<pin id="9" dir="1" index="0" bw="1" slack="0"/>
</pin_list>
<bind>
<StgValue><ssdm name=""/></StgValue>
</bind>
</comp>

<comp id="10" class="1001" name="const_10">
<pin_list>
<pin id="11" dir="1" index="0" bw="1" slack="1"/>
</pin_list>
<bind>
<StgValue><ssdm name=""/></StgValue>
</bind>
</comp>

<comp id="12" class="1001" name="const_12">
<pin_list>
<pin id="13" dir="1" index="0" bw="1" slack="0"/>
</pin_list>
<bind>
<StgValue><ssdm name=""/></StgValue>
</bind>
</comp>

<comp id="14" class="1001" name="const_14">
<pin_list>
<pin id="15" dir="1" index="0" bw="1" slack="2147483647"/>
</pin_list>
<bind>
<StgValue><ssdm name="_ssdm_op_SpecLoopTripCount"/></StgValue>
</bind>
</comp>

<comp id="16" class="1001" name="const_16">
<pin_list>
<pin id="17" dir="1" index="0" bw="1" slack="2147483647"/>
</pin_list>
<bind>
<StgValue><ssdm name=""/></StgValue>
</bind>
</comp>

<comp id="18" class="1001" name="const_18">
<pin_list>
<pin id="19" dir="1" index="0" bw="1" slack="0"/>
</pin_list>
<bind>
<StgValue><ssdm name=""/></StgValue>
</bind>
</comp>

<comp id="20" class="1001" name="const_20">
<pin_list>
<pin id="21" dir="1" index="0" bw="1" slack="1"/>
</pin_list>
<bind>
<StgValue><ssdm name=""/></StgValue>
</bind>
</comp>

<comp id="22" class="1001" name="const_22">
<pin_list>
<pin id="23" dir="1" index="0" bw="1" slack="0"/>
</pin_list>
<bind>
<StgValue><ssdm name="_ssdm_op_BitSelect.i1.i5.i32"/></StgValue>
</bind>
</comp>

<comp id="24" class="1001" name="const_24">
<pin_list>
<pin id="25" dir="1" index="0" bw="1" slack="0"/>
</pin_list>
<bind>
<StgValue><ssdm name=""/></StgValue>
</bind>
</comp>

<comp id="26" class="1001" name="const_26">
<pin_list>
<pin id="27" dir="1" index="0" bw="1" slack="2147483647"/>
</pin_list>
<bind>
<StgValue><ssdm name=""/></StgValue>
</bind>
</comp>

<comp id="28" class="1001" name="const_28">
<pin_list>
<pin id="29" dir="1" index="0" bw="1" slack="2147483647"/>
</pin_list>
<bind>
<StgValue><ssdm name=""/></StgValue>
</bind>
</comp>

<comp id="30" class="1001" name="const_30">
<pin_list>
<pin id="31" dir="1" index="0" bw="1" slack="0"/>
</pin_list>
<bind>
<StgValue><ssdm name=""/></StgValue>
</bind>
</comp>

<comp id="32" class="1001" name="const_32">
<pin_list>
<pin id="33" dir="1" index="0" bw="1" slack="0"/>
</pin_list>
<bind>
<StgValue><ssdm name=""/></StgValue>
</bind>
</comp>

<comp id="34" class="1001" name="const_34">
<pin_list>
<pin id="35" dir="1" index="0" bw="1" slack="0"/>
</pin_list>
<bind>
<StgValue><ssdm name=""/></StgValue>
</bind>
</comp>

<comp id="36" class="1001" name="const_36">
<pin_list>
<pin id="37" dir="1" index="0" bw="1" slack="0"/>
</pin_list>
<bind>
<StgValue><ssdm name=""/></StgValue>
</bind>
</comp>

<comp id="38" class="1001" name="const_38">
<pin_list>
<pin id="39" dir="1" index="0" bw="1" slack="0"/>
</pin_list>
<bind>
<StgValue><ssdm name=""/></StgValue>
</bind>
</comp>

<comp id="40" class="1001" name="const_40">
<pin_list>
<pin id="41" dir="1" index="0" bw="1" slack="0"/>
</pin_list>
<bind>
<StgValue><ssdm name="_ssdm_op_BitConcatenate.i6.i2.i4"/></StgValue>
</bind>
</comp>

<comp id="42" class="1001" name="const_42">
<pin_list>
<pin id="43" dir="1" index="0" bw="1" slack="0"/>
</pin_list>
<bind>
<StgValue><ssdm name=""/></StgValue>
</bind>
</comp>

<comp id="44" class="1001" name="const_44">
<pin_list>
<pin id="45" dir="1" index="0" bw="1" slack="0"/>
</pin_list>
<bind>
<StgValue><ssdm name="AES256_ECB"/></StgValue>
</bind>
</comp>

<comp id="46" class="1001" name="const_46">
<pin_list>
<pin id="47" dir="1" index="0" bw="1" slack="1"/>
</pin_list>
<bind>
<StgValue><ssdm name=""/></StgValue>
</bind>
</comp>

<comp id="48" class="1001" name="const_48">
<pin_list>
<pin id="49" dir="1" index="0" bw="1" slack="0"/>
</pin_list>
<bind>
<StgValue><ssdm name=""/></StgValue>
</bind>
</comp>

<comp id="50" class="1001" name="const_50">
<pin_list>
<pin id="51" dir="1" index="0" bw="1" slack="2147483647"/>
</pin_list>
<bind>
<StgValue><ssdm name=""/></StgValue>
</bind>
</comp>

<comp id="52" class="1001" name="const_52">
<pin_list>
<pin id="53" dir="1" index="0" bw="1" slack="0"/>
</pin_list>
<bind>
<StgValue><ssdm name=""/></StgValue>
</bind>
</comp>

<comp id="54" class="1001" name="const_54">
<pin_list>
<pin id="55" dir="1" index="0" bw="1" slack="1"/>
</pin_list>
<bind>
<StgValue><ssdm name=""/></StgValue>
</bind>
</comp>

<comp id="56" class="1001" name="const_56">
<pin_list>
<pin id="57" dir="1" index="0" bw="1" slack="0"/>
</pin_list>
<bind>
<StgValue><ssdm name=""/></StgValue>
</bind>
</comp>

<comp id="58" class="1001" name="const_58">
<pin_list>
<pin id="59" dir="1" index="0" bw="1" slack="0"/>
</pin_list>
<bind>
<StgValue><ssdm name=""/></StgValue>
</bind>
</comp>

<comp id="60" class="1001" name="const_60">
<pin_list>
<pin id="61" dir="1" index="0" bw="1" slack="0"/>
</pin_list>
<bind>
<StgValue><ssdm name="_ssdm_op_BitConcatenate.i6.i1.i5"/></StgValue>
</bind>
</comp>

<comp id="62" class="1001" name="const_62">
<pin_list>
<pin id="63" dir="1" index="0" bw="1" slack="0"/>
</pin_list>
<bind>
<StgValue><ssdm name=""/></StgValue>
</bind>
</comp>

<comp id="64" class="1004" name="temp_alloca_fu_64">
<pin_list>
<pin id="65" dir="0" index="0" bw="1" slack="0"/>
<pin id="66" dir="1" index="1" bw="8" slack="2147483647"/>
</pin_list>
<bind>
<opcode="alloca(26) " fcode="alloca"/>
<opset="temp/1 "/>
</bind>
</comp>

<comp id="68" class="1004" name="V_addr_gep_fu_68">
<pin_list>
<pin id="69" dir="0" index="0" bw="8" slack="0"/>
<pin id="70" dir="0" index="1" bw="1" slack="0"/>
<pin id="71" dir="0" index="2" bw="32" slack="0"/>
<pin id="72" dir="1" index="3" bw="4" slack="0"/>
</pin_list>
<bind>
<opcode="getelementptr(29) " fcode="getelementptr"/>
<opset="V_addr/3 "/>
</bind>
</comp>

<comp id="75" class="1004" name="grp_access_fu_75">
<pin_list>
<pin id="76" dir="0" index="0" bw="4" slack="0"/>
<pin id="77" dir="0" index="1" bw="8" slack="0"/>
<pin id="78" dir="0" index="2" bw="0" slack="2147483647"/>
<pin id="79" dir="1" index="3" bw="8" slack="0"/>
</pin_list>
<bind>
<opcode="load(27) store(28) " fcode="store"/>
<opset="V_load/3 store_ln332/4 store_ln334/4 store_ln349/10 "/>
</bind>
</comp>

<comp id="82" class="1004" name="temp_addr_gep_fu_82">
<pin_list>
<pin id="83" dir="0" index="0" bw="8" slack="2147483647"/>
<pin id="84" dir="0" index="1" bw="1" slack="0"/>
<pin id="85" dir="0" index="2" bw="6" slack="0"/>
<pin id="86" dir="1" index="3" bw="6" slack="0"/>
</pin_list>
<bind>
<opcode="getelementptr(29) " fcode="getelementptr"/>
<opset="temp_addr/7 "/>
</bind>
</comp>

<comp id="88" class="1004" name="grp_access_fu_88">
<pin_list>
<pin id="89" dir="0" index="0" bw="6" slack="0"/>
<pin id="90" dir="0" index="1" bw="8" slack="2147483647"/>
<pin id="91" dir="0" index="2" bw="0" slack="2147483647"/>
<pin id="92" dir="1" index="3" bw="8" slack="0"/>
</pin_list>
<bind>
<opcode="load(27) " fcode="load"/>
<opset="temp_load/7 temp_load_4/9 "/>
</bind>
</comp>

<comp id="94" class="1004" name="DRBG_ctx_Key_addr_gep_fu_94">
<pin_list>
<pin id="95" dir="0" index="0" bw="8" slack="0"/>
<pin id="96" dir="0" index="1" bw="1" slack="0"/>
<pin id="97" dir="0" index="2" bw="6" slack="1"/>
<pin id="98" dir="1" index="3" bw="5" slack="0"/>
</pin_list>
<bind>
<opcode="getelementptr(29) " fcode="getelementptr"/>
<opset="DRBG_ctx_Key_addr/8 "/>
</bind>
</comp>

<comp id="101" class="1004" name="store_ln347_access_fu_101">
<pin_list>
<pin id="102" dir="0" index="0" bw="5" slack="0"/>
<pin id="103" dir="0" index="1" bw="8" slack="0"/>
<pin id="104" dir="0" index="2" bw="0" slack="2147483647"/>
<pin id="105" dir="1" index="3" bw="8" slack="2147483647"/>
</pin_list>
<bind>
<opcode="store(28) " fcode="store"/>
<opset="store_ln347/8 "/>
</bind>
</comp>

<comp id="108" class="1004" name="temp_addr_7_gep_fu_108">
<pin_list>
<pin id="109" dir="0" index="0" bw="8" slack="2147483647"/>
<pin id="110" dir="0" index="1" bw="1" slack="0"/>
<pin id="111" dir="0" index="2" bw="6" slack="0"/>
<pin id="112" dir="1" index="3" bw="6" slack="0"/>
</pin_list>
<bind>
<opcode="getelementptr(29) " fcode="getelementptr"/>
<opset="temp_addr_7/9 "/>
</bind>
</comp>

<comp id="115" class="1004" name="V_addr_1_gep_fu_115">
<pin_list>
<pin id="116" dir="0" index="0" bw="8" slack="0"/>
<pin id="117" dir="0" index="1" bw="1" slack="0"/>
<pin id="118" dir="0" index="2" bw="5" slack="0"/>
<pin id="119" dir="1" index="3" bw="4" slack="0"/>
</pin_list>
<bind>
<opcode="getelementptr(29) " fcode="getelementptr"/>
<opset="V_addr_1/10 "/>
</bind>
</comp>

<comp id="124" class="1005" name="i_0_reg_124">
<pin_list>
<pin id="125" dir="0" index="0" bw="2" slack="1"/>
<pin id="126" dir="1" index="1" bw="2" slack="1"/>
</pin_list>
<bind>
<opset="i_0 (phireg) "/>
</bind>
</comp>

<comp id="128" class="1004" name="i_0_phi_fu_128">
<pin_list>
<pin id="129" dir="0" index="0" bw="1" slack="1"/>
<pin id="130" dir="0" index="1" bw="0" slack="2147483647"/>
<pin id="131" dir="0" index="2" bw="2" slack="0"/>
<pin id="132" dir="0" index="3" bw="0" slack="2147483647"/>
<pin id="133" dir="1" index="4" bw="2" slack="0"/>
</pin_list>
<bind>
<opcode="phi(47) " fcode="phi"/>
<opset="i_0/2 "/>
</bind>
</comp>

<comp id="136" class="1005" name="j_0_reg_136">
<pin_list>
<pin id="137" dir="0" index="0" bw="5" slack="1"/>
<pin id="138" dir="1" index="1" bw="5" slack="1"/>
</pin_list>
<bind>
<opset="j_0 (phireg) "/>
</bind>
</comp>

<comp id="140" class="1004" name="j_0_phi_fu_140">
<pin_list>
<pin id="141" dir="0" index="0" bw="5" slack="1"/>
<pin id="142" dir="0" index="1" bw="0" slack="2147483647"/>
<pin id="143" dir="0" index="2" bw="5" slack="1"/>
<pin id="144" dir="0" index="3" bw="0" slack="2147483647"/>
<pin id="145" dir="1" index="4" bw="5" slack="0"/>
</pin_list>
<bind>
<opcode="phi(47) " fcode="phi"/>
<opset="j_0/3 "/>
</bind>
</comp>

<comp id="148" class="1005" name="i_2_reg_148">
<pin_list>
<pin id="149" dir="0" index="0" bw="6" slack="1"/>
<pin id="150" dir="1" index="1" bw="6" slack="1"/>
</pin_list>
<bind>
<opset="i_2 (phireg) "/>
</bind>
</comp>

<comp id="152" class="1004" name="i_2_phi_fu_152">
<pin_list>
<pin id="153" dir="0" index="0" bw="6" slack="0"/>
<pin id="154" dir="0" index="1" bw="0" slack="2147483647"/>
<pin id="155" dir="0" index="2" bw="1" slack="1"/>
<pin id="156" dir="0" index="3" bw="0" slack="2147483647"/>
<pin id="157" dir="1" index="4" bw="6" slack="0"/>
</pin_list>
<bind>
<opcode="phi(47) " fcode="phi"/>
<opset="i_2/7 "/>
</bind>
</comp>

<comp id="159" class="1005" name="i_3_reg_159">
<pin_list>
<pin id="160" dir="0" index="0" bw="5" slack="1"/>
<pin id="161" dir="1" index="1" bw="5" slack="1"/>
</pin_list>
<bind>
<opset="i_3 (phireg) "/>
</bind>
</comp>

<comp id="163" class="1004" name="i_3_phi_fu_163">
<pin_list>
<pin id="164" dir="0" index="0" bw="5" slack="0"/>
<pin id="165" dir="0" index="1" bw="0" slack="2147483647"/>
<pin id="166" dir="0" index="2" bw="1" slack="1"/>
<pin id="167" dir="0" index="3" bw="0" slack="2147483647"/>
<pin id="168" dir="1" index="4" bw="5" slack="0"/>
</pin_list>
<bind>
<opcode="phi(47) " fcode="phi"/>
<opset="i_3/9 "/>
</bind>
</comp>

<comp id="171" class="1004" name="grp_AES256_ECB_fu_171">
<pin_list>
<pin id="172" dir="0" index="0" bw="0" slack="0"/>
<pin id="173" dir="0" index="1" bw="8" slack="0"/>
<pin id="174" dir="0" index="2" bw="8" slack="0"/>
<pin id="175" dir="0" index="3" bw="8" slack="2147483647"/>
<pin id="176" dir="0" index="4" bw="6" slack="0"/>
<pin id="177" dir="0" index="5" bw="8" slack="0"/>
<pin id="178" dir="0" index="6" bw="8" slack="0"/>
<pin id="179" dir="1" index="7" bw="0" slack="2147483647"/>
</pin_list>
<bind>
<opcode="call(48) " fcode="call"/>
<opset="call_ln339/5 "/>
</bind>
</comp>

<comp id="185" class="1004" name="icmp_ln328_fu_185">
<pin_list>
<pin id="186" dir="0" index="0" bw="2" slack="0"/>
<pin id="187" dir="0" index="1" bw="1" slack="0"/>
<pin id="188" dir="1" index="2" bw="1" slack="2147483647"/>
</pin_list>
<bind>
<opcode="icmp(45) " fcode="icmp"/>
<opset="icmp_ln328/2 "/>
</bind>
</comp>

<comp id="191" class="1004" name="i_9_fu_191">
<pin_list>
<pin id="192" dir="0" index="0" bw="2" slack="0"/>
<pin id="193" dir="0" index="1" bw="1" slack="0"/>
<pin id="194" dir="1" index="2" bw="2" slack="0"/>
</pin_list>
<bind>
<opcode="add(8) " fcode="add"/>
<opset="i_9/2 "/>
</bind>
</comp>

<comp id="197" class="1004" name="sext_ln330_fu_197">
<pin_list>
<pin id="198" dir="0" index="0" bw="5" slack="0"/>
<pin id="199" dir="1" index="1" bw="32" slack="0"/>
</pin_list>
<bind>
<opcode="sext(35) " fcode="sext"/>
<opset="sext_ln330/3 "/>
</bind>
</comp>

<comp id="201" class="1004" name="tmp_fu_201">
<pin_list>
<pin id="202" dir="0" index="0" bw="1" slack="0"/>
<pin id="203" dir="0" index="1" bw="5" slack="0"/>
<pin id="204" dir="0" index="2" bw="4" slack="0"/>
<pin id="205" dir="1" index="3" bw="1" slack="2147483647"/>
</pin_list>
<bind>
<opcode="bitselect(1000) " fcode="bitselect"/>
<opset="tmp/3 "/>
</bind>
</comp>

<comp id="209" class="1004" name="zext_ln331_fu_209">
<pin_list>
<pin id="210" dir="0" index="0" bw="5" slack="0"/>
<pin id="211" dir="1" index="1" bw="64" slack="0"/>
</pin_list>
<bind>
<opcode="zext(34) " fcode="zext"/>
<opset="zext_ln331/3 "/>
</bind>
</comp>

<comp id="214" class="1004" name="icmp_ln331_fu_214">
<pin_list>
<pin id="215" dir="0" index="0" bw="8" slack="0"/>
<pin id="216" dir="0" index="1" bw="1" slack="0"/>
<pin id="217" dir="1" index="2" bw="1" slack="2147483647"/>
</pin_list>
<bind>
<opcode="icmp(45) " fcode="icmp"/>
<opset="icmp_ln331/4 "/>
</bind>
</comp>

<comp id="220" class="1004" name="j_fu_220">
<pin_list>
<pin id="221" dir="0" index="0" bw="5" slack="1"/>
<pin id="222" dir="0" index="1" bw="1" slack="0"/>
<pin id="223" dir="1" index="2" bw="5" slack="1"/>
</pin_list>
<bind>
<opcode="add(8) " fcode="add"/>
<opset="j/4 "/>
</bind>
</comp>

<comp id="226" class="1004" name="add_ln334_fu_226">
<pin_list>
<pin id="227" dir="0" index="0" bw="8" slack="0"/>
<pin id="228" dir="0" index="1" bw="1" slack="0"/>
<pin id="229" dir="1" index="2" bw="8" slack="0"/>
</pin_list>
<bind>
<opcode="add(8) " fcode="add"/>
<opset="add_ln334/4 "/>
</bind>
</comp>

<comp id="233" class="1004" name="shl_ln_fu_233">
<pin_list>
<pin id="234" dir="0" index="0" bw="6" slack="0"/>
<pin id="235" dir="0" index="1" bw="2" slack="3"/>
<pin id="236" dir="0" index="2" bw="1" slack="0"/>
<pin id="237" dir="1" index="3" bw="6" slack="0"/>
</pin_list>
<bind>
<opcode="bitconcatenate(1004) " fcode="bitconcatenate"/>
<opset="shl_ln/5 "/>
</bind>
</comp>

<comp id="242" class="1004" name="icmp_ln346_fu_242">
<pin_list>
<pin id="243" dir="0" index="0" bw="6" slack="0"/>
<pin id="244" dir="0" index="1" bw="6" slack="0"/>
<pin id="245" dir="1" index="2" bw="1" slack="2147483647"/>
</pin_list>
<bind>
<opcode="icmp(45) " fcode="icmp"/>
<opset="icmp_ln346/7 "/>
</bind>
</comp>

<comp id="248" class="1004" name="i_fu_248">
<pin_list>
<pin id="249" dir="0" index="0" bw="6" slack="0"/>
<pin id="250" dir="0" index="1" bw="1" slack="0"/>
<pin id="251" dir="1" index="2" bw="6" slack="0"/>
</pin_list>
<bind>
<opcode="add(8) " fcode="add"/>
<opset="i/7 "/>
</bind>
</comp>

<comp id="254" class="1004" name="zext_ln347_fu_254">
<pin_list>
<pin id="255" dir="0" index="0" bw="6" slack="0"/>
<pin id="256" dir="1" index="1" bw="64" slack="0"/>
</pin_list>
<bind>
<opcode="zext(34) " fcode="zext"/>
<opset="zext_ln347/7 "/>
</bind>
</comp>

<comp id="259" class="1004" name="icmp_ln348_fu_259">
<pin_list>
<pin id="260" dir="0" index="0" bw="5" slack="0"/>
<pin id="261" dir="0" index="1" bw="5" slack="0"/>
<pin id="262" dir="1" index="2" bw="1" slack="2147483647"/>
</pin_list>
<bind>
<opcode="icmp(45) " fcode="icmp"/>
<opset="icmp_ln348/9 "/>
</bind>
</comp>

<comp id="265" class="1004" name="i_8_fu_265">
<pin_list>
<pin id="266" dir="0" index="0" bw="5" slack="0"/>
<pin id="267" dir="0" index="1" bw="1" slack="0"/>
<pin id="268" dir="1" index="2" bw="5" slack="0"/>
</pin_list>
<bind>
<opcode="add(8) " fcode="add"/>
<opset="i_8/9 "/>
</bind>
</comp>

<comp id="271" class="1004" name="or_ln_fu_271">
<pin_list>
<pin id="272" dir="0" index="0" bw="6" slack="0"/>
<pin id="273" dir="0" index="1" bw="1" slack="0"/>
<pin id="274" dir="0" index="2" bw="5" slack="0"/>
<pin id="275" dir="1" index="3" bw="6" slack="0"/>
</pin_list>
<bind>
<opcode="bitconcatenate(1004) " fcode="bitconcatenate"/>
<opset="or_ln/9 "/>
</bind>
</comp>

<comp id="279" class="1004" name="zext_ln349_fu_279">
<pin_list>
<pin id="280" dir="0" index="0" bw="6" slack="0"/>
<pin id="281" dir="1" index="1" bw="64" slack="0"/>
</pin_list>
<bind>
<opcode="zext(34) " fcode="zext"/>
<opset="zext_ln349/9 "/>
</bind>
</comp>

<comp id="284" class="1004" name="zext_ln349_1_fu_284">
<pin_list>
<pin id="285" dir="0" index="0" bw="5" slack="1"/>
<pin id="286" dir="1" index="1" bw="64" slack="0"/>
</pin_list>
<bind>
<opcode="zext(34) " fcode="zext"/>
<opset="zext_ln349_1/10 "/>
</bind>
</comp>

<comp id="292" class="1005" name="i_9_reg_292">
<pin_list>
<pin id="293" dir="0" index="0" bw="2" slack="0"/>
<pin id="294" dir="1" index="1" bw="2" slack="0"/>
</pin_list>
<bind>
<opset="i_9 "/>
</bind>
</comp>

<comp id="300" class="1005" name="V_addr_reg_300">
<pin_list>
<pin id="301" dir="0" index="0" bw="4" slack="1"/>
<pin id="302" dir="1" index="1" bw="4" slack="1"/>
</pin_list>
<bind>
<opset="V_addr "/>
</bind>
</comp>

<comp id="308" class="1005" name="j_reg_308">
<pin_list>
<pin id="309" dir="0" index="0" bw="5" slack="1"/>
<pin id="310" dir="1" index="1" bw="5" slack="1"/>
</pin_list>
<bind>
<opset="j "/>
</bind>
</comp>

<comp id="313" class="1005" name="shl_ln_reg_313">
<pin_list>
<pin id="314" dir="0" index="0" bw="6" slack="1"/>
<pin id="315" dir="1" index="1" bw="6" slack="1"/>
</pin_list>
<bind>
<opset="shl_ln "/>
</bind>
</comp>

<comp id="321" class="1005" name="i_reg_321">
<pin_list>
<pin id="322" dir="0" index="0" bw="6" slack="0"/>
<pin id="323" dir="1" index="1" bw="6" slack="0"/>
</pin_list>
<bind>
<opset="i "/>
</bind>
</comp>

<comp id="326" class="1005" name="zext_ln347_reg_326">
<pin_list>
<pin id="327" dir="0" index="0" bw="64" slack="1"/>
<pin id="328" dir="1" index="1" bw="64" slack="1"/>
</pin_list>
<bind>
<opset="zext_ln347 "/>
</bind>
</comp>

<comp id="331" class="1005" name="temp_addr_reg_331">
<pin_list>
<pin id="332" dir="0" index="0" bw="6" slack="1"/>
<pin id="333" dir="1" index="1" bw="6" slack="1"/>
</pin_list>
<bind>
<opset="temp_addr "/>
</bind>
</comp>

<comp id="339" class="1005" name="i_8_reg_339">
<pin_list>
<pin id="340" dir="0" index="0" bw="5" slack="0"/>
<pin id="341" dir="1" index="1" bw="5" slack="0"/>
</pin_list>
<bind>
<opset="i_8 "/>
</bind>
</comp>

<comp id="344" class="1005" name="temp_addr_7_reg_344">
<pin_list>
<pin id="345" dir="0" index="0" bw="6" slack="1"/>
<pin id="346" dir="1" index="1" bw="6" slack="1"/>
</pin_list>
<bind>
<opset="temp_addr_7 "/>
</bind>
</comp>

</comp_list>

<net_list>
<net id="67"><net_src comp="8" pin="0"/><net_sink comp="64" pin=0"/></net>

<net id="73"><net_src comp="0" pin="0"/><net_sink comp="68" pin=0"/></net>

<net id="74"><net_src comp="30" pin="0"/><net_sink comp="68" pin=1"/></net>

<net id="80"><net_src comp="68" pin="3"/><net_sink comp="75" pin=0"/></net>

<net id="81"><net_src comp="34" pin="0"/><net_sink comp="75" pin=1"/></net>

<net id="87"><net_src comp="30" pin="0"/><net_sink comp="82" pin=1"/></net>

<net id="93"><net_src comp="82" pin="3"/><net_sink comp="88" pin=0"/></net>

<net id="99"><net_src comp="6" pin="0"/><net_sink comp="94" pin=0"/></net>

<net id="100"><net_src comp="30" pin="0"/><net_sink comp="94" pin=1"/></net>

<net id="106"><net_src comp="88" pin="3"/><net_sink comp="101" pin=1"/></net>

<net id="107"><net_src comp="94" pin="3"/><net_sink comp="101" pin=0"/></net>

<net id="113"><net_src comp="30" pin="0"/><net_sink comp="108" pin=1"/></net>

<net id="114"><net_src comp="108" pin="3"/><net_sink comp="88" pin=0"/></net>

<net id="120"><net_src comp="0" pin="0"/><net_sink comp="115" pin=0"/></net>

<net id="121"><net_src comp="30" pin="0"/><net_sink comp="115" pin=1"/></net>

<net id="122"><net_src comp="88" pin="3"/><net_sink comp="75" pin=1"/></net>

<net id="123"><net_src comp="115" pin="3"/><net_sink comp="75" pin=0"/></net>

<net id="127"><net_src comp="10" pin="0"/><net_sink comp="124" pin=0"/></net>

<net id="134"><net_src comp="124" pin="1"/><net_sink comp="128" pin=0"/></net>

<net id="135"><net_src comp="128" pin="4"/><net_sink comp="124" pin=0"/></net>

<net id="139"><net_src comp="20" pin="0"/><net_sink comp="136" pin=0"/></net>

<net id="146"><net_src comp="136" pin="1"/><net_sink comp="140" pin=2"/></net>

<net id="147"><net_src comp="140" pin="4"/><net_sink comp="136" pin=0"/></net>

<net id="151"><net_src comp="46" pin="0"/><net_sink comp="148" pin=0"/></net>

<net id="158"><net_src comp="148" pin="1"/><net_sink comp="152" pin=2"/></net>

<net id="162"><net_src comp="54" pin="0"/><net_sink comp="159" pin=0"/></net>

<net id="169"><net_src comp="159" pin="1"/><net_sink comp="163" pin=2"/></net>

<net id="170"><net_src comp="163" pin="4"/><net_sink comp="159" pin=0"/></net>

<net id="180"><net_src comp="44" pin="0"/><net_sink comp="171" pin=0"/></net>

<net id="181"><net_src comp="6" pin="0"/><net_sink comp="171" pin=1"/></net>

<net id="182"><net_src comp="0" pin="0"/><net_sink comp="171" pin=2"/></net>

<net id="183"><net_src comp="2" pin="0"/><net_sink comp="171" pin=5"/></net>

<net id="184"><net_src comp="4" pin="0"/><net_sink comp="171" pin=6"/></net>

<net id="189"><net_src comp="128" pin="4"/><net_sink comp="185" pin=0"/></net>

<net id="190"><net_src comp="12" pin="0"/><net_sink comp="185" pin=1"/></net>

<net id="195"><net_src comp="128" pin="4"/><net_sink comp="191" pin=0"/></net>

<net id="196"><net_src comp="18" pin="0"/><net_sink comp="191" pin=1"/></net>

<net id="200"><net_src comp="140" pin="4"/><net_sink comp="197" pin=0"/></net>

<net id="206"><net_src comp="22" pin="0"/><net_sink comp="201" pin=0"/></net>

<net id="207"><net_src comp="140" pin="4"/><net_sink comp="201" pin=1"/></net>

<net id="208"><net_src comp="24" pin="0"/><net_sink comp="201" pin=2"/></net>

<net id="212"><net_src comp="197" pin="1"/><net_sink comp="209" pin=0"/></net>

<net id="213"><net_src comp="209" pin="1"/><net_sink comp="68" pin=2"/></net>

<net id="218"><net_src comp="75" pin="3"/><net_sink comp="214" pin=0"/></net>

<net id="219"><net_src comp="32" pin="0"/><net_sink comp="214" pin=1"/></net>

<net id="224"><net_src comp="136" pin="1"/><net_sink comp="220" pin=0"/></net>

<net id="225"><net_src comp="36" pin="0"/><net_sink comp="220" pin=1"/></net>

<net id="230"><net_src comp="75" pin="3"/><net_sink comp="226" pin=0"/></net>

<net id="231"><net_src comp="38" pin="0"/><net_sink comp="226" pin=1"/></net>

<net id="232"><net_src comp="226" pin="2"/><net_sink comp="75" pin=1"/></net>

<net id="238"><net_src comp="40" pin="0"/><net_sink comp="233" pin=0"/></net>

<net id="239"><net_src comp="124" pin="1"/><net_sink comp="233" pin=1"/></net>

<net id="240"><net_src comp="42" pin="0"/><net_sink comp="233" pin=2"/></net>

<net id="241"><net_src comp="233" pin="3"/><net_sink comp="171" pin=4"/></net>

<net id="246"><net_src comp="152" pin="4"/><net_sink comp="242" pin=0"/></net>

<net id="247"><net_src comp="48" pin="0"/><net_sink comp="242" pin=1"/></net>

<net id="252"><net_src comp="152" pin="4"/><net_sink comp="248" pin=0"/></net>

<net id="253"><net_src comp="52" pin="0"/><net_sink comp="248" pin=1"/></net>

<net id="257"><net_src comp="152" pin="4"/><net_sink comp="254" pin=0"/></net>

<net id="258"><net_src comp="254" pin="1"/><net_sink comp="82" pin=2"/></net>

<net id="263"><net_src comp="163" pin="4"/><net_sink comp="259" pin=0"/></net>

<net id="264"><net_src comp="56" pin="0"/><net_sink comp="259" pin=1"/></net>

<net id="269"><net_src comp="163" pin="4"/><net_sink comp="265" pin=0"/></net>

<net id="270"><net_src comp="58" pin="0"/><net_sink comp="265" pin=1"/></net>

<net id="276"><net_src comp="60" pin="0"/><net_sink comp="271" pin=0"/></net>

<net id="277"><net_src comp="62" pin="0"/><net_sink comp="271" pin=1"/></net>

<net id="278"><net_src comp="163" pin="4"/><net_sink comp="271" pin=2"/></net>

<net id="282"><net_src comp="271" pin="3"/><net_sink comp="279" pin=0"/></net>

<net id="283"><net_src comp="279" pin="1"/><net_sink comp="108" pin=2"/></net>

<net id="287"><net_src comp="159" pin="1"/><net_sink comp="284" pin=0"/></net>

<net id="288"><net_src comp="284" pin="1"/><net_sink comp="115" pin=2"/></net>

<net id="295"><net_src comp="191" pin="2"/><net_sink comp="292" pin=0"/></net>

<net id="296"><net_src comp="292" pin="1"/><net_sink comp="128" pin=2"/></net>

<net id="303"><net_src comp="68" pin="3"/><net_sink comp="300" pin=0"/></net>

<net id="304"><net_src comp="300" pin="1"/><net_sink comp="75" pin=0"/></net>

<net id="311"><net_src comp="220" pin="2"/><net_sink comp="308" pin=0"/></net>

<net id="312"><net_src comp="308" pin="1"/><net_sink comp="140" pin=0"/></net>

<net id="316"><net_src comp="233" pin="3"/><net_sink comp="313" pin=0"/></net>

<net id="317"><net_src comp="313" pin="1"/><net_sink comp="171" pin=4"/></net>

<net id="324"><net_src comp="248" pin="2"/><net_sink comp="321" pin=0"/></net>

<net id="325"><net_src comp="321" pin="1"/><net_sink comp="152" pin=0"/></net>

<net id="329"><net_src comp="254" pin="1"/><net_sink comp="326" pin=0"/></net>

<net id="330"><net_src comp="326" pin="1"/><net_sink comp="94" pin=2"/></net>

<net id="334"><net_src comp="82" pin="3"/><net_sink comp="331" pin=0"/></net>

<net id="335"><net_src comp="331" pin="1"/><net_sink comp="88" pin=0"/></net>

<net id="342"><net_src comp="265" pin="2"/><net_sink comp="339" pin=0"/></net>

<net id="343"><net_src comp="339" pin="1"/><net_sink comp="163" pin=0"/></net>

<net id="347"><net_src comp="108" pin="3"/><net_sink comp="344" pin=0"/></net>

<net id="348"><net_src comp="344" pin="1"/><net_sink comp="88" pin=0"/></net>

</net_list>

</model> 
---------------- Datapath Model END ------------------

* FSMD analyzer results:
  - Output states:
	Port: V | {4 10 }
	Port: DRBG_ctx_Key | {8 }
 - Input state : 
	Port: AES256_CTR_DRBG_Upda : V | {3 4 5 6 }
	Port: AES256_CTR_DRBG_Upda : sbox | {5 6 }
	Port: AES256_CTR_DRBG_Upda : Rcon | {5 6 }
	Port: AES256_CTR_DRBG_Upda : DRBG_ctx_Key | {5 6 }
  - Chain level:
	State 1
	State 2
		icmp_ln328 : 1
		i_9 : 1
		br_ln328 : 2
	State 3
		sext_ln330 : 1
		tmp : 1
		br_ln330 : 2
		zext_ln331 : 2
		V_addr : 3
		V_load : 4
	State 4
		icmp_ln331 : 1
		br_ln331 : 2
		add_ln334 : 1
		store_ln334 : 2
	State 5
		call_ln339 : 1
	State 6
	State 7
		icmp_ln346 : 1
		i : 1
		br_ln346 : 2
		zext_ln347 : 1
		temp_addr : 2
		temp_load : 3
	State 8
		store_ln347 : 1
	State 9
		icmp_ln348 : 1
		i_8 : 1
		br_ln348 : 2
		or_ln : 1
		zext_ln349 : 2
		temp_addr_7 : 3
		temp_load_4 : 4
	State 10
		V_addr_1 : 1
		store_ln349 : 2


============================================================
+ Verbose Summary: Datapath Resource usage 
============================================================

* Functional unit list:
|----------|-----------------------|---------|---------|---------|---------|---------|
| Operation|    Functional Unit    |   BRAM  |  Delay  |    FF   |   LUT   |   URAM  |
|----------|-----------------------|---------|---------|---------|---------|---------|
|   call   | grp_AES256_ECB_fu_171 |    2    | 48.5744 |   899   |   1739  |    0    |
|----------|-----------------------|---------|---------|---------|---------|---------|
|          |       i_9_fu_191      |    0    |    0    |    0    |    10   |    0    |
|          |        j_fu_220       |    0    |    0    |    0    |    15   |    0    |
|    add   |    add_ln334_fu_226   |    0    |    0    |    0    |    15   |    0    |
|          |        i_fu_248       |    0    |    0    |    0    |    15   |    0    |
|          |       i_8_fu_265      |    0    |    0    |    0    |    15   |    0    |
|----------|-----------------------|---------|---------|---------|---------|---------|
|          |   icmp_ln328_fu_185   |    0    |    0    |    0    |    8    |    0    |
|   icmp   |   icmp_ln331_fu_214   |    0    |    0    |    0    |    11   |    0    |
|          |   icmp_ln346_fu_242   |    0    |    0    |    0    |    11   |    0    |
|          |   icmp_ln348_fu_259   |    0    |    0    |    0    |    11   |    0    |
|----------|-----------------------|---------|---------|---------|---------|---------|
|   sext   |   sext_ln330_fu_197   |    0    |    0    |    0    |    0    |    0    |
|----------|-----------------------|---------|---------|---------|---------|---------|
| bitselect|       tmp_fu_201      |    0    |    0    |    0    |    0    |    0    |
|----------|-----------------------|---------|---------|---------|---------|---------|
|          |   zext_ln331_fu_209   |    0    |    0    |    0    |    0    |    0    |
|   zext   |   zext_ln347_fu_254   |    0    |    0    |    0    |    0    |    0    |
|          |   zext_ln349_fu_279   |    0    |    0    |    0    |    0    |    0    |
|          |  zext_ln349_1_fu_284  |    0    |    0    |    0    |    0    |    0    |
|----------|-----------------------|---------|---------|---------|---------|---------|
|bitconcatenate|     shl_ln_fu_233     |    0    |    0    |    0    |    0    |    0    |
|          |      or_ln_fu_271     |    0    |    0    |    0    |    0    |    0    |
|----------|-----------------------|---------|---------|---------|---------|---------|
|   Total  |                       |    2    | 48.5744 |   899   |   1850  |    0    |
|----------|-----------------------|---------|---------|---------|---------|---------|

Memories:
+----+--------+--------+--------+--------+
|    |  BRAM  |   FF   |   LUT  |  URAM  |
+----+--------+--------+--------+--------+
|temp|    1   |    0   |    0   |    0   |
+----+--------+--------+--------+--------+
|Total|    1   |    0   |    0   |    0   |
+----+--------+--------+--------+--------+

* Register list:
+-------------------+--------+
|                   |   FF   |
+-------------------+--------+
|   V_addr_reg_300  |    4   |
|    i_0_reg_124    |    2   |
|    i_2_reg_148    |    6   |
|    i_3_reg_159    |    5   |
|    i_8_reg_339    |    5   |
|    i_9_reg_292    |    2   |
|     i_reg_321     |    6   |
|    j_0_reg_136    |    5   |
|     j_reg_308     |    5   |
|   shl_ln_reg_313  |    6   |
|temp_addr_7_reg_344|    6   |
| temp_addr_reg_331 |    6   |
| zext_ln347_reg_326|   64   |
+-------------------+--------+
|       Total       |   122  |
+-------------------+--------+

* Multiplexer (MUX) list: 
|-----------------------|------|------|------|--------||---------||---------|
|          Comp         |  Pin | Size |  BW  | S x BW ||  Delay  ||   LUT   |
|-----------------------|------|------|------|--------||---------||---------|
|    grp_access_fu_75   |  p0  |   3  |   4  |   12   ||    15   |
|    grp_access_fu_75   |  p1  |   3  |   8  |   24   ||    15   |
|    grp_access_fu_88   |  p0  |   4  |   6  |   24   ||    21   |
|      i_0_reg_124      |  p0  |   2  |   2  |    4   ||    9    |
|      j_0_reg_136      |  p0  |   2  |   5  |   10   ||    9    |
|      i_3_reg_159      |  p0  |   2  |   5  |   10   ||    9    |
| grp_AES256_ECB_fu_171 |  p4  |   2  |   6  |   12   ||    9    |
|-----------------------|------|------|------|--------||---------||---------|
|         Total         |      |      |      |   96   ||  9.857  ||    87   |
|-----------------------|------|------|------|--------||---------||---------|



* Summary:
+-----------+--------+--------+--------+--------+--------+
|           |  BRAM  |  Delay |   FF   |   LUT  |  URAM  |
+-----------+--------+--------+--------+--------+--------+
|  Function |    2   |   48   |   899  |  1850  |    0   |
|   Memory  |    1   |    -   |    0   |    0   |    0   |
|Multiplexer|    -   |    9   |    -   |   87   |    -   |
|  Register |    -   |    -   |   122  |    -   |    -   |
+-----------+--------+--------+--------+--------+--------+
|   Total   |    3   |   58   |  1021  |  1937  |    0   |
+-----------+--------+--------+--------+--------+--------+
