

================================================================
== Vivado HLS Report for 'matrix_mul'
================================================================
* Date:           Tue May 12 20:22:34 2020

* Version:        2019.2 (Build 2704478 on Wed Nov 06 22:10:23 MST 2019)
* Project:        picnic1
* Solution:       keypair
* Product family: artix7
* Target device:  xc7a200t-fbg676-2


================================================================
== Performance Estimates
================================================================
+ Timing: 
    * Summary: 
    +--------+----------+----------+------------+
    |  Clock |  Target  | Estimated| Uncertainty|
    +--------+----------+----------+------------+
    |ap_clk  | 10.00 ns | 8.366 ns |   1.25 ns  |
    +--------+----------+----------+------------+

+ Latency: 
    * Summary: 
    +---------+---------+-----------+-----------+------+------+---------+
    |  Latency (cycles) |   Latency (absolute)  |   Interval  | Pipeline|
    |   min   |   max   |    min    |    max    |  min |  max |   Type  |
    +---------+---------+-----------+-----------+------+------+---------+
    |     2570|     2570| 25.700 us | 25.700 us |  2570|  2570|   none  |
    +---------+---------+-----------+-----------+------+------+---------+

    + Detail: 
        * Instance: 
        N/A

        * Loop: 
        +------------------------+---------+---------+----------+-----------+-----------+------+----------+
        |                        |  Latency (cycles) | Iteration|  Initiation Interval  | Trip |          |
        |        Loop Name       |   min   |   max   |  Latency |  achieved |   target  | Count| Pipelined|
        +------------------------+---------+---------+----------+-----------+-----------+------+----------+
        |- matrix_mul_label6     |     2560|     2560|        20|          -|          -|   128|    no    |
        | + matrix_mul_label5    |        8|        8|         2|          -|          -|     4|    no    |
        | + matrix_mul_label6.2  |        6|        6|         2|          -|          -|     3|    no    |
        |- matrix_mul_label7     |        8|        8|         2|          -|          -|     4|    no    |
        +------------------------+---------+---------+----------+-----------+-----------+------+----------+

============================================================
+ Verbose Summary: Synthesis Manager
============================================================
InlineROM: 1
ExposeGlobal: 1
============================================================
+ Verbose Summary: CDFG Model
============================================================
IsTopModel: 0
ResetActiveHigh: 1
IsCombinational: 0
IsDatapathOnly: 0
HasWiredReturn: 1
HasMFsm: 0
HasVarLatency: 1
IsPipeline: 0
IsRtlPipelined: 0
IsInstanceOverlapped: 0
IsDontTouch: 0
HasImplIP: 0
IsGatedGlobalClock: 0


============================================================
+ Verbose Summary: Schedule
============================================================
* Number of FSM states : 11
* Pipeline : 0
* Dataflow Pipeline: 0

* FSM state transitions: 
1 --> 2 
2 --> 3 10 
3 --> 4 5 
4 --> 3 
5 --> 6 
6 --> 7 8 
7 --> 6 
8 --> 9 
9 --> 2 
10 --> 11 
11 --> 10 

* FSM state operations: 

State 1 <SV = 0> <Delay = 1.35>
ST_1 : Operation 12 [1/1] (0.00ns)   --->   "%matrix_offset_read = call i14 @_ssdm_op_Read.ap_auto.i14(i14 %matrix_offset)"   --->   Operation 12 'read' 'matrix_offset_read' <Predicate = true> <Delay = 0.00>
ST_1 : Operation 13 [1/1] (0.00ns)   --->   "%prod = alloca [64 x i32], align 16" [picnic_impl.c:121]   --->   Operation 13 'alloca' 'prod' <Predicate = true> <Delay = 0.00> <Core = "RAM">   --->   Core 37 'RAM' <Latency = 1> <II = 1> <Delay = 1.75> <Storage> <Opcode : 'load' 'store'> <Ports = 2> <Width = 32> <Depth = 8> <RAM>
ST_1 : Operation 14 [1/1] (0.00ns)   --->   "%temp = alloca [64 x i32], align 16" [picnic_impl.c:122]   --->   Operation 14 'alloca' 'temp' <Predicate = true> <Delay = 0.00> <Core = "RAM">   --->   Core 37 'RAM' <Latency = 1> <II = 1> <Delay = 1.75> <Storage> <Opcode : 'load' 'store'> <Ports = 2> <Width = 32> <Depth = 8> <RAM>
ST_1 : Operation 15 [1/1] (0.00ns)   --->   "%prod_addr = getelementptr [64 x i32]* %prod, i64 0, i64 0" [picnic_impl.c:81->picnic_impl.c:129]   --->   Operation 15 'getelementptr' 'prod_addr' <Predicate = true> <Delay = 0.00>
ST_1 : Operation 16 [1/1] (1.35ns)   --->   "br label %1" [picnic_impl.c:124]   --->   Operation 16 'br' <Predicate = true> <Delay = 1.35>

State 2 <SV = 1> <Delay = 1.71>
ST_2 : Operation 17 [1/1] (0.00ns)   --->   "%bitNumber_assign = phi i8 [ 0, %0 ], [ %i, %matrix_mul_label6_end ]"   --->   Operation 17 'phi' 'bitNumber_assign' <Predicate = true> <Delay = 0.00>
ST_2 : Operation 18 [1/1] (0.00ns)   --->   "%trunc_ln124 = trunc i8 %bitNumber_assign to i3" [picnic_impl.c:124]   --->   Operation 18 'trunc' 'trunc_ln124' <Predicate = true> <Delay = 0.00>
ST_2 : Operation 19 [1/1] (1.24ns)   --->   "%icmp_ln124 = icmp eq i8 %bitNumber_assign, -128" [picnic_impl.c:124]   --->   Operation 19 'icmp' 'icmp_ln124' <Predicate = true> <Delay = 1.24> <Core = "Cmp">   --->   Core 25 'Cmp' <Latency = 0> <II = 1> <Delay = 1.00> <FuncUnit> <Opcode : 'icmp'> <InPorts = 2> <OutPorts = 1>
ST_2 : Operation 20 [1/1] (0.00ns)   --->   "%empty = call i32 (...)* @_ssdm_op_SpecLoopTripCount(i64 128, i64 128, i64 0)"   --->   Operation 20 'speclooptripcount' 'empty' <Predicate = true> <Delay = 0.00>
ST_2 : Operation 21 [1/1] (1.71ns)   --->   "%i = add i8 1, %bitNumber_assign" [picnic_impl.c:124]   --->   Operation 21 'add' 'i' <Predicate = true> <Delay = 1.71> <Core = "AddSub">   --->   Core 14 'AddSub' <Latency = 0> <II = 1> <Delay = 1.34> <FuncUnit> <Opcode : 'add' 'sub'> <InPorts = 2> <OutPorts = 1>
ST_2 : Operation 22 [1/1] (0.00ns)   --->   "br i1 %icmp_ln124, label %.preheader.preheader, label %matrix_mul_label6_begin" [picnic_impl.c:124]   --->   Operation 22 'br' <Predicate = true> <Delay = 0.00>
ST_2 : Operation 23 [1/1] (0.00ns)   --->   "call void (...)* @_ssdm_op_SpecLoopName([18 x i8]* @p_str929) nounwind" [picnic_impl.c:124]   --->   Operation 23 'specloopname' <Predicate = (!icmp_ln124)> <Delay = 0.00>
ST_2 : Operation 24 [1/1] (0.00ns)   --->   "%tmp = call i32 (...)* @_ssdm_op_SpecRegionBegin([18 x i8]* @p_str929)" [picnic_impl.c:124]   --->   Operation 24 'specregionbegin' 'tmp' <Predicate = (!icmp_ln124)> <Delay = 0.00>
ST_2 : Operation 25 [1/1] (0.00ns)   --->   "%trunc_ln126 = trunc i8 %bitNumber_assign to i7" [picnic_impl.c:126]   --->   Operation 25 'trunc' 'trunc_ln126' <Predicate = (!icmp_ln124)> <Delay = 0.00>
ST_2 : Operation 26 [1/1] (0.00ns)   --->   "%shl_ln = call i9 @_ssdm_op_BitConcatenate.i9.i7.i2(i7 %trunc_ln126, i2 0)" [picnic_impl.c:126]   --->   Operation 26 'bitconcatenate' 'shl_ln' <Predicate = (!icmp_ln124)> <Delay = 0.00>
ST_2 : Operation 27 [1/1] (1.35ns)   --->   "br label %2" [picnic_impl.c:125]   --->   Operation 27 'br' <Predicate = (!icmp_ln124)> <Delay = 1.35>
ST_2 : Operation 28 [1/1] (1.35ns)   --->   "br label %.preheader" [picnic_impl.c:133]   --->   Operation 28 'br' <Predicate = (icmp_ln124)> <Delay = 1.35>

State 3 <SV = 2> <Delay = 6.31>
ST_3 : Operation 29 [1/1] (0.00ns)   --->   "%j_0 = phi i3 [ 0, %matrix_mul_label6_begin ], [ %j, %3 ]"   --->   Operation 29 'phi' 'j_0' <Predicate = true> <Delay = 0.00>
ST_3 : Operation 30 [1/1] (0.00ns)   --->   "%zext_ln125 = zext i3 %j_0 to i9" [picnic_impl.c:125]   --->   Operation 30 'zext' 'zext_ln125' <Predicate = true> <Delay = 0.00>
ST_3 : Operation 31 [1/1] (1.00ns)   --->   "%icmp_ln125 = icmp eq i3 %j_0, -4" [picnic_impl.c:125]   --->   Operation 31 'icmp' 'icmp_ln125' <Predicate = true> <Delay = 1.00> <Core = "Cmp">   --->   Core 25 'Cmp' <Latency = 0> <II = 1> <Delay = 1.00> <FuncUnit> <Opcode : 'icmp'> <InPorts = 2> <OutPorts = 1>
ST_3 : Operation 32 [1/1] (0.00ns)   --->   "%empty_41 = call i32 (...)* @_ssdm_op_SpecLoopTripCount(i64 4, i64 4, i64 0)"   --->   Operation 32 'speclooptripcount' 'empty_41' <Predicate = true> <Delay = 0.00>
ST_3 : Operation 33 [1/1] (1.34ns)   --->   "%j = add i3 %j_0, 1" [picnic_impl.c:125]   --->   Operation 33 'add' 'j' <Predicate = true> <Delay = 1.34> <Core = "AddSub">   --->   Core 14 'AddSub' <Latency = 0> <II = 1> <Delay = 1.34> <FuncUnit> <Opcode : 'add' 'sub'> <InPorts = 2> <OutPorts = 1>
ST_3 : Operation 34 [1/1] (0.00ns)   --->   "br i1 %icmp_ln125, label %4, label %3" [picnic_impl.c:125]   --->   Operation 34 'br' <Predicate = true> <Delay = 0.00>
ST_3 : Operation 35 [1/1] (1.73ns)   --->   "%add_ln126 = add i9 %shl_ln, %zext_ln125" [picnic_impl.c:126]   --->   Operation 35 'add' 'add_ln126' <Predicate = (!icmp_ln125)> <Delay = 1.73> <Core = "AddSub">   --->   Core 14 'AddSub' <Latency = 0> <II = 1> <Delay = 1.34> <FuncUnit> <Opcode : 'add' 'sub'> <InPorts = 2> <OutPorts = 1>
ST_3 : Operation 36 [1/1] (0.00ns)   --->   "%zext_ln126 = zext i9 %add_ln126 to i14" [picnic_impl.c:126]   --->   Operation 36 'zext' 'zext_ln126' <Predicate = (!icmp_ln125)> <Delay = 0.00>
ST_3 : Operation 37 [1/1] (0.00ns)   --->   "%zext_ln127 = zext i3 %j_0 to i64" [picnic_impl.c:127]   --->   Operation 37 'zext' 'zext_ln127' <Predicate = (!icmp_ln125)> <Delay = 0.00>
ST_3 : Operation 38 [1/1] (0.00ns)   --->   "%state_addr_1 = getelementptr [8 x i32]* %output_r, i64 0, i64 %zext_ln127" [picnic_impl.c:127]   --->   Operation 38 'getelementptr' 'state_addr_1' <Predicate = (!icmp_ln125)> <Delay = 0.00>
ST_3 : Operation 39 [2/2] (1.75ns)   --->   "%state_load = load i32* %state_addr_1, align 4" [picnic_impl.c:127]   --->   Operation 39 'load' 'state_load' <Predicate = (!icmp_ln125)> <Delay = 1.75> <Core = "RAM">   --->   Core 37 'RAM' <Latency = 1> <II = 1> <Delay = 1.75> <Storage> <Opcode : 'load' 'store'> <Ports = 2> <Width = 32> <Depth = 8> <RAM>
ST_3 : Operation 40 [1/1] (1.80ns)   --->   "%add_ln127 = add i14 %zext_ln126, %matrix_offset_read" [picnic_impl.c:127]   --->   Operation 40 'add' 'add_ln127' <Predicate = (!icmp_ln125)> <Delay = 1.80> <Core = "AddSub">   --->   Core 14 'AddSub' <Latency = 0> <II = 1> <Delay = 1.34> <FuncUnit> <Opcode : 'add' 'sub'> <InPorts = 2> <OutPorts = 1>
ST_3 : Operation 41 [1/1] (0.00ns)   --->   "%zext_ln127_2 = zext i14 %add_ln127 to i64" [picnic_impl.c:127]   --->   Operation 41 'zext' 'zext_ln127_2' <Predicate = (!icmp_ln125)> <Delay = 0.00>
ST_3 : Operation 42 [1/1] (0.00ns)   --->   "%temp_matrix2_addr = getelementptr [10240 x i32]* @temp_matrix2, i64 0, i64 %zext_ln127_2" [picnic_impl.c:127]   --->   Operation 42 'getelementptr' 'temp_matrix2_addr' <Predicate = (!icmp_ln125)> <Delay = 0.00>
ST_3 : Operation 43 [2/2] (2.77ns)   --->   "%temp_matrix2_load = load i32* %temp_matrix2_addr, align 4" [picnic_impl.c:127]   --->   Operation 43 'load' 'temp_matrix2_load' <Predicate = (!icmp_ln125)> <Delay = 2.77> <Core = "ROM_nP">   --->   Core 52 'ROM_nP' <Latency = 1> <II = 1> <Delay = 2.77> <Storage> <Opcode : 'load'> <Ports = 0> <Width = 32> <Depth = 10240> <ROM>
ST_3 : Operation 44 [2/2] (2.77ns)   --->   "%x = load i32* %prod_addr, align 16" [picnic_impl.c:83->picnic_impl.c:129]   --->   Operation 44 'load' 'x' <Predicate = (icmp_ln125)> <Delay = 2.77> <Core = "RAM">   --->   Core 37 'RAM' <Latency = 1> <II = 1> <Delay = 1.75> <Storage> <Opcode : 'load' 'store'> <Ports = 2> <Width = 32> <Depth = 8> <RAM>

State 4 <SV = 3> <Delay = 6.35>
ST_4 : Operation 45 [1/1] (0.00ns)   --->   "call void (...)* @_ssdm_op_SpecLoopName([18 x i8]* @p_str1030) nounwind" [picnic_impl.c:125]   --->   Operation 45 'specloopname' <Predicate = true> <Delay = 0.00>
ST_4 : Operation 46 [1/2] (1.75ns)   --->   "%state_load = load i32* %state_addr_1, align 4" [picnic_impl.c:127]   --->   Operation 46 'load' 'state_load' <Predicate = true> <Delay = 1.75> <Core = "RAM">   --->   Core 37 'RAM' <Latency = 1> <II = 1> <Delay = 1.75> <Storage> <Opcode : 'load' 'store'> <Ports = 2> <Width = 32> <Depth = 8> <RAM>
ST_4 : Operation 47 [1/2] (2.77ns)   --->   "%temp_matrix2_load = load i32* %temp_matrix2_addr, align 4" [picnic_impl.c:127]   --->   Operation 47 'load' 'temp_matrix2_load' <Predicate = true> <Delay = 2.77> <Core = "ROM_nP">   --->   Core 52 'ROM_nP' <Latency = 1> <II = 1> <Delay = 2.77> <Storage> <Opcode : 'load'> <Ports = 0> <Width = 32> <Depth = 10240> <ROM>
ST_4 : Operation 48 [1/1] (0.80ns)   --->   "%and_ln127 = and i32 %temp_matrix2_load, %state_load" [picnic_impl.c:127]   --->   Operation 48 'and' 'and_ln127' <Predicate = true> <Delay = 0.80> <Core = "LogicGate">   --->   Core 27 'LogicGate' <Latency = 0> <II = 1> <Delay = 0.80> <FuncUnit> <Opcode : 'and' 'or' 'xor'> <InPorts = 2> <OutPorts = 1>
ST_4 : Operation 49 [1/1] (0.00ns)   --->   "%prod_addr_3 = getelementptr inbounds [64 x i32]* %prod, i64 0, i64 %zext_ln127" [picnic_impl.c:127]   --->   Operation 49 'getelementptr' 'prod_addr_3' <Predicate = true> <Delay = 0.00>
ST_4 : Operation 50 [1/1] (2.77ns)   --->   "store i32 %and_ln127, i32* %prod_addr_3, align 4" [picnic_impl.c:127]   --->   Operation 50 'store' <Predicate = true> <Delay = 2.77> <Core = "RAM">   --->   Core 37 'RAM' <Latency = 1> <II = 1> <Delay = 1.75> <Storage> <Opcode : 'load' 'store'> <Ports = 2> <Width = 32> <Depth = 8> <RAM>
ST_4 : Operation 51 [1/1] (0.00ns)   --->   "br label %2" [picnic_impl.c:125]   --->   Operation 51 'br' <Predicate = true> <Delay = 0.00>

State 5 <SV = 3> <Delay = 2.77>
ST_5 : Operation 52 [1/2] (2.77ns)   --->   "%x = load i32* %prod_addr, align 16" [picnic_impl.c:83->picnic_impl.c:129]   --->   Operation 52 'load' 'x' <Predicate = true> <Delay = 2.77> <Core = "RAM">   --->   Core 37 'RAM' <Latency = 1> <II = 1> <Delay = 1.75> <Storage> <Opcode : 'load' 'store'> <Ports = 2> <Width = 32> <Depth = 8> <RAM>
ST_5 : Operation 53 [1/1] (1.35ns)   --->   "br label %5" [picnic_impl.c:85->picnic_impl.c:129]   --->   Operation 53 'br' <Predicate = true> <Delay = 1.35>

State 6 <SV = 4> <Delay = 2.77>
ST_6 : Operation 54 [1/1] (0.00ns)   --->   "%x_0_i = phi i32 [ %x, %4 ], [ %x_2, %6 ]"   --->   Operation 54 'phi' 'x_0_i' <Predicate = true> <Delay = 0.00>
ST_6 : Operation 55 [1/1] (0.00ns)   --->   "%i_0_i = phi i3 [ 1, %4 ], [ %i_3, %6 ]"   --->   Operation 55 'phi' 'i_0_i' <Predicate = true> <Delay = 0.00>
ST_6 : Operation 56 [1/1] (0.00ns)   --->   "%zext_ln85 = zext i3 %i_0_i to i64" [picnic_impl.c:85->picnic_impl.c:129]   --->   Operation 56 'zext' 'zext_ln85' <Predicate = true> <Delay = 0.00>
ST_6 : Operation 57 [1/1] (1.00ns)   --->   "%icmp_ln85 = icmp eq i3 %i_0_i, -4" [picnic_impl.c:85->picnic_impl.c:129]   --->   Operation 57 'icmp' 'icmp_ln85' <Predicate = true> <Delay = 1.00> <Core = "Cmp">   --->   Core 25 'Cmp' <Latency = 0> <II = 1> <Delay = 1.00> <FuncUnit> <Opcode : 'icmp'> <InPorts = 2> <OutPorts = 1>
ST_6 : Operation 58 [1/1] (0.00ns)   --->   "%empty_42 = call i32 (...)* @_ssdm_op_SpecLoopTripCount(i64 3, i64 3, i64 3)"   --->   Operation 58 'speclooptripcount' 'empty_42' <Predicate = true> <Delay = 0.00>
ST_6 : Operation 59 [1/1] (0.00ns)   --->   "br i1 %icmp_ln85, label %matrix_mul_label6_end, label %6" [picnic_impl.c:85->picnic_impl.c:129]   --->   Operation 59 'br' <Predicate = true> <Delay = 0.00>
ST_6 : Operation 60 [1/1] (0.00ns)   --->   "%prod_addr_4 = getelementptr [64 x i32]* %prod, i64 0, i64 %zext_ln85" [picnic_impl.c:86->picnic_impl.c:129]   --->   Operation 60 'getelementptr' 'prod_addr_4' <Predicate = (!icmp_ln85)> <Delay = 0.00>
ST_6 : Operation 61 [2/2] (2.77ns)   --->   "%prod_load = load i32* %prod_addr_4, align 4" [picnic_impl.c:86->picnic_impl.c:129]   --->   Operation 61 'load' 'prod_load' <Predicate = (!icmp_ln85)> <Delay = 2.77> <Core = "RAM">   --->   Core 37 'RAM' <Latency = 1> <II = 1> <Delay = 1.75> <Storage> <Opcode : 'load' 'store'> <Ports = 2> <Width = 32> <Depth = 8> <RAM>
ST_6 : Operation 62 [1/1] (1.34ns)   --->   "%i_3 = add i3 %i_0_i, 1" [picnic_impl.c:85->picnic_impl.c:129]   --->   Operation 62 'add' 'i_3' <Predicate = (!icmp_ln85)> <Delay = 1.34> <Core = "AddSub">   --->   Core 14 'AddSub' <Latency = 0> <II = 1> <Delay = 1.34> <FuncUnit> <Opcode : 'add' 'sub'> <InPorts = 2> <OutPorts = 1>
ST_6 : Operation 63 [1/1] (0.00ns)   --->   "%tmp_17 = call i2 @_ssdm_op_PartSelect.i2.i8.i32.i32(i8 %bitNumber_assign, i32 3, i32 4)" [picnic_impl.c:66->picnic_impl.c:129]   --->   Operation 63 'partselect' 'tmp_17' <Predicate = (icmp_ln85)> <Delay = 0.00>
ST_6 : Operation 64 [1/1] (0.00ns)   --->   "%tmp_18 = call i2 @_ssdm_op_PartSelect.i2.i8.i32.i32(i8 %bitNumber_assign, i32 5, i32 6)" [picnic_impl.c:66->picnic_impl.c:129]   --->   Operation 64 'partselect' 'tmp_18' <Predicate = (icmp_ln85)> <Delay = 0.00>
ST_6 : Operation 65 [1/1] (0.00ns)   --->   "%zext_ln66_15 = zext i2 %tmp_18 to i64" [picnic_impl.c:66->picnic_impl.c:129]   --->   Operation 65 'zext' 'zext_ln66_15' <Predicate = (icmp_ln85)> <Delay = 0.00>
ST_6 : Operation 66 [1/1] (0.00ns)   --->   "%temp_addr_4 = getelementptr [64 x i32]* %temp, i64 0, i64 %zext_ln66_15" [picnic_impl.c:66->picnic_impl.c:129]   --->   Operation 66 'getelementptr' 'temp_addr_4' <Predicate = (icmp_ln85)> <Delay = 0.00>
ST_6 : Operation 67 [2/2] (2.77ns)   --->   "%temp_load_2 = load i32* %temp_addr_4, align 4" [picnic_impl.c:66->picnic_impl.c:129]   --->   Operation 67 'load' 'temp_load_2' <Predicate = (icmp_ln85)> <Delay = 2.77> <Core = "RAM">   --->   Core 37 'RAM' <Latency = 1> <II = 1> <Delay = 1.75> <Storage> <Opcode : 'load' 'store'> <Ports = 2> <Width = 32> <Depth = 8> <RAM>

State 7 <SV = 5> <Delay = 3.58>
ST_7 : Operation 68 [1/2] (2.77ns)   --->   "%prod_load = load i32* %prod_addr_4, align 4" [picnic_impl.c:86->picnic_impl.c:129]   --->   Operation 68 'load' 'prod_load' <Predicate = true> <Delay = 2.77> <Core = "RAM">   --->   Core 37 'RAM' <Latency = 1> <II = 1> <Delay = 1.75> <Storage> <Opcode : 'load' 'store'> <Ports = 2> <Width = 32> <Depth = 8> <RAM>
ST_7 : Operation 69 [1/1] (0.80ns)   --->   "%x_2 = xor i32 %prod_load, %x_0_i" [picnic_impl.c:86->picnic_impl.c:129]   --->   Operation 69 'xor' 'x_2' <Predicate = true> <Delay = 0.80> <Core = "LogicGate">   --->   Core 27 'LogicGate' <Latency = 0> <II = 1> <Delay = 0.80> <FuncUnit> <Opcode : 'and' 'or' 'xor'> <InPorts = 2> <OutPorts = 1>
ST_7 : Operation 70 [1/1] (0.00ns)   --->   "br label %5" [picnic_impl.c:85->picnic_impl.c:129]   --->   Operation 70 'br' <Predicate = true> <Delay = 0.00>

State 8 <SV = 5> <Delay = 8.36>
ST_8 : Operation 71 [1/1] (0.00ns)   --->   "%lshr_ln = call i31 @_ssdm_op_PartSelect.i31.i32.i32.i32(i32 %x_0_i, i32 1, i32 31)" [picnic_impl.c:93->picnic_impl.c:129]   --->   Operation 71 'partselect' 'lshr_ln' <Predicate = true> <Delay = 0.00>
ST_8 : Operation 72 [1/1] (0.00ns)   --->   "%zext_ln93 = zext i31 %lshr_ln to i32" [picnic_impl.c:93->picnic_impl.c:129]   --->   Operation 72 'zext' 'zext_ln93' <Predicate = true> <Delay = 0.00>
ST_8 : Operation 73 [1/1] (0.00ns) (grouped into LUT with out node shl_ln66_2)   --->   "%trunc_ln93 = trunc i32 %x_0_i to i1" [picnic_impl.c:93->picnic_impl.c:129]   --->   Operation 73 'trunc' 'trunc_ln93' <Predicate = true> <Delay = 0.00>
ST_8 : Operation 74 [1/1] (0.00ns) (grouped into LUT with out node shl_ln66_2)   --->   "%tmp_12 = call i1 @_ssdm_op_BitSelect.i1.i32.i32(i32 %x_0_i, i32 1)" [picnic_impl.c:93->picnic_impl.c:129]   --->   Operation 74 'bitselect' 'tmp_12' <Predicate = true> <Delay = 0.00>
ST_8 : Operation 75 [1/1] (0.00ns) (grouped into LUT with out node xor_ln98_6)   --->   "%trunc_ln93_2 = trunc i32 %x_0_i to i24" [picnic_impl.c:93->picnic_impl.c:129]   --->   Operation 75 'trunc' 'trunc_ln93_2' <Predicate = true> <Delay = 0.00>
ST_8 : Operation 76 [1/1] (0.00ns) (grouped into LUT with out node xor_ln98_6)   --->   "%trunc_ln93_6 = call i24 @_ssdm_op_PartSelect.i24.i32.i32.i32(i32 %x_0_i, i32 1, i32 24)" [picnic_impl.c:93->picnic_impl.c:129]   --->   Operation 76 'partselect' 'trunc_ln93_6' <Predicate = true> <Delay = 0.00>
ST_8 : Operation 77 [1/1] (0.80ns)   --->   "%y = xor i32 %zext_ln93, %x_0_i" [picnic_impl.c:93->picnic_impl.c:129]   --->   Operation 77 'xor' 'y' <Predicate = true> <Delay = 0.80> <Core = "LogicGate">   --->   Core 27 'LogicGate' <Latency = 0> <II = 1> <Delay = 0.80> <FuncUnit> <Opcode : 'and' 'or' 'xor'> <InPorts = 2> <OutPorts = 1>
ST_8 : Operation 78 [1/1] (0.00ns)   --->   "%lshr_ln4 = call i30 @_ssdm_op_PartSelect.i30.i32.i32.i32(i32 %y, i32 2, i32 31)" [picnic_impl.c:94->picnic_impl.c:129]   --->   Operation 78 'partselect' 'lshr_ln4' <Predicate = true> <Delay = 0.00>
ST_8 : Operation 79 [1/1] (0.00ns)   --->   "%zext_ln94 = zext i30 %lshr_ln4 to i32" [picnic_impl.c:94->picnic_impl.c:129]   --->   Operation 79 'zext' 'zext_ln94' <Predicate = true> <Delay = 0.00>
ST_8 : Operation 80 [1/1] (0.00ns) (grouped into LUT with out node shl_ln66_2)   --->   "%tmp_13 = call i1 @_ssdm_op_BitSelect.i1.i32.i32(i32 %y, i32 2)" [picnic_impl.c:94->picnic_impl.c:129]   --->   Operation 80 'bitselect' 'tmp_13' <Predicate = true> <Delay = 0.00>
ST_8 : Operation 81 [1/1] (0.00ns) (grouped into LUT with out node xor_ln98_6)   --->   "%xor_ln94 = xor i24 %trunc_ln93_6, %trunc_ln93_2" [picnic_impl.c:94->picnic_impl.c:129]   --->   Operation 81 'xor' 'xor_ln94' <Predicate = true> <Delay = 0.00> <Core = "LogicGate">   --->   Core 27 'LogicGate' <Latency = 0> <II = 1> <Delay = 0.80> <FuncUnit> <Opcode : 'and' 'or' 'xor'> <InPorts = 2> <OutPorts = 1>
ST_8 : Operation 82 [1/1] (0.00ns) (grouped into LUT with out node xor_ln98_6)   --->   "%trunc_ln94_2 = call i24 @_ssdm_op_PartSelect.i24.i32.i32.i32(i32 %y, i32 2, i32 25)" [picnic_impl.c:94->picnic_impl.c:129]   --->   Operation 82 'partselect' 'trunc_ln94_2' <Predicate = true> <Delay = 0.00>
ST_8 : Operation 83 [1/1] (0.80ns)   --->   "%y_4 = xor i32 %zext_ln94, %y" [picnic_impl.c:94->picnic_impl.c:129]   --->   Operation 83 'xor' 'y_4' <Predicate = true> <Delay = 0.80> <Core = "LogicGate">   --->   Core 27 'LogicGate' <Latency = 0> <II = 1> <Delay = 0.80> <FuncUnit> <Opcode : 'and' 'or' 'xor'> <InPorts = 2> <OutPorts = 1>
ST_8 : Operation 84 [1/1] (0.00ns)   --->   "%lshr_ln5 = call i28 @_ssdm_op_PartSelect.i28.i32.i32.i32(i32 %y_4, i32 4, i32 31)" [picnic_impl.c:95->picnic_impl.c:129]   --->   Operation 84 'partselect' 'lshr_ln5' <Predicate = true> <Delay = 0.00>
ST_8 : Operation 85 [1/1] (0.00ns)   --->   "%zext_ln95 = zext i28 %lshr_ln5 to i32" [picnic_impl.c:95->picnic_impl.c:129]   --->   Operation 85 'zext' 'zext_ln95' <Predicate = true> <Delay = 0.00>
ST_8 : Operation 86 [1/1] (0.00ns) (grouped into LUT with out node shl_ln66_2)   --->   "%tmp_14 = call i1 @_ssdm_op_BitSelect.i1.i32.i32(i32 %y_4, i32 4)" [picnic_impl.c:95->picnic_impl.c:129]   --->   Operation 86 'bitselect' 'tmp_14' <Predicate = true> <Delay = 0.00>
ST_8 : Operation 87 [1/1] (0.00ns) (grouped into LUT with out node xor_ln98_6)   --->   "%xor_ln95 = xor i24 %trunc_ln94_2, %xor_ln94" [picnic_impl.c:95->picnic_impl.c:129]   --->   Operation 87 'xor' 'xor_ln95' <Predicate = true> <Delay = 0.00> <Core = "LogicGate">   --->   Core 27 'LogicGate' <Latency = 0> <II = 1> <Delay = 0.80> <FuncUnit> <Opcode : 'and' 'or' 'xor'> <InPorts = 2> <OutPorts = 1>
ST_8 : Operation 88 [1/1] (0.00ns) (grouped into LUT with out node xor_ln98_6)   --->   "%trunc_ln95_2 = call i24 @_ssdm_op_PartSelect.i24.i32.i32.i32(i32 %y_4, i32 4, i32 27)" [picnic_impl.c:95->picnic_impl.c:129]   --->   Operation 88 'partselect' 'trunc_ln95_2' <Predicate = true> <Delay = 0.00>
ST_8 : Operation 89 [1/1] (0.80ns)   --->   "%y_5 = xor i32 %zext_ln95, %y_4" [picnic_impl.c:95->picnic_impl.c:129]   --->   Operation 89 'xor' 'y_5' <Predicate = true> <Delay = 0.80> <Core = "LogicGate">   --->   Core 27 'LogicGate' <Latency = 0> <II = 1> <Delay = 0.80> <FuncUnit> <Opcode : 'and' 'or' 'xor'> <InPorts = 2> <OutPorts = 1>
ST_8 : Operation 90 [1/1] (0.00ns) (grouped into LUT with out node xor_ln98_6)   --->   "%xor_ln95_4 = xor i24 %trunc_ln95_2, %xor_ln95" [picnic_impl.c:95->picnic_impl.c:129]   --->   Operation 90 'xor' 'xor_ln95_4' <Predicate = true> <Delay = 0.00> <Core = "LogicGate">   --->   Core 27 'LogicGate' <Latency = 0> <II = 1> <Delay = 0.80> <FuncUnit> <Opcode : 'and' 'or' 'xor'> <InPorts = 2> <OutPorts = 1>
ST_8 : Operation 91 [1/1] (0.00ns) (grouped into LUT with out node xor_ln98_6)   --->   "%trunc_ln = call i24 @_ssdm_op_PartSelect.i24.i32.i32.i32(i32 %y_5, i32 8, i32 31)" [picnic_impl.c:96->picnic_impl.c:129]   --->   Operation 91 'partselect' 'trunc_ln' <Predicate = true> <Delay = 0.00>
ST_8 : Operation 92 [1/1] (0.00ns) (grouped into LUT with out node xor_ln98_6)   --->   "%tmp_15 = call i1 @_ssdm_op_BitSelect.i1.i32.i32(i32 %y_5, i32 8)" [picnic_impl.c:96->picnic_impl.c:129]   --->   Operation 92 'bitselect' 'tmp_15' <Predicate = true> <Delay = 0.00>
ST_8 : Operation 93 [1/1] (0.00ns) (grouped into LUT with out node xor_ln98_6)   --->   "%y_6 = xor i24 %trunc_ln, %xor_ln95_4" [picnic_impl.c:96->picnic_impl.c:129]   --->   Operation 93 'xor' 'y_6' <Predicate = true> <Delay = 0.00> <Core = "LogicGate">   --->   Core 27 'LogicGate' <Latency = 0> <II = 1> <Delay = 0.80> <FuncUnit> <Opcode : 'and' 'or' 'xor'> <InPorts = 2> <OutPorts = 1>
ST_8 : Operation 94 [1/1] (0.00ns) (grouped into LUT with out node xor_ln98_6)   --->   "%tmp_16 = call i1 @_ssdm_op_BitSelect.i1.i24.i32(i24 %y_6, i32 16)" [picnic_impl.c:98->picnic_impl.c:129]   --->   Operation 94 'bitselect' 'tmp_16' <Predicate = true> <Delay = 0.00>
ST_8 : Operation 95 [1/1] (0.00ns) (grouped into LUT with out node shl_ln66_2)   --->   "%xor_ln98 = xor i1 %trunc_ln93, %tmp_13" [picnic_impl.c:98->picnic_impl.c:129]   --->   Operation 95 'xor' 'xor_ln98' <Predicate = true> <Delay = 0.00> <Core = "LogicGate">   --->   Core 27 'LogicGate' <Latency = 0> <II = 1> <Delay = 0.80> <FuncUnit> <Opcode : 'and' 'or' 'xor'> <InPorts = 2> <OutPorts = 1>
ST_8 : Operation 96 [1/1] (0.00ns) (grouped into LUT with out node shl_ln66_2)   --->   "%xor_ln98_5 = xor i1 %xor_ln98, %tmp_12" [picnic_impl.c:98->picnic_impl.c:129]   --->   Operation 96 'xor' 'xor_ln98_5' <Predicate = true> <Delay = 0.00> <Core = "LogicGate">   --->   Core 27 'LogicGate' <Latency = 0> <II = 1> <Delay = 0.80> <FuncUnit> <Opcode : 'and' 'or' 'xor'> <InPorts = 2> <OutPorts = 1>
ST_8 : Operation 97 [1/1] (0.80ns) (out node of the LUT)   --->   "%xor_ln98_6 = xor i1 %tmp_15, %tmp_16" [picnic_impl.c:98->picnic_impl.c:129]   --->   Operation 97 'xor' 'xor_ln98_6' <Predicate = true> <Delay = 0.80> <Core = "LogicGate">   --->   Core 27 'LogicGate' <Latency = 0> <II = 1> <Delay = 0.80> <FuncUnit> <Opcode : 'and' 'or' 'xor'> <InPorts = 2> <OutPorts = 1>
ST_8 : Operation 98 [1/1] (0.00ns) (grouped into LUT with out node shl_ln66_2)   --->   "%xor_ln98_7 = xor i1 %xor_ln98_6, %tmp_14" [picnic_impl.c:98->picnic_impl.c:129]   --->   Operation 98 'xor' 'xor_ln98_7' <Predicate = true> <Delay = 0.00> <Core = "LogicGate">   --->   Core 27 'LogicGate' <Latency = 0> <II = 1> <Delay = 0.80> <FuncUnit> <Opcode : 'and' 'or' 'xor'> <InPorts = 2> <OutPorts = 1>
ST_8 : Operation 99 [1/1] (0.00ns) (grouped into LUT with out node shl_ln66_2)   --->   "%xor_ln98_8 = xor i1 %xor_ln98_7, %xor_ln98_5" [picnic_impl.c:98->picnic_impl.c:129]   --->   Operation 99 'xor' 'xor_ln98_8' <Predicate = true> <Delay = 0.00> <Core = "LogicGate">   --->   Core 27 'LogicGate' <Latency = 0> <II = 1> <Delay = 0.80> <FuncUnit> <Opcode : 'and' 'or' 'xor'> <InPorts = 2> <OutPorts = 1>
ST_8 : Operation 100 [1/1] (0.00ns) (grouped into LUT with out node shl_ln66_2)   --->   "%zext_ln98 = zext i1 %xor_ln98_8 to i8" [picnic_impl.c:98->picnic_impl.c:129]   --->   Operation 100 'zext' 'zext_ln98' <Predicate = true> <Delay = 0.00>
ST_8 : Operation 101 [1/1] (0.00ns)   --->   "%zext_ln66_cast = call i5 @_ssdm_op_BitConcatenate.i5.i2.i3(i2 %tmp_17, i3 0)" [picnic_impl.c:66->picnic_impl.c:129]   --->   Operation 101 'bitconcatenate' 'zext_ln66_cast' <Predicate = true> <Delay = 0.00>
ST_8 : Operation 102 [1/1] (0.00ns)   --->   "%zext_ln66 = zext i5 %zext_ln66_cast to i6" [picnic_impl.c:66->picnic_impl.c:129]   --->   Operation 102 'zext' 'zext_ln66' <Predicate = true> <Delay = 0.00>
ST_8 : Operation 103 [1/1] (0.00ns)   --->   "%zext_ln66_14 = zext i5 %zext_ln66_cast to i64" [picnic_impl.c:66->picnic_impl.c:129]   --->   Operation 103 'zext' 'zext_ln66_14' <Predicate = true> <Delay = 0.00>
ST_8 : Operation 104 [1/2] (2.77ns)   --->   "%temp_load_2 = load i32* %temp_addr_4, align 4" [picnic_impl.c:66->picnic_impl.c:129]   --->   Operation 104 'load' 'temp_load_2' <Predicate = true> <Delay = 2.77> <Core = "RAM">   --->   Core 37 'RAM' <Latency = 1> <II = 1> <Delay = 1.75> <Storage> <Opcode : 'load' 'store'> <Ports = 2> <Width = 32> <Depth = 8> <RAM>
ST_8 : Operation 105 [1/1] (1.54ns)   --->   "%add_ln66 = add i6 7, %zext_ln66" [picnic_impl.c:66->picnic_impl.c:129]   --->   Operation 105 'add' 'add_ln66' <Predicate = true> <Delay = 1.54> <Core = "AddSub">   --->   Core 14 'AddSub' <Latency = 0> <II = 1> <Delay = 1.34> <FuncUnit> <Opcode : 'add' 'sub'> <InPorts = 2> <OutPorts = 1>
ST_8 : Operation 106 [1/1] (0.00ns)   --->   "%zext_ln66_16 = zext i6 %add_ln66 to i64" [picnic_impl.c:66->picnic_impl.c:129]   --->   Operation 106 'zext' 'zext_ln66_16' <Predicate = true> <Delay = 0.00>
ST_8 : Operation 107 [1/1] (1.22ns)   --->   "%icmp_ln66 = icmp ugt i64 %zext_ln66_14, %zext_ln66_16" [picnic_impl.c:66->picnic_impl.c:129]   --->   Operation 107 'icmp' 'icmp_ln66' <Predicate = true> <Delay = 1.22> <Core = "Cmp">   --->   Core 25 'Cmp' <Latency = 0> <II = 1> <Delay = 1.00> <FuncUnit> <Opcode : 'icmp'> <InPorts = 2> <OutPorts = 1>
ST_8 : Operation 108 [1/1] (0.00ns)   --->   "%zext_ln66_17 = zext i5 %zext_ln66_cast to i6" [picnic_impl.c:66->picnic_impl.c:129]   --->   Operation 108 'zext' 'zext_ln66_17' <Predicate = true> <Delay = 0.00>
ST_8 : Operation 109 [1/1] (0.00ns) (grouped into LUT with out node lshr_ln66)   --->   "%tmp_19 = call i32 @llvm.part.select.i32(i32 %temp_load_2, i32 31, i32 0)" [picnic_impl.c:66->picnic_impl.c:129]   --->   Operation 109 'partselect' 'tmp_19' <Predicate = true> <Delay = 0.00>
ST_8 : Operation 110 [1/1] (1.60ns)   --->   "%sub_ln66 = sub i6 %zext_ln66_17, %add_ln66" [picnic_impl.c:66->picnic_impl.c:129]   --->   Operation 110 'sub' 'sub_ln66' <Predicate = true> <Delay = 1.60> <Core = "AddSub">   --->   Core 14 'AddSub' <Latency = 0> <II = 1> <Delay = 1.34> <FuncUnit> <Opcode : 'add' 'sub'> <InPorts = 2> <OutPorts = 1>
ST_8 : Operation 111 [1/1] (0.00ns) (grouped into LUT with out node lshr_ln66)   --->   "%xor_ln66_4 = xor i6 %zext_ln66_17, 31" [picnic_impl.c:66->picnic_impl.c:129]   --->   Operation 111 'xor' 'xor_ln66_4' <Predicate = true> <Delay = 0.00> <Core = "LogicGate">   --->   Core 27 'LogicGate' <Latency = 0> <II = 1> <Delay = 0.80> <FuncUnit> <Opcode : 'and' 'or' 'xor'> <InPorts = 2> <OutPorts = 1>
ST_8 : Operation 112 [1/1] (1.60ns)   --->   "%sub_ln66_4 = sub i6 %add_ln66, %zext_ln66_17" [picnic_impl.c:66->picnic_impl.c:129]   --->   Operation 112 'sub' 'sub_ln66_4' <Predicate = true> <Delay = 1.60> <Core = "AddSub">   --->   Core 14 'AddSub' <Latency = 0> <II = 1> <Delay = 1.34> <FuncUnit> <Opcode : 'add' 'sub'> <InPorts = 2> <OutPorts = 1>
ST_8 : Operation 113 [1/1] (0.00ns) (grouped into LUT with out node sub_ln66_5)   --->   "%select_ln66 = select i1 %icmp_ln66, i6 %sub_ln66, i6 %sub_ln66_4" [picnic_impl.c:66->picnic_impl.c:129]   --->   Operation 113 'select' 'select_ln66' <Predicate = true> <Delay = 0.00> <Core = "Sel">   --->   Core 26 'Sel' <Latency = 0> <II = 1> <Delay = 0.77> <FuncUnit> <Opcode : 'select'> <InPorts = 3> <OutPorts = 1>
ST_8 : Operation 114 [1/1] (0.00ns) (grouped into LUT with out node lshr_ln66)   --->   "%select_ln66_7 = select i1 %icmp_ln66, i32 %tmp_19, i32 %temp_load_2" [picnic_impl.c:66->picnic_impl.c:129]   --->   Operation 114 'select' 'select_ln66_7' <Predicate = true> <Delay = 0.00> <Core = "Sel">   --->   Core 26 'Sel' <Latency = 0> <II = 1> <Delay = 0.77> <FuncUnit> <Opcode : 'select'> <InPorts = 3> <OutPorts = 1>
ST_8 : Operation 115 [1/1] (0.00ns) (grouped into LUT with out node lshr_ln66)   --->   "%select_ln66_8 = select i1 %icmp_ln66, i6 %xor_ln66_4, i6 %zext_ln66_17" [picnic_impl.c:66->picnic_impl.c:129]   --->   Operation 115 'select' 'select_ln66_8' <Predicate = true> <Delay = 0.00> <Core = "Sel">   --->   Core 26 'Sel' <Latency = 0> <II = 1> <Delay = 0.77> <FuncUnit> <Opcode : 'select'> <InPorts = 3> <OutPorts = 1>
ST_8 : Operation 116 [1/1] (1.60ns) (out node of the LUT)   --->   "%sub_ln66_5 = sub i6 31, %select_ln66" [picnic_impl.c:66->picnic_impl.c:129]   --->   Operation 116 'sub' 'sub_ln66_5' <Predicate = true> <Delay = 1.60> <Core = "AddSub">   --->   Core 14 'AddSub' <Latency = 0> <II = 1> <Delay = 1.34> <FuncUnit> <Opcode : 'add' 'sub'> <InPorts = 2> <OutPorts = 1>
ST_8 : Operation 117 [1/1] (0.00ns) (grouped into LUT with out node lshr_ln66)   --->   "%zext_ln66_18 = zext i6 %select_ln66_8 to i32" [picnic_impl.c:66->picnic_impl.c:129]   --->   Operation 117 'zext' 'zext_ln66_18' <Predicate = true> <Delay = 0.00>
ST_8 : Operation 118 [1/1] (0.00ns) (grouped into LUT with out node or_ln66)   --->   "%zext_ln66_19 = zext i6 %sub_ln66_5 to i32" [picnic_impl.c:66->picnic_impl.c:129]   --->   Operation 118 'zext' 'zext_ln66_19' <Predicate = true> <Delay = 0.00>
ST_8 : Operation 119 [1/1] (3.30ns) (out node of the LUT)   --->   "%lshr_ln66 = lshr i32 %select_ln66_7, %zext_ln66_18" [picnic_impl.c:66->picnic_impl.c:129]   --->   Operation 119 'lshr' 'lshr_ln66' <Predicate = true> <Delay = 3.30> <Core = "Shift">   --->   Core 28 'Shift' <Latency = 0> <II = 1> <Delay = 1.49> <FuncUnit> <Opcode : 'shl' 'lshr' 'ashr'> <InPorts = 2> <OutPorts = 1>
ST_8 : Operation 120 [1/1] (0.00ns) (grouped into LUT with out node or_ln66)   --->   "%lshr_ln66_3 = lshr i32 -1, %zext_ln66_19" [picnic_impl.c:66->picnic_impl.c:129]   --->   Operation 120 'lshr' 'lshr_ln66_3' <Predicate = true> <Delay = 0.00> <Core = "Shift">   --->   Core 28 'Shift' <Latency = 0> <II = 1> <Delay = 1.49> <FuncUnit> <Opcode : 'shl' 'lshr' 'ashr'> <InPorts = 2> <OutPorts = 1>
ST_8 : Operation 121 [1/1] (0.00ns) (grouped into LUT with out node or_ln66)   --->   "%and_ln66_4 = and i32 %lshr_ln66, %lshr_ln66_3" [picnic_impl.c:66->picnic_impl.c:129]   --->   Operation 121 'and' 'and_ln66_4' <Predicate = true> <Delay = 0.00> <Core = "LogicGate">   --->   Core 27 'LogicGate' <Latency = 0> <II = 1> <Delay = 0.80> <FuncUnit> <Opcode : 'and' 'or' 'xor'> <InPorts = 2> <OutPorts = 1>
ST_8 : Operation 122 [1/1] (0.00ns) (grouped into LUT with out node or_ln66)   --->   "%trunc_ln66 = trunc i32 %and_ln66_4 to i8" [picnic_impl.c:66->picnic_impl.c:129]   --->   Operation 122 'trunc' 'trunc_ln66' <Predicate = true> <Delay = 0.00>
ST_8 : Operation 123 [1/1] (0.80ns)   --->   "%xor_ln66 = xor i3 %trunc_ln124, -1" [picnic_impl.c:66->picnic_impl.c:129]   --->   Operation 123 'xor' 'xor_ln66' <Predicate = true> <Delay = 0.80> <Core = "LogicGate">   --->   Core 27 'LogicGate' <Latency = 0> <II = 1> <Delay = 0.80> <FuncUnit> <Opcode : 'and' 'or' 'xor'> <InPorts = 2> <OutPorts = 1>
ST_8 : Operation 124 [1/1] (0.00ns)   --->   "%zext_ln66_2 = zext i3 %xor_ln66 to i8" [picnic_impl.c:66->picnic_impl.c:129]   --->   Operation 124 'zext' 'zext_ln66_2' <Predicate = true> <Delay = 0.00>
ST_8 : Operation 125 [1/1] (0.00ns) (grouped into LUT with out node or_ln66)   --->   "%shl_ln66 = shl i8 1, %zext_ln66_2" [picnic_impl.c:66->picnic_impl.c:129]   --->   Operation 125 'shl' 'shl_ln66' <Predicate = true> <Delay = 0.00> <Core = "Shift">   --->   Core 28 'Shift' <Latency = 0> <II = 1> <Delay = 1.49> <FuncUnit> <Opcode : 'shl' 'lshr' 'ashr'> <InPorts = 2> <OutPorts = 1>
ST_8 : Operation 126 [1/1] (0.00ns) (grouped into LUT with out node or_ln66)   --->   "%xor_ln66_2 = xor i8 %shl_ln66, -1" [picnic_impl.c:66->picnic_impl.c:129]   --->   Operation 126 'xor' 'xor_ln66_2' <Predicate = true> <Delay = 0.00> <Core = "LogicGate">   --->   Core 27 'LogicGate' <Latency = 0> <II = 1> <Delay = 0.80> <FuncUnit> <Opcode : 'and' 'or' 'xor'> <InPorts = 2> <OutPorts = 1>
ST_8 : Operation 127 [1/1] (1.68ns) (out node of the LUT)   --->   "%shl_ln66_2 = shl i8 %zext_ln98, %zext_ln66_2" [picnic_impl.c:66->picnic_impl.c:129]   --->   Operation 127 'shl' 'shl_ln66_2' <Predicate = true> <Delay = 1.68> <Core = "Shift">   --->   Core 28 'Shift' <Latency = 0> <II = 1> <Delay = 1.49> <FuncUnit> <Opcode : 'shl' 'lshr' 'ashr'> <InPorts = 2> <OutPorts = 1>
ST_8 : Operation 128 [1/1] (0.00ns) (grouped into LUT with out node or_ln66)   --->   "%and_ln66 = and i8 %trunc_ln66, %xor_ln66_2" [picnic_impl.c:66->picnic_impl.c:129]   --->   Operation 128 'and' 'and_ln66' <Predicate = true> <Delay = 0.00> <Core = "LogicGate">   --->   Core 27 'LogicGate' <Latency = 0> <II = 1> <Delay = 0.80> <FuncUnit> <Opcode : 'and' 'or' 'xor'> <InPorts = 2> <OutPorts = 1>
ST_8 : Operation 129 [1/1] (2.28ns) (out node of the LUT)   --->   "%or_ln66 = or i8 %and_ln66, %shl_ln66_2" [picnic_impl.c:66->picnic_impl.c:129]   --->   Operation 129 'or' 'or_ln66' <Predicate = true> <Delay = 2.28> <Core = "LogicGate">   --->   Core 27 'LogicGate' <Latency = 0> <II = 1> <Delay = 0.80> <FuncUnit> <Opcode : 'and' 'or' 'xor'> <InPorts = 2> <OutPorts = 1>
ST_8 : Operation 130 [1/1] (1.22ns)   --->   "%icmp_ln66_2 = icmp ugt i64 %zext_ln66_14, %zext_ln66_16" [picnic_impl.c:66->picnic_impl.c:129]   --->   Operation 130 'icmp' 'icmp_ln66_2' <Predicate = true> <Delay = 1.22> <Core = "Cmp">   --->   Core 25 'Cmp' <Latency = 0> <II = 1> <Delay = 1.00> <FuncUnit> <Opcode : 'icmp'> <InPorts = 2> <OutPorts = 1>

State 9 <SV = 6> <Delay = 7.46>
ST_9 : Operation 131 [1/1] (0.00ns)   --->   "%zext_ln66_20 = zext i5 %zext_ln66_cast to i6" [picnic_impl.c:66->picnic_impl.c:129]   --->   Operation 131 'zext' 'zext_ln66_20' <Predicate = true> <Delay = 0.00>
ST_9 : Operation 132 [1/1] (0.00ns) (grouped into LUT with out node shl_ln66_5)   --->   "%zext_ln66_21 = zext i8 %or_ln66 to i32" [picnic_impl.c:66->picnic_impl.c:129]   --->   Operation 132 'zext' 'zext_ln66_21' <Predicate = true> <Delay = 0.00>
ST_9 : Operation 133 [1/1] (0.00ns) (grouped into LUT with out node shl_ln66_5)   --->   "%xor_ln66_5 = xor i6 %zext_ln66_20, 31" [picnic_impl.c:66->picnic_impl.c:129]   --->   Operation 133 'xor' 'xor_ln66_5' <Predicate = (icmp_ln66_2)> <Delay = 0.00> <Core = "LogicGate">   --->   Core 27 'LogicGate' <Latency = 0> <II = 1> <Delay = 0.80> <FuncUnit> <Opcode : 'and' 'or' 'xor'> <InPorts = 2> <OutPorts = 1>
ST_9 : Operation 134 [1/1] (0.00ns) (grouped into LUT with out node sub_ln66_6)   --->   "%select_ln66_9 = select i1 %icmp_ln66_2, i6 %zext_ln66_20, i6 %add_ln66" [picnic_impl.c:66->picnic_impl.c:129]   --->   Operation 134 'select' 'select_ln66_9' <Predicate = true> <Delay = 0.00> <Core = "Sel">   --->   Core 26 'Sel' <Latency = 0> <II = 1> <Delay = 0.77> <FuncUnit> <Opcode : 'select'> <InPorts = 3> <OutPorts = 1>
ST_9 : Operation 135 [1/1] (0.00ns) (grouped into LUT with out node and_ln66_5)   --->   "%select_ln66_10 = select i1 %icmp_ln66_2, i6 %add_ln66, i6 %zext_ln66_20" [picnic_impl.c:66->picnic_impl.c:129]   --->   Operation 135 'select' 'select_ln66_10' <Predicate = true> <Delay = 0.00> <Core = "Sel">   --->   Core 26 'Sel' <Latency = 0> <II = 1> <Delay = 0.77> <FuncUnit> <Opcode : 'select'> <InPorts = 3> <OutPorts = 1>
ST_9 : Operation 136 [1/1] (0.00ns) (grouped into LUT with out node shl_ln66_5)   --->   "%select_ln66_11 = select i1 %icmp_ln66_2, i6 %xor_ln66_5, i6 %zext_ln66_20" [picnic_impl.c:66->picnic_impl.c:129]   --->   Operation 136 'select' 'select_ln66_11' <Predicate = true> <Delay = 0.00> <Core = "Sel">   --->   Core 26 'Sel' <Latency = 0> <II = 1> <Delay = 0.77> <FuncUnit> <Opcode : 'select'> <InPorts = 3> <OutPorts = 1>
ST_9 : Operation 137 [1/1] (1.60ns) (out node of the LUT)   --->   "%sub_ln66_6 = sub i6 31, %select_ln66_9" [picnic_impl.c:66->picnic_impl.c:129]   --->   Operation 137 'sub' 'sub_ln66_6' <Predicate = true> <Delay = 1.60> <Core = "AddSub">   --->   Core 14 'AddSub' <Latency = 0> <II = 1> <Delay = 1.34> <FuncUnit> <Opcode : 'add' 'sub'> <InPorts = 2> <OutPorts = 1>
ST_9 : Operation 138 [1/1] (0.00ns) (grouped into LUT with out node shl_ln66_5)   --->   "%zext_ln66_22 = zext i6 %select_ln66_11 to i32" [picnic_impl.c:66->picnic_impl.c:129]   --->   Operation 138 'zext' 'zext_ln66_22' <Predicate = true> <Delay = 0.00>
ST_9 : Operation 139 [1/1] (0.00ns) (grouped into LUT with out node and_ln66_5)   --->   "%zext_ln66_23 = zext i6 %select_ln66_10 to i32" [picnic_impl.c:66->picnic_impl.c:129]   --->   Operation 139 'zext' 'zext_ln66_23' <Predicate = true> <Delay = 0.00>
ST_9 : Operation 140 [1/1] (0.00ns) (grouped into LUT with out node and_ln66_5)   --->   "%zext_ln66_24 = zext i6 %sub_ln66_6 to i32" [picnic_impl.c:66->picnic_impl.c:129]   --->   Operation 140 'zext' 'zext_ln66_24' <Predicate = true> <Delay = 0.00>
ST_9 : Operation 141 [1/1] (2.42ns) (out node of the LUT)   --->   "%shl_ln66_5 = shl i32 %zext_ln66_21, %zext_ln66_22" [picnic_impl.c:66->picnic_impl.c:129]   --->   Operation 141 'shl' 'shl_ln66_5' <Predicate = true> <Delay = 2.42> <Core = "Shift">   --->   Core 28 'Shift' <Latency = 0> <II = 1> <Delay = 1.49> <FuncUnit> <Opcode : 'shl' 'lshr' 'ashr'> <InPorts = 2> <OutPorts = 1>
ST_9 : Operation 142 [1/1] (0.00ns) (grouped into LUT with out node and_ln66_6)   --->   "%tmp_20 = call i32 @llvm.part.select.i32(i32 %shl_ln66_5, i32 31, i32 0)" [picnic_impl.c:66->picnic_impl.c:129]   --->   Operation 142 'partselect' 'tmp_20' <Predicate = (icmp_ln66_2)> <Delay = 0.00>
ST_9 : Operation 143 [1/1] (0.00ns) (grouped into LUT with out node and_ln66_6)   --->   "%select_ln66_12 = select i1 %icmp_ln66_2, i32 %tmp_20, i32 %shl_ln66_5" [picnic_impl.c:66->picnic_impl.c:129]   --->   Operation 143 'select' 'select_ln66_12' <Predicate = true> <Delay = 0.00> <Core = "Sel">   --->   Core 26 'Sel' <Latency = 0> <II = 1> <Delay = 0.77> <FuncUnit> <Opcode : 'select'> <InPorts = 3> <OutPorts = 1>
ST_9 : Operation 144 [1/1] (0.00ns) (grouped into LUT with out node and_ln66_5)   --->   "%shl_ln66_6 = shl i32 -1, %zext_ln66_23" [picnic_impl.c:66->picnic_impl.c:129]   --->   Operation 144 'shl' 'shl_ln66_6' <Predicate = true> <Delay = 0.00> <Core = "Shift">   --->   Core 28 'Shift' <Latency = 0> <II = 1> <Delay = 1.49> <FuncUnit> <Opcode : 'shl' 'lshr' 'ashr'> <InPorts = 2> <OutPorts = 1>
ST_9 : Operation 145 [1/1] (0.00ns) (grouped into LUT with out node and_ln66_5)   --->   "%lshr_ln66_4 = lshr i32 -1, %zext_ln66_24" [picnic_impl.c:66->picnic_impl.c:129]   --->   Operation 145 'lshr' 'lshr_ln66_4' <Predicate = true> <Delay = 0.00> <Core = "Shift">   --->   Core 28 'Shift' <Latency = 0> <II = 1> <Delay = 1.49> <FuncUnit> <Opcode : 'shl' 'lshr' 'ashr'> <InPorts = 2> <OutPorts = 1>
ST_9 : Operation 146 [1/1] (2.28ns) (out node of the LUT)   --->   "%and_ln66_5 = and i32 %shl_ln66_6, %lshr_ln66_4" [picnic_impl.c:66->picnic_impl.c:129]   --->   Operation 146 'and' 'and_ln66_5' <Predicate = true> <Delay = 2.28> <Core = "LogicGate">   --->   Core 27 'LogicGate' <Latency = 0> <II = 1> <Delay = 0.80> <FuncUnit> <Opcode : 'and' 'or' 'xor'> <InPorts = 2> <OutPorts = 1>
ST_9 : Operation 147 [1/1] (0.80ns) (out node of the LUT)   --->   "%and_ln66_6 = and i32 %select_ln66_12, %and_ln66_5" [picnic_impl.c:66->picnic_impl.c:129]   --->   Operation 147 'and' 'and_ln66_6' <Predicate = true> <Delay = 0.80> <Core = "LogicGate">   --->   Core 27 'LogicGate' <Latency = 0> <II = 1> <Delay = 0.80> <FuncUnit> <Opcode : 'and' 'or' 'xor'> <InPorts = 2> <OutPorts = 1>
ST_9 : Operation 148 [1/1] (0.00ns)   --->   "call void (...)* @_ssdm_op_SpecBRAMWithByteEnable([64 x i32]* %temp)" [picnic_impl.c:66->picnic_impl.c:129]   --->   Operation 148 'specbramwithbyteenable' <Predicate = true> <Delay = 0.00>
ST_9 : Operation 149 [1/1] (0.00ns)   --->   "%zext_ln66_25 = zext i2 %tmp_17 to i4" [picnic_impl.c:66->picnic_impl.c:129]   --->   Operation 149 'zext' 'zext_ln66_25' <Predicate = true> <Delay = 0.00>
ST_9 : Operation 150 [1/1] (1.49ns)   --->   "%shl_ln66_7 = shl i4 1, %zext_ln66_25" [picnic_impl.c:66->picnic_impl.c:129]   --->   Operation 150 'shl' 'shl_ln66_7' <Predicate = true> <Delay = 1.49> <Core = "Shift">   --->   Core 28 'Shift' <Latency = 0> <II = 1> <Delay = 1.49> <FuncUnit> <Opcode : 'shl' 'lshr' 'ashr'> <InPorts = 2> <OutPorts = 1>
ST_9 : Operation 151 [1/1] (2.77ns)   --->   "call void @_ssdm_op_Write.bram.i32(i32* %temp_addr_4, i32 %and_ln66_6, i4 %shl_ln66_7)" [picnic_impl.c:66->picnic_impl.c:129]   --->   Operation 151 'store' <Predicate = true> <Delay = 2.77> <Core = "RAM">   --->   Core 37 'RAM' <Latency = 1> <II = 1> <Delay = 1.75> <Storage> <Opcode : 'load' 'store'> <Ports = 2> <Width = 32> <Depth = 8> <RAM>
ST_9 : Operation 152 [1/1] (0.00ns)   --->   "%empty_43 = call i32 (...)* @_ssdm_op_SpecRegionEnd([18 x i8]* @p_str929, i32 %tmp)" [picnic_impl.c:131]   --->   Operation 152 'specregionend' 'empty_43' <Predicate = true> <Delay = 0.00>
ST_9 : Operation 153 [1/1] (0.00ns)   --->   "br label %1" [picnic_impl.c:124]   --->   Operation 153 'br' <Predicate = true> <Delay = 0.00>

State 10 <SV = 2> <Delay = 2.77>
ST_10 : Operation 154 [1/1] (0.00ns)   --->   "%loop_0 = phi i3 [ %loop, %7 ], [ 0, %.preheader.preheader ]"   --->   Operation 154 'phi' 'loop_0' <Predicate = true> <Delay = 0.00>
ST_10 : Operation 155 [1/1] (1.00ns)   --->   "%icmp_ln133 = icmp eq i3 %loop_0, -4" [picnic_impl.c:133]   --->   Operation 155 'icmp' 'icmp_ln133' <Predicate = true> <Delay = 1.00> <Core = "Cmp">   --->   Core 25 'Cmp' <Latency = 0> <II = 1> <Delay = 1.00> <FuncUnit> <Opcode : 'icmp'> <InPorts = 2> <OutPorts = 1>
ST_10 : Operation 156 [1/1] (0.00ns)   --->   "%empty_44 = call i32 (...)* @_ssdm_op_SpecLoopTripCount(i64 4, i64 4, i64 0)"   --->   Operation 156 'speclooptripcount' 'empty_44' <Predicate = true> <Delay = 0.00>
ST_10 : Operation 157 [1/1] (1.34ns)   --->   "%loop = add i3 %loop_0, 1" [picnic_impl.c:133]   --->   Operation 157 'add' 'loop' <Predicate = true> <Delay = 1.34> <Core = "AddSub">   --->   Core 14 'AddSub' <Latency = 0> <II = 1> <Delay = 1.34> <FuncUnit> <Opcode : 'add' 'sub'> <InPorts = 2> <OutPorts = 1>
ST_10 : Operation 158 [1/1] (0.00ns)   --->   "br i1 %icmp_ln133, label %8, label %7" [picnic_impl.c:133]   --->   Operation 158 'br' <Predicate = true> <Delay = 0.00>
ST_10 : Operation 159 [1/1] (0.00ns)   --->   "%zext_ln134 = zext i3 %loop_0 to i64" [picnic_impl.c:134]   --->   Operation 159 'zext' 'zext_ln134' <Predicate = (!icmp_ln133)> <Delay = 0.00>
ST_10 : Operation 160 [1/1] (0.00ns)   --->   "%temp_addr = getelementptr inbounds [64 x i32]* %temp, i64 0, i64 %zext_ln134" [picnic_impl.c:134]   --->   Operation 160 'getelementptr' 'temp_addr' <Predicate = (!icmp_ln133)> <Delay = 0.00>
ST_10 : Operation 161 [2/2] (2.77ns)   --->   "%temp_load = load i32* %temp_addr, align 4" [picnic_impl.c:134]   --->   Operation 161 'load' 'temp_load' <Predicate = (!icmp_ln133)> <Delay = 2.77> <Core = "RAM">   --->   Core 37 'RAM' <Latency = 1> <II = 1> <Delay = 1.75> <Storage> <Opcode : 'load' 'store'> <Ports = 2> <Width = 32> <Depth = 8> <RAM>
ST_10 : Operation 162 [1/1] (0.00ns)   --->   "ret void" [picnic_impl.c:135]   --->   Operation 162 'ret' <Predicate = (icmp_ln133)> <Delay = 0.00>

State 11 <SV = 3> <Delay = 4.52>
ST_11 : Operation 163 [1/1] (0.00ns)   --->   "call void (...)* @_ssdm_op_SpecLoopName([18 x i8]* @p_str1131) nounwind" [picnic_impl.c:134]   --->   Operation 163 'specloopname' <Predicate = true> <Delay = 0.00>
ST_11 : Operation 164 [1/2] (2.77ns)   --->   "%temp_load = load i32* %temp_addr, align 4" [picnic_impl.c:134]   --->   Operation 164 'load' 'temp_load' <Predicate = true> <Delay = 2.77> <Core = "RAM">   --->   Core 37 'RAM' <Latency = 1> <II = 1> <Delay = 1.75> <Storage> <Opcode : 'load' 'store'> <Ports = 2> <Width = 32> <Depth = 8> <RAM>
ST_11 : Operation 165 [1/1] (0.00ns)   --->   "%state_addr = getelementptr [8 x i32]* %output_r, i64 0, i64 %zext_ln134" [picnic_impl.c:134]   --->   Operation 165 'getelementptr' 'state_addr' <Predicate = true> <Delay = 0.00>
ST_11 : Operation 166 [1/1] (1.75ns)   --->   "store i32 %temp_load, i32* %state_addr, align 4" [picnic_impl.c:134]   --->   Operation 166 'store' <Predicate = true> <Delay = 1.75> <Core = "RAM">   --->   Core 37 'RAM' <Latency = 1> <II = 1> <Delay = 1.75> <Storage> <Opcode : 'load' 'store'> <Ports = 2> <Width = 32> <Depth = 8> <RAM>
ST_11 : Operation 167 [1/1] (0.00ns)   --->   "br label %.preheader" [picnic_impl.c:133]   --->   Operation 167 'br' <Predicate = true> <Delay = 0.00>


============================================================
+ Verbose Summary: Timing violations
============================================================
Target clock period: 10ns, clock uncertainty: 1.25ns.

 <State 1>: 1.35ns
The critical path consists of the following:
	multiplexor before 'phi' operation ('i') with incoming values : ('i', picnic_impl.c:124) [11]  (1.35 ns)

 <State 2>: 1.72ns
The critical path consists of the following:
	'phi' operation ('i') with incoming values : ('i', picnic_impl.c:124) [11]  (0 ns)
	'add' operation ('i', picnic_impl.c:124) [15]  (1.72 ns)

 <State 3>: 6.32ns
The critical path consists of the following:
	'phi' operation ('j') with incoming values : ('j', picnic_impl.c:125) [24]  (0 ns)
	'add' operation ('add_ln126', picnic_impl.c:126) [32]  (1.73 ns)
	'add' operation ('add_ln127', picnic_impl.c:127) [37]  (1.81 ns)
	'getelementptr' operation ('temp_matrix2_addr', picnic_impl.c:127) [39]  (0 ns)
	'load' operation ('temp_matrix2_load', picnic_impl.c:127) on array 'temp_matrix2' [40]  (2.77 ns)

 <State 4>: 6.35ns
The critical path consists of the following:
	'load' operation ('temp_matrix2_load', picnic_impl.c:127) on array 'temp_matrix2' [40]  (2.77 ns)
	'and' operation ('and_ln127', picnic_impl.c:127) [41]  (0.809 ns)
	'store' operation ('store_ln127', picnic_impl.c:127) of variable 'and_ln127', picnic_impl.c:127 on array 'prod', picnic_impl.c:121 [43]  (2.77 ns)

 <State 5>: 2.77ns
The critical path consists of the following:
	'load' operation ('x', picnic_impl.c:83->picnic_impl.c:129) on array 'prod', picnic_impl.c:121 [46]  (2.77 ns)

 <State 6>: 2.77ns
The critical path consists of the following:
	'phi' operation ('i') with incoming values : ('i', picnic_impl.c:85->picnic_impl.c:129) [50]  (0 ns)
	'getelementptr' operation ('prod_addr_4', picnic_impl.c:86->picnic_impl.c:129) [56]  (0 ns)
	'load' operation ('prod_load', picnic_impl.c:86->picnic_impl.c:129) on array 'prod', picnic_impl.c:121 [57]  (2.77 ns)

 <State 7>: 3.58ns
The critical path consists of the following:
	'load' operation ('prod_load', picnic_impl.c:86->picnic_impl.c:129) on array 'prod', picnic_impl.c:121 [57]  (2.77 ns)
	'xor' operation ('x', picnic_impl.c:86->picnic_impl.c:129) [58]  (0.809 ns)

 <State 8>: 8.37ns
The critical path consists of the following:
	'add' operation ('add_ln66', picnic_impl.c:66->picnic_impl.c:129) [100]  (1.55 ns)
	'icmp' operation ('icmp_ln66', picnic_impl.c:66->picnic_impl.c:129) [102]  (1.23 ns)
	'select' operation ('select_ln66_7', picnic_impl.c:66->picnic_impl.c:129) [109]  (0 ns)
	'lshr' operation ('lshr_ln66', picnic_impl.c:66->picnic_impl.c:129) [114]  (3.31 ns)
	'and' operation ('and_ln66_4', picnic_impl.c:66->picnic_impl.c:129) [116]  (0 ns)
	'and' operation ('and_ln66', picnic_impl.c:66->picnic_impl.c:129) [123]  (0 ns)
	'or' operation ('or_ln66', picnic_impl.c:66->picnic_impl.c:129) [124]  (2.28 ns)

 <State 9>: 7.47ns
The critical path consists of the following:
	'select' operation ('select_ln66_9', picnic_impl.c:66->picnic_impl.c:129) [129]  (0 ns)
	'sub' operation ('sub_ln66_6', picnic_impl.c:66->picnic_impl.c:129) [132]  (1.6 ns)
	'lshr' operation ('lshr_ln66_4', picnic_impl.c:66->picnic_impl.c:129) [140]  (0 ns)
	'and' operation ('and_ln66_5', picnic_impl.c:66->picnic_impl.c:129) [141]  (2.28 ns)
	'and' operation ('and_ln66_6', picnic_impl.c:66->picnic_impl.c:129) [142]  (0.809 ns)
	'store' operation ('store_ln66', picnic_impl.c:66->picnic_impl.c:129) of constant <constant:_ssdm_op_Write.bram.i32> on array 'temp', picnic_impl.c:122 [146]  (2.77 ns)

 <State 10>: 2.77ns
The critical path consists of the following:
	'phi' operation ('loop') with incoming values : ('loop', picnic_impl.c:133) [152]  (0 ns)
	'getelementptr' operation ('temp_addr', picnic_impl.c:134) [160]  (0 ns)
	'load' operation ('temp_load', picnic_impl.c:134) on array 'temp', picnic_impl.c:122 [161]  (2.77 ns)

 <State 11>: 4.53ns
The critical path consists of the following:
	'load' operation ('temp_load', picnic_impl.c:134) on array 'temp', picnic_impl.c:122 [161]  (2.77 ns)
	'store' operation ('store_ln134', picnic_impl.c:134) of variable 'temp_load', picnic_impl.c:134 on array 'output_r' [163]  (1.75 ns)


============================================================
+ Verbose Summary: Binding
============================================================
N/A
* FSMD analyzer results:
  - Output states:
 - Input state : 
  - Chain level:
	State 1
	State 2
	State 3
	State 4
	State 5
	State 6
	State 7
	State 8
	State 9
	State 10
	State 11


============================================================
+ Verbose Summary: Datapath Resource usage 
============================================================
N/A
