

================================================================
== Vivado HLS Report for 'randombytes'
================================================================
* Date:           Tue May 12 20:22:33 2020

* Version:        2019.2 (Build 2704478 on Wed Nov 06 22:10:23 MST 2019)
* Project:        picnic1
* Solution:       keypair
* Product family: artix7
* Target device:  xc7a200t-fbg676-2


================================================================
== Performance Estimates
================================================================
+ Timing: 
    * Summary: 
    +--------+----------+----------+------------+
    |  Clock |  Target  | Estimated| Uncertainty|
    +--------+----------+----------+------------+
    |ap_clk  | 10.00 ns | 6.620 ns |   1.25 ns  |
    +--------+----------+----------+------------+

+ Latency: 
    * Summary: 
    +---------+---------+----------+----------+-----+-----+---------+
    |  Latency (cycles) |  Latency (absolute) |  Interval | Pipeline|
    |   min   |   max   |    min   |    max   | min | max |   Type  |
    +---------+---------+----------+----------+-----+-----+---------+
    |        ?|        ?|         ?|         ?|    ?|    ?|   none  |
    +---------+---------+----------+----------+-----+-----+---------+

    + Detail: 
        * Instance: 
        +---------------------------------+----------------------+---------+---------+-----------+-----------+------+------+---------+
        |                                 |                      |  Latency (cycles) |   Latency (absolute)  |   Interval  | Pipeline|
        |             Instance            |        Module        |   min   |   max   |    min    |    max    |  min |  max |   Type  |
        +---------------------------------+----------------------+---------+---------+-----------+-----------+------+------+---------+
        |grp_AES256_CTR_DRBG_Upda_fu_175  |AES256_CTR_DRBG_Upda  |     6684|     6777| 66.840 us | 67.770 us |  6684|  6777|   none  |
        |grp_AES256_ECB_1_fu_187          |AES256_ECB_1          |     2189|     2189| 21.890 us | 21.890 us |  2189|  2189|   none  |
        +---------------------------------+----------------------+---------+---------+-----------+-----------+------+------+---------+

        * Loop: 
        +------------------+---------+---------+-------------+-----------+-----------+--------+----------+
        |                  |  Latency (cycles) |  Iteration  |  Initiation Interval  |  Trip  |          |
        |     Loop Name    |   min   |   max   |   Latency   |  achieved |   target  |  Count | Pipelined|
        +------------------+---------+---------+-------------+-----------+-----------+--------+----------+
        |- sign_label1     |        ?|        ?| 2196 ~ 2259 |          -|          -|       ?|    no    |
        | + sign_label1.1  |        2|       33|            2|          -|          -| 1 ~ 16 |    no    |
        | + sign_label1.2  |       32|       32|            2|          -|          -|      16|    no    |
        | + sign_label1.3  |        0|       30|            2|          -|          -| 0 ~ 15 |    no    |
        +------------------+---------+---------+-------------+-----------+-----------+--------+----------+

============================================================
+ Verbose Summary: Synthesis Manager
============================================================
InlineROM: 1
ExposeGlobal: 1
============================================================
+ Verbose Summary: CDFG Model
============================================================
IsTopModel: 0
ResetActiveHigh: 1
IsCombinational: 0
IsDatapathOnly: 0
HasWiredReturn: 1
HasMFsm: 0
HasVarLatency: 1
IsPipeline: 0
IsRtlPipelined: 0
IsInstanceOverlapped: 0
IsDontTouch: 0
HasImplIP: 0
IsGatedGlobalClock: 0


============================================================
+ Verbose Summary: Schedule
============================================================
* Number of FSM states : 10
* Pipeline : 0
* Dataflow Pipeline: 0

* FSM state transitions: 
1 --> 2 
2 --> 10 3 
3 --> 4 5 
4 --> 3 5 
5 --> 6 
6 --> 7 
7 --> 8 9 2 
8 --> 7 
9 --> 7 
10 --> 

* FSM state operations: 

State 1 <SV = 0> <Delay = 1.75>
ST_1 : Operation 11 [1/1] (0.00ns)   --->   "%p_0 = alloca i64"   --->   Operation 11 'alloca' 'p_0' <Predicate = true> <Delay = 0.00>
ST_1 : Operation 12 [1/1] (0.00ns)   --->   "%i_1 = alloca i32"   --->   Operation 12 'alloca' 'i_1' <Predicate = true> <Delay = 0.00>
ST_1 : Operation 13 [1/1] (1.75ns)   --->   "%block = alloca [16 x i8], align 16"   --->   Operation 13 'alloca' 'block' <Predicate = true> <Delay = 1.75> <Core = "RAM">   --->   Core 37 'RAM' <Latency = 1> <II = 1> <Delay = 1.75> <Storage> <Opcode : 'load' 'store'> <Ports = 2> <Width = 8> <Depth = 16> <RAM>
ST_1 : Operation 14 [1/1] (1.35ns)   --->   "store i32 0, i32* %i_1" [NIST-KATs/rng.c:231]   --->   Operation 14 'store' <Predicate = true> <Delay = 1.35>
ST_1 : Operation 15 [1/1] (1.45ns)   --->   "store i64 16, i64* %p_0" [NIST-KATs/rng.c:231]   --->   Operation 15 'store' <Predicate = true> <Delay = 1.45>
ST_1 : Operation 16 [1/1] (0.00ns)   --->   "br label %1" [NIST-KATs/rng.c:231]   --->   Operation 16 'br' <Predicate = true> <Delay = 0.00>

State 2 <SV = 1> <Delay = 2.34>
ST_2 : Operation 17 [1/1] (0.00ns)   --->   "%p_0_load = load i64* %p_0" [NIST-KATs/rng.c:257]   --->   Operation 17 'load' 'p_0_load' <Predicate = true> <Delay = 0.00>
ST_2 : Operation 18 [1/1] (2.34ns)   --->   "%icmp_ln231 = icmp eq i64 %p_0_load, 0" [NIST-KATs/rng.c:231]   --->   Operation 18 'icmp' 'icmp_ln231' <Predicate = true> <Delay = 2.34> <Core = "Cmp">   --->   Core 25 'Cmp' <Latency = 0> <II = 1> <Delay = 2.34> <FuncUnit> <Opcode : 'icmp'> <InPorts = 2> <OutPorts = 1>
ST_2 : Operation 19 [1/1] (0.00ns)   --->   "br i1 %icmp_ln231, label %9, label %sign_label1_begin" [NIST-KATs/rng.c:231]   --->   Operation 19 'br' <Predicate = true> <Delay = 0.00>
ST_2 : Operation 20 [1/1] (0.00ns)   --->   "call void (...)* @_ssdm_op_SpecLoopName([12 x i8]* @p_str415) nounwind" [NIST-KATs/rng.c:231]   --->   Operation 20 'specloopname' <Predicate = (!icmp_ln231)> <Delay = 0.00>
ST_2 : Operation 21 [1/1] (0.00ns)   --->   "%tmp = call i32 (...)* @_ssdm_op_SpecRegionBegin([12 x i8]* @p_str415)" [NIST-KATs/rng.c:231]   --->   Operation 21 'specregionbegin' 'tmp' <Predicate = (!icmp_ln231)> <Delay = 0.00>
ST_2 : Operation 22 [1/1] (1.35ns)   --->   "br label %2" [NIST-KATs/rng.c:233]   --->   Operation 22 'br' <Predicate = (!icmp_ln231)> <Delay = 1.35>
ST_2 : Operation 23 [2/2] (0.00ns)   --->   "call fastcc void @AES256_CTR_DRBG_Upda([16 x i8]* @DRBG_ctx_V)" [NIST-KATs/rng.c:267]   --->   Operation 23 'call' <Predicate = (icmp_ln231)> <Delay = 0.00> <CoreType = "Generic">   --->   Core 0 '' <Latency = 0> <II = 1> <Delay = 1.00> <Generic> <Opcode : >

State 3 <SV = 2> <Delay = 1.75>
ST_3 : Operation 24 [1/1] (0.00ns)   --->   "%j_0 = phi i5 [ 15, %sign_label1_begin ], [ %j, %4 ]"   --->   Operation 24 'phi' 'j_0' <Predicate = true> <Delay = 0.00>
ST_3 : Operation 25 [1/1] (0.00ns)   --->   "%sext_ln233 = sext i5 %j_0 to i32" [NIST-KATs/rng.c:233]   --->   Operation 25 'sext' 'sext_ln233' <Predicate = true> <Delay = 0.00>
ST_3 : Operation 26 [1/1] (0.00ns)   --->   "%tmp_1 = call i1 @_ssdm_op_BitSelect.i1.i5.i32(i5 %j_0, i32 4)" [NIST-KATs/rng.c:233]   --->   Operation 26 'bitselect' 'tmp_1' <Predicate = true> <Delay = 0.00>
ST_3 : Operation 27 [1/1] (0.00ns)   --->   "%empty = call i32 (...)* @_ssdm_op_SpecLoopTripCount(i64 1, i64 16, i64 8)"   --->   Operation 27 'speclooptripcount' 'empty' <Predicate = true> <Delay = 0.00>
ST_3 : Operation 28 [1/1] (0.00ns)   --->   "br i1 %tmp_1, label %.loopexit.loopexit, label %3" [NIST-KATs/rng.c:233]   --->   Operation 28 'br' <Predicate = true> <Delay = 0.00>
ST_3 : Operation 29 [1/1] (0.00ns)   --->   "%zext_ln234 = zext i32 %sext_ln233 to i64" [NIST-KATs/rng.c:234]   --->   Operation 29 'zext' 'zext_ln234' <Predicate = (!tmp_1)> <Delay = 0.00>
ST_3 : Operation 30 [1/1] (0.00ns)   --->   "%DRBG_ctx_V_addr = getelementptr [16 x i8]* @DRBG_ctx_V, i64 0, i64 %zext_ln234" [NIST-KATs/rng.c:234]   --->   Operation 30 'getelementptr' 'DRBG_ctx_V_addr' <Predicate = (!tmp_1)> <Delay = 0.00>
ST_3 : Operation 31 [2/2] (1.75ns)   --->   "%DRBG_ctx_V_load = load i8* %DRBG_ctx_V_addr, align 1" [NIST-KATs/rng.c:234]   --->   Operation 31 'load' 'DRBG_ctx_V_load' <Predicate = (!tmp_1)> <Delay = 1.75> <Core = "RAM">   --->   Core 37 'RAM' <Latency = 1> <II = 1> <Delay = 1.75> <Storage> <Opcode : 'load' 'store'> <Ports = 2> <Width = 8> <Depth = 16> <RAM>
ST_3 : Operation 32 [1/1] (0.00ns)   --->   "br label %.loopexit"   --->   Operation 32 'br' <Predicate = (tmp_1)> <Delay = 0.00>

State 4 <SV = 3> <Delay = 5.22>
ST_4 : Operation 33 [1/2] (1.75ns)   --->   "%DRBG_ctx_V_load = load i8* %DRBG_ctx_V_addr, align 1" [NIST-KATs/rng.c:234]   --->   Operation 33 'load' 'DRBG_ctx_V_load' <Predicate = true> <Delay = 1.75> <Core = "RAM">   --->   Core 37 'RAM' <Latency = 1> <II = 1> <Delay = 1.75> <Storage> <Opcode : 'load' 'store'> <Ports = 2> <Width = 8> <Depth = 16> <RAM>
ST_4 : Operation 34 [1/1] (1.24ns)   --->   "%icmp_ln234 = icmp eq i8 %DRBG_ctx_V_load, -1" [NIST-KATs/rng.c:234]   --->   Operation 34 'icmp' 'icmp_ln234' <Predicate = true> <Delay = 1.24> <Core = "Cmp">   --->   Core 25 'Cmp' <Latency = 0> <II = 1> <Delay = 2.34> <FuncUnit> <Opcode : 'icmp'> <InPorts = 2> <OutPorts = 1>
ST_4 : Operation 35 [1/1] (0.00ns)   --->   "br i1 %icmp_ln234, label %4, label %5" [NIST-KATs/rng.c:234]   --->   Operation 35 'br' <Predicate = true> <Delay = 0.00>
ST_4 : Operation 36 [1/1] (1.75ns)   --->   "store i8 0, i8* %DRBG_ctx_V_addr, align 1" [NIST-KATs/rng.c:235]   --->   Operation 36 'store' <Predicate = (icmp_ln234)> <Delay = 1.75> <Core = "RAM">   --->   Core 37 'RAM' <Latency = 1> <II = 1> <Delay = 1.75> <Storage> <Opcode : 'load' 'store'> <Ports = 2> <Width = 8> <Depth = 16> <RAM>
ST_4 : Operation 37 [1/1] (1.54ns)   --->   "%j = add i5 %j_0, -1" [NIST-KATs/rng.c:233]   --->   Operation 37 'add' 'j' <Predicate = (icmp_ln234)> <Delay = 1.54> <Core = "AddSub">   --->   Core 14 'AddSub' <Latency = 0> <II = 1> <Delay = 2.18> <FuncUnit> <Opcode : 'add' 'sub'> <InPorts = 2> <OutPorts = 1>
ST_4 : Operation 38 [1/1] (0.00ns)   --->   "br label %2" [NIST-KATs/rng.c:233]   --->   Operation 38 'br' <Predicate = (icmp_ln234)> <Delay = 0.00>
ST_4 : Operation 39 [1/1] (1.71ns)   --->   "%add_ln237 = add i8 %DRBG_ctx_V_load, 1" [NIST-KATs/rng.c:237]   --->   Operation 39 'add' 'add_ln237' <Predicate = (!icmp_ln234)> <Delay = 1.71> <Core = "AddSub">   --->   Core 14 'AddSub' <Latency = 0> <II = 1> <Delay = 2.18> <FuncUnit> <Opcode : 'add' 'sub'> <InPorts = 2> <OutPorts = 1>
ST_4 : Operation 40 [1/1] (1.75ns)   --->   "store i8 %add_ln237, i8* %DRBG_ctx_V_addr, align 1" [NIST-KATs/rng.c:237]   --->   Operation 40 'store' <Predicate = (!icmp_ln234)> <Delay = 1.75> <Core = "RAM">   --->   Core 37 'RAM' <Latency = 1> <II = 1> <Delay = 1.75> <Storage> <Opcode : 'load' 'store'> <Ports = 2> <Width = 8> <Depth = 16> <RAM>
ST_4 : Operation 41 [1/1] (0.00ns)   --->   "br label %.loopexit" [NIST-KATs/rng.c:238]   --->   Operation 41 'br' <Predicate = (!icmp_ln234)> <Delay = 0.00>

State 5 <SV = 4> <Delay = 0.00>
ST_5 : Operation 42 [2/2] (0.00ns)   --->   "call fastcc void @AES256_ECB.1([32 x i8]* @DRBG_ctx_Key, [16 x i8]* @DRBG_ctx_V, [16 x i8]* %block)" [NIST-KATs/rng.c:241]   --->   Operation 42 'call' <Predicate = true> <Delay = 0.00> <CoreType = "Generic">   --->   Core 0 '' <Latency = 0> <II = 1> <Delay = 1.00> <Generic> <Opcode : >

State 6 <SV = 5> <Delay = 2.34>
ST_6 : Operation 43 [1/2] (0.00ns)   --->   "call fastcc void @AES256_ECB.1([32 x i8]* @DRBG_ctx_Key, [16 x i8]* @DRBG_ctx_V, [16 x i8]* %block)" [NIST-KATs/rng.c:241]   --->   Operation 43 'call' <Predicate = true> <Delay = 0.00> <CoreType = "Generic">   --->   Core 0 '' <Latency = 0> <II = 1> <Delay = 1.00> <Generic> <Opcode : >
ST_6 : Operation 44 [1/1] (0.00ns)   --->   "%tmp_2 = call i60 @_ssdm_op_PartSelect.i60.i64.i32.i32(i64 %p_0_load, i32 4, i32 63)" [NIST-KATs/rng.c:251]   --->   Operation 44 'partselect' 'tmp_2' <Predicate = true> <Delay = 0.00>
ST_6 : Operation 45 [1/1] (2.34ns)   --->   "%icmp_ln251 = icmp eq i60 %tmp_2, 0" [NIST-KATs/rng.c:251]   --->   Operation 45 'icmp' 'icmp_ln251' <Predicate = true> <Delay = 2.34> <Core = "Cmp">   --->   Core 25 'Cmp' <Latency = 0> <II = 1> <Delay = 2.34> <FuncUnit> <Opcode : 'icmp'> <InPorts = 2> <OutPorts = 1>
ST_6 : Operation 46 [1/1] (0.00ns)   --->   "br i1 %icmp_ln251, label %.preheader.preheader, label %.preheader3.preheader" [NIST-KATs/rng.c:251]   --->   Operation 46 'br' <Predicate = true> <Delay = 0.00>
ST_6 : Operation 47 [1/1] (1.35ns)   --->   "br label %.preheader3" [NIST-KATs/rng.c:254]   --->   Operation 47 'br' <Predicate = (!icmp_ln251)> <Delay = 1.35>
ST_6 : Operation 48 [1/1] (1.35ns)   --->   "br label %.preheader" [NIST-KATs/rng.c:261]   --->   Operation 48 'br' <Predicate = (icmp_ln251)> <Delay = 1.35>

State 7 <SV = 6> <Delay = 4.44>
ST_7 : Operation 49 [1/1] (0.00ns)   --->   "%loop_0 = phi i5 [ %loop_1, %6 ], [ 0, %.preheader3.preheader ]"   --->   Operation 49 'phi' 'loop_0' <Predicate = (!icmp_ln251)> <Delay = 0.00>
ST_7 : Operation 50 [1/1] (0.00ns)   --->   "%zext_ln254 = zext i5 %loop_0 to i32" [NIST-KATs/rng.c:254]   --->   Operation 50 'zext' 'zext_ln254' <Predicate = (!icmp_ln251)> <Delay = 0.00>
ST_7 : Operation 51 [1/1] (1.21ns)   --->   "%icmp_ln254 = icmp eq i5 %loop_0, -16" [NIST-KATs/rng.c:254]   --->   Operation 51 'icmp' 'icmp_ln254' <Predicate = (!icmp_ln251)> <Delay = 1.21> <Core = "Cmp">   --->   Core 25 'Cmp' <Latency = 0> <II = 1> <Delay = 2.34> <FuncUnit> <Opcode : 'icmp'> <InPorts = 2> <OutPorts = 1>
ST_7 : Operation 52 [1/1] (0.00ns)   --->   "%empty_16 = call i32 (...)* @_ssdm_op_SpecLoopTripCount(i64 16, i64 16, i64 16)"   --->   Operation 52 'speclooptripcount' 'empty_16' <Predicate = (!icmp_ln251)> <Delay = 0.00>
ST_7 : Operation 53 [1/1] (1.54ns)   --->   "%loop_1 = add i5 %loop_0, 1" [NIST-KATs/rng.c:254]   --->   Operation 53 'add' 'loop_1' <Predicate = (!icmp_ln251)> <Delay = 1.54> <Core = "AddSub">   --->   Core 14 'AddSub' <Latency = 0> <II = 1> <Delay = 2.18> <FuncUnit> <Opcode : 'add' 'sub'> <InPorts = 2> <OutPorts = 1>
ST_7 : Operation 54 [1/1] (0.00ns)   --->   "br i1 %icmp_ln254, label %7, label %6" [NIST-KATs/rng.c:254]   --->   Operation 54 'br' <Predicate = (!icmp_ln251)> <Delay = 0.00>
ST_7 : Operation 55 [1/1] (0.00ns)   --->   "%zext_ln255 = zext i5 %loop_0 to i64" [NIST-KATs/rng.c:255]   --->   Operation 55 'zext' 'zext_ln255' <Predicate = (!icmp_ln251 & !icmp_ln254)> <Delay = 0.00>
ST_7 : Operation 56 [1/1] (0.00ns)   --->   "%block_addr = getelementptr inbounds [16 x i8]* %block, i64 0, i64 %zext_ln255" [NIST-KATs/rng.c:255]   --->   Operation 56 'getelementptr' 'block_addr' <Predicate = (!icmp_ln251 & !icmp_ln254)> <Delay = 0.00>
ST_7 : Operation 57 [2/2] (1.75ns)   --->   "%block_load = load i8* %block_addr, align 1" [NIST-KATs/rng.c:255]   --->   Operation 57 'load' 'block_load' <Predicate = (!icmp_ln251 & !icmp_ln254)> <Delay = 1.75> <Core = "RAM">   --->   Core 37 'RAM' <Latency = 1> <II = 1> <Delay = 1.75> <Storage> <Opcode : 'load' 'store'> <Ports = 2> <Width = 8> <Depth = 16> <RAM>
ST_7 : Operation 58 [1/1] (0.00ns)   --->   "%i_1_load_1 = load i32* %i_1" [NIST-KATs/rng.c:256]   --->   Operation 58 'load' 'i_1_load_1' <Predicate = (!icmp_ln251 & icmp_ln254)> <Delay = 0.00>
ST_7 : Operation 59 [1/1] (2.18ns)   --->   "%i = add nsw i32 %i_1_load_1, 16" [NIST-KATs/rng.c:256]   --->   Operation 59 'add' 'i' <Predicate = (!icmp_ln251 & icmp_ln254)> <Delay = 2.18> <Core = "AddSub">   --->   Core 14 'AddSub' <Latency = 0> <II = 1> <Delay = 2.18> <FuncUnit> <Opcode : 'add' 'sub'> <InPorts = 2> <OutPorts = 1>
ST_7 : Operation 60 [1/1] (2.99ns)   --->   "%add_ln257 = add i64 %p_0_load, -16" [NIST-KATs/rng.c:257]   --->   Operation 60 'add' 'add_ln257' <Predicate = (!icmp_ln251 & icmp_ln254)> <Delay = 2.99> <Core = "AddSub">   --->   Core 14 'AddSub' <Latency = 0> <II = 1> <Delay = 2.18> <FuncUnit> <Opcode : 'add' 'sub'> <InPorts = 2> <OutPorts = 1>
ST_7 : Operation 61 [1/1] (1.35ns)   --->   "store i32 %i, i32* %i_1" [NIST-KATs/rng.c:258]   --->   Operation 61 'store' <Predicate = (!icmp_ln251 & icmp_ln254)> <Delay = 1.35>
ST_7 : Operation 62 [1/1] (1.45ns)   --->   "store i64 %add_ln257, i64* %p_0" [NIST-KATs/rng.c:258]   --->   Operation 62 'store' <Predicate = (!icmp_ln251 & icmp_ln254)> <Delay = 1.45>
ST_7 : Operation 63 [1/1] (0.00ns)   --->   "br label %sign_label1_end" [NIST-KATs/rng.c:258]   --->   Operation 63 'br' <Predicate = (!icmp_ln251 & icmp_ln254)> <Delay = 0.00>
ST_7 : Operation 64 [1/1] (0.00ns)   --->   "%loop1_0 = phi i4 [ %loop, %8 ], [ 0, %.preheader.preheader ]"   --->   Operation 64 'phi' 'loop1_0' <Predicate = (icmp_ln251)> <Delay = 0.00>
ST_7 : Operation 65 [1/1] (0.00ns)   --->   "%zext_ln261_1 = zext i4 %loop1_0 to i32" [NIST-KATs/rng.c:261]   --->   Operation 65 'zext' 'zext_ln261_1' <Predicate = (icmp_ln251)> <Delay = 0.00>
ST_7 : Operation 66 [1/1] (0.00ns)   --->   "%zext_ln261 = zext i4 %loop1_0 to i64" [NIST-KATs/rng.c:261]   --->   Operation 66 'zext' 'zext_ln261' <Predicate = (icmp_ln251)> <Delay = 0.00>
ST_7 : Operation 67 [1/1] (2.34ns)   --->   "%icmp_ln261 = icmp ult i64 %zext_ln261, %p_0_load" [NIST-KATs/rng.c:261]   --->   Operation 67 'icmp' 'icmp_ln261' <Predicate = (icmp_ln251)> <Delay = 2.34> <Core = "Cmp">   --->   Core 25 'Cmp' <Latency = 0> <II = 1> <Delay = 2.34> <FuncUnit> <Opcode : 'icmp'> <InPorts = 2> <OutPorts = 1>
ST_7 : Operation 68 [1/1] (0.00ns)   --->   "%empty_17 = call i32 (...)* @_ssdm_op_SpecLoopTripCount(i64 0, i64 15, i64 0)"   --->   Operation 68 'speclooptripcount' 'empty_17' <Predicate = (icmp_ln251)> <Delay = 0.00>
ST_7 : Operation 69 [1/1] (1.49ns)   --->   "%loop = add i4 %loop1_0, 1" [NIST-KATs/rng.c:261]   --->   Operation 69 'add' 'loop' <Predicate = (icmp_ln251)> <Delay = 1.49> <Core = "AddSub">   --->   Core 14 'AddSub' <Latency = 0> <II = 1> <Delay = 2.18> <FuncUnit> <Opcode : 'add' 'sub'> <InPorts = 2> <OutPorts = 1>
ST_7 : Operation 70 [1/1] (0.00ns)   --->   "br i1 %icmp_ln261, label %8, label %sign_label1_end.loopexit" [NIST-KATs/rng.c:261]   --->   Operation 70 'br' <Predicate = (icmp_ln251)> <Delay = 0.00>
ST_7 : Operation 71 [1/1] (0.00ns)   --->   "%block_addr_1 = getelementptr inbounds [16 x i8]* %block, i64 0, i64 %zext_ln261" [NIST-KATs/rng.c:262]   --->   Operation 71 'getelementptr' 'block_addr_1' <Predicate = (icmp_ln251 & icmp_ln261)> <Delay = 0.00>
ST_7 : Operation 72 [2/2] (1.75ns)   --->   "%block_load_1 = load i8* %block_addr_1, align 1" [NIST-KATs/rng.c:262]   --->   Operation 72 'load' 'block_load_1' <Predicate = (icmp_ln251 & icmp_ln261)> <Delay = 1.75> <Core = "RAM">   --->   Core 37 'RAM' <Latency = 1> <II = 1> <Delay = 1.75> <Storage> <Opcode : 'load' 'store'> <Ports = 2> <Width = 8> <Depth = 16> <RAM>
ST_7 : Operation 73 [1/1] (1.45ns)   --->   "store i64 0, i64* %p_0"   --->   Operation 73 'store' <Predicate = (icmp_ln251 & !icmp_ln261)> <Delay = 1.45>
ST_7 : Operation 74 [1/1] (0.00ns)   --->   "br label %sign_label1_end"   --->   Operation 74 'br' <Predicate = (icmp_ln251 & !icmp_ln261)> <Delay = 0.00>
ST_7 : Operation 75 [1/1] (0.00ns)   --->   "%empty_18 = call i32 (...)* @_ssdm_op_SpecRegionEnd([12 x i8]* @p_str415, i32 %tmp)" [NIST-KATs/rng.c:266]   --->   Operation 75 'specregionend' 'empty_18' <Predicate = (icmp_ln251 & !icmp_ln261) | (!icmp_ln251 & icmp_ln254)> <Delay = 0.00>
ST_7 : Operation 76 [1/1] (0.00ns)   --->   "br label %1" [NIST-KATs/rng.c:266]   --->   Operation 76 'br' <Predicate = (icmp_ln251 & !icmp_ln261) | (!icmp_ln251 & icmp_ln254)> <Delay = 0.00>

State 8 <SV = 7> <Delay = 3.93>
ST_8 : Operation 77 [1/1] (0.00ns)   --->   "%i_1_load_2 = load i32* %i_1" [NIST-KATs/rng.c:255]   --->   Operation 77 'load' 'i_1_load_2' <Predicate = true> <Delay = 0.00>
ST_8 : Operation 78 [1/2] (1.75ns)   --->   "%block_load = load i8* %block_addr, align 1" [NIST-KATs/rng.c:255]   --->   Operation 78 'load' 'block_load' <Predicate = true> <Delay = 1.75> <Core = "RAM">   --->   Core 37 'RAM' <Latency = 1> <II = 1> <Delay = 1.75> <Storage> <Opcode : 'load' 'store'> <Ports = 2> <Width = 8> <Depth = 16> <RAM>
ST_8 : Operation 79 [1/1] (2.18ns)   --->   "%add_ln255 = add nsw i32 %i_1_load_2, %zext_ln254" [NIST-KATs/rng.c:255]   --->   Operation 79 'add' 'add_ln255' <Predicate = true> <Delay = 2.18> <Core = "AddSub">   --->   Core 14 'AddSub' <Latency = 0> <II = 1> <Delay = 2.18> <FuncUnit> <Opcode : 'add' 'sub'> <InPorts = 2> <OutPorts = 1>
ST_8 : Operation 80 [1/1] (0.00ns)   --->   "%sext_ln255 = sext i32 %add_ln255 to i64" [NIST-KATs/rng.c:255]   --->   Operation 80 'sext' 'sext_ln255' <Predicate = true> <Delay = 0.00>
ST_8 : Operation 81 [1/1] (0.00ns)   --->   "%x_addr = getelementptr [32 x i8]* %x, i64 0, i64 %sext_ln255" [NIST-KATs/rng.c:255]   --->   Operation 81 'getelementptr' 'x_addr' <Predicate = true> <Delay = 0.00>
ST_8 : Operation 82 [1/1] (1.75ns)   --->   "store i8 %block_load, i8* %x_addr, align 1" [NIST-KATs/rng.c:255]   --->   Operation 82 'store' <Predicate = true> <Delay = 1.75> <Core = "RAM">   --->   Core 37 'RAM' <Latency = 1> <II = 1> <Delay = 1.75> <Storage> <Opcode : 'load' 'store'> <Ports = 2> <Width = 8> <Depth = 16> <RAM>
ST_8 : Operation 83 [1/1] (0.00ns)   --->   "br label %.preheader3" [NIST-KATs/rng.c:254]   --->   Operation 83 'br' <Predicate = true> <Delay = 0.00>

State 9 <SV = 7> <Delay = 3.93>
ST_9 : Operation 84 [1/1] (0.00ns)   --->   "%i_1_load = load i32* %i_1" [NIST-KATs/rng.c:262]   --->   Operation 84 'load' 'i_1_load' <Predicate = true> <Delay = 0.00>
ST_9 : Operation 85 [1/2] (1.75ns)   --->   "%block_load_1 = load i8* %block_addr_1, align 1" [NIST-KATs/rng.c:262]   --->   Operation 85 'load' 'block_load_1' <Predicate = true> <Delay = 1.75> <Core = "RAM">   --->   Core 37 'RAM' <Latency = 1> <II = 1> <Delay = 1.75> <Storage> <Opcode : 'load' 'store'> <Ports = 2> <Width = 8> <Depth = 16> <RAM>
ST_9 : Operation 86 [1/1] (2.18ns)   --->   "%add_ln262 = add nsw i32 %zext_ln261_1, %i_1_load" [NIST-KATs/rng.c:262]   --->   Operation 86 'add' 'add_ln262' <Predicate = true> <Delay = 2.18> <Core = "AddSub">   --->   Core 14 'AddSub' <Latency = 0> <II = 1> <Delay = 2.18> <FuncUnit> <Opcode : 'add' 'sub'> <InPorts = 2> <OutPorts = 1>
ST_9 : Operation 87 [1/1] (0.00ns)   --->   "%sext_ln262 = sext i32 %add_ln262 to i64" [NIST-KATs/rng.c:262]   --->   Operation 87 'sext' 'sext_ln262' <Predicate = true> <Delay = 0.00>
ST_9 : Operation 88 [1/1] (0.00ns)   --->   "%x_addr_1 = getelementptr [32 x i8]* %x, i64 0, i64 %sext_ln262" [NIST-KATs/rng.c:262]   --->   Operation 88 'getelementptr' 'x_addr_1' <Predicate = true> <Delay = 0.00>
ST_9 : Operation 89 [1/1] (1.75ns)   --->   "store i8 %block_load_1, i8* %x_addr_1, align 1" [NIST-KATs/rng.c:262]   --->   Operation 89 'store' <Predicate = true> <Delay = 1.75> <Core = "RAM">   --->   Core 37 'RAM' <Latency = 1> <II = 1> <Delay = 1.75> <Storage> <Opcode : 'load' 'store'> <Ports = 2> <Width = 8> <Depth = 16> <RAM>
ST_9 : Operation 90 [1/1] (0.00ns)   --->   "br label %.preheader" [NIST-KATs/rng.c:261]   --->   Operation 90 'br' <Predicate = true> <Delay = 0.00>

State 10 <SV = 2> <Delay = 2.18>
ST_10 : Operation 91 [1/2] (0.00ns)   --->   "call fastcc void @AES256_CTR_DRBG_Upda([16 x i8]* @DRBG_ctx_V)" [NIST-KATs/rng.c:267]   --->   Operation 91 'call' <Predicate = true> <Delay = 0.00> <CoreType = "Generic">   --->   Core 0 '' <Latency = 0> <II = 1> <Delay = 1.00> <Generic> <Opcode : >
ST_10 : Operation 92 [1/1] (0.00ns)   --->   "%DRBG_ctx_reseed_coun = load i32* @DRBG_ctx_reseed_counter, align 4" [NIST-KATs/rng.c:268]   --->   Operation 92 'load' 'DRBG_ctx_reseed_coun' <Predicate = true> <Delay = 0.00>
ST_10 : Operation 93 [1/1] (2.18ns)   --->   "%add_ln268 = add nsw i32 %DRBG_ctx_reseed_coun, 1" [NIST-KATs/rng.c:268]   --->   Operation 93 'add' 'add_ln268' <Predicate = true> <Delay = 2.18> <Core = "AddSub">   --->   Core 14 'AddSub' <Latency = 0> <II = 1> <Delay = 2.18> <FuncUnit> <Opcode : 'add' 'sub'> <InPorts = 2> <OutPorts = 1>
ST_10 : Operation 94 [1/1] (0.00ns)   --->   "store i32 %add_ln268, i32* @DRBG_ctx_reseed_counter, align 4" [NIST-KATs/rng.c:268]   --->   Operation 94 'store' <Predicate = true> <Delay = 0.00>
ST_10 : Operation 95 [1/1] (0.00ns)   --->   "ret void"   --->   Operation 95 'ret' <Predicate = true> <Delay = 0.00>


============================================================
+ Verbose Summary: Binding
============================================================
STG Binding: 
---------------- STG Properties BEGIN ----------------
- Is combinational: 0
- Is one-state seq: 0
- Is datapath-only: 0
- Is pipelined: 0
- Is top level: 0
Port [ Return ] is wired: 1; IO mode=ap_ctrl_hs:ce=0
Port [ x]:  wired=1; compound=1; hidden=0; nouse=0; global=0; static=0; extern=0; dir=1; type=1; pingpong=0; private_global=0; MemPort=[03]; IO mode=ap_memory:ce=0
Port [ DRBG_ctx_V]:  wired=1; compound=1; hidden=0; nouse=0; global=1; static=0; extern=0; dir=2; type=1; pingpong=0; private_global=0; linkage=15; visibility=0; MemPort=[21]; IO mode=ap_memory:ce=0
Port [ sbox]:  wired=0; compound=1; hidden=1; nouse=1; global=1; static=1; extern=0; dir=0; type=1; pingpong=0; private_global=1; linkage=7; visibility=0; MemPort=[1111]; IO mode=ap_memory:ce=0
Port [ Rcon]:  wired=0; compound=1; hidden=1; nouse=1; global=1; static=1; extern=0; dir=0; type=1; pingpong=0; private_global=1; linkage=7; visibility=0; MemPort=[1]; IO mode=ap_memory:ce=0
Port [ DRBG_ctx_Key]:  wired=1; compound=1; hidden=0; nouse=0; global=1; static=0; extern=0; dir=2; type=1; pingpong=0; private_global=0; linkage=15; visibility=0; MemPort=[21]; IO mode=ap_memory:ce=0
Port [ DRBG_ctx_reseed_counter]:  wired=1; compound=0; hidden=0; nouse=0; global=1; static=0; extern=0; dir=2; type=0; pingpong=0; private_global=0; linkage=15; visibility=0; IO mode=ap_ovld:ce=0
---------------- STG Properties END ------------------

---------------- Datapath Model BEGIN ----------------

<LifeTime>
<method=bitvector/>
p_0                  (alloca           ) [ 01111111110]
i_1                  (alloca           ) [ 01111111110]
block                (alloca           ) [ 00111111110]
store_ln231          (store            ) [ 00000000000]
store_ln231          (store            ) [ 00000000000]
br_ln231             (br               ) [ 00000000000]
p_0_load             (load             ) [ 00011111110]
icmp_ln231           (icmp             ) [ 00111111110]
br_ln231             (br               ) [ 00000000000]
specloopname_ln231   (specloopname     ) [ 00000000000]
tmp                  (specregionbegin  ) [ 00011111110]
br_ln233             (br               ) [ 00111111110]
j_0                  (phi              ) [ 00011000000]
sext_ln233           (sext             ) [ 00000000000]
tmp_1                (bitselect        ) [ 00111111110]
empty                (speclooptripcount) [ 00000000000]
br_ln233             (br               ) [ 00000000000]
zext_ln234           (zext             ) [ 00000000000]
DRBG_ctx_V_addr      (getelementptr    ) [ 00001000000]
br_ln0               (br               ) [ 00000000000]
DRBG_ctx_V_load      (load             ) [ 00000000000]
icmp_ln234           (icmp             ) [ 00111111110]
br_ln234             (br               ) [ 00000000000]
store_ln235          (store            ) [ 00000000000]
j                    (add              ) [ 00111111110]
br_ln233             (br               ) [ 00111111110]
add_ln237            (add              ) [ 00000000000]
store_ln237          (store            ) [ 00000000000]
br_ln238             (br               ) [ 00000000000]
call_ln241           (call             ) [ 00000000000]
tmp_2                (partselect       ) [ 00000000000]
icmp_ln251           (icmp             ) [ 00111111110]
br_ln251             (br               ) [ 00000000000]
br_ln254             (br               ) [ 00111111110]
br_ln261             (br               ) [ 00111111110]
loop_0               (phi              ) [ 00000001000]
zext_ln254           (zext             ) [ 00000000100]
icmp_ln254           (icmp             ) [ 00111111110]
empty_16             (speclooptripcount) [ 00000000000]
loop_1               (add              ) [ 00111111110]
br_ln254             (br               ) [ 00000000000]
zext_ln255           (zext             ) [ 00000000000]
block_addr           (getelementptr    ) [ 00000000100]
i_1_load_1           (load             ) [ 00000000000]
i                    (add              ) [ 00000000000]
add_ln257            (add              ) [ 00000000000]
store_ln258          (store            ) [ 00000000000]
store_ln258          (store            ) [ 00000000000]
br_ln258             (br               ) [ 00000000000]
loop1_0              (phi              ) [ 00000001000]
zext_ln261_1         (zext             ) [ 00000000010]
zext_ln261           (zext             ) [ 00000000000]
icmp_ln261           (icmp             ) [ 00111111110]
empty_17             (speclooptripcount) [ 00000000000]
loop                 (add              ) [ 00111111110]
br_ln261             (br               ) [ 00000000000]
block_addr_1         (getelementptr    ) [ 00000000010]
store_ln0            (store            ) [ 00000000000]
br_ln0               (br               ) [ 00000000000]
empty_18             (specregionend    ) [ 00000000000]
br_ln266             (br               ) [ 00000000000]
i_1_load_2           (load             ) [ 00000000000]
block_load           (load             ) [ 00000000000]
add_ln255            (add              ) [ 00000000000]
sext_ln255           (sext             ) [ 00000000000]
x_addr               (getelementptr    ) [ 00000000000]
store_ln255          (store            ) [ 00000000000]
br_ln254             (br               ) [ 00111111110]
i_1_load             (load             ) [ 00000000000]
block_load_1         (load             ) [ 00000000000]
add_ln262            (add              ) [ 00000000000]
sext_ln262           (sext             ) [ 00000000000]
x_addr_1             (getelementptr    ) [ 00000000000]
store_ln262          (store            ) [ 00000000000]
br_ln261             (br               ) [ 00111111110]
call_ln267           (call             ) [ 00000000000]
DRBG_ctx_reseed_coun (load             ) [ 00000000000]
add_ln268            (add              ) [ 00000000000]
store_ln268          (store            ) [ 00000000000]
ret_ln0              (ret              ) [ 00000000000]
</LifeTime>

<model>

<comp_list>
<comp id="0" class="1000" name="x">
<pin_list>
<pin id="1" dir="1" index="0" bw="1" slack="0"/>
</pin_list>
<bind>
<StgValue><ssdm name="x"/><MemPortTyVec>0 3 </MemPortTyVec>
</StgValue>
</bind>
</comp>

<comp id="2" class="1000" name="DRBG_ctx_V">
<pin_list>
<pin id="3" dir="1" index="0" bw="1" slack="0"/>
</pin_list>
<bind>
<StgValue><ssdm name="DRBG_ctx_V"/><MemPortTyVec>2 1 </MemPortTyVec>
</StgValue>
</bind>
</comp>

<comp id="4" class="1000" name="sbox">
<pin_list>
<pin id="5" dir="1" index="0" bw="1" slack="0"/>
</pin_list>
<bind>
<StgValue><ssdm name="sbox"/><MemPortTyVec>1 1 1 1 </MemPortTyVec>
</StgValue>
</bind>
</comp>

<comp id="6" class="1000" name="Rcon">
<pin_list>
<pin id="7" dir="1" index="0" bw="1" slack="0"/>
</pin_list>
<bind>
<StgValue><ssdm name="Rcon"/><MemPortTyVec>1 </MemPortTyVec>
</StgValue>
</bind>
</comp>

<comp id="8" class="1000" name="DRBG_ctx_Key">
<pin_list>
<pin id="9" dir="1" index="0" bw="1" slack="0"/>
</pin_list>
<bind>
<StgValue><ssdm name="DRBG_ctx_Key"/><MemPortTyVec>2 1 </MemPortTyVec>
</StgValue>
</bind>
</comp>

<comp id="10" class="1000" name="DRBG_ctx_reseed_counter">
<pin_list>
<pin id="11" dir="1" index="0" bw="1" slack="0"/>
</pin_list>
<bind>
<StgValue><ssdm name="DRBG_ctx_reseed_counter"/></StgValue>
</bind>
</comp>

<comp id="12" class="1001" name="const_12">
<pin_list>
<pin id="13" dir="1" index="0" bw="1" slack="0"/>
</pin_list>
<bind>
<StgValue><ssdm name=""/></StgValue>
</bind>
</comp>

<comp id="14" class="1001" name="const_14">
<pin_list>
<pin id="15" dir="1" index="0" bw="1" slack="0"/>
</pin_list>
<bind>
<StgValue><ssdm name=""/></StgValue>
</bind>
</comp>

<comp id="16" class="1001" name="const_16">
<pin_list>
<pin id="17" dir="1" index="0" bw="1" slack="0"/>
</pin_list>
<bind>
<StgValue><ssdm name=""/></StgValue>
</bind>
</comp>

<comp id="18" class="1001" name="const_18">
<pin_list>
<pin id="19" dir="1" index="0" bw="1" slack="0"/>
</pin_list>
<bind>
<StgValue><ssdm name=""/></StgValue>
</bind>
</comp>

<comp id="20" class="1001" name="const_20">
<pin_list>
<pin id="21" dir="1" index="0" bw="1" slack="0"/>
</pin_list>
<bind>
<StgValue><ssdm name=""/></StgValue>
</bind>
</comp>

<comp id="22" class="1001" name="const_22">
<pin_list>
<pin id="23" dir="1" index="0" bw="1" slack="2147483647"/>
</pin_list>
<bind>
<StgValue><ssdm name="_ssdm_op_SpecLoopName"/></StgValue>
</bind>
</comp>

<comp id="24" class="1001" name="const_24">
<pin_list>
<pin id="25" dir="1" index="0" bw="1" slack="2147483647"/>
</pin_list>
<bind>
<StgValue><ssdm name="p_str415"/></StgValue>
</bind>
</comp>

<comp id="26" class="1001" name="const_26">
<pin_list>
<pin id="27" dir="1" index="0" bw="1" slack="2147483647"/>
</pin_list>
<bind>
<StgValue><ssdm name="_ssdm_op_SpecRegionBegin"/></StgValue>
</bind>
</comp>

<comp id="28" class="1001" name="const_28">
<pin_list>
<pin id="29" dir="1" index="0" bw="1" slack="0"/>
</pin_list>
<bind>
<StgValue><ssdm name="AES256_CTR_DRBG_Upda"/></StgValue>
</bind>
</comp>

<comp id="30" class="1001" name="const_30">
<pin_list>
<pin id="31" dir="1" index="0" bw="1" slack="1"/>
</pin_list>
<bind>
<StgValue><ssdm name=""/></StgValue>
</bind>
</comp>

<comp id="32" class="1001" name="const_32">
<pin_list>
<pin id="33" dir="1" index="0" bw="1" slack="0"/>
</pin_list>
<bind>
<StgValue><ssdm name="_ssdm_op_BitSelect.i1.i5.i32"/></StgValue>
</bind>
</comp>

<comp id="34" class="1001" name="const_34">
<pin_list>
<pin id="35" dir="1" index="0" bw="1" slack="0"/>
</pin_list>
<bind>
<StgValue><ssdm name=""/></StgValue>
</bind>
</comp>

<comp id="36" class="1001" name="const_36">
<pin_list>
<pin id="37" dir="1" index="0" bw="1" slack="2147483647"/>
</pin_list>
<bind>
<StgValue><ssdm name="_ssdm_op_SpecLoopTripCount"/></StgValue>
</bind>
</comp>

<comp id="38" class="1001" name="const_38">
<pin_list>
<pin id="39" dir="1" index="0" bw="1" slack="2147483647"/>
</pin_list>
<bind>
<StgValue><ssdm name=""/></StgValue>
</bind>
</comp>

<comp id="40" class="1001" name="const_40">
<pin_list>
<pin id="41" dir="1" index="0" bw="1" slack="0"/>
</pin_list>
<bind>
<StgValue><ssdm name=""/></StgValue>
</bind>
</comp>

<comp id="42" class="1001" name="const_42">
<pin_list>
<pin id="43" dir="1" index="0" bw="1" slack="0"/>
</pin_list>
<bind>
<StgValue><ssdm name=""/></StgValue>
</bind>
</comp>

<comp id="44" class="1001" name="const_44">
<pin_list>
<pin id="45" dir="1" index="0" bw="1" slack="0"/>
</pin_list>
<bind>
<StgValue><ssdm name=""/></StgValue>
</bind>
</comp>

<comp id="46" class="1001" name="const_46">
<pin_list>
<pin id="47" dir="1" index="0" bw="1" slack="0"/>
</pin_list>
<bind>
<StgValue><ssdm name=""/></StgValue>
</bind>
</comp>

<comp id="48" class="1001" name="const_48">
<pin_list>
<pin id="49" dir="1" index="0" bw="1" slack="0"/>
</pin_list>
<bind>
<StgValue><ssdm name="AES256_ECB.1"/></StgValue>
</bind>
</comp>

<comp id="50" class="1001" name="const_50">
<pin_list>
<pin id="51" dir="1" index="0" bw="1" slack="0"/>
</pin_list>
<bind>
<StgValue><ssdm name="_ssdm_op_PartSelect.i60.i64.i32.i32"/></StgValue>
</bind>
</comp>

<comp id="52" class="1001" name="const_52">
<pin_list>
<pin id="53" dir="1" index="0" bw="1" slack="0"/>
</pin_list>
<bind>
<StgValue><ssdm name=""/></StgValue>
</bind>
</comp>

<comp id="54" class="1001" name="const_54">
<pin_list>
<pin id="55" dir="1" index="0" bw="1" slack="0"/>
</pin_list>
<bind>
<StgValue><ssdm name=""/></StgValue>
</bind>
</comp>

<comp id="56" class="1001" name="const_56">
<pin_list>
<pin id="57" dir="1" index="0" bw="1" slack="1"/>
</pin_list>
<bind>
<StgValue><ssdm name=""/></StgValue>
</bind>
</comp>

<comp id="58" class="1001" name="const_58">
<pin_list>
<pin id="59" dir="1" index="0" bw="1" slack="0"/>
</pin_list>
<bind>
<StgValue><ssdm name=""/></StgValue>
</bind>
</comp>

<comp id="60" class="1001" name="const_60">
<pin_list>
<pin id="61" dir="1" index="0" bw="1" slack="0"/>
</pin_list>
<bind>
<StgValue><ssdm name=""/></StgValue>
</bind>
</comp>

<comp id="62" class="1001" name="const_62">
<pin_list>
<pin id="63" dir="1" index="0" bw="1" slack="0"/>
</pin_list>
<bind>
<StgValue><ssdm name=""/></StgValue>
</bind>
</comp>

<comp id="64" class="1001" name="const_64">
<pin_list>
<pin id="65" dir="1" index="0" bw="1" slack="0"/>
</pin_list>
<bind>
<StgValue><ssdm name=""/></StgValue>
</bind>
</comp>

<comp id="66" class="1001" name="const_66">
<pin_list>
<pin id="67" dir="1" index="0" bw="1" slack="1"/>
</pin_list>
<bind>
<StgValue><ssdm name=""/></StgValue>
</bind>
</comp>

<comp id="68" class="1001" name="const_68">
<pin_list>
<pin id="69" dir="1" index="0" bw="1" slack="2147483647"/>
</pin_list>
<bind>
<StgValue><ssdm name=""/></StgValue>
</bind>
</comp>

<comp id="70" class="1001" name="const_70">
<pin_list>
<pin id="71" dir="1" index="0" bw="1" slack="0"/>
</pin_list>
<bind>
<StgValue><ssdm name=""/></StgValue>
</bind>
</comp>

<comp id="72" class="1001" name="const_72">
<pin_list>
<pin id="73" dir="1" index="0" bw="1" slack="2147483647"/>
</pin_list>
<bind>
<StgValue><ssdm name="_ssdm_op_SpecRegionEnd"/></StgValue>
</bind>
</comp>

<comp id="74" class="1004" name="p_0_fu_74">
<pin_list>
<pin id="75" dir="0" index="0" bw="1" slack="0"/>
<pin id="76" dir="1" index="1" bw="64" slack="0"/>
</pin_list>
<bind>
<opcode="alloca(26) " fcode="alloca"/>
<opset="p_0/1 "/>
</bind>
</comp>

<comp id="78" class="1004" name="i_1_fu_78">
<pin_list>
<pin id="79" dir="0" index="0" bw="1" slack="0"/>
<pin id="80" dir="1" index="1" bw="32" slack="0"/>
</pin_list>
<bind>
<opcode="alloca(26) " fcode="alloca"/>
<opset="i_1/1 "/>
</bind>
</comp>

<comp id="82" class="1004" name="block_alloca_fu_82">
<pin_list>
<pin id="83" dir="0" index="0" bw="1" slack="0"/>
<pin id="84" dir="1" index="1" bw="8" slack="2147483647"/>
</pin_list>
<bind>
<opcode="alloca(26) " fcode="alloca"/>
<opset="block/1 "/>
</bind>
</comp>

<comp id="86" class="1004" name="DRBG_ctx_V_addr_gep_fu_86">
<pin_list>
<pin id="87" dir="0" index="0" bw="8" slack="0"/>
<pin id="88" dir="0" index="1" bw="1" slack="0"/>
<pin id="89" dir="0" index="2" bw="32" slack="0"/>
<pin id="90" dir="1" index="3" bw="4" slack="0"/>
</pin_list>
<bind>
<opcode="getelementptr(29) " fcode="getelementptr"/>
<opset="DRBG_ctx_V_addr/3 "/>
</bind>
</comp>

<comp id="93" class="1004" name="grp_access_fu_93">
<pin_list>
<pin id="94" dir="0" index="0" bw="4" slack="0"/>
<pin id="95" dir="0" index="1" bw="8" slack="0"/>
<pin id="96" dir="0" index="2" bw="0" slack="2147483647"/>
<pin id="97" dir="1" index="3" bw="8" slack="0"/>
</pin_list>
<bind>
<opcode="load(27) store(28) " fcode="store"/>
<opset="DRBG_ctx_V_load/3 store_ln235/4 store_ln237/4 "/>
</bind>
</comp>

<comp id="100" class="1004" name="block_addr_gep_fu_100">
<pin_list>
<pin id="101" dir="0" index="0" bw="8" slack="2147483647"/>
<pin id="102" dir="0" index="1" bw="1" slack="0"/>
<pin id="103" dir="0" index="2" bw="5" slack="0"/>
<pin id="104" dir="1" index="3" bw="4" slack="0"/>
</pin_list>
<bind>
<opcode="getelementptr(29) " fcode="getelementptr"/>
<opset="block_addr/7 "/>
</bind>
</comp>

<comp id="106" class="1004" name="grp_access_fu_106">
<pin_list>
<pin id="107" dir="0" index="0" bw="4" slack="0"/>
<pin id="108" dir="0" index="1" bw="8" slack="2147483647"/>
<pin id="109" dir="0" index="2" bw="0" slack="2147483647"/>
<pin id="110" dir="1" index="3" bw="8" slack="0"/>
</pin_list>
<bind>
<opcode="load(27) " fcode="load"/>
<opset="block_load/7 block_load_1/7 "/>
</bind>
</comp>

<comp id="112" class="1004" name="block_addr_1_gep_fu_112">
<pin_list>
<pin id="113" dir="0" index="0" bw="8" slack="2147483647"/>
<pin id="114" dir="0" index="1" bw="1" slack="0"/>
<pin id="115" dir="0" index="2" bw="4" slack="0"/>
<pin id="116" dir="1" index="3" bw="4" slack="0"/>
</pin_list>
<bind>
<opcode="getelementptr(29) " fcode="getelementptr"/>
<opset="block_addr_1/7 "/>
</bind>
</comp>

<comp id="119" class="1004" name="x_addr_gep_fu_119">
<pin_list>
<pin id="120" dir="0" index="0" bw="8" slack="0"/>
<pin id="121" dir="0" index="1" bw="1" slack="0"/>
<pin id="122" dir="0" index="2" bw="32" slack="0"/>
<pin id="123" dir="1" index="3" bw="5" slack="0"/>
</pin_list>
<bind>
<opcode="getelementptr(29) " fcode="getelementptr"/>
<opset="x_addr/8 "/>
</bind>
</comp>

<comp id="126" class="1004" name="grp_access_fu_126">
<pin_list>
<pin id="127" dir="0" index="0" bw="5" slack="0"/>
<pin id="128" dir="0" index="1" bw="8" slack="0"/>
<pin id="129" dir="0" index="2" bw="0" slack="2147483647"/>
<pin id="130" dir="1" index="3" bw="8" slack="2147483647"/>
</pin_list>
<bind>
<opcode="store(28) " fcode="store"/>
<opset="store_ln255/8 store_ln262/9 "/>
</bind>
</comp>

<comp id="133" class="1004" name="x_addr_1_gep_fu_133">
<pin_list>
<pin id="134" dir="0" index="0" bw="8" slack="0"/>
<pin id="135" dir="0" index="1" bw="1" slack="0"/>
<pin id="136" dir="0" index="2" bw="32" slack="0"/>
<pin id="137" dir="1" index="3" bw="5" slack="0"/>
</pin_list>
<bind>
<opcode="getelementptr(29) " fcode="getelementptr"/>
<opset="x_addr_1/9 "/>
</bind>
</comp>

<comp id="141" class="1005" name="j_0_reg_141">
<pin_list>
<pin id="142" dir="0" index="0" bw="5" slack="1"/>
<pin id="143" dir="1" index="1" bw="5" slack="1"/>
</pin_list>
<bind>
<opset="j_0 (phireg) "/>
</bind>
</comp>

<comp id="145" class="1004" name="j_0_phi_fu_145">
<pin_list>
<pin id="146" dir="0" index="0" bw="5" slack="1"/>
<pin id="147" dir="0" index="1" bw="0" slack="2147483647"/>
<pin id="148" dir="0" index="2" bw="5" slack="1"/>
<pin id="149" dir="0" index="3" bw="0" slack="2147483647"/>
<pin id="150" dir="1" index="4" bw="5" slack="0"/>
</pin_list>
<bind>
<opcode="phi(47) " fcode="phi"/>
<opset="j_0/3 "/>
</bind>
</comp>

<comp id="153" class="1005" name="loop_0_reg_153">
<pin_list>
<pin id="154" dir="0" index="0" bw="5" slack="1"/>
<pin id="155" dir="1" index="1" bw="5" slack="1"/>
</pin_list>
<bind>
<opset="loop_0 (phireg) "/>
</bind>
</comp>

<comp id="157" class="1004" name="loop_0_phi_fu_157">
<pin_list>
<pin id="158" dir="0" index="0" bw="5" slack="0"/>
<pin id="159" dir="0" index="1" bw="0" slack="2147483647"/>
<pin id="160" dir="0" index="2" bw="1" slack="1"/>
<pin id="161" dir="0" index="3" bw="0" slack="2147483647"/>
<pin id="162" dir="1" index="4" bw="5" slack="0"/>
</pin_list>
<bind>
<opcode="phi(47) " fcode="phi"/>
<opset="loop_0/7 "/>
</bind>
</comp>

<comp id="164" class="1005" name="loop1_0_reg_164">
<pin_list>
<pin id="165" dir="0" index="0" bw="4" slack="1"/>
<pin id="166" dir="1" index="1" bw="4" slack="1"/>
</pin_list>
<bind>
<opset="loop1_0 (phireg) "/>
</bind>
</comp>

<comp id="168" class="1004" name="loop1_0_phi_fu_168">
<pin_list>
<pin id="169" dir="0" index="0" bw="4" slack="0"/>
<pin id="170" dir="0" index="1" bw="0" slack="2147483647"/>
<pin id="171" dir="0" index="2" bw="1" slack="1"/>
<pin id="172" dir="0" index="3" bw="0" slack="2147483647"/>
<pin id="173" dir="1" index="4" bw="4" slack="0"/>
</pin_list>
<bind>
<opcode="phi(47) " fcode="phi"/>
<opset="loop1_0/7 "/>
</bind>
</comp>

<comp id="175" class="1004" name="grp_AES256_CTR_DRBG_Upda_fu_175">
<pin_list>
<pin id="176" dir="0" index="0" bw="0" slack="0"/>
<pin id="177" dir="0" index="1" bw="8" slack="0"/>
<pin id="178" dir="0" index="2" bw="8" slack="0"/>
<pin id="179" dir="0" index="3" bw="8" slack="0"/>
<pin id="180" dir="0" index="4" bw="8" slack="0"/>
<pin id="181" dir="1" index="5" bw="0" slack="2147483647"/>
</pin_list>
<bind>
<opcode="call(48) " fcode="call"/>
<opset="call_ln267/2 "/>
</bind>
</comp>

<comp id="187" class="1004" name="grp_AES256_ECB_1_fu_187">
<pin_list>
<pin id="188" dir="0" index="0" bw="0" slack="0"/>
<pin id="189" dir="0" index="1" bw="8" slack="0"/>
<pin id="190" dir="0" index="2" bw="8" slack="0"/>
<pin id="191" dir="0" index="3" bw="8" slack="2147483647"/>
<pin id="192" dir="0" index="4" bw="8" slack="0"/>
<pin id="193" dir="0" index="5" bw="8" slack="0"/>
<pin id="194" dir="1" index="6" bw="0" slack="2147483647"/>
</pin_list>
<bind>
<opcode="call(48) " fcode="call"/>
<opset="call_ln241/5 "/>
</bind>
</comp>

<comp id="200" class="1004" name="grp_load_fu_200">
<pin_list>
<pin id="201" dir="0" index="0" bw="32" slack="6"/>
<pin id="202" dir="1" index="1" bw="32" slack="0"/>
</pin_list>
<bind>
<opcode="load(27) " fcode="load"/>
<opset="i_1_load_1/7 i_1_load_2/8 i_1_load/9 "/>
</bind>
</comp>

<comp id="203" class="1004" name="store_ln231_store_fu_203">
<pin_list>
<pin id="204" dir="0" index="0" bw="1" slack="0"/>
<pin id="205" dir="0" index="1" bw="32" slack="0"/>
<pin id="206" dir="1" index="2" bw="0" slack="2147483647"/>
</pin_list>
<bind>
<opcode="store(28) " fcode="store"/>
<opset="store_ln231/1 "/>
</bind>
</comp>

<comp id="208" class="1004" name="store_ln231_store_fu_208">
<pin_list>
<pin id="209" dir="0" index="0" bw="6" slack="0"/>
<pin id="210" dir="0" index="1" bw="64" slack="0"/>
<pin id="211" dir="1" index="2" bw="0" slack="2147483647"/>
</pin_list>
<bind>
<opcode="store(28) " fcode="store"/>
<opset="store_ln231/1 "/>
</bind>
</comp>

<comp id="213" class="1004" name="p_0_load_load_fu_213">
<pin_list>
<pin id="214" dir="0" index="0" bw="64" slack="1"/>
<pin id="215" dir="1" index="1" bw="64" slack="0"/>
</pin_list>
<bind>
<opcode="load(27) " fcode="load"/>
<opset="p_0_load/2 "/>
</bind>
</comp>

<comp id="216" class="1004" name="icmp_ln231_fu_216">
<pin_list>
<pin id="217" dir="0" index="0" bw="64" slack="0"/>
<pin id="218" dir="0" index="1" bw="1" slack="0"/>
<pin id="219" dir="1" index="2" bw="1" slack="2147483647"/>
</pin_list>
<bind>
<opcode="icmp(45) " fcode="icmp"/>
<opset="icmp_ln231/2 "/>
</bind>
</comp>

<comp id="222" class="1004" name="sext_ln233_fu_222">
<pin_list>
<pin id="223" dir="0" index="0" bw="5" slack="0"/>
<pin id="224" dir="1" index="1" bw="32" slack="0"/>
</pin_list>
<bind>
<opcode="sext(35) " fcode="sext"/>
<opset="sext_ln233/3 "/>
</bind>
</comp>

<comp id="226" class="1004" name="tmp_1_fu_226">
<pin_list>
<pin id="227" dir="0" index="0" bw="1" slack="0"/>
<pin id="228" dir="0" index="1" bw="5" slack="0"/>
<pin id="229" dir="0" index="2" bw="4" slack="0"/>
<pin id="230" dir="1" index="3" bw="1" slack="2147483647"/>
</pin_list>
<bind>
<opcode="bitselect(1000) " fcode="bitselect"/>
<opset="tmp_1/3 "/>
</bind>
</comp>

<comp id="234" class="1004" name="zext_ln234_fu_234">
<pin_list>
<pin id="235" dir="0" index="0" bw="5" slack="0"/>
<pin id="236" dir="1" index="1" bw="64" slack="0"/>
</pin_list>
<bind>
<opcode="zext(34) " fcode="zext"/>
<opset="zext_ln234/3 "/>
</bind>
</comp>

<comp id="239" class="1004" name="icmp_ln234_fu_239">
<pin_list>
<pin id="240" dir="0" index="0" bw="8" slack="0"/>
<pin id="241" dir="0" index="1" bw="1" slack="0"/>
<pin id="242" dir="1" index="2" bw="1" slack="2147483647"/>
</pin_list>
<bind>
<opcode="icmp(45) " fcode="icmp"/>
<opset="icmp_ln234/4 "/>
</bind>
</comp>

<comp id="245" class="1004" name="j_fu_245">
<pin_list>
<pin id="246" dir="0" index="0" bw="5" slack="1"/>
<pin id="247" dir="0" index="1" bw="1" slack="0"/>
<pin id="248" dir="1" index="2" bw="5" slack="1"/>
</pin_list>
<bind>
<opcode="add(8) " fcode="add"/>
<opset="j/4 "/>
</bind>
</comp>

<comp id="251" class="1004" name="add_ln237_fu_251">
<pin_list>
<pin id="252" dir="0" index="0" bw="8" slack="0"/>
<pin id="253" dir="0" index="1" bw="1" slack="0"/>
<pin id="254" dir="1" index="2" bw="8" slack="0"/>
</pin_list>
<bind>
<opcode="add(8) " fcode="add"/>
<opset="add_ln237/4 "/>
</bind>
</comp>

<comp id="258" class="1004" name="tmp_2_fu_258">
<pin_list>
<pin id="259" dir="0" index="0" bw="60" slack="0"/>
<pin id="260" dir="0" index="1" bw="64" slack="4"/>
<pin id="261" dir="0" index="2" bw="4" slack="0"/>
<pin id="262" dir="0" index="3" bw="7" slack="0"/>
<pin id="263" dir="1" index="4" bw="60" slack="0"/>
</pin_list>
<bind>
<opcode="partselect(1002) " fcode="partselect"/>
<opset="tmp_2/6 "/>
</bind>
</comp>

<comp id="267" class="1004" name="icmp_ln251_fu_267">
<pin_list>
<pin id="268" dir="0" index="0" bw="60" slack="0"/>
<pin id="269" dir="0" index="1" bw="1" slack="0"/>
<pin id="270" dir="1" index="2" bw="1" slack="1"/>
</pin_list>
<bind>
<opcode="icmp(45) " fcode="icmp"/>
<opset="icmp_ln251/6 "/>
</bind>
</comp>

<comp id="273" class="1004" name="zext_ln254_fu_273">
<pin_list>
<pin id="274" dir="0" index="0" bw="5" slack="0"/>
<pin id="275" dir="1" index="1" bw="32" slack="1"/>
</pin_list>
<bind>
<opcode="zext(34) " fcode="zext"/>
<opset="zext_ln254/7 "/>
</bind>
</comp>

<comp id="277" class="1004" name="icmp_ln254_fu_277">
<pin_list>
<pin id="278" dir="0" index="0" bw="5" slack="0"/>
<pin id="279" dir="0" index="1" bw="5" slack="0"/>
<pin id="280" dir="1" index="2" bw="1" slack="2147483647"/>
</pin_list>
<bind>
<opcode="icmp(45) " fcode="icmp"/>
<opset="icmp_ln254/7 "/>
</bind>
</comp>

<comp id="283" class="1004" name="loop_1_fu_283">
<pin_list>
<pin id="284" dir="0" index="0" bw="5" slack="0"/>
<pin id="285" dir="0" index="1" bw="1" slack="0"/>
<pin id="286" dir="1" index="2" bw="5" slack="0"/>
</pin_list>
<bind>
<opcode="add(8) " fcode="add"/>
<opset="loop_1/7 "/>
</bind>
</comp>

<comp id="289" class="1004" name="zext_ln255_fu_289">
<pin_list>
<pin id="290" dir="0" index="0" bw="5" slack="0"/>
<pin id="291" dir="1" index="1" bw="64" slack="0"/>
</pin_list>
<bind>
<opcode="zext(34) " fcode="zext"/>
<opset="zext_ln255/7 "/>
</bind>
</comp>

<comp id="294" class="1004" name="i_fu_294">
<pin_list>
<pin id="295" dir="0" index="0" bw="32" slack="0"/>
<pin id="296" dir="0" index="1" bw="6" slack="0"/>
<pin id="297" dir="1" index="2" bw="32" slack="0"/>
</pin_list>
<bind>
<opcode="add(8) " fcode="add"/>
<opset="i/7 "/>
</bind>
</comp>

<comp id="300" class="1004" name="add_ln257_fu_300">
<pin_list>
<pin id="301" dir="0" index="0" bw="64" slack="5"/>
<pin id="302" dir="0" index="1" bw="5" slack="0"/>
<pin id="303" dir="1" index="2" bw="64" slack="0"/>
</pin_list>
<bind>
<opcode="add(8) " fcode="add"/>
<opset="add_ln257/7 "/>
</bind>
</comp>

<comp id="305" class="1004" name="store_ln258_store_fu_305">
<pin_list>
<pin id="306" dir="0" index="0" bw="32" slack="0"/>
<pin id="307" dir="0" index="1" bw="32" slack="6"/>
<pin id="308" dir="1" index="2" bw="0" slack="2147483647"/>
</pin_list>
<bind>
<opcode="store(28) " fcode="store"/>
<opset="store_ln258/7 "/>
</bind>
</comp>

<comp id="310" class="1004" name="store_ln258_store_fu_310">
<pin_list>
<pin id="311" dir="0" index="0" bw="64" slack="0"/>
<pin id="312" dir="0" index="1" bw="64" slack="6"/>
<pin id="313" dir="1" index="2" bw="0" slack="2147483647"/>
</pin_list>
<bind>
<opcode="store(28) " fcode="store"/>
<opset="store_ln258/7 "/>
</bind>
</comp>

<comp id="315" class="1004" name="zext_ln261_1_fu_315">
<pin_list>
<pin id="316" dir="0" index="0" bw="4" slack="0"/>
<pin id="317" dir="1" index="1" bw="32" slack="1"/>
</pin_list>
<bind>
<opcode="zext(34) " fcode="zext"/>
<opset="zext_ln261_1/7 "/>
</bind>
</comp>

<comp id="319" class="1004" name="zext_ln261_fu_319">
<pin_list>
<pin id="320" dir="0" index="0" bw="4" slack="0"/>
<pin id="321" dir="1" index="1" bw="64" slack="0"/>
</pin_list>
<bind>
<opcode="zext(34) " fcode="zext"/>
<opset="zext_ln261/7 "/>
</bind>
</comp>

<comp id="324" class="1004" name="icmp_ln261_fu_324">
<pin_list>
<pin id="325" dir="0" index="0" bw="4" slack="0"/>
<pin id="326" dir="0" index="1" bw="64" slack="5"/>
<pin id="327" dir="1" index="2" bw="1" slack="2147483647"/>
</pin_list>
<bind>
<opcode="icmp(45) " fcode="icmp"/>
<opset="icmp_ln261/7 "/>
</bind>
</comp>

<comp id="329" class="1004" name="loop_fu_329">
<pin_list>
<pin id="330" dir="0" index="0" bw="4" slack="0"/>
<pin id="331" dir="0" index="1" bw="1" slack="0"/>
<pin id="332" dir="1" index="2" bw="4" slack="0"/>
</pin_list>
<bind>
<opcode="add(8) " fcode="add"/>
<opset="loop/7 "/>
</bind>
</comp>

<comp id="335" class="1004" name="store_ln0_store_fu_335">
<pin_list>
<pin id="336" dir="0" index="0" bw="1" slack="0"/>
<pin id="337" dir="0" index="1" bw="64" slack="6"/>
<pin id="338" dir="1" index="2" bw="0" slack="2147483647"/>
</pin_list>
<bind>
<opcode="store(28) " fcode="store"/>
<opset="store_ln0/7 "/>
</bind>
</comp>

<comp id="340" class="1004" name="add_ln255_fu_340">
<pin_list>
<pin id="341" dir="0" index="0" bw="32" slack="0"/>
<pin id="342" dir="0" index="1" bw="5" slack="1"/>
<pin id="343" dir="1" index="2" bw="32" slack="0"/>
</pin_list>
<bind>
<opcode="add(8) " fcode="add"/>
<opset="add_ln255/8 "/>
</bind>
</comp>

<comp id="345" class="1004" name="sext_ln255_fu_345">
<pin_list>
<pin id="346" dir="0" index="0" bw="32" slack="0"/>
<pin id="347" dir="1" index="1" bw="64" slack="0"/>
</pin_list>
<bind>
<opcode="sext(35) " fcode="sext"/>
<opset="sext_ln255/8 "/>
</bind>
</comp>

<comp id="350" class="1004" name="add_ln262_fu_350">
<pin_list>
<pin id="351" dir="0" index="0" bw="4" slack="1"/>
<pin id="352" dir="0" index="1" bw="32" slack="0"/>
<pin id="353" dir="1" index="2" bw="32" slack="0"/>
</pin_list>
<bind>
<opcode="add(8) " fcode="add"/>
<opset="add_ln262/9 "/>
</bind>
</comp>

<comp id="355" class="1004" name="sext_ln262_fu_355">
<pin_list>
<pin id="356" dir="0" index="0" bw="32" slack="0"/>
<pin id="357" dir="1" index="1" bw="64" slack="0"/>
</pin_list>
<bind>
<opcode="sext(35) " fcode="sext"/>
<opset="sext_ln262/9 "/>
</bind>
</comp>

<comp id="360" class="1004" name="DRBG_ctx_reseed_coun_load_fu_360">
<pin_list>
<pin id="361" dir="0" index="0" bw="32" slack="0"/>
<pin id="362" dir="1" index="1" bw="32" slack="0"/>
</pin_list>
<bind>
<opcode="load(27) " fcode="load"/>
<opset="DRBG_ctx_reseed_coun/10 "/>
</bind>
</comp>

<comp id="364" class="1004" name="add_ln268_fu_364">
<pin_list>
<pin id="365" dir="0" index="0" bw="32" slack="0"/>
<pin id="366" dir="0" index="1" bw="1" slack="0"/>
<pin id="367" dir="1" index="2" bw="32" slack="0"/>
</pin_list>
<bind>
<opcode="add(8) " fcode="add"/>
<opset="add_ln268/10 "/>
</bind>
</comp>

<comp id="370" class="1004" name="store_ln268_store_fu_370">
<pin_list>
<pin id="371" dir="0" index="0" bw="32" slack="0"/>
<pin id="372" dir="0" index="1" bw="32" slack="0"/>
<pin id="373" dir="1" index="2" bw="0" slack="2147483647"/>
</pin_list>
<bind>
<opcode="store(28) " fcode="store"/>
<opset="store_ln268/10 "/>
</bind>
</comp>

<comp id="376" class="1005" name="p_0_reg_376">
<pin_list>
<pin id="377" dir="0" index="0" bw="64" slack="0"/>
<pin id="378" dir="1" index="1" bw="64" slack="0"/>
</pin_list>
<bind>
<opset="p_0 "/>
</bind>
</comp>

<comp id="384" class="1005" name="i_1_reg_384">
<pin_list>
<pin id="385" dir="0" index="0" bw="32" slack="0"/>
<pin id="386" dir="1" index="1" bw="32" slack="0"/>
</pin_list>
<bind>
<opset="i_1 "/>
</bind>
</comp>

<comp id="391" class="1005" name="p_0_load_reg_391">
<pin_list>
<pin id="392" dir="0" index="0" bw="64" slack="4"/>
<pin id="393" dir="1" index="1" bw="64" slack="4"/>
</pin_list>
<bind>
<opset="p_0_load "/>
</bind>
</comp>

<comp id="404" class="1005" name="DRBG_ctx_V_addr_reg_404">
<pin_list>
<pin id="405" dir="0" index="0" bw="4" slack="1"/>
<pin id="406" dir="1" index="1" bw="4" slack="1"/>
</pin_list>
<bind>
<opset="DRBG_ctx_V_addr "/>
</bind>
</comp>

<comp id="412" class="1005" name="j_reg_412">
<pin_list>
<pin id="413" dir="0" index="0" bw="5" slack="1"/>
<pin id="414" dir="1" index="1" bw="5" slack="1"/>
</pin_list>
<bind>
<opset="j "/>
</bind>
</comp>

<comp id="417" class="1005" name="icmp_ln251_reg_417">
<pin_list>
<pin id="418" dir="0" index="0" bw="1" slack="1"/>
<pin id="419" dir="1" index="1" bw="1" slack="2147483647"/>
</pin_list>
<bind>
<opset="icmp_ln251 "/>
</bind>
</comp>

<comp id="421" class="1005" name="zext_ln254_reg_421">
<pin_list>
<pin id="422" dir="0" index="0" bw="32" slack="1"/>
<pin id="423" dir="1" index="1" bw="32" slack="1"/>
</pin_list>
<bind>
<opset="zext_ln254 "/>
</bind>
</comp>

<comp id="429" class="1005" name="loop_1_reg_429">
<pin_list>
<pin id="430" dir="0" index="0" bw="5" slack="0"/>
<pin id="431" dir="1" index="1" bw="5" slack="0"/>
</pin_list>
<bind>
<opset="loop_1 "/>
</bind>
</comp>

<comp id="434" class="1005" name="block_addr_reg_434">
<pin_list>
<pin id="435" dir="0" index="0" bw="4" slack="1"/>
<pin id="436" dir="1" index="1" bw="4" slack="1"/>
</pin_list>
<bind>
<opset="block_addr "/>
</bind>
</comp>

<comp id="439" class="1005" name="zext_ln261_1_reg_439">
<pin_list>
<pin id="440" dir="0" index="0" bw="32" slack="1"/>
<pin id="441" dir="1" index="1" bw="32" slack="1"/>
</pin_list>
<bind>
<opset="zext_ln261_1 "/>
</bind>
</comp>

<comp id="447" class="1005" name="loop_reg_447">
<pin_list>
<pin id="448" dir="0" index="0" bw="4" slack="0"/>
<pin id="449" dir="1" index="1" bw="4" slack="0"/>
</pin_list>
<bind>
<opset="loop "/>
</bind>
</comp>

<comp id="452" class="1005" name="block_addr_1_reg_452">
<pin_list>
<pin id="453" dir="0" index="0" bw="4" slack="1"/>
<pin id="454" dir="1" index="1" bw="4" slack="1"/>
</pin_list>
<bind>
<opset="block_addr_1 "/>
</bind>
</comp>

</comp_list>

<net_list>
<net id="77"><net_src comp="12" pin="0"/><net_sink comp="74" pin=0"/></net>

<net id="81"><net_src comp="12" pin="0"/><net_sink comp="78" pin=0"/></net>

<net id="85"><net_src comp="14" pin="0"/><net_sink comp="82" pin=0"/></net>

<net id="91"><net_src comp="2" pin="0"/><net_sink comp="86" pin=0"/></net>

<net id="92"><net_src comp="20" pin="0"/><net_sink comp="86" pin=1"/></net>

<net id="98"><net_src comp="86" pin="3"/><net_sink comp="93" pin=0"/></net>

<net id="99"><net_src comp="42" pin="0"/><net_sink comp="93" pin=1"/></net>

<net id="105"><net_src comp="20" pin="0"/><net_sink comp="100" pin=1"/></net>

<net id="111"><net_src comp="100" pin="3"/><net_sink comp="106" pin=0"/></net>

<net id="117"><net_src comp="20" pin="0"/><net_sink comp="112" pin=1"/></net>

<net id="118"><net_src comp="112" pin="3"/><net_sink comp="106" pin=0"/></net>

<net id="124"><net_src comp="0" pin="0"/><net_sink comp="119" pin=0"/></net>

<net id="125"><net_src comp="20" pin="0"/><net_sink comp="119" pin=1"/></net>

<net id="131"><net_src comp="106" pin="3"/><net_sink comp="126" pin=1"/></net>

<net id="132"><net_src comp="119" pin="3"/><net_sink comp="126" pin=0"/></net>

<net id="138"><net_src comp="0" pin="0"/><net_sink comp="133" pin=0"/></net>

<net id="139"><net_src comp="20" pin="0"/><net_sink comp="133" pin=1"/></net>

<net id="140"><net_src comp="133" pin="3"/><net_sink comp="126" pin=0"/></net>

<net id="144"><net_src comp="30" pin="0"/><net_sink comp="141" pin=0"/></net>

<net id="151"><net_src comp="141" pin="1"/><net_sink comp="145" pin=0"/></net>

<net id="152"><net_src comp="145" pin="4"/><net_sink comp="141" pin=0"/></net>

<net id="156"><net_src comp="56" pin="0"/><net_sink comp="153" pin=0"/></net>

<net id="163"><net_src comp="153" pin="1"/><net_sink comp="157" pin=2"/></net>

<net id="167"><net_src comp="66" pin="0"/><net_sink comp="164" pin=0"/></net>

<net id="174"><net_src comp="164" pin="1"/><net_sink comp="168" pin=2"/></net>

<net id="182"><net_src comp="28" pin="0"/><net_sink comp="175" pin=0"/></net>

<net id="183"><net_src comp="2" pin="0"/><net_sink comp="175" pin=1"/></net>

<net id="184"><net_src comp="4" pin="0"/><net_sink comp="175" pin=2"/></net>

<net id="185"><net_src comp="6" pin="0"/><net_sink comp="175" pin=3"/></net>

<net id="186"><net_src comp="8" pin="0"/><net_sink comp="175" pin=4"/></net>

<net id="195"><net_src comp="48" pin="0"/><net_sink comp="187" pin=0"/></net>

<net id="196"><net_src comp="8" pin="0"/><net_sink comp="187" pin=1"/></net>

<net id="197"><net_src comp="2" pin="0"/><net_sink comp="187" pin=2"/></net>

<net id="198"><net_src comp="4" pin="0"/><net_sink comp="187" pin=4"/></net>

<net id="199"><net_src comp="6" pin="0"/><net_sink comp="187" pin=5"/></net>

<net id="207"><net_src comp="16" pin="0"/><net_sink comp="203" pin=0"/></net>

<net id="212"><net_src comp="18" pin="0"/><net_sink comp="208" pin=0"/></net>

<net id="220"><net_src comp="213" pin="1"/><net_sink comp="216" pin=0"/></net>

<net id="221"><net_src comp="20" pin="0"/><net_sink comp="216" pin=1"/></net>

<net id="225"><net_src comp="145" pin="4"/><net_sink comp="222" pin=0"/></net>

<net id="231"><net_src comp="32" pin="0"/><net_sink comp="226" pin=0"/></net>

<net id="232"><net_src comp="145" pin="4"/><net_sink comp="226" pin=1"/></net>

<net id="233"><net_src comp="34" pin="0"/><net_sink comp="226" pin=2"/></net>

<net id="237"><net_src comp="222" pin="1"/><net_sink comp="234" pin=0"/></net>

<net id="238"><net_src comp="234" pin="1"/><net_sink comp="86" pin=2"/></net>

<net id="243"><net_src comp="93" pin="3"/><net_sink comp="239" pin=0"/></net>

<net id="244"><net_src comp="40" pin="0"/><net_sink comp="239" pin=1"/></net>

<net id="249"><net_src comp="141" pin="1"/><net_sink comp="245" pin=0"/></net>

<net id="250"><net_src comp="44" pin="0"/><net_sink comp="245" pin=1"/></net>

<net id="255"><net_src comp="93" pin="3"/><net_sink comp="251" pin=0"/></net>

<net id="256"><net_src comp="46" pin="0"/><net_sink comp="251" pin=1"/></net>

<net id="257"><net_src comp="251" pin="2"/><net_sink comp="93" pin=1"/></net>

<net id="264"><net_src comp="50" pin="0"/><net_sink comp="258" pin=0"/></net>

<net id="265"><net_src comp="34" pin="0"/><net_sink comp="258" pin=2"/></net>

<net id="266"><net_src comp="52" pin="0"/><net_sink comp="258" pin=3"/></net>

<net id="271"><net_src comp="258" pin="4"/><net_sink comp="267" pin=0"/></net>

<net id="272"><net_src comp="54" pin="0"/><net_sink comp="267" pin=1"/></net>

<net id="276"><net_src comp="157" pin="4"/><net_sink comp="273" pin=0"/></net>

<net id="281"><net_src comp="157" pin="4"/><net_sink comp="277" pin=0"/></net>

<net id="282"><net_src comp="58" pin="0"/><net_sink comp="277" pin=1"/></net>

<net id="287"><net_src comp="157" pin="4"/><net_sink comp="283" pin=0"/></net>

<net id="288"><net_src comp="60" pin="0"/><net_sink comp="283" pin=1"/></net>

<net id="292"><net_src comp="157" pin="4"/><net_sink comp="289" pin=0"/></net>

<net id="293"><net_src comp="289" pin="1"/><net_sink comp="100" pin=2"/></net>

<net id="298"><net_src comp="200" pin="1"/><net_sink comp="294" pin=0"/></net>

<net id="299"><net_src comp="62" pin="0"/><net_sink comp="294" pin=1"/></net>

<net id="304"><net_src comp="64" pin="0"/><net_sink comp="300" pin=1"/></net>

<net id="309"><net_src comp="294" pin="2"/><net_sink comp="305" pin=0"/></net>

<net id="314"><net_src comp="300" pin="2"/><net_sink comp="310" pin=0"/></net>

<net id="318"><net_src comp="168" pin="4"/><net_sink comp="315" pin=0"/></net>

<net id="322"><net_src comp="168" pin="4"/><net_sink comp="319" pin=0"/></net>

<net id="323"><net_src comp="319" pin="1"/><net_sink comp="112" pin=2"/></net>

<net id="328"><net_src comp="319" pin="1"/><net_sink comp="324" pin=0"/></net>

<net id="333"><net_src comp="168" pin="4"/><net_sink comp="329" pin=0"/></net>

<net id="334"><net_src comp="70" pin="0"/><net_sink comp="329" pin=1"/></net>

<net id="339"><net_src comp="20" pin="0"/><net_sink comp="335" pin=0"/></net>

<net id="344"><net_src comp="200" pin="1"/><net_sink comp="340" pin=0"/></net>

<net id="348"><net_src comp="340" pin="2"/><net_sink comp="345" pin=0"/></net>

<net id="349"><net_src comp="345" pin="1"/><net_sink comp="119" pin=2"/></net>

<net id="354"><net_src comp="200" pin="1"/><net_sink comp="350" pin=1"/></net>

<net id="358"><net_src comp="350" pin="2"/><net_sink comp="355" pin=0"/></net>

<net id="359"><net_src comp="355" pin="1"/><net_sink comp="133" pin=2"/></net>

<net id="363"><net_src comp="10" pin="0"/><net_sink comp="360" pin=0"/></net>

<net id="368"><net_src comp="360" pin="1"/><net_sink comp="364" pin=0"/></net>

<net id="369"><net_src comp="12" pin="0"/><net_sink comp="364" pin=1"/></net>

<net id="374"><net_src comp="364" pin="2"/><net_sink comp="370" pin=0"/></net>

<net id="375"><net_src comp="10" pin="0"/><net_sink comp="370" pin=1"/></net>

<net id="379"><net_src comp="74" pin="1"/><net_sink comp="376" pin=0"/></net>

<net id="380"><net_src comp="376" pin="1"/><net_sink comp="208" pin=1"/></net>

<net id="381"><net_src comp="376" pin="1"/><net_sink comp="213" pin=0"/></net>

<net id="382"><net_src comp="376" pin="1"/><net_sink comp="310" pin=1"/></net>

<net id="383"><net_src comp="376" pin="1"/><net_sink comp="335" pin=1"/></net>

<net id="387"><net_src comp="78" pin="1"/><net_sink comp="384" pin=0"/></net>

<net id="388"><net_src comp="384" pin="1"/><net_sink comp="203" pin=1"/></net>

<net id="389"><net_src comp="384" pin="1"/><net_sink comp="200" pin=0"/></net>

<net id="390"><net_src comp="384" pin="1"/><net_sink comp="305" pin=1"/></net>

<net id="394"><net_src comp="213" pin="1"/><net_sink comp="391" pin=0"/></net>

<net id="395"><net_src comp="391" pin="1"/><net_sink comp="258" pin=1"/></net>

<net id="396"><net_src comp="391" pin="1"/><net_sink comp="300" pin=0"/></net>

<net id="397"><net_src comp="391" pin="1"/><net_sink comp="324" pin=1"/></net>

<net id="407"><net_src comp="86" pin="3"/><net_sink comp="404" pin=0"/></net>

<net id="408"><net_src comp="404" pin="1"/><net_sink comp="93" pin=0"/></net>

<net id="415"><net_src comp="245" pin="2"/><net_sink comp="412" pin=0"/></net>

<net id="416"><net_src comp="412" pin="1"/><net_sink comp="145" pin=2"/></net>

<net id="420"><net_src comp="267" pin="2"/><net_sink comp="417" pin=0"/></net>

<net id="424"><net_src comp="273" pin="1"/><net_sink comp="421" pin=0"/></net>

<net id="425"><net_src comp="421" pin="1"/><net_sink comp="340" pin=1"/></net>

<net id="432"><net_src comp="283" pin="2"/><net_sink comp="429" pin=0"/></net>

<net id="433"><net_src comp="429" pin="1"/><net_sink comp="157" pin=0"/></net>

<net id="437"><net_src comp="100" pin="3"/><net_sink comp="434" pin=0"/></net>

<net id="438"><net_src comp="434" pin="1"/><net_sink comp="106" pin=0"/></net>

<net id="442"><net_src comp="315" pin="1"/><net_sink comp="439" pin=0"/></net>

<net id="443"><net_src comp="439" pin="1"/><net_sink comp="350" pin=0"/></net>

<net id="450"><net_src comp="329" pin="2"/><net_sink comp="447" pin=0"/></net>

<net id="451"><net_src comp="447" pin="1"/><net_sink comp="168" pin=0"/></net>

<net id="455"><net_src comp="112" pin="3"/><net_sink comp="452" pin=0"/></net>

<net id="456"><net_src comp="452" pin="1"/><net_sink comp="106" pin=0"/></net>

</net_list>

</model> 
---------------- Datapath Model END ------------------

* FSMD analyzer results:
  - Output states:
	Port: x | {8 9 }
	Port: DRBG_ctx_V | {2 4 10 }
	Port: DRBG_ctx_Key | {2 10 }
	Port: DRBG_ctx_reseed_counter | {10 }
 - Input state : 
	Port: randombytes : DRBG_ctx_V | {2 3 4 5 6 10 }
	Port: randombytes : sbox | {2 5 6 10 }
	Port: randombytes : Rcon | {2 5 6 10 }
	Port: randombytes : DRBG_ctx_Key | {2 5 6 10 }
	Port: randombytes : DRBG_ctx_reseed_counter | {10 }
  - Chain level:
	State 1
		store_ln231 : 1
		store_ln231 : 1
	State 2
		icmp_ln231 : 1
		br_ln231 : 2
	State 3
		sext_ln233 : 1
		tmp_1 : 1
		br_ln233 : 2
		zext_ln234 : 2
		DRBG_ctx_V_addr : 3
		DRBG_ctx_V_load : 4
	State 4
		icmp_ln234 : 1
		br_ln234 : 2
		add_ln237 : 1
		store_ln237 : 2
	State 5
	State 6
		icmp_ln251 : 1
		br_ln251 : 2
	State 7
		zext_ln254 : 1
		icmp_ln254 : 1
		loop_1 : 1
		br_ln254 : 2
		zext_ln255 : 1
		block_addr : 2
		block_load : 3
		i : 1
		store_ln258 : 2
		store_ln258 : 1
		zext_ln261_1 : 1
		zext_ln261 : 1
		icmp_ln261 : 2
		loop : 1
		br_ln261 : 3
		block_addr_1 : 2
		block_load_1 : 3
	State 8
		add_ln255 : 1
		sext_ln255 : 2
		x_addr : 3
		store_ln255 : 4
	State 9
		add_ln262 : 1
		sext_ln262 : 2
		x_addr_1 : 3
		store_ln262 : 4
	State 10
		add_ln268 : 1
		store_ln268 : 2


============================================================
+ Verbose Summary: Datapath Resource usage 
============================================================

* Functional unit list:
|----------|---------------------------------|---------|---------|---------|---------|---------|
| Operation|         Functional Unit         |   BRAM  |  Delay  |    FF   |   LUT   |   URAM  |
|----------|---------------------------------|---------|---------|---------|---------|---------|
|   call   | grp_AES256_CTR_DRBG_Upda_fu_175 |    3    | 58.4314 |   1021  |   1937  |    0    |
|          |     grp_AES256_ECB_1_fu_187     |    2    | 48.5744 |   893   |   1514  |    0    |
|----------|---------------------------------|---------|---------|---------|---------|---------|
|          |             j_fu_245            |    0    |    0    |    0    |    15   |    0    |
|          |         add_ln237_fu_251        |    0    |    0    |    0    |    15   |    0    |
|          |          loop_1_fu_283          |    0    |    0    |    0    |    15   |    0    |
|          |             i_fu_294            |    0    |    0    |    0    |    39   |    0    |
|    add   |         add_ln257_fu_300        |    0    |    0    |    0    |    71   |    0    |
|          |           loop_fu_329           |    0    |    0    |    0    |    13   |    0    |
|          |         add_ln255_fu_340        |    0    |    0    |    0    |    39   |    0    |
|          |         add_ln262_fu_350        |    0    |    0    |    0    |    39   |    0    |
|          |         add_ln268_fu_364        |    0    |    0    |    0    |    39   |    0    |
|----------|---------------------------------|---------|---------|---------|---------|---------|
|          |        icmp_ln231_fu_216        |    0    |    0    |    0    |    29   |    0    |
|          |        icmp_ln234_fu_239        |    0    |    0    |    0    |    11   |    0    |
|   icmp   |        icmp_ln251_fu_267        |    0    |    0    |    0    |    29   |    0    |
|          |        icmp_ln254_fu_277        |    0    |    0    |    0    |    11   |    0    |
|          |        icmp_ln261_fu_324        |    0    |    0    |    0    |    29   |    0    |
|----------|---------------------------------|---------|---------|---------|---------|---------|
|          |        sext_ln233_fu_222        |    0    |    0    |    0    |    0    |    0    |
|   sext   |        sext_ln255_fu_345        |    0    |    0    |    0    |    0    |    0    |
|          |        sext_ln262_fu_355        |    0    |    0    |    0    |    0    |    0    |
|----------|---------------------------------|---------|---------|---------|---------|---------|
| bitselect|           tmp_1_fu_226          |    0    |    0    |    0    |    0    |    0    |
|----------|---------------------------------|---------|---------|---------|---------|---------|
|          |        zext_ln234_fu_234        |    0    |    0    |    0    |    0    |    0    |
|          |        zext_ln254_fu_273        |    0    |    0    |    0    |    0    |    0    |
|   zext   |        zext_ln255_fu_289        |    0    |    0    |    0    |    0    |    0    |
|          |       zext_ln261_1_fu_315       |    0    |    0    |    0    |    0    |    0    |
|          |        zext_ln261_fu_319        |    0    |    0    |    0    |    0    |    0    |
|----------|---------------------------------|---------|---------|---------|---------|---------|
|partselect|           tmp_2_fu_258          |    0    |    0    |    0    |    0    |    0    |
|----------|---------------------------------|---------|---------|---------|---------|---------|
|   Total  |                                 |    5    | 107.006 |   1914  |   3845  |    0    |
|----------|---------------------------------|---------|---------|---------|---------|---------|

Memories:
+-----+--------+--------+--------+--------+
|     |  BRAM  |   FF   |   LUT  |  URAM  |
+-----+--------+--------+--------+--------+
|block|    1   |    0   |    0   |    0   |
+-----+--------+--------+--------+--------+
|Total|    1   |    0   |    0   |    0   |
+-----+--------+--------+--------+--------+

* Register list:
+-----------------------+--------+
|                       |   FF   |
+-----------------------+--------+
|DRBG_ctx_V_addr_reg_404|    4   |
|  block_addr_1_reg_452 |    4   |
|   block_addr_reg_434  |    4   |
|      i_1_reg_384      |   32   |
|   icmp_ln251_reg_417  |    1   |
|      j_0_reg_141      |    5   |
|       j_reg_412       |    5   |
|    loop1_0_reg_164    |    4   |
|     loop_0_reg_153    |    5   |
|     loop_1_reg_429    |    5   |
|      loop_reg_447     |    4   |
|    p_0_load_reg_391   |   64   |
|      p_0_reg_376      |   64   |
|   zext_ln254_reg_421  |   32   |
|  zext_ln261_1_reg_439 |   32   |
+-----------------------+--------+
|         Total         |   265  |
+-----------------------+--------+

* Multiplexer (MUX) list: 
|-------------------|------|------|------|--------||---------||---------|
|        Comp       |  Pin | Size |  BW  | S x BW ||  Delay  ||   LUT   |
|-------------------|------|------|------|--------||---------||---------|
|  grp_access_fu_93 |  p0  |   2  |   4  |    8   ||    9    |
|  grp_access_fu_93 |  p1  |   2  |   8  |   16   ||    9    |
| grp_access_fu_106 |  p0  |   4  |   4  |   16   ||    21   |
| grp_access_fu_126 |  p0  |   2  |   5  |   10   ||    9    |
|    j_0_reg_141    |  p0  |   2  |   5  |   10   ||    9    |
|-------------------|------|------|------|--------||---------||---------|
|       Total       |      |      |      |   60   ||  6.9535 ||    57   |
|-------------------|------|------|------|--------||---------||---------|



* Summary:
+-----------+--------+--------+--------+--------+--------+
|           |  BRAM  |  Delay |   FF   |   LUT  |  URAM  |
+-----------+--------+--------+--------+--------+--------+
|  Function |    5   |   107  |  1914  |  3845  |    0   |
|   Memory  |    1   |    -   |    0   |    0   |    0   |
|Multiplexer|    -   |    6   |    -   |   57   |    -   |
|  Register |    -   |    -   |   265  |    -   |    -   |
+-----------+--------+--------+--------+--------+--------+
|   Total   |    6   |   113  |  2179  |  3902  |    0   |
+-----------+--------+--------+--------+--------+--------+
