

================================================================
== Vivado HLS Report for 'AES256_ECB_1'
================================================================
* Date:           Tue May 12 20:22:38 2020

* Version:        2019.2 (Build 2704478 on Wed Nov 06 22:10:23 MST 2019)
* Project:        picnic1
* Solution:       keypair
* Product family: artix7
* Target device:  xc7a200t-fbg676-2


================================================================
== Performance Estimates
================================================================
+ Timing: 
    * Summary: 
    +--------+----------+----------+------------+
    |  Clock |  Target  | Estimated| Uncertainty|
    +--------+----------+----------+------------+
    |ap_clk  | 10.00 ns | 6.620 ns |   1.25 ns  |
    +--------+----------+----------+------------+

+ Latency: 
    * Summary: 
    +---------+---------+-----------+-----------+------+------+---------+
    |  Latency (cycles) |   Latency (absolute)  |   Interval  | Pipeline|
    |   min   |   max   |    min    |    max    |  min |  max |   Type  |
    +---------+---------+-----------+-----------+------+------+---------+
    |     2189|     2189| 21.890 us | 21.890 us |  2189|  2189|   none  |
    +---------+---------+-----------+-----------+------+------+---------+

    + Detail: 
        * Instance: 
        +-------------------------+--------------+---------+---------+-----------+-----------+------+------+---------+
        |                         |              |  Latency (cycles) |   Latency (absolute)  |   Interval  | Pipeline|
        |         Instance        |    Module    |   min   |   max   |    min    |    max    |  min |  max |   Type  |
        +-------------------------+--------------+---------+---------+-----------+-----------+------+------+---------+
        |grp_KeyExpansion_fu_501  |KeyExpansion  |      338|      338|  3.380 us |  3.380 us |   338|   338|   none  |
        |grp_Cipher_fu_512        |Cipher        |     1832|     1832| 18.320 us | 18.320 us |  1832|  1832|   none  |
        +-------------------------+--------------+---------+---------+-----------+-----------+------+------+---------+

        * Loop: 
        N/A



================================================================
== Utilization Estimates
================================================================
* Summary: 
+-----------------+---------+-------+--------+--------+-----+
|       Name      | BRAM_18K| DSP48E|   FF   |   LUT  | URAM|
+-----------------+---------+-------+--------+--------+-----+
|DSP              |        -|      -|       -|       -|    -|
|Expression       |        -|      -|       -|       -|    -|
|FIFO             |        -|      -|       -|       -|    -|
|Instance         |        3|      -|     338|    1573|    -|
|Memory           |        2|      -|       0|       0|    0|
|Multiplexer      |        -|      -|       -|     602|    -|
|Register         |        -|      -|      22|       -|    -|
+-----------------+---------+-------+--------+--------+-----+
|Total            |        5|      0|     360|    2175|    0|
+-----------------+---------+-------+--------+--------+-----+
|Available        |      730|    740|  269200|  134600|    0|
+-----------------+---------+-------+--------+--------+-----+
|Utilization (%)  |    ~0   |      0|   ~0   |       1|    0|
+-----------------+---------+-------+--------+--------+-----+

+ Detail: 
    * Instance: 
    +-------------------------+--------------+---------+-------+-----+-----+-----+
    |         Instance        |    Module    | BRAM_18K| DSP48E|  FF | LUT | URAM|
    +-------------------------+--------------+---------+-------+-----+-----+-----+
    |grp_Cipher_fu_512        |Cipher        |        1|      0|  194|  952|    0|
    |grp_KeyExpansion_fu_501  |KeyExpansion  |        2|      0|  144|  621|    0|
    +-------------------------+--------------+---------+-------+-----+-----+-----+
    |Total                    |              |        3|      0|  338| 1573|    0|
    +-------------------------+--------------+---------+-------+-----+-----+-----+

    * DSP48E: 
    N/A

    * Memory: 
    +----------------+----------------------+---------+---+----+-----+------+-----+------+-------------+
    |     Memory     |        Module        | BRAM_18K| FF| LUT| URAM| Words| Bits| Banks| W*Bits*Banks|
    +----------------+----------------------+---------+---+----+-----+------+-----+------+-------------+
    |ctx_RoundKey_U  |AES256_ECB_1_ctx_bkb  |        1|  0|   0|    0|   240|    8|     1|         1920|
    |test_U          |AES256_ECB_1_test     |        1|  0|   0|    0|    16|    8|     1|          128|
    +----------------+----------------------+---------+---+----+-----+------+-----+------+-------------+
    |Total           |                      |        2|  0|   0|    0|   256|   16|     2|         2048|
    +----------------+----------------------+---------+---+----+-----+------+-----+------+-------------+

    * FIFO: 
    N/A

    * Expression: 
    N/A

    * Multiplexer: 
    +-----------------------+-----+-----------+-----+-----------+
    |          Name         | LUT | Input Size| Bits| Total Bits|
    +-----------------------+-----+-----------+-----+-----------+
    |ap_NS_fsm              |  101|         21|    1|         21|
    |buffer_r_address0      |   44|          9|    4|         36|
    |buffer_r_address1      |   44|          9|    4|         36|
    |ctr_address0           |   44|          9|    4|         36|
    |ctr_address1           |   44|          9|    4|         36|
    |ctx_RoundKey_address0  |   15|          3|    8|         24|
    |ctx_RoundKey_ce0       |   15|          3|    1|          3|
    |ctx_RoundKey_ce1       |    9|          2|    1|          2|
    |ctx_RoundKey_we0       |    9|          2|    1|          2|
    |ctx_RoundKey_we1       |    9|          2|    1|          2|
    |test_address0          |   89|         18|    4|         72|
    |test_address1          |   89|         18|    4|         72|
    |test_ce0               |   15|          3|    1|          3|
    |test_ce1               |   15|          3|    1|          3|
    |test_d0                |   15|          3|    8|         24|
    |test_d1                |   15|          3|    8|         24|
    |test_we0               |   15|          3|    1|          3|
    |test_we1               |   15|          3|    1|          3|
    +-----------------------+-----+-----------+-----+-----------+
    |Total                  |  602|        123|   57|        402|
    +-----------------------+-----+-----------+-----+-----------+

    * Register: 
    +--------------------------------------+----+----+-----+-----------+
    |                 Name                 | FF | LUT| Bits| Const Bits|
    +--------------------------------------+----+----+-----+-----------+
    |ap_CS_fsm                             |  20|   0|   20|          0|
    |grp_Cipher_fu_512_ap_start_reg        |   1|   0|    1|          0|
    |grp_KeyExpansion_fu_501_ap_start_reg  |   1|   0|    1|          0|
    +--------------------------------------+----+----+-----+-----------+
    |Total                                 |  22|   0|   22|          0|
    +--------------------------------------+----+----+-----+-----------+



================================================================
== Interface
================================================================
* Summary: 
+-------------------+-----+-----+------------+--------------+--------------+
|     RTL Ports     | Dir | Bits|  Protocol  | Source Object|    C Type    |
+-------------------+-----+-----+------------+--------------+--------------+
|ap_clk             |  in |    1| ap_ctrl_hs | AES256_ECB.1 | return value |
|ap_rst             |  in |    1| ap_ctrl_hs | AES256_ECB.1 | return value |
|ap_start           |  in |    1| ap_ctrl_hs | AES256_ECB.1 | return value |
|ap_done            | out |    1| ap_ctrl_hs | AES256_ECB.1 | return value |
|ap_idle            | out |    1| ap_ctrl_hs | AES256_ECB.1 | return value |
|ap_ready           | out |    1| ap_ctrl_hs | AES256_ECB.1 | return value |
|key_address0       | out |    5|  ap_memory |      key     |     array    |
|key_ce0            | out |    1|  ap_memory |      key     |     array    |
|key_q0             |  in |    8|  ap_memory |      key     |     array    |
|key_address1       | out |    5|  ap_memory |      key     |     array    |
|key_ce1            | out |    1|  ap_memory |      key     |     array    |
|key_q1             |  in |    8|  ap_memory |      key     |     array    |
|ctr_address0       | out |    4|  ap_memory |      ctr     |     array    |
|ctr_ce0            | out |    1|  ap_memory |      ctr     |     array    |
|ctr_q0             |  in |    8|  ap_memory |      ctr     |     array    |
|ctr_address1       | out |    4|  ap_memory |      ctr     |     array    |
|ctr_ce1            | out |    1|  ap_memory |      ctr     |     array    |
|ctr_q1             |  in |    8|  ap_memory |      ctr     |     array    |
|buffer_r_address0  | out |    4|  ap_memory |   buffer_r   |     array    |
|buffer_r_ce0       | out |    1|  ap_memory |   buffer_r   |     array    |
|buffer_r_we0       | out |    1|  ap_memory |   buffer_r   |     array    |
|buffer_r_d0        | out |    8|  ap_memory |   buffer_r   |     array    |
|buffer_r_address1  | out |    4|  ap_memory |   buffer_r   |     array    |
|buffer_r_ce1       | out |    1|  ap_memory |   buffer_r   |     array    |
|buffer_r_we1       | out |    1|  ap_memory |   buffer_r   |     array    |
|buffer_r_d1        | out |    8|  ap_memory |   buffer_r   |     array    |
+-------------------+-----+-----+------------+--------------+--------------+

