

================================================================
== Vivado HLS Report for 'Cipher'
================================================================
* Date:           Tue May 12 20:22:38 2020

* Version:        2019.2 (Build 2704478 on Wed Nov 06 22:10:23 MST 2019)
* Project:        picnic1
* Solution:       keypair
* Product family: artix7
* Target device:  xc7a200t-fbg676-2


================================================================
== Performance Estimates
================================================================
+ Timing: 
    * Summary: 
    +--------+----------+----------+------------+
    |  Clock |  Target  | Estimated| Uncertainty|
    +--------+----------+----------+------------+
    |ap_clk  | 10.00 ns | 5.910 ns |   1.25 ns  |
    +--------+----------+----------+------------+

+ Latency: 
    * Summary: 
    +---------+---------+-----------+-----------+------+------+---------+
    |  Latency (cycles) |   Latency (absolute)  |   Interval  | Pipeline|
    |   min   |   max   |    min    |    max    |  min |  max |   Type  |
    +---------+---------+-----------+-----------+------+------+---------+
    |     1832|     1832| 18.320 us | 18.320 us |  1832|  1832|   none  |
    +---------+---------+-----------+-----------+------+------+---------+

    + Detail: 
        * Instance: 
        +------------------------+-------------+---------+---------+----------+----------+-----+-----+---------+
        |                        |             |  Latency (cycles) |  Latency (absolute) |  Interval | Pipeline|
        |        Instance        |    Module   |   min   |   max   |    min   |    max   | min | max |   Type  |
        +------------------------+-------------+---------+---------+----------+----------+-----+-----+---------+
        |grp_AddRoundKey_fu_245  |AddRoundKey  |       41|       41| 0.410 us | 0.410 us |   41|   41|   none  |
        |grp_SubBytes_fu_256     |SubBytes     |       57|       57| 0.570 us | 0.570 us |   57|   57|   none  |
        +------------------------+-------------+---------+---------+----------+----------+-----+-----+---------+

        * Loop: 
        +----------------------+---------+---------+----------+-----------+-----------+------+----------+
        |                      |  Latency (cycles) | Iteration|  Initiation Interval  | Trip |          |
        |       Loop Name      |   min   |   max   |  Latency |  achieved |   target  | Count| Pipelined|
        +----------------------+---------+---------+----------+-----------+-----------+------+----------+
        |- Cipher_label3       |     1677|     1677|       129|          -|          -|    13|    no    |
        | + MixColumns_label2  |       16|       16|         4|          -|          -|     4|    no    |
        +----------------------+---------+---------+----------+-----------+-----------+------+----------+



================================================================
== Utilization Estimates
================================================================
* Summary: 
+-----------------+---------+-------+--------+--------+-----+
|       Name      | BRAM_18K| DSP48E|   FF   |   LUT  | URAM|
+-----------------+---------+-------+--------+--------+-----+
|DSP              |        -|      -|       -|       -|    -|
|Expression       |        -|      -|       0|     214|    -|
|FIFO             |        -|      -|       -|       -|    -|
|Instance         |        1|      -|      49|     261|    -|
|Memory           |        -|      -|       -|       -|    -|
|Multiplexer      |        -|      -|       -|     477|    -|
|Register         |        -|      -|     145|       -|    -|
+-----------------+---------+-------+--------+--------+-----+
|Total            |        1|      0|     194|     952|    0|
+-----------------+---------+-------+--------+--------+-----+
|Available        |      730|    740|  269200|  134600|    0|
+-----------------+---------+-------+--------+--------+-----+
|Utilization (%)  |    ~0   |      0|   ~0   |   ~0   |    0|
+-----------------+---------+-------+--------+--------+-----+

+ Detail: 
    * Instance: 
    +------------------------+-------------+---------+-------+----+-----+-----+
    |        Instance        |    Module   | BRAM_18K| DSP48E| FF | LUT | URAM|
    +------------------------+-------------+---------+-------+----+-----+-----+
    |grp_AddRoundKey_fu_245  |AddRoundKey  |        0|      0|  25|  138|    0|
    |grp_SubBytes_fu_256     |SubBytes     |        1|      0|  24|  123|    0|
    +------------------------+-------------+---------+-------+----+-----+-----+
    |Total                   |             |        1|      0|  49|  261|    0|
    +------------------------+-------------+---------+-------+----+-----+-----+

    * DSP48E: 
    N/A

    * Memory: 
    N/A

    * FIFO: 
    N/A

    * Expression: 
    +--------------------------+----------+-------+---+----+------------+------------+
    |       Variable Name      | Operation| DSP48E| FF| LUT| Bitwidth P0| Bitwidth P1|
    +--------------------------+----------+-------+---+----+------------+------------+
    |i_fu_318_p2               |     +    |      0|  0|  12|           3|           1|
    |round_fu_357_p2           |     +    |      0|  0|  13|           4|           1|
    |icmp_ln310_fu_312_p2      |   icmp   |      0|  0|   9|           3|           4|
    |icmp_ln421_fu_306_p2      |   icmp   |      0|  0|   9|           4|           3|
    |or_ln313_1_fu_363_p2      |    or    |      0|  0|   5|           5|           2|
    |or_ln313_2_fu_377_p2      |    or    |      0|  0|   5|           5|           2|
    |or_ln313_fu_337_p2        |    or    |      0|  0|   5|           5|           1|
    |select_ln302_1_fu_470_p3  |  select  |      0|  0|   5|           1|           5|
    |select_ln302_2_fu_517_p3  |  select  |      0|  0|   5|           1|           5|
    |select_ln302_3_fu_563_p3  |  select  |      0|  0|   5|           1|           5|
    |select_ln302_fu_423_p3    |  select  |      0|  0|   5|           1|           5|
    |Tm_1_fu_450_p2            |    xor   |      0|  0|   8|           8|           8|
    |Tm_2_fu_497_p2            |    xor   |      0|  0|   8|           8|           8|
    |Tm_3_fu_543_p2            |    xor   |      0|  0|   8|           8|           8|
    |Tm_fu_391_p2              |    xor   |      0|  0|   8|           8|           8|
    |Tmp_fu_403_p2             |    xor   |      0|  0|   8|           8|           8|
    |xor_ln313_1_fu_397_p2     |    xor   |      0|  0|   8|           8|           8|
    |xor_ln314_1_fu_443_p2     |    xor   |      0|  0|   8|           8|           8|
    |xor_ln314_2_fu_437_p2     |    xor   |      0|  0|   8|           8|           8|
    |xor_ln314_fu_431_p2       |    xor   |      0|  0|   8|           8|           8|
    |xor_ln315_1_fu_490_p2     |    xor   |      0|  0|   8|           8|           8|
    |xor_ln315_2_fu_484_p2     |    xor   |      0|  0|   8|           8|           8|
    |xor_ln315_fu_478_p2       |    xor   |      0|  0|   8|           8|           8|
    |xor_ln316_1_fu_537_p2     |    xor   |      0|  0|   8|           8|           8|
    |xor_ln316_2_fu_531_p2     |    xor   |      0|  0|   8|           8|           8|
    |xor_ln316_fu_525_p2       |    xor   |      0|  0|   8|           8|           8|
    |xor_ln317_2_fu_571_p2     |    xor   |      0|  0|   8|           8|           8|
    |xor_ln317_fu_577_p2       |    xor   |      0|  0|   8|           8|           8|
    +--------------------------+----------+-------+---+----+------------+------------+
    |Total                     |          |      0|  0| 214|         169|         170|
    +--------------------------+----------+-------+---+----+------------+------------+

    * Multiplexer: 
    +------------------------------+-----+-----------+-----+-----------+
    |             Name             | LUT | Input Size| Bits| Total Bits|
    +------------------------------+-----+-----------+-----+-----------+
    |RoundKey_ce0                  |    9|          2|    1|          2|
    |ap_NS_fsm                     |  157|         35|    1|         35|
    |grp_AddRoundKey_fu_245_round  |   21|          4|    6|         24|
    |i_0_i_reg_234                 |    9|          2|    3|          6|
    |reg_264                       |    9|          2|    8|         16|
    |reg_270                       |    9|          2|    8|         16|
    |round_0_reg_222               |    9|          2|    4|          8|
    |state_address0                |   65|         16|    4|         64|
    |state_address1                |   62|         15|    4|         60|
    |state_ce0                     |   21|          4|    1|          4|
    |state_d0                      |   44|          9|    8|         72|
    |state_d1                      |   41|          8|    8|         64|
    |state_we0                     |   21|          4|    1|          4|
    +------------------------------+-----+-----------+-----+-----------+
    |Total                         |  477|        105|   57|        375|
    +------------------------------+-----+-----------+-----+-----------+

    * Register: 
    +-------------------------------------+----+----+-----+-----------+
    |                 Name                | FF | LUT| Bits| Const Bits|
    +-------------------------------------+----+----+-----+-----------+
    |ap_CS_fsm                            |  34|   0|   34|          0|
    |grp_AddRoundKey_fu_245_ap_start_reg  |   1|   0|    1|          0|
    |grp_SubBytes_fu_256_ap_start_reg     |   1|   0|    1|          0|
    |i_0_i_reg_234                        |   3|   0|    3|          0|
    |i_reg_656                            |   3|   0|    3|          0|
    |reg_264                              |   8|   0|    8|          0|
    |reg_270                              |   8|   0|    8|          0|
    |reg_276                              |   8|   0|    8|          0|
    |reg_281                              |   8|   0|    8|          0|
    |reg_286                              |   8|   0|    8|          0|
    |reg_291                              |   8|   0|    8|          0|
    |reg_296                              |   8|   0|    8|          0|
    |reg_301                              |   8|   0|    8|          0|
    |round_0_reg_222                      |   4|   0|    4|          0|
    |round_reg_682                        |   4|   0|    4|          0|
    |state_addr_13_reg_667                |   2|   0|    4|          2|
    |state_addr_14_reg_672                |   2|   0|    4|          2|
    |state_addr_15_reg_687                |   2|   0|    4|          2|
    |state_addr_16_reg_692                |   2|   0|    4|          2|
    |tmp_reg_661                          |   3|   0|    5|          2|
    |xor_ln316_1_reg_697                  |   8|   0|    8|          0|
    |xor_ln317_reg_702                    |   8|   0|    8|          0|
    |zext_ln426_reg_677                   |   4|   0|    6|          2|
    +-------------------------------------+----+----+-----+-----------+
    |Total                                | 145|   0|  157|         12|
    +-------------------------------------+----+----+-----+-----------+



================================================================
== Interface
================================================================
* Summary: 
+-------------------+-----+-----+------------+--------------+--------------+
|     RTL Ports     | Dir | Bits|  Protocol  | Source Object|    C Type    |
+-------------------+-----+-----+------------+--------------+--------------+
|ap_clk             |  in |    1| ap_ctrl_hs |    Cipher    | return value |
|ap_rst             |  in |    1| ap_ctrl_hs |    Cipher    | return value |
|ap_start           |  in |    1| ap_ctrl_hs |    Cipher    | return value |
|ap_done            | out |    1| ap_ctrl_hs |    Cipher    | return value |
|ap_idle            | out |    1| ap_ctrl_hs |    Cipher    | return value |
|ap_ready           | out |    1| ap_ctrl_hs |    Cipher    | return value |
|state_address0     | out |    4|  ap_memory |     state    |     array    |
|state_ce0          | out |    1|  ap_memory |     state    |     array    |
|state_we0          | out |    1|  ap_memory |     state    |     array    |
|state_d0           | out |    8|  ap_memory |     state    |     array    |
|state_q0           |  in |    8|  ap_memory |     state    |     array    |
|state_address1     | out |    4|  ap_memory |     state    |     array    |
|state_ce1          | out |    1|  ap_memory |     state    |     array    |
|state_we1          | out |    1|  ap_memory |     state    |     array    |
|state_d1           | out |    8|  ap_memory |     state    |     array    |
|state_q1           |  in |    8|  ap_memory |     state    |     array    |
|RoundKey_address0  | out |    8|  ap_memory |   RoundKey   |     array    |
|RoundKey_ce0       | out |    1|  ap_memory |   RoundKey   |     array    |
|RoundKey_q0        |  in |    8|  ap_memory |   RoundKey   |     array    |
+-------------------+-----+-----+------------+--------------+--------------+

