

================================================================
== Vivado HLS Report for 'crypto_sign_keypair'
================================================================
* Date:           Tue May 12 20:22:43 2020

* Version:        2019.2 (Build 2704478 on Wed Nov 06 22:10:23 MST 2019)
* Project:        picnic1
* Solution:       keypair
* Product family: artix7
* Target device:  xc7a200t-fbg676-2


================================================================
== Performance Estimates
================================================================
+ Timing: 
    * Summary: 
    +--------+----------+----------+------------+
    |  Clock |  Target  | Estimated| Uncertainty|
    +--------+----------+----------+------------+
    |ap_clk  | 10.00 ns | 8.366 ns |   1.25 ns  |
    +--------+----------+----------+------------+

+ Latency: 
    * Summary: 
    +---------+---------+----------+----------+-----+-----+---------+
    |  Latency (cycles) |  Latency (absolute) |  Interval | Pipeline|
    |   min   |   max   |    min   |    max   | min | max |   Type  |
    +---------+---------+----------+----------+-----+-----+---------+
    |        ?|        ?|         ?|         ?|    ?|    ?|   none  |
    +---------+---------+----------+----------+-----+-----+---------+

    + Detail: 
        * Instance: 
        +--------------------------+---------------+---------+---------+----------+----------+-----+-----+---------+
        |                          |               |  Latency (cycles) |  Latency (absolute) |  Interval | Pipeline|
        |         Instance         |     Module    |   min   |   max   |    min   |    max   | min | max |   Type  |
        +--------------------------+---------------+---------+---------+----------+----------+-----+-----+---------+
        |grp_picnic_keygen_fu_250  |picnic_keygen  |        ?|        ?|         ?|         ?|    ?|    ?|   none  |
        +--------------------------+---------------+---------+---------+----------+----------+-----+-----+---------+

        * Loop: 
        +----------+---------+---------+----------+-----------+-----------+------+----------+
        |          |  Latency (cycles) | Iteration|  Initiation Interval  | Trip |          |
        | Loop Name|   min   |   max   |  Latency |  achieved |   target  | Count| Pipelined|
        +----------+---------+---------+----------+-----------+-----------+------+----------+
        |- Loop 1  |       32|       32|         2|          -|          -|    16|    no    |
        |- Loop 2  |       32|       32|         2|          -|          -|    16|    no    |
        |- Loop 3  |       48|       48|         3|          -|          -|    16|    no    |
        +----------+---------+---------+----------+-----------+-----------+------+----------+



================================================================
== Utilization Estimates
================================================================
* Summary: 
+-----------------+---------+-------+--------+--------+-----+
|       Name      | BRAM_18K| DSP48E|   FF   |   LUT  | URAM|
+-----------------+---------+-------+--------+--------+-----+
|DSP              |        -|      -|       -|       -|    -|
|Expression       |        -|      -|       0|     141|    -|
|FIFO             |        -|      -|       -|       -|    -|
|Instance         |       82|      -|    1764|   10540|    0|
|Memory           |        0|      -|      80|      20|    0|
|Multiplexer      |        -|      -|       -|     419|    -|
|Register         |        -|      -|      95|       -|    -|
+-----------------+---------+-------+--------+--------+-----+
|Total            |       82|      0|    1939|   11120|    0|
+-----------------+---------+-------+--------+--------+-----+
|Available        |      730|    740|  269200|  134600|    0|
+-----------------+---------+-------+--------+--------+-----+
|Utilization (%)  |       11|      0|   ~0   |       8|    0|
+-----------------+---------+-------+--------+--------+-----+

+ Detail: 
    * Instance: 
    +--------------------------+---------------+---------+-------+------+-------+-----+
    |         Instance         |     Module    | BRAM_18K| DSP48E|  FF  |  LUT  | URAM|
    +--------------------------+---------------+---------+-------+------+-------+-----+
    |grp_picnic_keygen_fu_250  |picnic_keygen  |       82|      0|  1764|  10540|    0|
    +--------------------------+---------------+---------+-------+------+-------+-----+
    |Total                     |               |       82|      0|  1764|  10540|    0|
    +--------------------------+---------------+---------+-------+------+-------+-----+

    * DSP48E: 
    N/A

    * Memory: 
    +------------------------+----------------------+---------+----+----+-----+------+-----+------+-------------+
    |         Memory         |        Module        | BRAM_18K| FF | LUT| URAM| Words| Bits| Banks| W*Bits*Banks|
    +------------------------+----------------------+---------+----+----+-----+------+-----+------+-------------+
    |pubkey_plaintext_U      |crypto_sign_keypahbi  |        0|  16|   4|    0|    32|    8|     1|          256|
    |pubkey_ciphertext_U     |crypto_sign_keypahbi  |        0|  16|   4|    0|    32|    8|     1|          256|
    |secret_data_U           |crypto_sign_keypahbi  |        0|  16|   4|    0|    32|    8|     1|          256|
    |secret_pk_plaintext_U   |crypto_sign_keypakbM  |        0|  16|   4|    0|    32|    8|     1|          256|
    |secret_pk_ciphertext_U  |crypto_sign_keypakbM  |        0|  16|   4|    0|    32|    8|     1|          256|
    +------------------------+----------------------+---------+----+----+-----+------+-----+------+-------------+
    |Total                   |                      |        0|  80|  20|    0|   160|   40|     5|         1280|
    +------------------------+----------------------+---------+----+----+-----+------+-----+------+-------------+

    * FIFO: 
    N/A

    * Expression: 
    +-----------------------+----------+-------+---+----+------------+------------+
    |     Variable Name     | Operation| DSP48E| FF| LUT| Bitwidth P0| Bitwidth P1|
    +-----------------------+----------+-------+---+----+------------+------------+
    |add_ln543_1_fu_355_p2  |     +    |      0|  0|  15|           6|           5|
    |add_ln616_fu_392_p2    |     +    |      0|  0|  15|           6|           5|
    |add_ln617_fu_402_p2    |     +    |      0|  0|  15|           6|           6|
    |loop_5_fu_340_p2       |     +    |      0|  0|  15|           5|           1|
    |loop_6_fu_382_p2       |     +    |      0|  0|  15|           5|           1|
    |loop_fu_315_p2         |     +    |      0|  0|  15|           5|           1|
    |icmp_ln539_fu_309_p2   |   icmp   |      0|  0|  11|           5|           6|
    |icmp_ln542_fu_334_p2   |   icmp   |      0|  0|  11|           5|           6|
    |icmp_ln614_fu_376_p2   |   icmp   |      0|  0|  11|           5|           6|
    |icmp_ln66_fu_298_p2    |   icmp   |      0|  0|  18|          32|           1|
    +-----------------------+----------+-------+---+----+------------+------------+
    |Total                  |          |      0|  0| 141|          80|          38|
    +-----------------------+----------+-------+---+----+------------+------------+

    * Multiplexer: 
    +-------------------------------+----+-----------+-----+-----------+
    |              Name             | LUT| Input Size| Bits| Total Bits|
    +-------------------------------+----+-----------+-----+-----------+
    |DRBG_ctx_reseed_counter_o      |   9|          2|   32|         64|
    |UnifiedRetVal_reg_239          |   9|          2|   32|         64|
    |ap_NS_fsm                      |  50|         11|    1|         11|
    |loop_0_i2_reg_228              |   9|          2|    5|         10|
    |loop_0_i_reg_206               |   9|          2|    5|         10|
    |loop_1_i_reg_217               |   9|          2|    5|         10|
    |pk_address0                    |  21|          4|    6|         24|
    |pk_d0                          |  21|          4|    8|         32|
    |pubkey_ciphertext_address0     |  15|          3|    5|         15|
    |pubkey_ciphertext_ce0          |  15|          3|    1|          3|
    |pubkey_ciphertext_ce1          |   9|          2|    1|          2|
    |pubkey_ciphertext_we0          |   9|          2|    1|          2|
    |pubkey_plaintext_address0      |  15|          3|    5|         15|
    |pubkey_plaintext_ce0           |  15|          3|    1|          3|
    |pubkey_plaintext_ce1           |   9|          2|    1|          2|
    |pubkey_plaintext_we0           |   9|          2|    1|          2|
    |secret_data_address0           |  15|          3|    5|         15|
    |secret_data_ce0                |  15|          3|    1|          3|
    |secret_data_ce1                |   9|          2|    1|          2|
    |secret_data_we0                |   9|          2|    1|          2|
    |secret_pk_ciphertext_address0  |  15|          3|    5|         15|
    |secret_pk_ciphertext_ce0       |  15|          3|    1|          3|
    |secret_pk_ciphertext_we0       |   9|          2|    1|          2|
    |secret_pk_plaintext_address0   |  15|          3|    5|         15|
    |secret_pk_plaintext_ce0        |  15|          3|    1|          3|
    |secret_pk_plaintext_we0        |   9|          2|    1|          2|
    |sk_address0                    |  15|          3|    6|         18|
    |sk_address1                    |  15|          3|    6|         18|
    |sk_d0                          |  15|          3|    8|         24|
    |sk_d1                          |  15|          3|    8|         24|
    +-------------------------------+----+-----------+-----+-----------+
    |Total                          | 419|         87|  160|        415|
    +-------------------------------+----+-----------+-----+-----------+

    * Register: 
    +---------------------------------------+----+----+-----+-----------+
    |                  Name                 | FF | LUT| Bits| Const Bits|
    +---------------------------------------+----+----+-----+-----------+
    |UnifiedRetVal_reg_239                  |  32|   0|   32|          0|
    |ap_CS_fsm                              |  10|   0|   10|          0|
    |grp_picnic_keygen_fu_250_ap_start_reg  |   1|   0|    1|          0|
    |loop_0_i2_reg_228                      |   5|   0|    5|          0|
    |loop_0_i_reg_206                       |   5|   0|    5|          0|
    |loop_1_i_reg_217                       |   5|   0|    5|          0|
    |loop_5_reg_452                         |   5|   0|    5|          0|
    |loop_6_reg_471                         |   5|   0|    5|          0|
    |loop_reg_433                           |   5|   0|    5|          0|
    |secret_params_reg_422                  |   4|   0|    4|          0|
    |secret_pk_plaintext_1_reg_492          |   8|   0|    8|          0|
    |sext_ln614_i_cast_reg_462              |   5|   0|    6|          1|
    |zext_ln542_reg_444                     |   5|   0|    6|          1|
    +---------------------------------------+----+----+-----+-----------+
    |Total                                  |  95|   0|   97|          2|
    +---------------------------------------+----+----+-----+-----------+



================================================================
== Interface
================================================================
* Summary: 
+----------------------------------+-----+-----+------------+-------------------------+--------------+
|             RTL Ports            | Dir | Bits|  Protocol  |      Source Object      |    C Type    |
+----------------------------------+-----+-----+------------+-------------------------+--------------+
|ap_clk                            |  in |    1| ap_ctrl_hs |   crypto_sign_keypair   | return value |
|ap_rst                            |  in |    1| ap_ctrl_hs |   crypto_sign_keypair   | return value |
|ap_start                          |  in |    1| ap_ctrl_hs |   crypto_sign_keypair   | return value |
|ap_done                           | out |    1| ap_ctrl_hs |   crypto_sign_keypair   | return value |
|ap_idle                           | out |    1| ap_ctrl_hs |   crypto_sign_keypair   | return value |
|ap_ready                          | out |    1| ap_ctrl_hs |   crypto_sign_keypair   | return value |
|ap_return                         | out |   32| ap_ctrl_hs |   crypto_sign_keypair   | return value |
|pk_address0                       | out |    6|  ap_memory |            pk           |     array    |
|pk_ce0                            | out |    1|  ap_memory |            pk           |     array    |
|pk_we0                            | out |    1|  ap_memory |            pk           |     array    |
|pk_d0                             | out |    8|  ap_memory |            pk           |     array    |
|sk_address0                       | out |    6|  ap_memory |            sk           |     array    |
|sk_ce0                            | out |    1|  ap_memory |            sk           |     array    |
|sk_we0                            | out |    1|  ap_memory |            sk           |     array    |
|sk_d0                             | out |    8|  ap_memory |            sk           |     array    |
|sk_address1                       | out |    6|  ap_memory |            sk           |     array    |
|sk_ce1                            | out |    1|  ap_memory |            sk           |     array    |
|sk_we1                            | out |    1|  ap_memory |            sk           |     array    |
|sk_d1                             | out |    8|  ap_memory |            sk           |     array    |
|params                            |  in |    4|   ap_none  |          params         |    pointer   |
|DRBG_ctx_V_address0               | out |    4|  ap_memory |        DRBG_ctx_V       |     array    |
|DRBG_ctx_V_ce0                    | out |    1|  ap_memory |        DRBG_ctx_V       |     array    |
|DRBG_ctx_V_we0                    | out |    1|  ap_memory |        DRBG_ctx_V       |     array    |
|DRBG_ctx_V_d0                     | out |    8|  ap_memory |        DRBG_ctx_V       |     array    |
|DRBG_ctx_V_q0                     |  in |    8|  ap_memory |        DRBG_ctx_V       |     array    |
|DRBG_ctx_V_address1               | out |    4|  ap_memory |        DRBG_ctx_V       |     array    |
|DRBG_ctx_V_ce1                    | out |    1|  ap_memory |        DRBG_ctx_V       |     array    |
|DRBG_ctx_V_q1                     |  in |    8|  ap_memory |        DRBG_ctx_V       |     array    |
|DRBG_ctx_Key_address0             | out |    5|  ap_memory |       DRBG_ctx_Key      |     array    |
|DRBG_ctx_Key_ce0                  | out |    1|  ap_memory |       DRBG_ctx_Key      |     array    |
|DRBG_ctx_Key_we0                  | out |    1|  ap_memory |       DRBG_ctx_Key      |     array    |
|DRBG_ctx_Key_d0                   | out |    8|  ap_memory |       DRBG_ctx_Key      |     array    |
|DRBG_ctx_Key_q0                   |  in |    8|  ap_memory |       DRBG_ctx_Key      |     array    |
|DRBG_ctx_Key_address1             | out |    5|  ap_memory |       DRBG_ctx_Key      |     array    |
|DRBG_ctx_Key_ce1                  | out |    1|  ap_memory |       DRBG_ctx_Key      |     array    |
|DRBG_ctx_Key_q1                   |  in |    8|  ap_memory |       DRBG_ctx_Key      |     array    |
|DRBG_ctx_reseed_counter_i         |  in |   32|   ap_ovld  | DRBG_ctx_reseed_counter |    pointer   |
|DRBG_ctx_reseed_counter_o         | out |   32|   ap_ovld  | DRBG_ctx_reseed_counter |    pointer   |
|DRBG_ctx_reseed_counter_o_ap_vld  | out |    1|   ap_ovld  | DRBG_ctx_reseed_counter |    pointer   |
+----------------------------------+-----+-----+------------+-------------------------+--------------+

