

================================================================
== Vivado HLS Report for 'KeyExpansion'
================================================================
* Date:           Tue May 12 20:22:37 2020

* Version:        2019.2 (Build 2704478 on Wed Nov 06 22:10:23 MST 2019)
* Project:        picnic1
* Solution:       keypair
* Product family: artix7
* Target device:  xc7a200t-fbg676-2


================================================================
== Performance Estimates
================================================================
+ Timing: 
    * Summary: 
    +--------+----------+----------+------------+
    |  Clock |  Target  | Estimated| Uncertainty|
    +--------+----------+----------+------------+
    |ap_clk  | 10.00 ns | 6.620 ns |   1.25 ns  |
    +--------+----------+----------+------------+

+ Latency: 
    * Summary: 
    +---------+---------+----------+----------+-----+-----+---------+
    |  Latency (cycles) |  Latency (absolute) |  Interval | Pipeline|
    |   min   |   max   |    min   |    max   | min | max |   Type  |
    +---------+---------+----------+----------+-----+-----+---------+
    |      338|      338| 3.380 us | 3.380 us |  338|  338|   none  |
    +---------+---------+----------+----------+-----+-----+---------+

    + Detail: 
        * Instance: 
        N/A

        * Loop: 
        +-----------------------+---------+---------+----------+-----------+-----------+------+----------+
        |                       |  Latency (cycles) | Iteration|  Initiation Interval  | Trip |          |
        |       Loop Name       |   min   |   max   |  Latency |  achieved |   target  | Count| Pipelined|
        +-----------------------+---------+---------+----------+-----------+-----------+------+----------+
        |- KeyExpansion_label4  |       24|       24|         3|          -|          -|     8|    no    |
        |- KeyExpansion_label5  |      312|      312|         6|          -|          -|    52|    no    |
        +-----------------------+---------+---------+----------+-----------+-----------+------+----------+



================================================================
== Utilization Estimates
================================================================
* Summary: 
+-----------------+---------+-------+--------+--------+-----+
|       Name      | BRAM_18K| DSP48E|   FF   |   LUT  | URAM|
+-----------------+---------+-------+--------+--------+-----+
|DSP              |        -|      -|       -|       -|    -|
|Expression       |        -|      -|       0|     331|    -|
|FIFO             |        -|      -|       -|       -|    -|
|Instance         |        -|      -|       -|       -|    -|
|Memory           |        2|      -|       8|       2|    -|
|Multiplexer      |        -|      -|       -|     288|    -|
|Register         |        -|      -|     136|       -|    -|
+-----------------+---------+-------+--------+--------+-----+
|Total            |        2|      0|     144|     621|    0|
+-----------------+---------+-------+--------+--------+-----+
|Available        |      730|    740|  269200|  134600|    0|
+-----------------+---------+-------+--------+--------+-----+
|Utilization (%)  |    ~0   |      0|   ~0   |   ~0   |    0|
+-----------------+---------+-------+--------+--------+-----+

+ Detail: 
    * Instance: 
    N/A

    * DSP48E: 
    N/A

    * Memory: 
    +--------+-------------------+---------+---+----+-----+------+-----+------+-------------+
    | Memory |       Module      | BRAM_18K| FF| LUT| URAM| Words| Bits| Banks| W*Bits*Banks|
    +--------+-------------------+---------+---+----+-----+------+-----+------+-------------+
    |Rcon_U  |KeyExpansion_Rcon  |        0|  8|   2|    0|    11|    8|     1|           88|
    |sbox_U  |KeyExpansion_sbox  |        2|  0|   0|    0|   256|    8|     1|         2048|
    +--------+-------------------+---------+---+----+-----+------+-----+------+-------------+
    |Total   |                   |        2|  8|   2|    0|   267|   16|     2|         2136|
    +--------+-------------------+---------+---+----+-----+------+-----+------+-------------+

    * FIFO: 
    N/A

    * Expression: 
    +----------------------+----------+-------+---+----+------------+------------+
    |     Variable Name    | Operation| DSP48E| FF| LUT| Bitwidth P0| Bitwidth P1|
    +----------------------+----------+-------+---+----+------------+------------+
    |add_ln171_fu_453_p2   |     +    |      0|  0|  15|           4|           8|
    |add_ln172_fu_464_p2   |     +    |      0|  0|  15|           3|           8|
    |add_ln173_fu_507_p2   |     +    |      0|  0|  15|           3|           8|
    |add_ln174_fu_517_p2   |     +    |      0|  0|  15|           2|           8|
    |add_ln218_fu_569_p2   |     +    |      0|  0|  15|           7|           8|
    |add_ln219_fu_579_p2   |     +    |      0|  0|  15|           6|           8|
    |add_ln220_fu_635_p2   |     +    |      0|  0|  15|           6|           8|
    |add_ln221_fu_645_p2   |     +    |      0|  0|  15|           6|           8|
    |i_7_fu_501_p2         |     +    |      0|  0|  15|           1|           6|
    |i_fu_385_p2           |     +    |      0|  0|  13|           4|           1|
    |icmp_ln158_fu_379_p2  |   icmp   |      0|  0|  11|           4|           5|
    |icmp_ln167_fu_439_p2  |   icmp   |      0|  0|  11|           6|           4|
    |icmp_ln178_fu_479_p2  |   icmp   |      0|  0|   9|           3|           1|
    |icmp_ln206_fu_495_p2  |   icmp   |      0|  0|   9|           3|           4|
    |or_ln161_fu_408_p2    |    or    |      0|  0|   5|           5|           1|
    |or_ln162_fu_419_p2    |    or    |      0|  0|   5|           5|           2|
    |or_ln163_fu_429_p2    |    or    |      0|  0|   5|           5|           2|
    |or_ln219_fu_684_p2    |    or    |      0|  0|   8|           8|           1|
    |or_ln220_fu_706_p2    |    or    |      0|  0|   8|           8|           2|
    |or_ln221_fu_716_p2    |    or    |      0|  0|   8|           8|           2|
    |tempa_0_2_fu_557_p3   |  select  |      0|  0|   8|           1|           8|
    |tempa_0_4_fu_623_p3   |  select  |      0|  0|   8|           1|           8|
    |tempa_1_2_fu_602_p3   |  select  |      0|  0|   8|           1|           8|
    |tempa_1_4_fu_667_p3   |  select  |      0|  0|   8|           1|           8|
    |tempa_2_2_fu_595_p3   |  select  |      0|  0|   8|           1|           8|
    |tempa_2_4_fu_661_p3   |  select  |      0|  0|   8|           1|           8|
    |tempa_3_2_fu_589_p3   |  select  |      0|  0|   8|           1|           8|
    |tempa_3_4_fu_655_p3   |  select  |      0|  0|   8|           1|           8|
    |tempa_0_fu_551_p2     |    xor   |      0|  0|   8|           8|           8|
    |xor_ln218_fu_629_p2   |    xor   |      0|  0|   8|           8|           8|
    |xor_ln219_fu_677_p2   |    xor   |      0|  0|   8|           8|           8|
    |xor_ln220_fu_694_p2   |    xor   |      0|  0|   8|           8|           8|
    |xor_ln221_fu_700_p2   |    xor   |      0|  0|   8|           8|           8|
    +----------------------+----------+-------+---+----+------------+------------+
    |Total                 |          |      0|  0| 331|         145|         199|
    +----------------------+----------+-------+---+----+------------+------------+

    * Multiplexer: 
    +-------------------+----+-----------+-----+-----------+
    |        Name       | LUT| Input Size| Bits| Total Bits|
    +-------------------+----+-----------+-----+-----------+
    |Key_address0       |  15|          3|    5|         15|
    |Key_address1       |  15|          3|    5|         15|
    |RoundKey_address0  |  44|          9|    8|         72|
    |RoundKey_address1  |  44|          9|    8|         72|
    |RoundKey_d0        |  21|          4|    8|         32|
    |RoundKey_d1        |  21|          4|    8|         32|
    |ap_NS_fsm          |  50|         11|    1|         11|
    |i_0_reg_352        |   9|          2|    4|          8|
    |i_1_reg_363        |   9|          2|    6|         12|
    |reg_374            |   9|          2|    8|         16|
    |sbox_address0      |  21|          4|    8|         32|
    |sbox_address1      |  15|          3|    8|         24|
    |sbox_address2      |  15|          3|    8|         24|
    +-------------------+----+-----------+-----+-----------+
    |Total              | 288|         59|   85|        365|
    +-------------------+----+-----------+-----+-----------+

    * Register: 
    +--------------------+----+----+-----+-----------+
    |        Name        | FF | LUT| Bits| Const Bits|
    +--------------------+----+----+-----+-----------+
    |ap_CS_fsm           |  10|   0|   10|          0|
    |i_0_reg_352         |   4|   0|    4|          0|
    |i_1_reg_363         |   6|   0|    6|          0|
    |i_7_reg_828         |   6|   0|    6|          0|
    |i_reg_729           |   4|   0|    4|          0|
    |icmp_ln178_reg_807  |   1|   0|    1|          0|
    |icmp_ln206_reg_820  |   1|   0|    1|          0|
    |j_reg_783           |   6|   0|    8|          2|
    |lshr_ln_reg_815     |   3|   0|    3|          0|
    |reg_374             |   8|   0|    8|          0|
    |shl_ln_reg_734      |   3|   0|    5|          2|
    |tempa_0_2_reg_878   |   8|   0|    8|          0|
    |tempa_1_2_reg_908   |   8|   0|    8|          0|
    |tempa_1_reg_833     |   8|   0|    8|          0|
    |tempa_2_2_reg_903   |   8|   0|    8|          0|
    |tempa_3_2_reg_898   |   8|   0|    8|          0|
    |tempa_3_reg_858     |   8|   0|    8|          0|
    |xor_ln218_reg_928   |   8|   0|    8|          0|
    |xor_ln220_reg_943   |   8|   0|    8|          0|
    |xor_ln221_reg_948   |   8|   0|    8|          0|
    |zext_ln160_reg_740  |   3|   0|   64|         61|
    |zext_ln161_reg_750  |   3|   0|   64|         61|
    |zext_ln162_reg_760  |   3|   0|   64|         61|
    |zext_ln163_reg_770  |   3|   0|   64|         61|
    +--------------------+----+----+-----+-----------+
    |Total               | 136|   0|  384|        248|
    +--------------------+----+----+-----+-----------+



================================================================
== Interface
================================================================
* Summary: 
+-------------------+-----+-----+------------+--------------+--------------+
|     RTL Ports     | Dir | Bits|  Protocol  | Source Object|    C Type    |
+-------------------+-----+-----+------------+--------------+--------------+
|ap_clk             |  in |    1| ap_ctrl_hs | KeyExpansion | return value |
|ap_rst             |  in |    1| ap_ctrl_hs | KeyExpansion | return value |
|ap_start           |  in |    1| ap_ctrl_hs | KeyExpansion | return value |
|ap_done            | out |    1| ap_ctrl_hs | KeyExpansion | return value |
|ap_idle            | out |    1| ap_ctrl_hs | KeyExpansion | return value |
|ap_ready           | out |    1| ap_ctrl_hs | KeyExpansion | return value |
|RoundKey_address0  | out |    8|  ap_memory |   RoundKey   |     array    |
|RoundKey_ce0       | out |    1|  ap_memory |   RoundKey   |     array    |
|RoundKey_we0       | out |    1|  ap_memory |   RoundKey   |     array    |
|RoundKey_d0        | out |    8|  ap_memory |   RoundKey   |     array    |
|RoundKey_q0        |  in |    8|  ap_memory |   RoundKey   |     array    |
|RoundKey_address1  | out |    8|  ap_memory |   RoundKey   |     array    |
|RoundKey_ce1       | out |    1|  ap_memory |   RoundKey   |     array    |
|RoundKey_we1       | out |    1|  ap_memory |   RoundKey   |     array    |
|RoundKey_d1        | out |    8|  ap_memory |   RoundKey   |     array    |
|RoundKey_q1        |  in |    8|  ap_memory |   RoundKey   |     array    |
|Key_address0       | out |    5|  ap_memory |      Key     |     array    |
|Key_ce0            | out |    1|  ap_memory |      Key     |     array    |
|Key_q0             |  in |    8|  ap_memory |      Key     |     array    |
|Key_address1       | out |    5|  ap_memory |      Key     |     array    |
|Key_ce1            | out |    1|  ap_memory |      Key     |     array    |
|Key_q1             |  in |    8|  ap_memory |      Key     |     array    |
+-------------------+-----+-----+------------+--------------+--------------+

