

================================================================
== Vivado HLS Report for 'LowMCEnc'
================================================================
* Date:           Tue May 12 20:22:41 2020

* Version:        2019.2 (Build 2704478 on Wed Nov 06 22:10:23 MST 2019)
* Project:        picnic1
* Solution:       keypair
* Product family: artix7
* Target device:  xc7a200t-fbg676-2


================================================================
== Performance Estimates
================================================================
+ Timing: 
    * Summary: 
    +--------+----------+----------+------------+
    |  Clock |  Target  | Estimated| Uncertainty|
    +--------+----------+----------+------------+
    |ap_clk  | 10.00 ns | 8.366 ns |   1.25 ns  |
    +--------+----------+----------+------------+

+ Latency: 
    * Summary: 
    +---------+---------+----------+----------+--------+--------+---------+
    |  Latency (cycles) |  Latency (absolute) |     Interval    | Pipeline|
    |   min   |   max   |    min   |    max   |   min  |   max  |   Type  |
    +---------+---------+----------+----------+--------+--------+---------+
    |   107470|   107470| 1.075 ms | 1.075 ms |  107470|  107470|   none  |
    +---------+---------+----------+----------+--------+--------+---------+

    + Detail: 
        * Instance: 
        +-------------------------+--------------+---------+---------+-----------+-----------+------+------+---------+
        |                         |              |  Latency (cycles) |   Latency (absolute)  |   Interval  | Pipeline|
        |         Instance        |    Module    |   min   |   max   |    min    |    max    |  min |  max |   Type  |
        +-------------------------+--------------+---------+---------+-----------+-----------+------+------+---------+
        |grp_matrix_mul_fu_336    |matrix_mul    |     2570|     2570| 25.700 us | 25.700 us |  2570|  2570|   none  |
        |grp_matrix_mul_1_fu_345  |matrix_mul_1  |     2570|     2570| 25.700 us | 25.700 us |  2570|  2570|   none  |
        +-------------------------+--------------+---------+---------+-----------+-----------+------+------+---------+

        * Loop: 
        +---------------------+---------+---------+----------+-----------+-----------+------+----------+
        |                     |  Latency (cycles) | Iteration|  Initiation Interval  | Trip |          |
        |      Loop Name      |   min   |   max   |  Latency |  achieved |   target  | Count| Pipelined|
        +---------------------+---------+---------+----------+-----------+-----------+------+----------+
        |- Loop 1             |        8|        8|         2|          -|          -|     4|    no    |
        |- xor_array_label4   |        8|        8|         2|          -|          -|     4|    no    |
        |- Loop 3             |   104880|   104880|      5244|          -|          -|    20|    no    |
        | + Loop 3.1          |        8|        8|         2|          -|          -|     4|    no    |
        | + Loop 3.2          |       70|       70|         7|          -|          -|    10|    no    |
        | + xor_array_label4  |        8|        8|         2|          -|          -|     4|    no    |
        | + xor_array_label4  |        8|        8|         2|          -|          -|     4|    no    |
        +---------------------+---------+---------+----------+-----------+-----------+------+----------+



================================================================
== Utilization Estimates
================================================================
* Summary: 
+-----------------+---------+-------+--------+--------+-----+
|       Name      | BRAM_18K| DSP48E|   FF   |   LUT  | URAM|
+-----------------+---------+-------+--------+--------+-----+
|DSP              |        -|      -|       -|       -|    -|
|Expression       |        -|      -|       0|     588|    -|
|FIFO             |        -|      -|       -|       -|    -|
|Instance         |       68|      -|     222|    2933|    0|
|Memory           |        2|      -|      64|       8|    0|
|Multiplexer      |        -|      -|       -|     468|    -|
|Register         |        -|      -|     134|       -|    -|
+-----------------+---------+-------+--------+--------+-----+
|Total            |       70|      0|     420|    3997|    0|
+-----------------+---------+-------+--------+--------+-----+
|Available        |      730|    740|  269200|  134600|    0|
+-----------------+---------+-------+--------+--------+-----+
|Utilization (%)  |        9|      0|   ~0   |       2|    0|
+-----------------+---------+-------+--------+--------+-----+

+ Detail: 
    * Instance: 
    +-------------------------+--------------+---------+-------+-----+------+-----+
    |         Instance        |    Module    | BRAM_18K| DSP48E|  FF |  LUT | URAM|
    +-------------------------+--------------+---------+-------+-----+------+-----+
    |grp_matrix_mul_fu_336    |matrix_mul    |       34|      0|  111|  1474|    0|
    |grp_matrix_mul_1_fu_345  |matrix_mul_1  |       34|      0|  111|  1459|    0|
    +-------------------------+--------------+---------+-------+-----+------+-----+
    |Total                    |              |       68|      0|  222|  2933|    0|
    +-------------------------+--------------+---------+-------+-----+------+-----+

    * DSP48E: 
    N/A

    * Memory: 
    +----------------+----------------------+---------+----+----+-----+------+-----+------+-------------+
    |     Memory     |        Module        | BRAM_18K| FF | LUT| URAM| Words| Bits| Banks| W*Bits*Banks|
    +----------------+----------------------+---------+----+----+-----+------+-----+------+-------------+
    |roundKey_U      |LowMCEnc_roundKey     |        0|  64|   8|    0|    16|   32|     1|          512|
    |temp_U          |LowMCEnc_temp         |        1|   0|   0|    0|   120|    8|     1|          960|
    |temp_matrix3_U  |LowMCEnc_temp_matg8j  |        1|   0|   0|    0|    80|   32|     1|         2560|
    +----------------+----------------------+---------+----+----+-----+------+-----+------+-------------+
    |Total           |                      |        2|  64|   8|    0|   216|   72|     3|         4032|
    +----------------+----------------------+---------+----+----+-----+------+-----+------+-------------+

    * FIFO: 
    N/A

    * Expression: 
    +------------------------+----------+-------+---+----+------------+------------+
    |      Variable Name     | Operation| DSP48E| FF| LUT| Bitwidth P0| Bitwidth P1|
    +------------------------+----------+-------+---+----+------------+------------+
    |add_ln109_fu_778_p2     |     +    |      0|  0|  15|           7|           7|
    |add_ln185_fu_521_p2     |     +    |      0|  0|  15|           2|           5|
    |add_ln190_fu_460_p2     |     +    |      0|  0|  15|           2|           5|
    |add_ln191_fu_485_p2     |     +    |      0|  0|  15|           1|           5|
    |add_ln214_fu_737_p2     |     +    |      0|  0|  21|          14|          11|
    |add_ln215_fu_751_p2     |     +    |      0|  0|  15|           7|           4|
    |i_5_fu_390_p2           |     +    |      0|  0|  12|           3|           1|
    |i_6_fu_801_p2           |     +    |      0|  0|  12|           3|           1|
    |i_fu_763_p2             |     +    |      0|  0|  12|           3|           1|
    |loop_7_fu_423_p2        |     +    |      0|  0|  12|           3|           1|
    |loop_fu_373_p2          |     +    |      0|  0|  12|           3|           1|
    |r_fu_813_p2             |     +    |      0|  0|  15|           5|           1|
    |sub_ln54_1_fu_546_p2    |     -    |      0|  0|  12|           3|           3|
    |sub_ln54_fu_527_p2      |     -    |      0|  0|  12|           3|           3|
    |and_ln194_fu_584_p2     |    and   |      0|  0|   2|           1|           1|
    |and_ln195_fu_631_p2     |    and   |      0|  0|   2|           1|           1|
    |and_ln196_fu_678_p2     |    and   |      0|  0|   2|           1|           1|
    |and_ln66_1_fu_665_p2    |    and   |      0|  0|   8|           8|           8|
    |and_ln66_2_fu_712_p2    |    and   |      0|  0|   8|           8|           8|
    |and_ln66_fu_618_p2      |    and   |      0|  0|   8|           8|           8|
    |icmp_ln108_1_fu_757_p2  |   icmp   |      0|  0|   9|           3|           4|
    |icmp_ln108_2_fu_795_p2  |   icmp   |      0|  0|   9|           3|           4|
    |icmp_ln108_fu_384_p2    |   icmp   |      0|  0|   9|           3|           4|
    |icmp_ln162_fu_367_p2    |   icmp   |      0|  0|   9|           3|           4|
    |icmp_ln177_fu_402_p2    |   icmp   |      0|  0|  11|           5|           5|
    |icmp_ln181_fu_417_p2    |   icmp   |      0|  0|   9|           3|           4|
    |icmp_ln185_fu_454_p2    |   icmp   |      0|  0|  11|           5|           3|
    |lshr_ln54_1_fu_555_p2   |   lshr   |      0|  0|  19|           8|           8|
    |lshr_ln54_3_fu_574_p2   |   lshr   |      0|  0|  19|           8|           8|
    |lshr_ln54_fu_536_p2     |   lshr   |      0|  0|  19|           8|           8|
    |or_ln66_1_fu_671_p2     |    or    |      0|  0|   8|           8|           8|
    |or_ln66_2_fu_718_p2     |    or    |      0|  0|   8|           8|           8|
    |temp_d1                 |    or    |      0|  0|   8|           8|           8|
    |shl_ln66_3_fu_612_p2    |    shl   |      0|  0|  19|           8|           8|
    |shl_ln66_4_fu_649_p2    |    shl   |      0|  0|  19|           1|           8|
    |shl_ln66_5_fu_660_p2    |    shl   |      0|  0|  19|           8|           8|
    |shl_ln66_6_fu_696_p2    |    shl   |      0|  0|  19|           1|           8|
    |shl_ln66_7_fu_707_p2    |    shl   |      0|  0|  19|           8|           8|
    |shl_ln66_fu_600_p2      |    shl   |      0|  0|  19|           1|           8|
    |grp_fu_356_p2           |    xor   |      0|  0|  32|          32|          32|
    |xor_ln109_1_fu_788_p2   |    xor   |      0|  0|  32|          32|          32|
    |xor_ln194_fu_590_p2     |    xor   |      0|  0|   2|           1|           1|
    |xor_ln195_1_fu_639_p2   |    xor   |      0|  0|   2|           1|           1|
    |xor_ln195_fu_635_p2     |    xor   |      0|  0|   2|           1|           1|
    |xor_ln196_1_fu_686_p2   |    xor   |      0|  0|   2|           1|           1|
    |xor_ln196_fu_682_p2     |    xor   |      0|  0|   2|           1|           1|
    |xor_ln54_fu_565_p2      |    xor   |      0|  0|   3|           3|           2|
    |xor_ln66_3_fu_654_p2    |    xor   |      0|  0|   8|           8|           2|
    |xor_ln66_4_fu_701_p2    |    xor   |      0|  0|   8|           8|           2|
    |xor_ln66_fu_606_p2      |    xor   |      0|  0|   8|           8|           2|
    +------------------------+----------+-------+---+----+------------+------------+
    |Total                   |          |      0|  0| 588|         282|         277|
    +------------------------+----------+-------+---+----+------------+------------+

    * Multiplexer: 
    +---------------------------------------+-----+-----------+-----+-----------+
    |                  Name                 | LUT | Input Size| Bits| Total Bits|
    +---------------------------------------+-----+-----------+-----+-----------+
    |ap_NS_fsm                              |  121|         26|    1|         26|
    |bitNumber_assign_2_reg_302             |    9|          2|    5|         10|
    |grp_matrix_mul_1_fu_345_matrix_offset  |   15|          3|   14|         42|
    |i_0_i49_reg_314                        |    9|          2|    3|          6|
    |i_0_i56_reg_325                        |    9|          2|    3|          6|
    |i_0_i_reg_267                          |    9|          2|    3|          6|
    |key_ce0                                |    9|          2|    1|          2|
    |loop_0_reg_256                         |    9|          2|    3|          6|
    |loop_1_reg_290                         |    9|          2|    3|          6|
    |output_r_address0                      |   47|         10|    3|         30|
    |output_r_ce0                           |   15|          3|    1|          3|
    |output_r_d0                            |   38|          7|   32|        224|
    |output_r_we0                           |   15|          3|    1|          3|
    |r_0_reg_278                            |    9|          2|    5|         10|
    |roundKey_address0                      |   21|          4|    4|         16|
    |roundKey_ce0                           |   15|          3|    1|          3|
    |roundKey_we0                           |    9|          2|    1|          2|
    |temp_address0                          |   41|          8|    7|         56|
    |temp_address1                          |   38|          7|    7|         49|
    |temp_d0                                |   21|          4|    8|         32|
    +---------------------------------------+-----+-----------+-----+-----------+
    |Total                                  |  468|         96|  106|        538|
    +---------------------------------------+-----+-----------+-----+-----------+

    * Register: 
    +--------------------------------------+----+----+-----+-----------+
    |                 Name                 | FF | LUT| Bits| Const Bits|
    +--------------------------------------+----+----+-----+-----------+
    |a_reg_930                             |   1|   0|    1|          0|
    |add_ln185_reg_925                     |   5|   0|    5|          0|
    |add_ln214_reg_971                     |   5|   0|   14|          9|
    |add_ln215_reg_976                     |   5|   0|    7|          2|
    |ap_CS_fsm                             |  25|   0|   25|          0|
    |b_reg_943                             |   1|   0|    1|          0|
    |bitNumber_assign_2_reg_302            |   5|   0|    5|          0|
    |c_reg_955                             |   1|   0|    1|          0|
    |grp_matrix_mul_1_fu_345_ap_start_reg  |   1|   0|    1|          0|
    |grp_matrix_mul_fu_336_ap_start_reg    |   1|   0|    1|          0|
    |i_0_i49_reg_314                       |   3|   0|    3|          0|
    |i_0_i56_reg_325                       |   3|   0|    3|          0|
    |i_0_i_reg_267                         |   3|   0|    3|          0|
    |i_5_reg_845                           |   3|   0|    3|          0|
    |i_6_reg_1002                          |   3|   0|    3|          0|
    |i_reg_984                             |   3|   0|    3|          0|
    |loop_0_reg_256                        |   3|   0|    3|          0|
    |loop_1_reg_290                        |   3|   0|    3|          0|
    |loop_7_reg_892                        |   3|   0|    3|          0|
    |loop_reg_827                          |   3|   0|    3|          0|
    |output_addr_2_reg_850                 |   3|   0|    3|          0|
    |output_addr_3_reg_989                 |   3|   0|    3|          0|
    |output_addr_4_reg_1007                |   3|   0|    3|          0|
    |r_0_reg_278                           |   5|   0|    5|          0|
    |reg_363                               |   8|   0|    8|          0|
    |shl_ln_reg_883                        |   5|   0|   14|          9|
    |temp_addr_7_reg_900                   |   2|   0|    7|          5|
    |temp_addr_8_reg_913                   |   2|   0|    7|          5|
    |temp_addr_9_reg_919                   |   2|   0|    7|          5|
    |temp_load_1_reg_966                   |   8|   0|    8|          0|
    |trunc_ln185_reg_906                   |   3|   0|    3|          0|
    |xor_ln195_reg_961                     |   1|   0|    1|          0|
    |zext_ln163_reg_832                    |   3|   0|   64|         61|
    |zext_ln54_3_reg_937                   |   3|   0|    8|          5|
    |zext_ln54_5_reg_949                   |   3|   0|    8|          5|
    +--------------------------------------+----+----+-----+-----------+
    |Total                                 | 134|   0|  240|        106|
    +--------------------------------------+----+----+-----+-----------+



================================================================
== Interface
================================================================
* Summary: 
+--------------------+-----+-----+------------+--------------+--------------+
|      RTL Ports     | Dir | Bits|  Protocol  | Source Object|    C Type    |
+--------------------+-----+-----+------------+--------------+--------------+
|ap_clk              |  in |    1| ap_ctrl_hs |   LowMCEnc   | return value |
|ap_rst              |  in |    1| ap_ctrl_hs |   LowMCEnc   | return value |
|ap_start            |  in |    1| ap_ctrl_hs |   LowMCEnc   | return value |
|ap_done             | out |    1| ap_ctrl_hs |   LowMCEnc   | return value |
|ap_idle             | out |    1| ap_ctrl_hs |   LowMCEnc   | return value |
|ap_ready            | out |    1| ap_ctrl_hs |   LowMCEnc   | return value |
|plaintext_address0  | out |    3|  ap_memory |   plaintext  |     array    |
|plaintext_ce0       | out |    1|  ap_memory |   plaintext  |     array    |
|plaintext_q0        |  in |   32|  ap_memory |   plaintext  |     array    |
|output_r_address0   | out |    3|  ap_memory |   output_r   |     array    |
|output_r_ce0        | out |    1|  ap_memory |   output_r   |     array    |
|output_r_we0        | out |    1|  ap_memory |   output_r   |     array    |
|output_r_d0         | out |   32|  ap_memory |   output_r   |     array    |
|output_r_q0         |  in |   32|  ap_memory |   output_r   |     array    |
|key_address0        | out |    3|  ap_memory |      key     |     array    |
|key_ce0             | out |    1|  ap_memory |      key     |     array    |
|key_q0              |  in |   32|  ap_memory |      key     |     array    |
+--------------------+-----+-----+------------+--------------+--------------+

