

================================================================
== Vivado HLS Report for 'randombytes'
================================================================
* Date:           Tue May 12 20:22:39 2020

* Version:        2019.2 (Build 2704478 on Wed Nov 06 22:10:23 MST 2019)
* Project:        picnic1
* Solution:       keypair
* Product family: artix7
* Target device:  xc7a200t-fbg676-2


================================================================
== Performance Estimates
================================================================
+ Timing: 
    * Summary: 
    +--------+----------+----------+------------+
    |  Clock |  Target  | Estimated| Uncertainty|
    +--------+----------+----------+------------+
    |ap_clk  | 10.00 ns | 6.620 ns |   1.25 ns  |
    +--------+----------+----------+------------+

+ Latency: 
    * Summary: 
    +---------+---------+----------+----------+-----+-----+---------+
    |  Latency (cycles) |  Latency (absolute) |  Interval | Pipeline|
    |   min   |   max   |    min   |    max   | min | max |   Type  |
    +---------+---------+----------+----------+-----+-----+---------+
    |        ?|        ?|         ?|         ?|    ?|    ?|   none  |
    +---------+---------+----------+----------+-----+-----+---------+

    + Detail: 
        * Instance: 
        +---------------------------------+----------------------+---------+---------+-----------+-----------+------+------+---------+
        |                                 |                      |  Latency (cycles) |   Latency (absolute)  |   Interval  | Pipeline|
        |             Instance            |        Module        |   min   |   max   |    min    |    max    |  min |  max |   Type  |
        +---------------------------------+----------------------+---------+---------+-----------+-----------+------+------+---------+
        |grp_AES256_CTR_DRBG_Upda_fu_175  |AES256_CTR_DRBG_Upda  |     6684|     6777| 66.840 us | 67.770 us |  6684|  6777|   none  |
        |grp_AES256_ECB_1_fu_187          |AES256_ECB_1          |     2189|     2189| 21.890 us | 21.890 us |  2189|  2189|   none  |
        +---------------------------------+----------------------+---------+---------+-----------+-----------+------+------+---------+

        * Loop: 
        +------------------+---------+---------+-------------+-----------+-----------+--------+----------+
        |                  |  Latency (cycles) |  Iteration  |  Initiation Interval  |  Trip  |          |
        |     Loop Name    |   min   |   max   |   Latency   |  achieved |   target  |  Count | Pipelined|
        +------------------+---------+---------+-------------+-----------+-----------+--------+----------+
        |- sign_label1     |        ?|        ?| 2196 ~ 2259 |          -|          -|       ?|    no    |
        | + sign_label1.1  |        2|       33|            2|          -|          -| 1 ~ 16 |    no    |
        | + sign_label1.2  |       32|       32|            2|          -|          -|      16|    no    |
        | + sign_label1.3  |        0|       30|            2|          -|          -| 0 ~ 15 |    no    |
        +------------------+---------+---------+-------------+-----------+-----------+--------+----------+



================================================================
== Utilization Estimates
================================================================
* Summary: 
+-----------------+---------+-------+--------+--------+-----+
|       Name      | BRAM_18K| DSP48E|   FF   |   LUT  | URAM|
+-----------------+---------+-------+--------+--------+-----+
|DSP              |        -|      -|       -|       -|    -|
|Expression       |        -|      -|       0|     394|    -|
|FIFO             |        -|      -|       -|       -|    -|
|Instance         |       11|      -|     774|    4946|    0|
|Memory           |        1|      -|       0|       0|    0|
|Multiplexer      |        -|      -|       -|     371|    -|
|Register         |        -|      -|     209|       -|    -|
+-----------------+---------+-------+--------+--------+-----+
|Total            |       12|      0|     983|    5711|    0|
+-----------------+---------+-------+--------+--------+-----+
|Available        |      730|    740|  269200|  134600|    0|
+-----------------+---------+-------+--------+--------+-----+
|Utilization (%)  |        1|      0|   ~0   |       4|    0|
+-----------------+---------+-------+--------+--------+-----+

+ Detail: 
    * Instance: 
    +---------------------------------+----------------------+---------+-------+-----+------+-----+
    |             Instance            |        Module        | BRAM_18K| DSP48E|  FF |  LUT | URAM|
    +---------------------------------+----------------------+---------+-------+-----+------+-----+
    |grp_AES256_CTR_DRBG_Upda_fu_175  |AES256_CTR_DRBG_Upda  |        6|      0|  414|  2771|    0|
    |grp_AES256_ECB_1_fu_187          |AES256_ECB_1          |        5|      0|  360|  2175|    0|
    +---------------------------------+----------------------+---------+-------+-----+------+-----+
    |Total                            |                      |       11|      0|  774|  4946|    0|
    +---------------------------------+----------------------+---------+-------+-----+------+-----+

    * DSP48E: 
    N/A

    * Memory: 
    +---------+-------------------+---------+---+----+-----+------+-----+------+-------------+
    |  Memory |       Module      | BRAM_18K| FF| LUT| URAM| Words| Bits| Banks| W*Bits*Banks|
    +---------+-------------------+---------+---+----+-----+------+-----+------+-------------+
    |block_U  |randombytes_block  |        1|  0|   0|    0|    16|    8|     1|          128|
    +---------+-------------------+---------+---+----+-----+------+-----+------+-------------+
    |Total    |                   |        1|  0|   0|    0|    16|    8|     1|          128|
    +---------+-------------------+---------+---+----+-----+------+-----+------+-------------+

    * FIFO: 
    N/A

    * Expression: 
    +----------------------+----------+-------+---+----+------------+------------+
    |     Variable Name    | Operation| DSP48E| FF| LUT| Bitwidth P0| Bitwidth P1|
    +----------------------+----------+-------+---+----+------------+------------+
    |add_ln237_fu_251_p2   |     +    |      0|  0|  15|           8|           1|
    |add_ln255_fu_340_p2   |     +    |      0|  0|  39|          32|          32|
    |add_ln257_fu_300_p2   |     +    |      0|  0|  71|          64|           6|
    |add_ln262_fu_350_p2   |     +    |      0|  0|  39|          32|          32|
    |add_ln268_fu_364_p2   |     +    |      0|  0|  39|          32|           1|
    |i_fu_294_p2           |     +    |      0|  0|  39|          32|           5|
    |j_fu_245_p2           |     +    |      0|  0|  15|           5|           2|
    |loop_1_fu_283_p2      |     +    |      0|  0|  15|           5|           1|
    |loop_fu_329_p2        |     +    |      0|  0|  13|           4|           1|
    |icmp_ln231_fu_216_p2  |   icmp   |      0|  0|  29|          64|           1|
    |icmp_ln234_fu_239_p2  |   icmp   |      0|  0|  11|           8|           2|
    |icmp_ln251_fu_267_p2  |   icmp   |      0|  0|  29|          60|           1|
    |icmp_ln254_fu_277_p2  |   icmp   |      0|  0|  11|           5|           6|
    |icmp_ln261_fu_324_p2  |   icmp   |      0|  0|  29|          64|          64|
    +----------------------+----------+-------+---+----+------------+------------+
    |Total                 |          |      0|  0| 394|         415|         155|
    +----------------------+----------+-------+---+----+------------+------------+

    * Multiplexer: 
    +---------------------------+----+-----------+-----+-----------+
    |            Name           | LUT| Input Size| Bits| Total Bits|
    +---------------------------+----+-----------+-----+-----------+
    |DRBG_ctx_Key_address0      |  15|          3|    5|         15|
    |DRBG_ctx_Key_address1      |  15|          3|    5|         15|
    |DRBG_ctx_Key_ce0           |  15|          3|    1|          3|
    |DRBG_ctx_Key_ce1           |  15|          3|    1|          3|
    |DRBG_ctx_Key_we0           |   9|          2|    1|          2|
    |DRBG_ctx_V_address0        |  27|          5|    4|         20|
    |DRBG_ctx_V_address1        |  15|          3|    4|         12|
    |DRBG_ctx_V_ce0             |  21|          4|    1|          4|
    |DRBG_ctx_V_ce1             |  15|          3|    1|          3|
    |DRBG_ctx_V_d0              |  21|          4|    8|         32|
    |DRBG_ctx_V_we0             |  15|          3|    1|          3|
    |DRBG_ctx_reseed_counter_o  |   9|          2|   32|         64|
    |ap_NS_fsm                  |  50|         11|    1|         11|
    |block_address0             |  21|          4|    4|         16|
    |block_ce0                  |  15|          3|    1|          3|
    |block_ce1                  |   9|          2|    1|          2|
    |block_we0                  |   9|          2|    1|          2|
    |block_we1                  |   9|          2|    1|          2|
    |i_1_fu_78                  |   9|          2|   32|         64|
    |j_0_reg_141                |   9|          2|    5|         10|
    |loop1_0_reg_164            |   9|          2|    4|          8|
    |loop_0_reg_153             |   9|          2|    5|         10|
    |p_0_fu_74                  |  15|          3|   64|        192|
    |x_address0                 |  15|          3|    5|         15|
    +---------------------------+----+-----------+-----+-----------+
    |Total                      | 371|         76|  188|        511|
    +---------------------------+----+-----------+-----+-----------+

    * Register: 
    +----------------------------------------------+----+----+-----+-----------+
    |                     Name                     | FF | LUT| Bits| Const Bits|
    +----------------------------------------------+----+----+-----+-----------+
    |DRBG_ctx_V_addr_reg_404                       |   4|   0|    4|          0|
    |ap_CS_fsm                                     |  10|   0|   10|          0|
    |grp_AES256_CTR_DRBG_Upda_fu_175_ap_start_reg  |   1|   0|    1|          0|
    |grp_AES256_ECB_1_fu_187_ap_start_reg          |   1|   0|    1|          0|
    |i_1_fu_78                                     |  32|   0|   32|          0|
    |icmp_ln251_reg_417                            |   1|   0|    1|          0|
    |j_0_reg_141                                   |   5|   0|    5|          0|
    |loop1_0_reg_164                               |   4|   0|    4|          0|
    |loop_0_reg_153                                |   5|   0|    5|          0|
    |loop_1_reg_429                                |   5|   0|    5|          0|
    |loop_reg_447                                  |   4|   0|    4|          0|
    |p_0_fu_74                                     |  64|   0|   64|          0|
    |p_0_load_reg_391                              |  64|   0|   64|          0|
    |zext_ln254_reg_421                            |   5|   0|   32|         27|
    |zext_ln261_1_reg_439                          |   4|   0|   32|         28|
    +----------------------------------------------+----+----+-----+-----------+
    |Total                                         | 209|   0|  264|         55|
    +----------------------------------------------+----+----+-----+-----------+



================================================================
== Interface
================================================================
* Summary: 
+----------------------------------+-----+-----+------------+-------------------------+--------------+
|             RTL Ports            | Dir | Bits|  Protocol  |      Source Object      |    C Type    |
+----------------------------------+-----+-----+------------+-------------------------+--------------+
|ap_clk                            |  in |    1| ap_ctrl_hs |       randombytes       | return value |
|ap_rst                            |  in |    1| ap_ctrl_hs |       randombytes       | return value |
|ap_start                          |  in |    1| ap_ctrl_hs |       randombytes       | return value |
|ap_done                           | out |    1| ap_ctrl_hs |       randombytes       | return value |
|ap_idle                           | out |    1| ap_ctrl_hs |       randombytes       | return value |
|ap_ready                          | out |    1| ap_ctrl_hs |       randombytes       | return value |
|x_address0                        | out |    5|  ap_memory |            x            |     array    |
|x_ce0                             | out |    1|  ap_memory |            x            |     array    |
|x_we0                             | out |    1|  ap_memory |            x            |     array    |
|x_d0                              | out |    8|  ap_memory |            x            |     array    |
|DRBG_ctx_V_address0               | out |    4|  ap_memory |        DRBG_ctx_V       |     array    |
|DRBG_ctx_V_ce0                    | out |    1|  ap_memory |        DRBG_ctx_V       |     array    |
|DRBG_ctx_V_we0                    | out |    1|  ap_memory |        DRBG_ctx_V       |     array    |
|DRBG_ctx_V_d0                     | out |    8|  ap_memory |        DRBG_ctx_V       |     array    |
|DRBG_ctx_V_q0                     |  in |    8|  ap_memory |        DRBG_ctx_V       |     array    |
|DRBG_ctx_V_address1               | out |    4|  ap_memory |        DRBG_ctx_V       |     array    |
|DRBG_ctx_V_ce1                    | out |    1|  ap_memory |        DRBG_ctx_V       |     array    |
|DRBG_ctx_V_q1                     |  in |    8|  ap_memory |        DRBG_ctx_V       |     array    |
|DRBG_ctx_Key_address0             | out |    5|  ap_memory |       DRBG_ctx_Key      |     array    |
|DRBG_ctx_Key_ce0                  | out |    1|  ap_memory |       DRBG_ctx_Key      |     array    |
|DRBG_ctx_Key_we0                  | out |    1|  ap_memory |       DRBG_ctx_Key      |     array    |
|DRBG_ctx_Key_d0                   | out |    8|  ap_memory |       DRBG_ctx_Key      |     array    |
|DRBG_ctx_Key_q0                   |  in |    8|  ap_memory |       DRBG_ctx_Key      |     array    |
|DRBG_ctx_Key_address1             | out |    5|  ap_memory |       DRBG_ctx_Key      |     array    |
|DRBG_ctx_Key_ce1                  | out |    1|  ap_memory |       DRBG_ctx_Key      |     array    |
|DRBG_ctx_Key_q1                   |  in |    8|  ap_memory |       DRBG_ctx_Key      |     array    |
|DRBG_ctx_reseed_counter_i         |  in |   32|   ap_ovld  | DRBG_ctx_reseed_counter |    pointer   |
|DRBG_ctx_reseed_counter_o         | out |   32|   ap_ovld  | DRBG_ctx_reseed_counter |    pointer   |
|DRBG_ctx_reseed_counter_o_ap_vld  | out |    1|   ap_ovld  | DRBG_ctx_reseed_counter |    pointer   |
+----------------------------------+-----+-----+------------+-------------------------+--------------+

