

================================================================
== Vivado HLS Report for 'AddRoundKey'
================================================================
* Date:           Sat May  9 23:49:01 2020

* Version:        2019.2 (Build 2704478 on Wed Nov 06 22:10:23 MST 2019)
* Project:        picnic1
* Solution:       keypair
* Product family: artix7
* Target device:  xc7a200t-fbg676-2


================================================================
== Performance Estimates
================================================================
+ Timing: 
    * Summary: 
    +--------+----------+----------+------------+
    |  Clock |  Target  | Estimated| Uncertainty|
    +--------+----------+----------+------------+
    |ap_clk  | 10.00 ns | 3.572 ns |   1.25 ns  |
    +--------+----------+----------+------------+

+ Latency: 
    * Summary: 
    +---------+---------+----------+----------+-----+-----+---------+
    |  Latency (cycles) |  Latency (absolute) |  Interval | Pipeline|
    |   min   |   max   |    min   |    max   | min | max |   Type  |
    +---------+---------+----------+----------+-----+-----+---------+
    |       17|       17| 0.170 us | 0.170 us |   17|   17|   none  |
    +---------+---------+----------+----------+-----+-----+---------+

    + Detail: 
        * Instance: 
        N/A

        * Loop: 
        +----------------------+---------+---------+----------+-----------+-----------+------+----------+
        |                      |  Latency (cycles) | Iteration|  Initiation Interval  | Trip |          |
        |       Loop Name      |   min   |   max   |  Latency |  achieved |   target  | Count| Pipelined|
        +----------------------+---------+---------+----------+-----------+-----------+------+----------+
        |- AddRoundKey_label0  |       16|       16|         4|          -|          -|     4|    no    |
        +----------------------+---------+---------+----------+-----------+-----------+------+----------+

============================================================
+ Verbose Summary: Synthesis Manager
============================================================
InlineROM: 1
ExposeGlobal: 1
============================================================
+ Verbose Summary: CDFG Model
============================================================
IsTopModel: 0
ResetActiveHigh: 1
IsCombinational: 0
IsDatapathOnly: 0
HasWiredReturn: 1
HasMFsm: 0
HasVarLatency: 1
IsPipeline: 0
IsRtlPipelined: 0
IsInstanceOverlapped: 0
IsDontTouch: 0
HasImplIP: 0
IsGatedGlobalClock: 0


============================================================
+ Verbose Summary: Schedule
============================================================
* Number of FSM states : 5
* Pipeline : 0
* Dataflow Pipeline: 0

* FSM state transitions: 
1 --> 2 
2 --> 3 
3 --> 4 
4 --> 5 
5 --> 2 

* FSM state operations: 

State 1 <SV = 0> <Delay = 1.35>
ST_1 : Operation 6 [1/1] (0.00ns)   --->   "%round_read = call i5 @_ssdm_op_Read.ap_auto.i5(i5 %round)" [NIST-KATs/aes.c:245]   --->   Operation 6 'read' 'round_read' <Predicate = true> <Delay = 0.00>
ST_1 : Operation 7 [1/1] (1.35ns)   --->   "br label %1" [NIST-KATs/aes.c:248]   --->   Operation 7 'br' <Predicate = true> <Delay = 1.35>

State 2 <SV = 1> <Delay = 2.77>
ST_2 : Operation 8 [1/1] (0.00ns)   --->   "%i_0 = phi i3 [ 0, %0 ], [ %i, %2 ]"   --->   Operation 8 'phi' 'i_0' <Predicate = true> <Delay = 0.00>
ST_2 : Operation 9 [1/1] (1.00ns)   --->   "%icmp_ln248 = icmp eq i3 %i_0, -4" [NIST-KATs/aes.c:248]   --->   Operation 9 'icmp' 'icmp_ln248' <Predicate = true> <Delay = 1.00> <Core = "Cmp">   --->   Core 25 'Cmp' <Latency = 0> <II = 1> <Delay = 1.00> <FuncUnit> <Opcode : 'icmp'> <InPorts = 2> <OutPorts = 1>
ST_2 : Operation 10 [1/1] (0.00ns)   --->   "%empty = call i32 (...)* @_ssdm_op_SpecLoopTripCount(i64 4, i64 4, i64 4)"   --->   Operation 10 'speclooptripcount' 'empty' <Predicate = true> <Delay = 0.00>
ST_2 : Operation 11 [1/1] (1.34ns)   --->   "%i = add i3 %i_0, 1" [NIST-KATs/aes.c:248]   --->   Operation 11 'add' 'i' <Predicate = true> <Delay = 1.34> <Core = "AddSub">   --->   Core 14 'AddSub' <Latency = 0> <II = 1> <Delay = 1.34> <FuncUnit> <Opcode : 'add' 'sub'> <InPorts = 2> <OutPorts = 1>
ST_2 : Operation 12 [1/1] (0.00ns)   --->   "br i1 %icmp_ln248, label %3, label %2" [NIST-KATs/aes.c:248]   --->   Operation 12 'br' <Predicate = true> <Delay = 0.00>
ST_2 : Operation 13 [1/1] (0.00ns)   --->   "%trunc_ln253 = trunc i3 %i_0 to i2" [NIST-KATs/aes.c:253]   --->   Operation 13 'trunc' 'trunc_ln253' <Predicate = (!icmp_ln248)> <Delay = 0.00>
ST_2 : Operation 14 [1/1] (0.00ns)   --->   "%tmp_s = call i5 @_ssdm_op_BitConcatenate.i5.i3.i2(i3 %i_0, i2 0)" [NIST-KATs/aes.c:253]   --->   Operation 14 'bitconcatenate' 'tmp_s' <Predicate = (!icmp_ln248)> <Delay = 0.00>
ST_2 : Operation 15 [1/1] (0.00ns)   --->   "%zext_ln253 = zext i5 %tmp_s to i64" [NIST-KATs/aes.c:253]   --->   Operation 15 'zext' 'zext_ln253' <Predicate = (!icmp_ln248)> <Delay = 0.00>
ST_2 : Operation 16 [1/1] (0.00ns)   --->   "%state_addr = getelementptr [16 x i8]* %state, i64 0, i64 %zext_ln253" [NIST-KATs/aes.c:253]   --->   Operation 16 'getelementptr' 'state_addr' <Predicate = (!icmp_ln248)> <Delay = 0.00>
ST_2 : Operation 17 [1/1] (0.00ns)   --->   "%or_ln253_3 = or i5 %tmp_s, 1" [NIST-KATs/aes.c:253]   --->   Operation 17 'or' 'or_ln253_3' <Predicate = (!icmp_ln248)> <Delay = 0.00>
ST_2 : Operation 18 [1/1] (0.00ns)   --->   "%tmp_1 = call i64 @_ssdm_op_BitConcatenate.i64.i59.i5(i59 0, i5 %or_ln253_3)" [NIST-KATs/aes.c:253]   --->   Operation 18 'bitconcatenate' 'tmp_1' <Predicate = (!icmp_ln248)> <Delay = 0.00>
ST_2 : Operation 19 [1/1] (0.00ns)   --->   "%state_addr_1 = getelementptr [16 x i8]* %state, i64 0, i64 %tmp_1" [NIST-KATs/aes.c:253]   --->   Operation 19 'getelementptr' 'state_addr_1' <Predicate = (!icmp_ln248)> <Delay = 0.00>
ST_2 : Operation 20 [1/1] (0.00ns)   --->   "%trunc_ln253_1 = trunc i5 %round_read to i4" [NIST-KATs/aes.c:253]   --->   Operation 20 'trunc' 'trunc_ln253_1' <Predicate = (!icmp_ln248)> <Delay = 0.00>
ST_2 : Operation 21 [1/1] (0.00ns)   --->   "%add_ln = call i8 @_ssdm_op_BitConcatenate.i8.i4.i2.i2(i4 %trunc_ln253_1, i2 %trunc_ln253, i2 0)" [NIST-KATs/aes.c:253]   --->   Operation 21 'bitconcatenate' 'add_ln' <Predicate = (!icmp_ln248)> <Delay = 0.00>
ST_2 : Operation 22 [1/1] (0.00ns)   --->   "%zext_ln253_1 = zext i8 %add_ln to i64" [NIST-KATs/aes.c:253]   --->   Operation 22 'zext' 'zext_ln253_1' <Predicate = (!icmp_ln248)> <Delay = 0.00>
ST_2 : Operation 23 [1/1] (0.00ns)   --->   "%RoundKey_addr = getelementptr [240 x i8]* %RoundKey, i64 0, i64 %zext_ln253_1" [NIST-KATs/aes.c:253]   --->   Operation 23 'getelementptr' 'RoundKey_addr' <Predicate = (!icmp_ln248)> <Delay = 0.00>
ST_2 : Operation 24 [2/2] (2.77ns)   --->   "%RoundKey_load = load i8* %RoundKey_addr, align 1" [NIST-KATs/aes.c:253]   --->   Operation 24 'load' 'RoundKey_load' <Predicate = (!icmp_ln248)> <Delay = 2.77> <Core = "RAM">   --->   Core 37 'RAM' <Latency = 1> <II = 1> <Delay = 1.75> <Storage> <Opcode : 'load' 'store'> <Ports = 2> <Width = 8> <Depth = 16> <RAM>
ST_2 : Operation 25 [2/2] (1.75ns)   --->   "%state_load = load i8* %state_addr, align 1" [NIST-KATs/aes.c:253]   --->   Operation 25 'load' 'state_load' <Predicate = (!icmp_ln248)> <Delay = 1.75> <Core = "RAM">   --->   Core 37 'RAM' <Latency = 1> <II = 1> <Delay = 1.75> <Storage> <Opcode : 'load' 'store'> <Ports = 2> <Width = 8> <Depth = 16> <RAM>
ST_2 : Operation 26 [1/1] (0.00ns)   --->   "%or_ln253 = or i8 %add_ln, 1" [NIST-KATs/aes.c:253]   --->   Operation 26 'or' 'or_ln253' <Predicate = (!icmp_ln248)> <Delay = 0.00>
ST_2 : Operation 27 [1/1] (0.00ns)   --->   "%zext_ln253_2 = zext i8 %or_ln253 to i64" [NIST-KATs/aes.c:253]   --->   Operation 27 'zext' 'zext_ln253_2' <Predicate = (!icmp_ln248)> <Delay = 0.00>
ST_2 : Operation 28 [1/1] (0.00ns)   --->   "%RoundKey_addr_240 = getelementptr [240 x i8]* %RoundKey, i64 0, i64 %zext_ln253_2" [NIST-KATs/aes.c:253]   --->   Operation 28 'getelementptr' 'RoundKey_addr_240' <Predicate = (!icmp_ln248)> <Delay = 0.00>
ST_2 : Operation 29 [2/2] (2.77ns)   --->   "%RoundKey_load_1 = load i8* %RoundKey_addr_240, align 1" [NIST-KATs/aes.c:253]   --->   Operation 29 'load' 'RoundKey_load_1' <Predicate = (!icmp_ln248)> <Delay = 2.77> <Core = "RAM">   --->   Core 37 'RAM' <Latency = 1> <II = 1> <Delay = 1.75> <Storage> <Opcode : 'load' 'store'> <Ports = 2> <Width = 8> <Depth = 16> <RAM>
ST_2 : Operation 30 [2/2] (1.75ns)   --->   "%state_load_1 = load i8* %state_addr_1, align 1" [NIST-KATs/aes.c:253]   --->   Operation 30 'load' 'state_load_1' <Predicate = (!icmp_ln248)> <Delay = 1.75> <Core = "RAM">   --->   Core 37 'RAM' <Latency = 1> <II = 1> <Delay = 1.75> <Storage> <Opcode : 'load' 'store'> <Ports = 2> <Width = 8> <Depth = 16> <RAM>
ST_2 : Operation 31 [1/1] (0.00ns)   --->   "ret void" [NIST-KATs/aes.c:256]   --->   Operation 31 'ret' <Predicate = (icmp_ln248)> <Delay = 0.00>

State 3 <SV = 2> <Delay = 3.57>
ST_3 : Operation 32 [1/1] (0.00ns)   --->   "%or_ln253_4 = or i5 %tmp_s, 2" [NIST-KATs/aes.c:253]   --->   Operation 32 'or' 'or_ln253_4' <Predicate = true> <Delay = 0.00>
ST_3 : Operation 33 [1/1] (0.00ns)   --->   "%tmp_2 = call i64 @_ssdm_op_BitConcatenate.i64.i59.i5(i59 0, i5 %or_ln253_4)" [NIST-KATs/aes.c:253]   --->   Operation 33 'bitconcatenate' 'tmp_2' <Predicate = true> <Delay = 0.00>
ST_3 : Operation 34 [1/1] (0.00ns)   --->   "%state_addr_2 = getelementptr [16 x i8]* %state, i64 0, i64 %tmp_2" [NIST-KATs/aes.c:253]   --->   Operation 34 'getelementptr' 'state_addr_2' <Predicate = true> <Delay = 0.00>
ST_3 : Operation 35 [1/1] (0.00ns)   --->   "%or_ln253_5 = or i5 %tmp_s, 3" [NIST-KATs/aes.c:253]   --->   Operation 35 'or' 'or_ln253_5' <Predicate = true> <Delay = 0.00>
ST_3 : Operation 36 [1/1] (0.00ns)   --->   "%tmp_3 = call i64 @_ssdm_op_BitConcatenate.i64.i59.i5(i59 0, i5 %or_ln253_5)" [NIST-KATs/aes.c:253]   --->   Operation 36 'bitconcatenate' 'tmp_3' <Predicate = true> <Delay = 0.00>
ST_3 : Operation 37 [1/1] (0.00ns)   --->   "%state_addr_3 = getelementptr [16 x i8]* %state, i64 0, i64 %tmp_3" [NIST-KATs/aes.c:253]   --->   Operation 37 'getelementptr' 'state_addr_3' <Predicate = true> <Delay = 0.00>
ST_3 : Operation 38 [1/2] (2.77ns)   --->   "%RoundKey_load = load i8* %RoundKey_addr, align 1" [NIST-KATs/aes.c:253]   --->   Operation 38 'load' 'RoundKey_load' <Predicate = true> <Delay = 2.77> <Core = "RAM">   --->   Core 37 'RAM' <Latency = 1> <II = 1> <Delay = 1.75> <Storage> <Opcode : 'load' 'store'> <Ports = 2> <Width = 8> <Depth = 16> <RAM>
ST_3 : Operation 39 [1/2] (1.75ns)   --->   "%state_load = load i8* %state_addr, align 1" [NIST-KATs/aes.c:253]   --->   Operation 39 'load' 'state_load' <Predicate = true> <Delay = 1.75> <Core = "RAM">   --->   Core 37 'RAM' <Latency = 1> <II = 1> <Delay = 1.75> <Storage> <Opcode : 'load' 'store'> <Ports = 2> <Width = 8> <Depth = 16> <RAM>
ST_3 : Operation 40 [1/1] (0.80ns)   --->   "%xor_ln253 = xor i8 %state_load, %RoundKey_load" [NIST-KATs/aes.c:253]   --->   Operation 40 'xor' 'xor_ln253' <Predicate = true> <Delay = 0.80> <Core = "LogicGate">   --->   Core 27 'LogicGate' <Latency = 0> <II = 1> <Delay = 0.80> <FuncUnit> <Opcode : 'and' 'or' 'xor'> <InPorts = 2> <OutPorts = 1>
ST_3 : Operation 41 [1/2] (2.77ns)   --->   "%RoundKey_load_1 = load i8* %RoundKey_addr_240, align 1" [NIST-KATs/aes.c:253]   --->   Operation 41 'load' 'RoundKey_load_1' <Predicate = true> <Delay = 2.77> <Core = "RAM">   --->   Core 37 'RAM' <Latency = 1> <II = 1> <Delay = 1.75> <Storage> <Opcode : 'load' 'store'> <Ports = 2> <Width = 8> <Depth = 16> <RAM>
ST_3 : Operation 42 [1/2] (1.75ns)   --->   "%state_load_1 = load i8* %state_addr_1, align 1" [NIST-KATs/aes.c:253]   --->   Operation 42 'load' 'state_load_1' <Predicate = true> <Delay = 1.75> <Core = "RAM">   --->   Core 37 'RAM' <Latency = 1> <II = 1> <Delay = 1.75> <Storage> <Opcode : 'load' 'store'> <Ports = 2> <Width = 8> <Depth = 16> <RAM>
ST_3 : Operation 43 [1/1] (0.80ns)   --->   "%xor_ln253_1 = xor i8 %state_load_1, %RoundKey_load_1" [NIST-KATs/aes.c:253]   --->   Operation 43 'xor' 'xor_ln253_1' <Predicate = true> <Delay = 0.80> <Core = "LogicGate">   --->   Core 27 'LogicGate' <Latency = 0> <II = 1> <Delay = 0.80> <FuncUnit> <Opcode : 'and' 'or' 'xor'> <InPorts = 2> <OutPorts = 1>
ST_3 : Operation 44 [1/1] (0.00ns)   --->   "%or_ln253_1 = or i8 %add_ln, 2" [NIST-KATs/aes.c:253]   --->   Operation 44 'or' 'or_ln253_1' <Predicate = true> <Delay = 0.00>
ST_3 : Operation 45 [1/1] (0.00ns)   --->   "%zext_ln253_3 = zext i8 %or_ln253_1 to i64" [NIST-KATs/aes.c:253]   --->   Operation 45 'zext' 'zext_ln253_3' <Predicate = true> <Delay = 0.00>
ST_3 : Operation 46 [1/1] (0.00ns)   --->   "%RoundKey_addr_241 = getelementptr [240 x i8]* %RoundKey, i64 0, i64 %zext_ln253_3" [NIST-KATs/aes.c:253]   --->   Operation 46 'getelementptr' 'RoundKey_addr_241' <Predicate = true> <Delay = 0.00>
ST_3 : Operation 47 [2/2] (2.77ns)   --->   "%RoundKey_load_2 = load i8* %RoundKey_addr_241, align 1" [NIST-KATs/aes.c:253]   --->   Operation 47 'load' 'RoundKey_load_2' <Predicate = true> <Delay = 2.77> <Core = "RAM">   --->   Core 37 'RAM' <Latency = 1> <II = 1> <Delay = 1.75> <Storage> <Opcode : 'load' 'store'> <Ports = 2> <Width = 8> <Depth = 16> <RAM>
ST_3 : Operation 48 [2/2] (1.75ns)   --->   "%state_load_2 = load i8* %state_addr_2, align 1" [NIST-KATs/aes.c:253]   --->   Operation 48 'load' 'state_load_2' <Predicate = true> <Delay = 1.75> <Core = "RAM">   --->   Core 37 'RAM' <Latency = 1> <II = 1> <Delay = 1.75> <Storage> <Opcode : 'load' 'store'> <Ports = 2> <Width = 8> <Depth = 16> <RAM>
ST_3 : Operation 49 [1/1] (0.00ns)   --->   "%or_ln253_2 = or i8 %add_ln, 3" [NIST-KATs/aes.c:253]   --->   Operation 49 'or' 'or_ln253_2' <Predicate = true> <Delay = 0.00>
ST_3 : Operation 50 [1/1] (0.00ns)   --->   "%zext_ln253_4 = zext i8 %or_ln253_2 to i64" [NIST-KATs/aes.c:253]   --->   Operation 50 'zext' 'zext_ln253_4' <Predicate = true> <Delay = 0.00>
ST_3 : Operation 51 [1/1] (0.00ns)   --->   "%RoundKey_addr_242 = getelementptr [240 x i8]* %RoundKey, i64 0, i64 %zext_ln253_4" [NIST-KATs/aes.c:253]   --->   Operation 51 'getelementptr' 'RoundKey_addr_242' <Predicate = true> <Delay = 0.00>
ST_3 : Operation 52 [2/2] (2.77ns)   --->   "%RoundKey_load_3 = load i8* %RoundKey_addr_242, align 1" [NIST-KATs/aes.c:253]   --->   Operation 52 'load' 'RoundKey_load_3' <Predicate = true> <Delay = 2.77> <Core = "RAM">   --->   Core 37 'RAM' <Latency = 1> <II = 1> <Delay = 1.75> <Storage> <Opcode : 'load' 'store'> <Ports = 2> <Width = 8> <Depth = 16> <RAM>
ST_3 : Operation 53 [2/2] (1.75ns)   --->   "%state_load_3 = load i8* %state_addr_3, align 1" [NIST-KATs/aes.c:253]   --->   Operation 53 'load' 'state_load_3' <Predicate = true> <Delay = 1.75> <Core = "RAM">   --->   Core 37 'RAM' <Latency = 1> <II = 1> <Delay = 1.75> <Storage> <Opcode : 'load' 'store'> <Ports = 2> <Width = 8> <Depth = 16> <RAM>

State 4 <SV = 3> <Delay = 3.57>
ST_4 : Operation 54 [1/1] (1.75ns)   --->   "store i8 %xor_ln253, i8* %state_addr, align 1" [NIST-KATs/aes.c:253]   --->   Operation 54 'store' <Predicate = true> <Delay = 1.75> <Core = "RAM">   --->   Core 37 'RAM' <Latency = 1> <II = 1> <Delay = 1.75> <Storage> <Opcode : 'load' 'store'> <Ports = 2> <Width = 8> <Depth = 16> <RAM>
ST_4 : Operation 55 [1/1] (1.75ns)   --->   "store i8 %xor_ln253_1, i8* %state_addr_1, align 1" [NIST-KATs/aes.c:253]   --->   Operation 55 'store' <Predicate = true> <Delay = 1.75> <Core = "RAM">   --->   Core 37 'RAM' <Latency = 1> <II = 1> <Delay = 1.75> <Storage> <Opcode : 'load' 'store'> <Ports = 2> <Width = 8> <Depth = 16> <RAM>
ST_4 : Operation 56 [1/2] (2.77ns)   --->   "%RoundKey_load_2 = load i8* %RoundKey_addr_241, align 1" [NIST-KATs/aes.c:253]   --->   Operation 56 'load' 'RoundKey_load_2' <Predicate = true> <Delay = 2.77> <Core = "RAM">   --->   Core 37 'RAM' <Latency = 1> <II = 1> <Delay = 1.75> <Storage> <Opcode : 'load' 'store'> <Ports = 2> <Width = 8> <Depth = 16> <RAM>
ST_4 : Operation 57 [1/2] (1.75ns)   --->   "%state_load_2 = load i8* %state_addr_2, align 1" [NIST-KATs/aes.c:253]   --->   Operation 57 'load' 'state_load_2' <Predicate = true> <Delay = 1.75> <Core = "RAM">   --->   Core 37 'RAM' <Latency = 1> <II = 1> <Delay = 1.75> <Storage> <Opcode : 'load' 'store'> <Ports = 2> <Width = 8> <Depth = 16> <RAM>
ST_4 : Operation 58 [1/1] (0.80ns)   --->   "%xor_ln253_2 = xor i8 %state_load_2, %RoundKey_load_2" [NIST-KATs/aes.c:253]   --->   Operation 58 'xor' 'xor_ln253_2' <Predicate = true> <Delay = 0.80> <Core = "LogicGate">   --->   Core 27 'LogicGate' <Latency = 0> <II = 1> <Delay = 0.80> <FuncUnit> <Opcode : 'and' 'or' 'xor'> <InPorts = 2> <OutPorts = 1>
ST_4 : Operation 59 [1/2] (2.77ns)   --->   "%RoundKey_load_3 = load i8* %RoundKey_addr_242, align 1" [NIST-KATs/aes.c:253]   --->   Operation 59 'load' 'RoundKey_load_3' <Predicate = true> <Delay = 2.77> <Core = "RAM">   --->   Core 37 'RAM' <Latency = 1> <II = 1> <Delay = 1.75> <Storage> <Opcode : 'load' 'store'> <Ports = 2> <Width = 8> <Depth = 16> <RAM>
ST_4 : Operation 60 [1/2] (1.75ns)   --->   "%state_load_3 = load i8* %state_addr_3, align 1" [NIST-KATs/aes.c:253]   --->   Operation 60 'load' 'state_load_3' <Predicate = true> <Delay = 1.75> <Core = "RAM">   --->   Core 37 'RAM' <Latency = 1> <II = 1> <Delay = 1.75> <Storage> <Opcode : 'load' 'store'> <Ports = 2> <Width = 8> <Depth = 16> <RAM>
ST_4 : Operation 61 [1/1] (0.80ns)   --->   "%xor_ln253_3 = xor i8 %state_load_3, %RoundKey_load_3" [NIST-KATs/aes.c:253]   --->   Operation 61 'xor' 'xor_ln253_3' <Predicate = true> <Delay = 0.80> <Core = "LogicGate">   --->   Core 27 'LogicGate' <Latency = 0> <II = 1> <Delay = 0.80> <FuncUnit> <Opcode : 'and' 'or' 'xor'> <InPorts = 2> <OutPorts = 1>

State 5 <SV = 4> <Delay = 1.75>
ST_5 : Operation 62 [1/1] (0.00ns)   --->   "call void (...)* @_ssdm_op_SpecLoopName([19 x i8]* @p_str4117) nounwind" [NIST-KATs/aes.c:249]   --->   Operation 62 'specloopname' <Predicate = true> <Delay = 0.00>
ST_5 : Operation 63 [1/1] (1.75ns)   --->   "store i8 %xor_ln253_2, i8* %state_addr_2, align 1" [NIST-KATs/aes.c:253]   --->   Operation 63 'store' <Predicate = true> <Delay = 1.75> <Core = "RAM">   --->   Core 37 'RAM' <Latency = 1> <II = 1> <Delay = 1.75> <Storage> <Opcode : 'load' 'store'> <Ports = 2> <Width = 8> <Depth = 16> <RAM>
ST_5 : Operation 64 [1/1] (1.75ns)   --->   "store i8 %xor_ln253_3, i8* %state_addr_3, align 1" [NIST-KATs/aes.c:253]   --->   Operation 64 'store' <Predicate = true> <Delay = 1.75> <Core = "RAM">   --->   Core 37 'RAM' <Latency = 1> <II = 1> <Delay = 1.75> <Storage> <Opcode : 'load' 'store'> <Ports = 2> <Width = 8> <Depth = 16> <RAM>
ST_5 : Operation 65 [1/1] (0.00ns)   --->   "br label %1" [NIST-KATs/aes.c:248]   --->   Operation 65 'br' <Predicate = true> <Delay = 0.00>


============================================================
+ Verbose Summary: Binding
============================================================
STG Binding: 
---------------- STG Properties BEGIN ----------------
- Is combinational: 0
- Is one-state seq: 0
- Is datapath-only: 0
- Is pipelined: 0
- Is top level: 0
Port [ Return ] is wired: 1; IO mode=ap_ctrl_hs:ce=0
Port [ round]:  wired=1; compound=0; hidden=0; nouse=0; global=0; static=0; extern=0; dir=0; type=0; pingpong=0; private_global=0; IO mode=ap_none:ce=0
Port [ state]:  wired=1; compound=1; hidden=0; nouse=0; global=0; static=0; extern=0; dir=2; type=1; pingpong=0; private_global=0; MemPort=[22]; IO mode=ap_memory:ce=0
Port [ RoundKey]:  wired=1; compound=1; hidden=0; nouse=0; global=0; static=0; extern=0; dir=0; type=1; pingpong=0; private_global=0; MemPort=[11]; IO mode=ap_memory:ce=0
---------------- STG Properties END ------------------

---------------- Datapath Model BEGIN ----------------

<LifeTime>
<method=bitvector/>
round_read         (read             ) [ 001111]
br_ln248           (br               ) [ 011111]
i_0                (phi              ) [ 001000]
icmp_ln248         (icmp             ) [ 001111]
empty              (speclooptripcount) [ 000000]
i                  (add              ) [ 011111]
br_ln248           (br               ) [ 000000]
trunc_ln253        (trunc            ) [ 000000]
tmp_s              (bitconcatenate   ) [ 000100]
zext_ln253         (zext             ) [ 000000]
state_addr         (getelementptr    ) [ 000110]
or_ln253_3         (or               ) [ 000000]
tmp_1              (bitconcatenate   ) [ 000000]
state_addr_1       (getelementptr    ) [ 000110]
trunc_ln253_1      (trunc            ) [ 000000]
add_ln             (bitconcatenate   ) [ 000100]
zext_ln253_1       (zext             ) [ 000000]
RoundKey_addr      (getelementptr    ) [ 000100]
or_ln253           (or               ) [ 000000]
zext_ln253_2       (zext             ) [ 000000]
RoundKey_addr_240  (getelementptr    ) [ 000100]
ret_ln256          (ret              ) [ 000000]
or_ln253_4         (or               ) [ 000000]
tmp_2              (bitconcatenate   ) [ 000000]
state_addr_2       (getelementptr    ) [ 000011]
or_ln253_5         (or               ) [ 000000]
tmp_3              (bitconcatenate   ) [ 000000]
state_addr_3       (getelementptr    ) [ 000011]
RoundKey_load      (load             ) [ 000000]
state_load         (load             ) [ 000000]
xor_ln253          (xor              ) [ 000010]
RoundKey_load_1    (load             ) [ 000000]
state_load_1       (load             ) [ 000000]
xor_ln253_1        (xor              ) [ 000010]
or_ln253_1         (or               ) [ 000000]
zext_ln253_3       (zext             ) [ 000000]
RoundKey_addr_241  (getelementptr    ) [ 000010]
or_ln253_2         (or               ) [ 000000]
zext_ln253_4       (zext             ) [ 000000]
RoundKey_addr_242  (getelementptr    ) [ 000010]
store_ln253        (store            ) [ 000000]
store_ln253        (store            ) [ 000000]
RoundKey_load_2    (load             ) [ 000000]
state_load_2       (load             ) [ 000000]
xor_ln253_2        (xor              ) [ 000001]
RoundKey_load_3    (load             ) [ 000000]
state_load_3       (load             ) [ 000000]
xor_ln253_3        (xor              ) [ 000001]
specloopname_ln249 (specloopname     ) [ 000000]
store_ln253        (store            ) [ 000000]
store_ln253        (store            ) [ 000000]
br_ln248           (br               ) [ 011111]
</LifeTime>

<model>

<comp_list>
<comp id="0" class="1000" name="round">
<pin_list>
<pin id="1" dir="1" index="0" bw="1" slack="0"/>
</pin_list>
<bind>
<StgValue><ssdm name="round"/></StgValue>
</bind>
</comp>

<comp id="2" class="1000" name="state">
<pin_list>
<pin id="3" dir="1" index="0" bw="1" slack="0"/>
</pin_list>
<bind>
<StgValue><ssdm name="state"/><MemPortTyVec>2 2 </MemPortTyVec>
</StgValue>
</bind>
</comp>

<comp id="4" class="1000" name="RoundKey">
<pin_list>
<pin id="5" dir="1" index="0" bw="1" slack="0"/>
</pin_list>
<bind>
<StgValue><ssdm name="RoundKey"/><MemPortTyVec>1 1 </MemPortTyVec>
</StgValue>
</bind>
</comp>

<comp id="6" class="1001" name="const_6">
<pin_list>
<pin id="7" dir="1" index="0" bw="1" slack="0"/>
</pin_list>
<bind>
<StgValue><ssdm name="_ssdm_op_Read.ap_auto.i5"/></StgValue>
</bind>
</comp>

<comp id="8" class="1001" name="const_8">
<pin_list>
<pin id="9" dir="1" index="0" bw="1" slack="1"/>
</pin_list>
<bind>
<StgValue><ssdm name=""/></StgValue>
</bind>
</comp>

<comp id="10" class="1001" name="const_10">
<pin_list>
<pin id="11" dir="1" index="0" bw="1" slack="0"/>
</pin_list>
<bind>
<StgValue><ssdm name=""/></StgValue>
</bind>
</comp>

<comp id="12" class="1001" name="const_12">
<pin_list>
<pin id="13" dir="1" index="0" bw="1" slack="2147483647"/>
</pin_list>
<bind>
<StgValue><ssdm name="_ssdm_op_SpecLoopTripCount"/></StgValue>
</bind>
</comp>

<comp id="14" class="1001" name="const_14">
<pin_list>
<pin id="15" dir="1" index="0" bw="1" slack="2147483647"/>
</pin_list>
<bind>
<StgValue><ssdm name=""/></StgValue>
</bind>
</comp>

<comp id="16" class="1001" name="const_16">
<pin_list>
<pin id="17" dir="1" index="0" bw="1" slack="0"/>
</pin_list>
<bind>
<StgValue><ssdm name=""/></StgValue>
</bind>
</comp>

<comp id="18" class="1001" name="const_18">
<pin_list>
<pin id="19" dir="1" index="0" bw="1" slack="0"/>
</pin_list>
<bind>
<StgValue><ssdm name="_ssdm_op_BitConcatenate.i5.i3.i2"/></StgValue>
</bind>
</comp>

<comp id="20" class="1001" name="const_20">
<pin_list>
<pin id="21" dir="1" index="0" bw="1" slack="0"/>
</pin_list>
<bind>
<StgValue><ssdm name=""/></StgValue>
</bind>
</comp>

<comp id="22" class="1001" name="const_22">
<pin_list>
<pin id="23" dir="1" index="0" bw="1" slack="0"/>
</pin_list>
<bind>
<StgValue><ssdm name=""/></StgValue>
</bind>
</comp>

<comp id="24" class="1001" name="const_24">
<pin_list>
<pin id="25" dir="1" index="0" bw="1" slack="0"/>
</pin_list>
<bind>
<StgValue><ssdm name=""/></StgValue>
</bind>
</comp>

<comp id="26" class="1001" name="const_26">
<pin_list>
<pin id="27" dir="1" index="0" bw="1" slack="0"/>
</pin_list>
<bind>
<StgValue><ssdm name="_ssdm_op_BitConcatenate.i64.i59.i5"/></StgValue>
</bind>
</comp>

<comp id="28" class="1001" name="const_28">
<pin_list>
<pin id="29" dir="1" index="0" bw="1" slack="0"/>
</pin_list>
<bind>
<StgValue><ssdm name=""/></StgValue>
</bind>
</comp>

<comp id="30" class="1001" name="const_30">
<pin_list>
<pin id="31" dir="1" index="0" bw="1" slack="0"/>
</pin_list>
<bind>
<StgValue><ssdm name="_ssdm_op_BitConcatenate.i8.i4.i2.i2"/></StgValue>
</bind>
</comp>

<comp id="32" class="1001" name="const_32">
<pin_list>
<pin id="33" dir="1" index="0" bw="1" slack="0"/>
</pin_list>
<bind>
<StgValue><ssdm name=""/></StgValue>
</bind>
</comp>

<comp id="34" class="1001" name="const_34">
<pin_list>
<pin id="35" dir="1" index="0" bw="1" slack="0"/>
</pin_list>
<bind>
<StgValue><ssdm name=""/></StgValue>
</bind>
</comp>

<comp id="36" class="1001" name="const_36">
<pin_list>
<pin id="37" dir="1" index="0" bw="1" slack="0"/>
</pin_list>
<bind>
<StgValue><ssdm name=""/></StgValue>
</bind>
</comp>

<comp id="38" class="1001" name="const_38">
<pin_list>
<pin id="39" dir="1" index="0" bw="1" slack="0"/>
</pin_list>
<bind>
<StgValue><ssdm name=""/></StgValue>
</bind>
</comp>

<comp id="40" class="1001" name="const_40">
<pin_list>
<pin id="41" dir="1" index="0" bw="1" slack="0"/>
</pin_list>
<bind>
<StgValue><ssdm name=""/></StgValue>
</bind>
</comp>

<comp id="42" class="1001" name="const_42">
<pin_list>
<pin id="43" dir="1" index="0" bw="1" slack="2147483647"/>
</pin_list>
<bind>
<StgValue><ssdm name="_ssdm_op_SpecLoopName"/></StgValue>
</bind>
</comp>

<comp id="44" class="1001" name="const_44">
<pin_list>
<pin id="45" dir="1" index="0" bw="1" slack="2147483647"/>
</pin_list>
<bind>
<StgValue><ssdm name="p_str4117"/></StgValue>
</bind>
</comp>

<comp id="46" class="1004" name="round_read_read_fu_46">
<pin_list>
<pin id="47" dir="0" index="0" bw="5" slack="0"/>
<pin id="48" dir="0" index="1" bw="5" slack="0"/>
<pin id="49" dir="1" index="2" bw="5" slack="1"/>
</pin_list>
<bind>
<opcode="read(1150) " fcode="read"/>
<opset="round_read/1 "/>
</bind>
</comp>

<comp id="52" class="1004" name="state_addr_gep_fu_52">
<pin_list>
<pin id="53" dir="0" index="0" bw="8" slack="0"/>
<pin id="54" dir="0" index="1" bw="1" slack="0"/>
<pin id="55" dir="0" index="2" bw="5" slack="0"/>
<pin id="56" dir="1" index="3" bw="4" slack="0"/>
</pin_list>
<bind>
<opcode="getelementptr(29) " fcode="getelementptr"/>
<opset="state_addr/2 "/>
</bind>
</comp>

<comp id="59" class="1004" name="state_addr_1_gep_fu_59">
<pin_list>
<pin id="60" dir="0" index="0" bw="8" slack="0"/>
<pin id="61" dir="0" index="1" bw="1" slack="0"/>
<pin id="62" dir="0" index="2" bw="64" slack="0"/>
<pin id="63" dir="1" index="3" bw="4" slack="0"/>
</pin_list>
<bind>
<opcode="getelementptr(29) " fcode="getelementptr"/>
<opset="state_addr_1/2 "/>
</bind>
</comp>

<comp id="66" class="1004" name="RoundKey_addr_gep_fu_66">
<pin_list>
<pin id="67" dir="0" index="0" bw="8" slack="0"/>
<pin id="68" dir="0" index="1" bw="1" slack="0"/>
<pin id="69" dir="0" index="2" bw="8" slack="0"/>
<pin id="70" dir="1" index="3" bw="8" slack="0"/>
</pin_list>
<bind>
<opcode="getelementptr(29) " fcode="getelementptr"/>
<opset="RoundKey_addr/2 "/>
</bind>
</comp>

<comp id="73" class="1004" name="grp_access_fu_73">
<pin_list>
<pin id="74" dir="0" index="0" bw="8" slack="0"/>
<pin id="75" dir="0" index="1" bw="8" slack="2147483647"/>
<pin id="76" dir="0" index="2" bw="0" slack="0"/>
<pin id="92" dir="0" index="4" bw="8" slack="2147483647"/>
<pin id="93" dir="0" index="5" bw="8" slack="2147483647"/>
<pin id="94" dir="0" index="6" bw="0" slack="2147483647"/>
<pin id="77" dir="1" index="3" bw="8" slack="0"/>
<pin id="95" dir="1" index="7" bw="8" slack="0"/>
</pin_list>
<bind>
<opcode="load(27) " fcode="load"/>
<opset="RoundKey_load/2 RoundKey_load_1/2 RoundKey_load_2/3 RoundKey_load_3/3 "/>
</bind>
</comp>

<comp id="79" class="1004" name="grp_access_fu_79">
<pin_list>
<pin id="80" dir="0" index="0" bw="4" slack="0"/>
<pin id="81" dir="0" index="1" bw="8" slack="1"/>
<pin id="82" dir="0" index="2" bw="0" slack="0"/>
<pin id="97" dir="0" index="4" bw="4" slack="1"/>
<pin id="98" dir="0" index="5" bw="8" slack="2147483647"/>
<pin id="99" dir="0" index="6" bw="0" slack="2147483647"/>
<pin id="83" dir="1" index="3" bw="8" slack="0"/>
<pin id="100" dir="1" index="7" bw="8" slack="0"/>
</pin_list>
<bind>
<opcode="load(27) store(28) " fcode="store"/>
<opset="state_load/2 state_load_1/2 state_load_2/3 state_load_3/3 store_ln253/4 store_ln253/4 store_ln253/5 store_ln253/5 "/>
</bind>
</comp>

<comp id="85" class="1004" name="RoundKey_addr_240_gep_fu_85">
<pin_list>
<pin id="86" dir="0" index="0" bw="8" slack="0"/>
<pin id="87" dir="0" index="1" bw="1" slack="0"/>
<pin id="88" dir="0" index="2" bw="8" slack="0"/>
<pin id="89" dir="1" index="3" bw="8" slack="0"/>
</pin_list>
<bind>
<opcode="getelementptr(29) " fcode="getelementptr"/>
<opset="RoundKey_addr_240/2 "/>
</bind>
</comp>

<comp id="102" class="1004" name="state_addr_2_gep_fu_102">
<pin_list>
<pin id="103" dir="0" index="0" bw="8" slack="0"/>
<pin id="104" dir="0" index="1" bw="1" slack="0"/>
<pin id="105" dir="0" index="2" bw="64" slack="0"/>
<pin id="106" dir="1" index="3" bw="4" slack="0"/>
</pin_list>
<bind>
<opcode="getelementptr(29) " fcode="getelementptr"/>
<opset="state_addr_2/3 "/>
</bind>
</comp>

<comp id="109" class="1004" name="state_addr_3_gep_fu_109">
<pin_list>
<pin id="110" dir="0" index="0" bw="8" slack="0"/>
<pin id="111" dir="0" index="1" bw="1" slack="0"/>
<pin id="112" dir="0" index="2" bw="64" slack="0"/>
<pin id="113" dir="1" index="3" bw="4" slack="0"/>
</pin_list>
<bind>
<opcode="getelementptr(29) " fcode="getelementptr"/>
<opset="state_addr_3/3 "/>
</bind>
</comp>

<comp id="116" class="1004" name="RoundKey_addr_241_gep_fu_116">
<pin_list>
<pin id="117" dir="0" index="0" bw="8" slack="0"/>
<pin id="118" dir="0" index="1" bw="1" slack="0"/>
<pin id="119" dir="0" index="2" bw="8" slack="0"/>
<pin id="120" dir="1" index="3" bw="8" slack="0"/>
</pin_list>
<bind>
<opcode="getelementptr(29) " fcode="getelementptr"/>
<opset="RoundKey_addr_241/3 "/>
</bind>
</comp>

<comp id="125" class="1004" name="RoundKey_addr_242_gep_fu_125">
<pin_list>
<pin id="126" dir="0" index="0" bw="8" slack="0"/>
<pin id="127" dir="0" index="1" bw="1" slack="0"/>
<pin id="128" dir="0" index="2" bw="8" slack="0"/>
<pin id="129" dir="1" index="3" bw="8" slack="0"/>
</pin_list>
<bind>
<opcode="getelementptr(29) " fcode="getelementptr"/>
<opset="RoundKey_addr_242/3 "/>
</bind>
</comp>

<comp id="134" class="1005" name="i_0_reg_134">
<pin_list>
<pin id="135" dir="0" index="0" bw="3" slack="1"/>
<pin id="136" dir="1" index="1" bw="3" slack="1"/>
</pin_list>
<bind>
<opset="i_0 (phireg) "/>
</bind>
</comp>

<comp id="138" class="1004" name="i_0_phi_fu_138">
<pin_list>
<pin id="139" dir="0" index="0" bw="1" slack="1"/>
<pin id="140" dir="0" index="1" bw="0" slack="2147483647"/>
<pin id="141" dir="0" index="2" bw="3" slack="0"/>
<pin id="142" dir="0" index="3" bw="0" slack="2147483647"/>
<pin id="143" dir="1" index="4" bw="3" slack="0"/>
</pin_list>
<bind>
<opcode="phi(47) " fcode="phi"/>
<opset="i_0/2 "/>
</bind>
</comp>

<comp id="145" class="1004" name="grp_fu_145">
<pin_list>
<pin id="146" dir="0" index="0" bw="8" slack="0"/>
<pin id="147" dir="0" index="1" bw="8" slack="0"/>
<pin id="148" dir="1" index="2" bw="8" slack="1"/>
</pin_list>
<bind>
<opcode="xor(25) " fcode="xor"/>
<opset="xor_ln253/3 xor_ln253_2/4 "/>
</bind>
</comp>

<comp id="151" class="1004" name="grp_fu_151">
<pin_list>
<pin id="152" dir="0" index="0" bw="8" slack="0"/>
<pin id="153" dir="0" index="1" bw="8" slack="0"/>
<pin id="154" dir="1" index="2" bw="8" slack="1"/>
</pin_list>
<bind>
<opcode="xor(25) " fcode="xor"/>
<opset="xor_ln253_1/3 xor_ln253_3/4 "/>
</bind>
</comp>

<comp id="157" class="1005" name="reg_157">
<pin_list>
<pin id="158" dir="0" index="0" bw="8" slack="1"/>
<pin id="159" dir="1" index="1" bw="8" slack="1"/>
</pin_list>
<bind>
<opset="xor_ln253 xor_ln253_2 "/>
</bind>
</comp>

<comp id="162" class="1005" name="reg_162">
<pin_list>
<pin id="163" dir="0" index="0" bw="8" slack="1"/>
<pin id="164" dir="1" index="1" bw="8" slack="1"/>
</pin_list>
<bind>
<opset="xor_ln253_1 xor_ln253_3 "/>
</bind>
</comp>

<comp id="167" class="1004" name="icmp_ln248_fu_167">
<pin_list>
<pin id="168" dir="0" index="0" bw="3" slack="0"/>
<pin id="169" dir="0" index="1" bw="3" slack="0"/>
<pin id="170" dir="1" index="2" bw="1" slack="2147483647"/>
</pin_list>
<bind>
<opcode="icmp(45) " fcode="icmp"/>
<opset="icmp_ln248/2 "/>
</bind>
</comp>

<comp id="173" class="1004" name="i_fu_173">
<pin_list>
<pin id="174" dir="0" index="0" bw="3" slack="0"/>
<pin id="175" dir="0" index="1" bw="1" slack="0"/>
<pin id="176" dir="1" index="2" bw="3" slack="0"/>
</pin_list>
<bind>
<opcode="add(8) " fcode="add"/>
<opset="i/2 "/>
</bind>
</comp>

<comp id="179" class="1004" name="trunc_ln253_fu_179">
<pin_list>
<pin id="180" dir="0" index="0" bw="3" slack="0"/>
<pin id="181" dir="1" index="1" bw="2" slack="0"/>
</pin_list>
<bind>
<opcode="trunc(33) " fcode="trunc"/>
<opset="trunc_ln253/2 "/>
</bind>
</comp>

<comp id="183" class="1004" name="tmp_s_fu_183">
<pin_list>
<pin id="184" dir="0" index="0" bw="5" slack="0"/>
<pin id="185" dir="0" index="1" bw="3" slack="0"/>
<pin id="186" dir="0" index="2" bw="1" slack="0"/>
<pin id="187" dir="1" index="3" bw="5" slack="0"/>
</pin_list>
<bind>
<opcode="bitconcatenate(1004) " fcode="bitconcatenate"/>
<opset="tmp_s/2 "/>
</bind>
</comp>

<comp id="191" class="1004" name="zext_ln253_fu_191">
<pin_list>
<pin id="192" dir="0" index="0" bw="5" slack="0"/>
<pin id="193" dir="1" index="1" bw="64" slack="0"/>
</pin_list>
<bind>
<opcode="zext(34) " fcode="zext"/>
<opset="zext_ln253/2 "/>
</bind>
</comp>

<comp id="196" class="1004" name="or_ln253_3_fu_196">
<pin_list>
<pin id="197" dir="0" index="0" bw="5" slack="0"/>
<pin id="198" dir="0" index="1" bw="1" slack="0"/>
<pin id="199" dir="1" index="2" bw="5" slack="0"/>
</pin_list>
<bind>
<opcode="or(24) " fcode="or"/>
<opset="or_ln253_3/2 "/>
</bind>
</comp>

<comp id="202" class="1004" name="tmp_1_fu_202">
<pin_list>
<pin id="203" dir="0" index="0" bw="64" slack="0"/>
<pin id="204" dir="0" index="1" bw="1" slack="0"/>
<pin id="205" dir="0" index="2" bw="5" slack="0"/>
<pin id="206" dir="1" index="3" bw="64" slack="0"/>
</pin_list>
<bind>
<opcode="bitconcatenate(1004) " fcode="bitconcatenate"/>
<opset="tmp_1/2 "/>
</bind>
</comp>

<comp id="211" class="1004" name="trunc_ln253_1_fu_211">
<pin_list>
<pin id="212" dir="0" index="0" bw="5" slack="1"/>
<pin id="213" dir="1" index="1" bw="4" slack="0"/>
</pin_list>
<bind>
<opcode="trunc(33) " fcode="trunc"/>
<opset="trunc_ln253_1/2 "/>
</bind>
</comp>

<comp id="214" class="1004" name="add_ln_fu_214">
<pin_list>
<pin id="215" dir="0" index="0" bw="8" slack="0"/>
<pin id="216" dir="0" index="1" bw="4" slack="0"/>
<pin id="217" dir="0" index="2" bw="2" slack="0"/>
<pin id="218" dir="0" index="3" bw="1" slack="0"/>
<pin id="219" dir="1" index="4" bw="8" slack="0"/>
</pin_list>
<bind>
<opcode="bitconcatenate(1004) " fcode="bitconcatenate"/>
<opset="add_ln/2 "/>
</bind>
</comp>

<comp id="224" class="1004" name="zext_ln253_1_fu_224">
<pin_list>
<pin id="225" dir="0" index="0" bw="8" slack="0"/>
<pin id="226" dir="1" index="1" bw="64" slack="0"/>
</pin_list>
<bind>
<opcode="zext(34) " fcode="zext"/>
<opset="zext_ln253_1/2 "/>
</bind>
</comp>

<comp id="229" class="1004" name="or_ln253_fu_229">
<pin_list>
<pin id="230" dir="0" index="0" bw="8" slack="0"/>
<pin id="231" dir="0" index="1" bw="1" slack="0"/>
<pin id="232" dir="1" index="2" bw="8" slack="0"/>
</pin_list>
<bind>
<opcode="or(24) " fcode="or"/>
<opset="or_ln253/2 "/>
</bind>
</comp>

<comp id="235" class="1004" name="zext_ln253_2_fu_235">
<pin_list>
<pin id="236" dir="0" index="0" bw="8" slack="0"/>
<pin id="237" dir="1" index="1" bw="64" slack="0"/>
</pin_list>
<bind>
<opcode="zext(34) " fcode="zext"/>
<opset="zext_ln253_2/2 "/>
</bind>
</comp>

<comp id="240" class="1004" name="or_ln253_4_fu_240">
<pin_list>
<pin id="241" dir="0" index="0" bw="5" slack="1"/>
<pin id="242" dir="0" index="1" bw="3" slack="0"/>
<pin id="243" dir="1" index="2" bw="5" slack="0"/>
</pin_list>
<bind>
<opcode="or(24) " fcode="or"/>
<opset="or_ln253_4/3 "/>
</bind>
</comp>

<comp id="245" class="1004" name="tmp_2_fu_245">
<pin_list>
<pin id="246" dir="0" index="0" bw="64" slack="0"/>
<pin id="247" dir="0" index="1" bw="1" slack="0"/>
<pin id="248" dir="0" index="2" bw="5" slack="0"/>
<pin id="249" dir="1" index="3" bw="64" slack="0"/>
</pin_list>
<bind>
<opcode="bitconcatenate(1004) " fcode="bitconcatenate"/>
<opset="tmp_2/3 "/>
</bind>
</comp>

<comp id="254" class="1004" name="or_ln253_5_fu_254">
<pin_list>
<pin id="255" dir="0" index="0" bw="5" slack="1"/>
<pin id="256" dir="0" index="1" bw="3" slack="0"/>
<pin id="257" dir="1" index="2" bw="5" slack="0"/>
</pin_list>
<bind>
<opcode="or(24) " fcode="or"/>
<opset="or_ln253_5/3 "/>
</bind>
</comp>

<comp id="259" class="1004" name="tmp_3_fu_259">
<pin_list>
<pin id="260" dir="0" index="0" bw="64" slack="0"/>
<pin id="261" dir="0" index="1" bw="1" slack="0"/>
<pin id="262" dir="0" index="2" bw="5" slack="0"/>
<pin id="263" dir="1" index="3" bw="64" slack="0"/>
</pin_list>
<bind>
<opcode="bitconcatenate(1004) " fcode="bitconcatenate"/>
<opset="tmp_3/3 "/>
</bind>
</comp>

<comp id="268" class="1004" name="or_ln253_1_fu_268">
<pin_list>
<pin id="269" dir="0" index="0" bw="8" slack="1"/>
<pin id="270" dir="0" index="1" bw="3" slack="0"/>
<pin id="271" dir="1" index="2" bw="8" slack="0"/>
</pin_list>
<bind>
<opcode="or(24) " fcode="or"/>
<opset="or_ln253_1/3 "/>
</bind>
</comp>

<comp id="273" class="1004" name="zext_ln253_3_fu_273">
<pin_list>
<pin id="274" dir="0" index="0" bw="8" slack="0"/>
<pin id="275" dir="1" index="1" bw="64" slack="0"/>
</pin_list>
<bind>
<opcode="zext(34) " fcode="zext"/>
<opset="zext_ln253_3/3 "/>
</bind>
</comp>

<comp id="278" class="1004" name="or_ln253_2_fu_278">
<pin_list>
<pin id="279" dir="0" index="0" bw="8" slack="1"/>
<pin id="280" dir="0" index="1" bw="3" slack="0"/>
<pin id="281" dir="1" index="2" bw="8" slack="0"/>
</pin_list>
<bind>
<opcode="or(24) " fcode="or"/>
<opset="or_ln253_2/3 "/>
</bind>
</comp>

<comp id="283" class="1004" name="zext_ln253_4_fu_283">
<pin_list>
<pin id="284" dir="0" index="0" bw="8" slack="0"/>
<pin id="285" dir="1" index="1" bw="64" slack="0"/>
</pin_list>
<bind>
<opcode="zext(34) " fcode="zext"/>
<opset="zext_ln253_4/3 "/>
</bind>
</comp>

<comp id="288" class="1005" name="round_read_reg_288">
<pin_list>
<pin id="289" dir="0" index="0" bw="5" slack="1"/>
<pin id="290" dir="1" index="1" bw="5" slack="1"/>
</pin_list>
<bind>
<opset="round_read "/>
</bind>
</comp>

<comp id="296" class="1005" name="i_reg_296">
<pin_list>
<pin id="297" dir="0" index="0" bw="3" slack="0"/>
<pin id="298" dir="1" index="1" bw="3" slack="0"/>
</pin_list>
<bind>
<opset="i "/>
</bind>
</comp>

<comp id="301" class="1005" name="tmp_s_reg_301">
<pin_list>
<pin id="302" dir="0" index="0" bw="5" slack="1"/>
<pin id="303" dir="1" index="1" bw="5" slack="1"/>
</pin_list>
<bind>
<opset="tmp_s "/>
</bind>
</comp>

<comp id="307" class="1005" name="state_addr_reg_307">
<pin_list>
<pin id="308" dir="0" index="0" bw="4" slack="1"/>
<pin id="309" dir="1" index="1" bw="4" slack="1"/>
</pin_list>
<bind>
<opset="state_addr "/>
</bind>
</comp>

<comp id="312" class="1005" name="state_addr_1_reg_312">
<pin_list>
<pin id="313" dir="0" index="0" bw="4" slack="1"/>
<pin id="314" dir="1" index="1" bw="4" slack="1"/>
</pin_list>
<bind>
<opset="state_addr_1 "/>
</bind>
</comp>

<comp id="317" class="1005" name="add_ln_reg_317">
<pin_list>
<pin id="318" dir="0" index="0" bw="8" slack="1"/>
<pin id="319" dir="1" index="1" bw="8" slack="1"/>
</pin_list>
<bind>
<opset="add_ln "/>
</bind>
</comp>

<comp id="323" class="1005" name="RoundKey_addr_reg_323">
<pin_list>
<pin id="324" dir="0" index="0" bw="8" slack="1"/>
<pin id="325" dir="1" index="1" bw="8" slack="1"/>
</pin_list>
<bind>
<opset="RoundKey_addr "/>
</bind>
</comp>

<comp id="328" class="1005" name="RoundKey_addr_240_reg_328">
<pin_list>
<pin id="329" dir="0" index="0" bw="8" slack="1"/>
<pin id="330" dir="1" index="1" bw="8" slack="1"/>
</pin_list>
<bind>
<opset="RoundKey_addr_240 "/>
</bind>
</comp>

<comp id="333" class="1005" name="state_addr_2_reg_333">
<pin_list>
<pin id="334" dir="0" index="0" bw="4" slack="1"/>
<pin id="335" dir="1" index="1" bw="4" slack="1"/>
</pin_list>
<bind>
<opset="state_addr_2 "/>
</bind>
</comp>

<comp id="338" class="1005" name="state_addr_3_reg_338">
<pin_list>
<pin id="339" dir="0" index="0" bw="4" slack="1"/>
<pin id="340" dir="1" index="1" bw="4" slack="1"/>
</pin_list>
<bind>
<opset="state_addr_3 "/>
</bind>
</comp>

<comp id="343" class="1005" name="RoundKey_addr_241_reg_343">
<pin_list>
<pin id="344" dir="0" index="0" bw="8" slack="1"/>
<pin id="345" dir="1" index="1" bw="8" slack="1"/>
</pin_list>
<bind>
<opset="RoundKey_addr_241 "/>
</bind>
</comp>

<comp id="348" class="1005" name="RoundKey_addr_242_reg_348">
<pin_list>
<pin id="349" dir="0" index="0" bw="8" slack="1"/>
<pin id="350" dir="1" index="1" bw="8" slack="1"/>
</pin_list>
<bind>
<opset="RoundKey_addr_242 "/>
</bind>
</comp>

</comp_list>

<net_list>
<net id="50"><net_src comp="6" pin="0"/><net_sink comp="46" pin=0"/></net>

<net id="51"><net_src comp="0" pin="0"/><net_sink comp="46" pin=1"/></net>

<net id="57"><net_src comp="2" pin="0"/><net_sink comp="52" pin=0"/></net>

<net id="58"><net_src comp="22" pin="0"/><net_sink comp="52" pin=1"/></net>

<net id="64"><net_src comp="2" pin="0"/><net_sink comp="59" pin=0"/></net>

<net id="65"><net_src comp="22" pin="0"/><net_sink comp="59" pin=1"/></net>

<net id="71"><net_src comp="4" pin="0"/><net_sink comp="66" pin=0"/></net>

<net id="72"><net_src comp="22" pin="0"/><net_sink comp="66" pin=1"/></net>

<net id="78"><net_src comp="66" pin="3"/><net_sink comp="73" pin=0"/></net>

<net id="84"><net_src comp="52" pin="3"/><net_sink comp="79" pin=0"/></net>

<net id="90"><net_src comp="4" pin="0"/><net_sink comp="85" pin=0"/></net>

<net id="91"><net_src comp="22" pin="0"/><net_sink comp="85" pin=1"/></net>

<net id="96"><net_src comp="85" pin="3"/><net_sink comp="73" pin=2"/></net>

<net id="101"><net_src comp="59" pin="3"/><net_sink comp="79" pin=2"/></net>

<net id="107"><net_src comp="2" pin="0"/><net_sink comp="102" pin=0"/></net>

<net id="108"><net_src comp="22" pin="0"/><net_sink comp="102" pin=1"/></net>

<net id="114"><net_src comp="2" pin="0"/><net_sink comp="109" pin=0"/></net>

<net id="115"><net_src comp="22" pin="0"/><net_sink comp="109" pin=1"/></net>

<net id="121"><net_src comp="4" pin="0"/><net_sink comp="116" pin=0"/></net>

<net id="122"><net_src comp="22" pin="0"/><net_sink comp="116" pin=1"/></net>

<net id="123"><net_src comp="116" pin="3"/><net_sink comp="73" pin=0"/></net>

<net id="124"><net_src comp="102" pin="3"/><net_sink comp="79" pin=0"/></net>

<net id="130"><net_src comp="4" pin="0"/><net_sink comp="125" pin=0"/></net>

<net id="131"><net_src comp="22" pin="0"/><net_sink comp="125" pin=1"/></net>

<net id="132"><net_src comp="125" pin="3"/><net_sink comp="73" pin=2"/></net>

<net id="133"><net_src comp="109" pin="3"/><net_sink comp="79" pin=2"/></net>

<net id="137"><net_src comp="8" pin="0"/><net_sink comp="134" pin=0"/></net>

<net id="144"><net_src comp="134" pin="1"/><net_sink comp="138" pin=0"/></net>

<net id="149"><net_src comp="79" pin="3"/><net_sink comp="145" pin=0"/></net>

<net id="150"><net_src comp="73" pin="3"/><net_sink comp="145" pin=1"/></net>

<net id="155"><net_src comp="79" pin="7"/><net_sink comp="151" pin=0"/></net>

<net id="156"><net_src comp="73" pin="7"/><net_sink comp="151" pin=1"/></net>

<net id="160"><net_src comp="145" pin="2"/><net_sink comp="157" pin=0"/></net>

<net id="161"><net_src comp="157" pin="1"/><net_sink comp="79" pin=1"/></net>

<net id="165"><net_src comp="151" pin="2"/><net_sink comp="162" pin=0"/></net>

<net id="166"><net_src comp="162" pin="1"/><net_sink comp="79" pin=4"/></net>

<net id="171"><net_src comp="138" pin="4"/><net_sink comp="167" pin=0"/></net>

<net id="172"><net_src comp="10" pin="0"/><net_sink comp="167" pin=1"/></net>

<net id="177"><net_src comp="138" pin="4"/><net_sink comp="173" pin=0"/></net>

<net id="178"><net_src comp="16" pin="0"/><net_sink comp="173" pin=1"/></net>

<net id="182"><net_src comp="138" pin="4"/><net_sink comp="179" pin=0"/></net>

<net id="188"><net_src comp="18" pin="0"/><net_sink comp="183" pin=0"/></net>

<net id="189"><net_src comp="138" pin="4"/><net_sink comp="183" pin=1"/></net>

<net id="190"><net_src comp="20" pin="0"/><net_sink comp="183" pin=2"/></net>

<net id="194"><net_src comp="183" pin="3"/><net_sink comp="191" pin=0"/></net>

<net id="195"><net_src comp="191" pin="1"/><net_sink comp="52" pin=2"/></net>

<net id="200"><net_src comp="183" pin="3"/><net_sink comp="196" pin=0"/></net>

<net id="201"><net_src comp="24" pin="0"/><net_sink comp="196" pin=1"/></net>

<net id="207"><net_src comp="26" pin="0"/><net_sink comp="202" pin=0"/></net>

<net id="208"><net_src comp="28" pin="0"/><net_sink comp="202" pin=1"/></net>

<net id="209"><net_src comp="196" pin="2"/><net_sink comp="202" pin=2"/></net>

<net id="210"><net_src comp="202" pin="3"/><net_sink comp="59" pin=2"/></net>

<net id="220"><net_src comp="30" pin="0"/><net_sink comp="214" pin=0"/></net>

<net id="221"><net_src comp="211" pin="1"/><net_sink comp="214" pin=1"/></net>

<net id="222"><net_src comp="179" pin="1"/><net_sink comp="214" pin=2"/></net>

<net id="223"><net_src comp="20" pin="0"/><net_sink comp="214" pin=3"/></net>

<net id="227"><net_src comp="214" pin="4"/><net_sink comp="224" pin=0"/></net>

<net id="228"><net_src comp="224" pin="1"/><net_sink comp="66" pin=2"/></net>

<net id="233"><net_src comp="214" pin="4"/><net_sink comp="229" pin=0"/></net>

<net id="234"><net_src comp="32" pin="0"/><net_sink comp="229" pin=1"/></net>

<net id="238"><net_src comp="229" pin="2"/><net_sink comp="235" pin=0"/></net>

<net id="239"><net_src comp="235" pin="1"/><net_sink comp="85" pin=2"/></net>

<net id="244"><net_src comp="34" pin="0"/><net_sink comp="240" pin=1"/></net>

<net id="250"><net_src comp="26" pin="0"/><net_sink comp="245" pin=0"/></net>

<net id="251"><net_src comp="28" pin="0"/><net_sink comp="245" pin=1"/></net>

<net id="252"><net_src comp="240" pin="2"/><net_sink comp="245" pin=2"/></net>

<net id="253"><net_src comp="245" pin="3"/><net_sink comp="102" pin=2"/></net>

<net id="258"><net_src comp="36" pin="0"/><net_sink comp="254" pin=1"/></net>

<net id="264"><net_src comp="26" pin="0"/><net_sink comp="259" pin=0"/></net>

<net id="265"><net_src comp="28" pin="0"/><net_sink comp="259" pin=1"/></net>

<net id="266"><net_src comp="254" pin="2"/><net_sink comp="259" pin=2"/></net>

<net id="267"><net_src comp="259" pin="3"/><net_sink comp="109" pin=2"/></net>

<net id="272"><net_src comp="38" pin="0"/><net_sink comp="268" pin=1"/></net>

<net id="276"><net_src comp="268" pin="2"/><net_sink comp="273" pin=0"/></net>

<net id="277"><net_src comp="273" pin="1"/><net_sink comp="116" pin=2"/></net>

<net id="282"><net_src comp="40" pin="0"/><net_sink comp="278" pin=1"/></net>

<net id="286"><net_src comp="278" pin="2"/><net_sink comp="283" pin=0"/></net>

<net id="287"><net_src comp="283" pin="1"/><net_sink comp="125" pin=2"/></net>

<net id="291"><net_src comp="46" pin="2"/><net_sink comp="288" pin=0"/></net>

<net id="292"><net_src comp="288" pin="1"/><net_sink comp="211" pin=0"/></net>

<net id="299"><net_src comp="173" pin="2"/><net_sink comp="296" pin=0"/></net>

<net id="300"><net_src comp="296" pin="1"/><net_sink comp="138" pin=2"/></net>

<net id="304"><net_src comp="183" pin="3"/><net_sink comp="301" pin=0"/></net>

<net id="305"><net_src comp="301" pin="1"/><net_sink comp="240" pin=0"/></net>

<net id="306"><net_src comp="301" pin="1"/><net_sink comp="254" pin=0"/></net>

<net id="310"><net_src comp="52" pin="3"/><net_sink comp="307" pin=0"/></net>

<net id="311"><net_src comp="307" pin="1"/><net_sink comp="79" pin=0"/></net>

<net id="315"><net_src comp="59" pin="3"/><net_sink comp="312" pin=0"/></net>

<net id="316"><net_src comp="312" pin="1"/><net_sink comp="79" pin=2"/></net>

<net id="320"><net_src comp="214" pin="4"/><net_sink comp="317" pin=0"/></net>

<net id="321"><net_src comp="317" pin="1"/><net_sink comp="268" pin=0"/></net>

<net id="322"><net_src comp="317" pin="1"/><net_sink comp="278" pin=0"/></net>

<net id="326"><net_src comp="66" pin="3"/><net_sink comp="323" pin=0"/></net>

<net id="327"><net_src comp="323" pin="1"/><net_sink comp="73" pin=0"/></net>

<net id="331"><net_src comp="85" pin="3"/><net_sink comp="328" pin=0"/></net>

<net id="332"><net_src comp="328" pin="1"/><net_sink comp="73" pin=2"/></net>

<net id="336"><net_src comp="102" pin="3"/><net_sink comp="333" pin=0"/></net>

<net id="337"><net_src comp="333" pin="1"/><net_sink comp="79" pin=0"/></net>

<net id="341"><net_src comp="109" pin="3"/><net_sink comp="338" pin=0"/></net>

<net id="342"><net_src comp="338" pin="1"/><net_sink comp="79" pin=2"/></net>

<net id="346"><net_src comp="116" pin="3"/><net_sink comp="343" pin=0"/></net>

<net id="347"><net_src comp="343" pin="1"/><net_sink comp="73" pin=0"/></net>

<net id="351"><net_src comp="125" pin="3"/><net_sink comp="348" pin=0"/></net>

<net id="352"><net_src comp="348" pin="1"/><net_sink comp="73" pin=2"/></net>

</net_list>

</model> 
---------------- Datapath Model END ------------------

* FSMD analyzer results:
  - Output states:
	Port: state | {4 5 }
 - Input state : 
	Port: AddRoundKey : round | {1 }
	Port: AddRoundKey : state | {2 3 4 }
	Port: AddRoundKey : RoundKey | {2 3 4 }
  - Chain level:
	State 1
	State 2
		icmp_ln248 : 1
		i : 1
		br_ln248 : 2
		trunc_ln253 : 1
		tmp_s : 1
		zext_ln253 : 2
		state_addr : 3
		or_ln253_3 : 2
		tmp_1 : 2
		state_addr_1 : 3
		add_ln : 2
		zext_ln253_1 : 3
		RoundKey_addr : 4
		RoundKey_load : 5
		state_load : 4
		or_ln253 : 3
		zext_ln253_2 : 3
		RoundKey_addr_240 : 4
		RoundKey_load_1 : 5
		state_load_1 : 4
	State 3
		state_addr_2 : 1
		state_addr_3 : 1
		xor_ln253 : 1
		xor_ln253_1 : 1
		RoundKey_addr_241 : 1
		RoundKey_load_2 : 2
		state_load_2 : 2
		RoundKey_addr_242 : 1
		RoundKey_load_3 : 2
		state_load_3 : 2
	State 4
		xor_ln253_2 : 1
		xor_ln253_3 : 1
	State 5


============================================================
+ Verbose Summary: Datapath Resource usage 
============================================================

* Functional unit list:
|----------|-----------------------|---------|---------|
| Operation|    Functional Unit    |    FF   |   LUT   |
|----------|-----------------------|---------|---------|
|    xor   |       grp_fu_145      |    0    |    8    |
|          |       grp_fu_151      |    0    |    8    |
|----------|-----------------------|---------|---------|
|    add   |        i_fu_173       |    0    |    12   |
|----------|-----------------------|---------|---------|
|   icmp   |   icmp_ln248_fu_167   |    0    |    9    |
|----------|-----------------------|---------|---------|
|   read   | round_read_read_fu_46 |    0    |    0    |
|----------|-----------------------|---------|---------|
|   trunc  |   trunc_ln253_fu_179  |    0    |    0    |
|          |  trunc_ln253_1_fu_211 |    0    |    0    |
|----------|-----------------------|---------|---------|
|          |      tmp_s_fu_183     |    0    |    0    |
|          |      tmp_1_fu_202     |    0    |    0    |
|bitconcatenate|     add_ln_fu_214     |    0    |    0    |
|          |      tmp_2_fu_245     |    0    |    0    |
|          |      tmp_3_fu_259     |    0    |    0    |
|----------|-----------------------|---------|---------|
|          |   zext_ln253_fu_191   |    0    |    0    |
|          |  zext_ln253_1_fu_224  |    0    |    0    |
|   zext   |  zext_ln253_2_fu_235  |    0    |    0    |
|          |  zext_ln253_3_fu_273  |    0    |    0    |
|          |  zext_ln253_4_fu_283  |    0    |    0    |
|----------|-----------------------|---------|---------|
|          |   or_ln253_3_fu_196   |    0    |    0    |
|          |    or_ln253_fu_229    |    0    |    0    |
|    or    |   or_ln253_4_fu_240   |    0    |    0    |
|          |   or_ln253_5_fu_254   |    0    |    0    |
|          |   or_ln253_1_fu_268   |    0    |    0    |
|          |   or_ln253_2_fu_278   |    0    |    0    |
|----------|-----------------------|---------|---------|
|   Total  |                       |    0    |    37   |
|----------|-----------------------|---------|---------|

Memories:
N/A

* Register list:
+-------------------------+--------+
|                         |   FF   |
+-------------------------+--------+
|RoundKey_addr_240_reg_328|    8   |
|RoundKey_addr_241_reg_343|    8   |
|RoundKey_addr_242_reg_348|    8   |
|  RoundKey_addr_reg_323  |    8   |
|      add_ln_reg_317     |    8   |
|       i_0_reg_134       |    3   |
|        i_reg_296        |    3   |
|         reg_157         |    8   |
|         reg_162         |    8   |
|    round_read_reg_288   |    5   |
|   state_addr_1_reg_312  |    4   |
|   state_addr_2_reg_333  |    4   |
|   state_addr_3_reg_338  |    4   |
|    state_addr_reg_307   |    4   |
|      tmp_s_reg_301      |    5   |
+-------------------------+--------+
|          Total          |   88   |
+-------------------------+--------+

* Multiplexer (MUX) list: 
|------------------|------|------|------|--------||---------||---------|
|       Comp       |  Pin | Size |  BW  | S x BW ||  Delay  ||   LUT   |
|------------------|------|------|------|--------||---------||---------|
| grp_access_fu_73 |  p0  |   4  |   8  |   32   ||    21   |
| grp_access_fu_73 |  p2  |   4  |   0  |    0   ||    21   |
| grp_access_fu_79 |  p0  |   4  |   4  |   16   ||    21   |
| grp_access_fu_79 |  p2  |   4  |   0  |    0   ||    21   |
|------------------|------|------|------|--------||---------||---------|
|       Total      |      |      |      |   48   ||  6.214  ||    84   |
|------------------|------|------|------|--------||---------||---------|



* Summary:
+-----------+--------+--------+--------+
|           |  Delay |   FF   |   LUT  |
+-----------+--------+--------+--------+
|  Function |    -   |    0   |   37   |
|   Memory  |    -   |    -   |    -   |
|Multiplexer|    6   |    -   |   84   |
|  Register |    -   |   88   |    -   |
+-----------+--------+--------+--------+
|   Total   |    6   |   88   |   121  |
+-----------+--------+--------+--------+
