

================================================================
== Vivado HLS Report for 'matrix_mul_1'
================================================================
* Date:           Thu May 14 22:22:24 2020

* Version:        2019.2 (Build 2704478 on Wed Nov 06 22:10:23 MST 2019)
* Project:        picnic1
* Solution:       keypair
* Product family: artix7
* Target device:  xc7a200t-fbg676-2


================================================================
== Performance Estimates
================================================================
+ Timing: 
    * Summary: 
    +--------+----------+----------+------------+
    |  Clock |  Target  | Estimated| Uncertainty|
    +--------+----------+----------+------------+
    |ap_clk  | 10.00 ns | 8.366 ns |   1.25 ns  |
    +--------+----------+----------+------------+

+ Latency: 
    * Summary: 
    +---------+---------+-----------+-----------+------+------+---------+
    |  Latency (cycles) |   Latency (absolute)  |   Interval  | Pipeline|
    |   min   |   max   |    min    |    max    |  min |  max |   Type  |
    +---------+---------+-----------+-----------+------+------+---------+
    |     2569|     2569| 25.690 us | 25.690 us |  2569|  2569|   none  |
    +---------+---------+-----------+-----------+------+------+---------+

    + Detail: 
        * Instance: 
        N/A

        * Loop: 
        +------------------------+---------+---------+----------+-----------+-----------+------+----------+
        |                        |  Latency (cycles) | Iteration|  Initiation Interval  | Trip |          |
        |        Loop Name       |   min   |   max   |  Latency |  achieved |   target  | Count| Pipelined|
        +------------------------+---------+---------+----------+-----------+-----------+------+----------+
        |- matrix_mul_label6     |     2559|     2559|        20|          -|          -|   128|    no    |
        | + matrix_mul_label5    |        7|        7|         2|          2|          2|     4|    yes   |
        | + matrix_mul_label6.2  |        6|        6|         2|          -|          -|     3|    no    |
        |- matrix_mul_label7     |        8|        8|         2|          -|          -|     4|    no    |
        +------------------------+---------+---------+----------+-----------+-----------+------+----------+



================================================================
== Utilization Estimates
================================================================
* Summary: 
+-----------------+---------+-------+--------+--------+-----+
|       Name      | BRAM_18K| DSP48E|   FF   |   LUT  | URAM|
+-----------------+---------+-------+--------+--------+-----+
|DSP              |        -|      -|       -|       -|    -|
|Expression       |        -|      -|       0|    1305|    -|
|FIFO             |        -|      -|       -|       -|    -|
|Instance         |        -|      -|       -|       -|    -|
|Memory           |       34|      -|       0|       0|    0|
|Multiplexer      |        -|      -|       -|     152|    -|
|Register         |        -|      -|     100|       -|    -|
+-----------------+---------+-------+--------+--------+-----+
|Total            |       34|      0|     100|    1457|    0|
+-----------------+---------+-------+--------+--------+-----+
|Available        |      730|    740|  269200|  134600|    0|
+-----------------+---------+-------+--------+--------+-----+
|Utilization (%)  |        4|      0|   ~0   |       1|    0|
+-----------------+---------+-------+--------+--------+-----+

+ Detail: 
    * Instance: 
    N/A

    * DSP48E: 
    N/A

    * Memory: 
    +---------------+----------------------+---------+---+----+-----+-------+-----+------+-------------+
    |     Memory    |        Module        | BRAM_18K| FF| LUT| URAM| Words | Bits| Banks| W*Bits*Banks|
    +---------------+----------------------+---------+---+----+-----+-------+-----+------+-------------+
    |prod_U         |matrix_mul_1_prod     |        1|  0|   0|    0|     64|   32|     1|         2048|
    |temp_U         |matrix_mul_1_temp     |        1|  0|   0|    0|     64|   32|     1|         2048|
    |temp_matrix_U  |matrix_mul_1_tempeOg  |       32|  0|   0|    0|  10752|   32|     1|       344064|
    +---------------+----------------------+---------+---+----+-----+-------+-----+------+-------------+
    |Total          |                      |       34|  0|   0|    0|  10880|   96|     3|       348160|
    +---------------+----------------------+---------+---+----+-----+-------+-----+------+-------------+

    * FIFO: 
    N/A

    * Expression: 
    +-------------------------+----------+-------+---+-----+------------+------------+
    |      Variable Name      | Operation| DSP48E| FF| LUT | Bitwidth P0| Bitwidth P1|
    +-------------------------+----------+-------+---+-----+------------+------------+
    |add_ln133_fu_294_p2      |     +    |      0|  0|   16|           9|           9|
    |add_ln134_fu_309_p2      |     +    |      0|  0|   21|          14|          14|
    |add_ln68_fu_617_p2       |     +    |      0|  0|   15|           3|           6|
    |i_5_fu_349_p2            |     +    |      0|  0|   12|           3|           1|
    |i_fu_276_p2              |     +    |      0|  0|   15|           7|           1|
    |j_fu_332_p2              |     +    |      0|  0|   10|           2|           1|
    |loop_fu_883_p2           |     +    |      0|  0|   12|           3|           1|
    |sub_ln68_1_fu_659_p2     |     -    |      0|  0|   15|           6|           6|
    |sub_ln68_2_fu_689_p2     |     -    |      0|  0|   15|           5|           6|
    |sub_ln68_3_fu_801_p2     |     -    |      0|  0|   15|           5|           6|
    |sub_ln68_fu_647_p2       |     -    |      0|  0|   15|           6|           6|
    |and_ln68_1_fu_715_p2     |    and   |      0|  0|   32|          32|          32|
    |and_ln68_2_fu_854_p2     |    and   |      0|  0|   32|          32|          32|
    |and_ln68_fu_752_p2       |    and   |      0|  0|    8|           8|           8|
    |prod_d0                  |    and   |      0|  0|   32|          32|          32|
    |temp_d0                  |    and   |      0|  0|   32|          32|          32|
    |icmp_ln128_fu_384_p2     |   icmp   |      0|  0|   11|           7|           2|
    |icmp_ln130_fu_319_p2     |   icmp   |      0|  0|    8|           2|           2|
    |icmp_ln140_fu_877_p2     |   icmp   |      0|  0|    9|           3|           4|
    |icmp_ln68_1_fu_764_p2    |   icmp   |      0|  0|   29|          64|          64|
    |icmp_ln68_fu_627_p2      |   icmp   |      0|  0|   29|          64|          64|
    |icmp_ln87_fu_343_p2      |   icmp   |      0|  0|    9|           3|           4|
    |lshr_ln68_1_fu_709_p2    |   lshr   |      0|  0|  101|           2|          32|
    |lshr_ln68_2_fu_848_p2    |   lshr   |      0|  0|  101|           2|          32|
    |lshr_ln68_fu_703_p2      |   lshr   |      0|  0|  101|          32|          32|
    |or_ln68_fu_758_p2        |    or    |      0|  0|    8|           8|           8|
    |select_ln68_1_fu_673_p3  |  select  |      0|  0|   32|           1|          32|
    |select_ln68_2_fu_681_p3  |  select  |      0|  0|    6|           1|           6|
    |select_ln68_3_fu_782_p3  |  select  |      0|  0|    6|           1|           6|
    |select_ln68_4_fu_788_p3  |  select  |      0|  0|    6|           1|           6|
    |select_ln68_5_fu_794_p3  |  select  |      0|  0|    6|           1|           6|
    |select_ln68_6_fu_835_p3  |  select  |      0|  0|   32|           1|          32|
    |select_ln68_fu_665_p3    |  select  |      0|  0|    6|           1|           6|
    |shl_ln68_1_fu_746_p2     |    shl   |      0|  0|   19|           8|           8|
    |shl_ln68_2_fu_819_p2     |    shl   |      0|  0|  101|          32|          32|
    |shl_ln68_3_fu_842_p2     |    shl   |      0|  0|  101|           2|          32|
    |shl_ln68_4_fu_870_p2     |    shl   |      0|  0|   11|           1|           4|
    |shl_ln68_fu_734_p2       |    shl   |      0|  0|   19|           1|           8|
    |x_1_fu_390_p2            |    xor   |      0|  0|   32|          32|          32|
    |xor_ln101_1_fu_574_p2    |    xor   |      0|  0|    2|           1|           1|
    |xor_ln101_2_fu_580_p2    |    xor   |      0|  0|    2|           1|           1|
    |xor_ln101_3_fu_586_p2    |    xor   |      0|  0|    2|           1|           1|
    |xor_ln101_4_fu_592_p2    |    xor   |      0|  0|    2|           1|           1|
    |xor_ln101_fu_568_p2      |    xor   |      0|  0|    2|           1|           1|
    |xor_ln68_1_fu_740_p2     |    xor   |      0|  0|    8|           8|           2|
    |xor_ln68_2_fu_653_p2     |    xor   |      0|  0|    6|           6|           5|
    |xor_ln68_3_fu_776_p2     |    xor   |      0|  0|    6|           6|           5|
    |xor_ln68_fu_725_p2       |    xor   |      0|  0|    3|           3|           2|
    |xor_ln97_fu_464_p2       |    xor   |      0|  0|   24|          24|          24|
    |xor_ln98_2_fu_530_p2     |    xor   |      0|  0|   24|          24|          24|
    |xor_ln98_fu_508_p2       |    xor   |      0|  0|   24|          24|          24|
    |y_1_fu_480_p2            |    xor   |      0|  0|   32|          32|          32|
    |y_2_fu_524_p2            |    xor   |      0|  0|   32|          32|          32|
    |y_3_fu_554_p2            |    xor   |      0|  0|   24|          24|          24|
    |y_fu_436_p2              |    xor   |      0|  0|   32|          32|          32|
    +-------------------------+----------+-------+---+-----+------------+------------+
    |Total                    |          |      0|  0| 1305|         689|         858|
    +-------------------------+----------+-------+---+-----+------------+------------+

    * Multiplexer: 
    +-----------------------------+----+-----------+-----+-----------+
    |             Name            | LUT| Input Size| Bits| Total Bits|
    +-----------------------------+----+-----------+-----+-----------+
    |ap_NS_fsm                    |  56|         13|    1|         13|
    |bitNumber_assign105_reg_220  |   9|          2|    7|         14|
    |i_0_i_reg_254                |   9|          2|    3|          6|
    |j_0104_reg_232               |   9|          2|    2|          4|
    |loop_0_reg_265               |   9|          2|    3|          6|
    |prod_address0                |  21|          4|    6|         24|
    |temp_address0                |  21|          4|    6|         24|
    |temp_we0                     |   9|          2|    4|          8|
    |x_0_i_reg_244                |   9|          2|   32|         64|
    +-----------------------------+----+-----------+-----+-----------+
    |Total                        | 152|         33|   64|        163|
    +-----------------------------+----+-----------+-----+-----------+

    * Register: 
    +-----------------------------+----+----+-----+-----------+
    |             Name            | FF | LUT| Bits| Const Bits|
    +-----------------------------+----+----+-----+-----------+
    |add_ln68_reg_981             |   3|   0|    6|          3|
    |ap_CS_fsm                    |  12|   0|   12|          0|
    |bitNumber_assign105_reg_220  |   7|   0|    7|          0|
    |i_0_i_reg_254                |   3|   0|    3|          0|
    |i_5_reg_946                  |   3|   0|    3|          0|
    |i_reg_899                    |   7|   0|    7|          0|
    |icmp_ln128_reg_967           |   1|   0|    1|          0|
    |icmp_ln130_reg_919           |   1|   0|    1|          0|
    |icmp_ln68_1_reg_992          |   1|   0|    1|          0|
    |j_0104_reg_232               |   2|   0|    2|          0|
    |loop_0_reg_265               |   3|   0|    3|          0|
    |loop_reg_1003                |   3|   0|    3|          0|
    |or_ln68_reg_987              |   8|   0|    8|          0|
    |temp_addr_4_reg_957          |   2|   0|    6|          4|
    |tmp_8_reg_951                |   2|   0|    2|          0|
    |trunc_ln128_reg_962          |   3|   0|    3|          0|
    |x_0_i_reg_244                |  32|   0|   32|          0|
    |zext_ln134_reg_904           |   2|   0|   64|         62|
    |zext_ln141_reg_1008          |   3|   0|   64|         61|
    |zext_ln68_cast_reg_976       |   2|   0|    5|          3|
    +-----------------------------+----+----+-----+-----------+
    |Total                        | 100|   0|  233|        133|
    +-----------------------------+----+----+-----+-----------+



================================================================
== Interface
================================================================
* Summary: 
+-------------------+-----+-----+------------+---------------+--------------+
|     RTL Ports     | Dir | Bits|  Protocol  | Source Object |    C Type    |
+-------------------+-----+-----+------------+---------------+--------------+
|ap_clk             |  in |    1| ap_ctrl_hs |  matrix_mul.1 | return value |
|ap_rst             |  in |    1| ap_ctrl_hs |  matrix_mul.1 | return value |
|ap_start           |  in |    1| ap_ctrl_hs |  matrix_mul.1 | return value |
|ap_done            | out |    1| ap_ctrl_hs |  matrix_mul.1 | return value |
|ap_idle            | out |    1| ap_ctrl_hs |  matrix_mul.1 | return value |
|ap_ready           | out |    1| ap_ctrl_hs |  matrix_mul.1 | return value |
|output_r_address0  | out |    4|  ap_memory |    output_r   |     array    |
|output_r_ce0       | out |    1|  ap_memory |    output_r   |     array    |
|output_r_we0       | out |    1|  ap_memory |    output_r   |     array    |
|output_r_d0        | out |   32|  ap_memory |    output_r   |     array    |
|state_address0     | out |    3|  ap_memory |     state     |     array    |
|state_ce0          | out |    1|  ap_memory |     state     |     array    |
|state_q0           |  in |   32|  ap_memory |     state     |     array    |
|matrix_offset      |  in |   14|   ap_none  | matrix_offset |    scalar    |
+-------------------+-----+-----+------------+---------------+--------------+

