

================================================================
== Vivado HLS Report for 'AES256_ECB_1'
================================================================
* Date:           Wed May 13 21:28:58 2020

* Version:        2019.2 (Build 2704478 on Wed Nov 06 22:10:23 MST 2019)
* Project:        picnic1
* Solution:       keypair
* Product family: artix7
* Target device:  xc7a200t-fbg676-2


================================================================
== Performance Estimates
================================================================
+ Timing: 
    * Summary: 
    +--------+----------+----------+------------+
    |  Clock |  Target  | Estimated| Uncertainty|
    +--------+----------+----------+------------+
    |ap_clk  | 10.00 ns | 6.344 ns |   1.25 ns  |
    +--------+----------+----------+------------+

+ Latency: 
    * Summary: 
    +---------+---------+-----------+-----------+------+------+---------+
    |  Latency (cycles) |   Latency (absolute)  |   Interval  | Pipeline|
    |   min   |   max   |    min    |    max    |  min |  max |   Type  |
    +---------+---------+-----------+-----------+------+------+---------+
    |     3298|     4598| 32.980 us | 45.980 us |  3298|  4598|   none  |
    +---------+---------+-----------+-----------+------+------+---------+

    + Detail: 
        * Instance: 
        +-------------------------+--------------+---------+---------+-----------+-----------+------+------+---------+
        |                         |              |  Latency (cycles) |   Latency (absolute)  |   Interval  | Pipeline|
        |         Instance        |    Module    |   min   |   max   |    min    |    max    |  min |  max |   Type  |
        +-------------------------+--------------+---------+---------+-----------+-----------+------+------+---------+
        |grp_KeyExpansion_fu_133  |KeyExpansion  |     1382|     2682| 13.820 us | 26.820 us |  1382|  2682|   none  |
        |grp_Cipher_fu_145        |Cipher        |     1832|     1832| 18.320 us | 18.320 us |  1832|  1832|   none  |
        +-------------------------+--------------+---------+---------+-----------+-----------+------+------+---------+

        * Loop: 
        +-------------+---------+---------+----------+-----------+-----------+------+----------+
        |             |  Latency (cycles) | Iteration|  Initiation Interval  | Trip |          |
        |  Loop Name  |   min   |   max   |  Latency |  achieved |   target  | Count| Pipelined|
        +-------------+---------+---------+----------+-----------+-----------+------+----------+
        |- Loop 1     |       40|       40|        10|          -|          -|     4|    no    |
        | + Loop 1.1  |        8|        8|         2|          -|          -|     4|    no    |
        |- Loop 2     |       40|       40|        10|          -|          -|     4|    no    |
        | + Loop 2.1  |        8|        8|         2|          -|          -|     4|    no    |
        +-------------+---------+---------+----------+-----------+-----------+------+----------+



================================================================
== Utilization Estimates
================================================================
* Summary: 
+-----------------+---------+-------+--------+--------+-----+
|       Name      | BRAM_18K| DSP48E|   FF   |   LUT  | URAM|
+-----------------+---------+-------+--------+--------+-----+
|DSP              |        -|      -|       -|       -|    -|
|Expression       |        -|      -|       0|     140|    -|
|FIFO             |        -|      -|       -|       -|    -|
|Instance         |        2|      -|     604|    1819|    -|
|Memory           |        2|      -|       0|       0|    0|
|Multiplexer      |        -|      -|       -|     206|    -|
|Register         |        -|      -|      55|       -|    -|
+-----------------+---------+-------+--------+--------+-----+
|Total            |        4|      0|     659|    2165|    0|
+-----------------+---------+-------+--------+--------+-----+
|Available        |      730|    740|  269200|  134600|    0|
+-----------------+---------+-------+--------+--------+-----+
|Utilization (%)  |    ~0   |      0|   ~0   |       1|    0|
+-----------------+---------+-------+--------+--------+-----+

+ Detail: 
    * Instance: 
    +-------------------------+--------------+---------+-------+-----+-----+-----+
    |         Instance        |    Module    | BRAM_18K| DSP48E|  FF | LUT | URAM|
    +-------------------------+--------------+---------+-------+-----+-----+-----+
    |grp_Cipher_fu_145        |Cipher        |        1|      0|  194|  952|    0|
    |grp_KeyExpansion_fu_133  |KeyExpansion  |        1|      0|  410|  867|    0|
    +-------------------------+--------------+---------+-------+-----+-----+-----+
    |Total                    |              |        2|      0|  604| 1819|    0|
    +-------------------------+--------------+---------+-------+-----+-----+-----+

    * DSP48E: 
    N/A

    * Memory: 
    +----------------+----------------------+---------+---+----+-----+------+-----+------+-------------+
    |     Memory     |        Module        | BRAM_18K| FF| LUT| URAM| Words| Bits| Banks| W*Bits*Banks|
    +----------------+----------------------+---------+---+----+-----+------+-----+------+-------------+
    |ctx_RoundKey_U  |AES256_ECB_1_ctx_cud  |        1|  0|   0|    0|   240|    8|     1|         1920|
    |test_U          |AES256_ECB_1_test     |        1|  0|   0|    0|    16|    8|     1|          128|
    +----------------+----------------------+---------+---+----+-----+------+-----+------+-------------+
    |Total           |                      |        2|  0|   0|    0|   256|   16|     2|         2048|
    +----------------+----------------------+---------+---+----+-----+------+-----+------+-------------+

    * FIFO: 
    N/A

    * Expression: 
    +-----------------------+----------+-------+---+----+------------+------------+
    |     Variable Name     | Operation| DSP48E| FF| LUT| Bitwidth P0| Bitwidth P1|
    +-----------------------+----------+-------+---+----+------------+------------+
    |add_ln168_1_fu_219_p2  |     +    |      0|  0|  15|           6|           6|
    |add_ln168_fu_205_p2    |     +    |      0|  0|  13|           4|           4|
    |add_ln195_1_fu_280_p2  |     +    |      0|  0|  15|           6|           6|
    |add_ln195_fu_294_p2    |     +    |      0|  0|  13|           4|           4|
    |i_10_fu_234_p2         |     +    |      0|  0|  12|           3|           1|
    |i_fu_159_p2            |     +    |      0|  0|  12|           3|           1|
    |j_8_fu_270_p2          |     +    |      0|  0|  12|           3|           1|
    |j_fu_195_p2            |     +    |      0|  0|  12|           3|           1|
    |icmp_ln164_fu_153_p2   |   icmp   |      0|  0|   9|           3|           4|
    |icmp_ln166_fu_189_p2   |   icmp   |      0|  0|   9|           3|           4|
    |icmp_ln191_fu_228_p2   |   icmp   |      0|  0|   9|           3|           4|
    |icmp_ln193_fu_264_p2   |   icmp   |      0|  0|   9|           3|           4|
    +-----------------------+----------+-------+---+----+------------+------------+
    |Total                  |          |      0|  0| 140|          44|          40|
    +-----------------------+----------+-------+---+----+------------+------------+

    * Multiplexer: 
    +-----------------------+----+-----------+-----+-----------+
    |          Name         | LUT| Input Size| Bits| Total Bits|
    +-----------------------+----+-----------+-----+-----------+
    |ap_NS_fsm              |  47|         10|    1|         10|
    |ctx_RoundKey_address0  |  15|          3|    8|         24|
    |ctx_RoundKey_ce0       |  15|          3|    1|          3|
    |ctx_RoundKey_we0       |   9|          2|    1|          2|
    |i_0_reg_89             |   9|          2|    3|          6|
    |i_1_reg_111            |   9|          2|    3|          6|
    |j_0_reg_100            |   9|          2|    3|          6|
    |j_1_reg_122            |   9|          2|    3|          6|
    |test_address0          |  21|          4|    4|         16|
    |test_ce0               |  15|          3|    1|          3|
    |test_ce1               |   9|          2|    1|          2|
    |test_d0                |  15|          3|    8|         24|
    |test_we0               |  15|          3|    1|          3|
    |test_we1               |   9|          2|    1|          2|
    +-----------------------+----+-----------+-----+-----------+
    |Total                  | 206|         43|   39|        113|
    +-----------------------+----+-----------+-----+-----------+

    * Register: 
    +--------------------------------------+---+----+-----+-----------+
    |                 Name                 | FF| LUT| Bits| Const Bits|
    +--------------------------------------+---+----+-----+-----------+
    |add_ln168_1_reg_334                   |  6|   0|    6|          0|
    |add_ln195_reg_370                     |  4|   0|    4|          0|
    |ap_CS_fsm                             |  9|   0|    9|          0|
    |grp_Cipher_fu_145_ap_start_reg        |  1|   0|    1|          0|
    |grp_KeyExpansion_fu_133_ap_start_reg  |  1|   0|    1|          0|
    |i_0_reg_89                            |  3|   0|    3|          0|
    |i_10_reg_342                          |  3|   0|    3|          0|
    |i_1_reg_111                           |  3|   0|    3|          0|
    |i_reg_306                             |  3|   0|    3|          0|
    |j_0_reg_100                           |  3|   0|    3|          0|
    |j_1_reg_122                           |  3|   0|    3|          0|
    |j_8_reg_360                           |  3|   0|    3|          0|
    |j_reg_324                             |  3|   0|    3|          0|
    |shl_ln2_reg_352                       |  2|   0|    4|          2|
    |shl_ln_reg_311                        |  2|   0|    4|          2|
    |zext_ln166_reg_316                    |  3|   0|    6|          3|
    |zext_ln195_reg_347                    |  3|   0|    6|          3|
    +--------------------------------------+---+----+-----+-----------+
    |Total                                 | 55|   0|   65|         10|
    +--------------------------------------+---+----+-----+-----------+



================================================================
== Interface
================================================================
* Summary: 
+-------------------+-----+-----+------------+--------------+--------------+
|     RTL Ports     | Dir | Bits|  Protocol  | Source Object|    C Type    |
+-------------------+-----+-----+------------+--------------+--------------+
|ap_clk             |  in |    1| ap_ctrl_hs | AES256_ECB.1 | return value |
|ap_rst             |  in |    1| ap_ctrl_hs | AES256_ECB.1 | return value |
|ap_start           |  in |    1| ap_ctrl_hs | AES256_ECB.1 | return value |
|ap_done            | out |    1| ap_ctrl_hs | AES256_ECB.1 | return value |
|ap_idle            | out |    1| ap_ctrl_hs | AES256_ECB.1 | return value |
|ap_ready           | out |    1| ap_ctrl_hs | AES256_ECB.1 | return value |
|key_address0       | out |    5|  ap_memory |      key     |     array    |
|key_ce0            | out |    1|  ap_memory |      key     |     array    |
|key_q0             |  in |    8|  ap_memory |      key     |     array    |
|ctr_address0       | out |    4|  ap_memory |      ctr     |     array    |
|ctr_ce0            | out |    1|  ap_memory |      ctr     |     array    |
|ctr_q0             |  in |    8|  ap_memory |      ctr     |     array    |
|buffer_r_address0  | out |    4|  ap_memory |   buffer_r   |     array    |
|buffer_r_ce0       | out |    1|  ap_memory |   buffer_r   |     array    |
|buffer_r_we0       | out |    1|  ap_memory |   buffer_r   |     array    |
|buffer_r_d0        | out |    8|  ap_memory |   buffer_r   |     array    |
+-------------------+-----+-----+------------+--------------+--------------+

