

================================================================
== Vivado HLS Report for 'matrix_mul_1'
================================================================
* Date:           Wed May 13 21:28:59 2020

* Version:        2019.2 (Build 2704478 on Wed Nov 06 22:10:23 MST 2019)
* Project:        picnic1
* Solution:       keypair
* Product family: artix7
* Target device:  xc7a200t-fbg676-2


================================================================
== Performance Estimates
================================================================
+ Timing: 
    * Summary: 
    +--------+----------+----------+------------+
    |  Clock |  Target  | Estimated| Uncertainty|
    +--------+----------+----------+------------+
    |ap_clk  | 10.00 ns | 8.366 ns |   1.25 ns  |
    +--------+----------+----------+------------+

+ Latency: 
    * Summary: 
    +---------+---------+-----------+-----------+------+------+---------+
    |  Latency (cycles) |   Latency (absolute)  |   Interval  | Pipeline|
    |   min   |   max   |    min    |    max    |  min |  max |   Type  |
    +---------+---------+-----------+-----------+------+------+---------+
    |     2570|     2570| 25.700 us | 25.700 us |  2570|  2570|   none  |
    +---------+---------+-----------+-----------+------+------+---------+

    + Detail: 
        * Instance: 
        N/A

        * Loop: 
        +------------------------+---------+---------+----------+-----------+-----------+------+----------+
        |                        |  Latency (cycles) | Iteration|  Initiation Interval  | Trip |          |
        |        Loop Name       |   min   |   max   |  Latency |  achieved |   target  | Count| Pipelined|
        +------------------------+---------+---------+----------+-----------+-----------+------+----------+
        |- matrix_mul_label6     |     2560|     2560|        20|          -|          -|   128|    no    |
        | + matrix_mul_label5    |        8|        8|         2|          -|          -|     4|    no    |
        | + matrix_mul_label6.2  |        6|        6|         2|          -|          -|     3|    no    |
        |- matrix_mul_label7     |        8|        8|         2|          -|          -|     4|    no    |
        +------------------------+---------+---------+----------+-----------+-----------+------+----------+



================================================================
== Utilization Estimates
================================================================
* Summary: 
+-----------------+---------+-------+--------+--------+-----+
|       Name      | BRAM_18K| DSP48E|   FF   |   LUT  | URAM|
+-----------------+---------+-------+--------+--------+-----+
|DSP              |        -|      -|       -|       -|    -|
|Expression       |        -|      -|       0|    1310|    -|
|FIFO             |        -|      -|       -|       -|    -|
|Instance         |        -|      -|       -|       -|    -|
|Memory           |       34|      -|       0|       0|    0|
|Multiplexer      |        -|      -|       -|     149|    -|
|Register         |        -|      -|     111|       -|    -|
+-----------------+---------+-------+--------+--------+-----+
|Total            |       34|      0|     111|    1459|    0|
+-----------------+---------+-------+--------+--------+-----+
|Available        |      730|    740|  269200|  134600|    0|
+-----------------+---------+-------+--------+--------+-----+
|Utilization (%)  |        4|      0|   ~0   |       1|    0|
+-----------------+---------+-------+--------+--------+-----+

+ Detail: 
    * Instance: 
    N/A

    * DSP48E: 
    N/A

    * Memory: 
    +---------------+----------------------+---------+---+----+-----+-------+-----+------+-------------+
    |     Memory    |        Module        | BRAM_18K| FF| LUT| URAM| Words | Bits| Banks| W*Bits*Banks|
    +---------------+----------------------+---------+---+----+-----+-------+-----+------+-------------+
    |prod_U         |matrix_mul_1_prod     |        1|  0|   0|    0|     64|   32|     1|         2048|
    |temp_U         |matrix_mul_1_temp     |        1|  0|   0|    0|     64|   32|     1|         2048|
    |temp_matrix_U  |matrix_mul_1_tempeOg  |       32|  0|   0|    0|  10752|   32|     1|       344064|
    +---------------+----------------------+---------+---+----+-----+-------+-----+------+-------------+
    |Total          |                      |       34|  0|   0|    0|  10880|   96|     3|       348160|
    +---------------+----------------------+---------+---+----+-----+-------+-----+------+-------------+

    * FIFO: 
    N/A

    * Expression: 
    +-------------------------+----------+-------+---+-----+------------+------------+
    |      Variable Name      | Operation| DSP48E| FF| LUT | Bitwidth P0| Bitwidth P1|
    +-------------------------+----------+-------+---+-----+------------+------------+
    |add_ln133_fu_309_p2      |     +    |      0|  0|   16|           9|           9|
    |add_ln134_fu_323_p2      |     +    |      0|  0|   21|          14|          14|
    |add_ln68_fu_609_p2       |     +    |      0|  0|   15|           3|           6|
    |i_5_fu_351_p2            |     +    |      0|  0|   12|           3|           1|
    |i_fu_275_p2              |     +    |      0|  0|   15|           1|           8|
    |j_fu_303_p2              |     +    |      0|  0|   12|           3|           1|
    |loop_fu_875_p2           |     +    |      0|  0|   12|           3|           1|
    |sub_ln68_1_fu_651_p2     |     -    |      0|  0|   15|           6|           6|
    |sub_ln68_2_fu_681_p2     |     -    |      0|  0|   15|           5|           6|
    |sub_ln68_3_fu_793_p2     |     -    |      0|  0|   15|           5|           6|
    |sub_ln68_fu_639_p2       |     -    |      0|  0|   15|           6|           6|
    |and_ln68_1_fu_707_p2     |    and   |      0|  0|   32|          32|          32|
    |and_ln68_2_fu_846_p2     |    and   |      0|  0|   32|          32|          32|
    |and_ln68_fu_744_p2       |    and   |      0|  0|    8|           8|           8|
    |prod_d0                  |    and   |      0|  0|   32|          32|          32|
    |temp_d0                  |    and   |      0|  0|   32|          32|          32|
    |icmp_ln128_fu_269_p2     |   icmp   |      0|  0|   13|           8|           9|
    |icmp_ln130_fu_297_p2     |   icmp   |      0|  0|    9|           3|           4|
    |icmp_ln140_fu_869_p2     |   icmp   |      0|  0|    9|           3|           4|
    |icmp_ln68_1_fu_756_p2    |   icmp   |      0|  0|   29|          64|          64|
    |icmp_ln68_fu_619_p2      |   icmp   |      0|  0|   29|          64|          64|
    |icmp_ln87_fu_345_p2      |   icmp   |      0|  0|    9|           3|           4|
    |lshr_ln68_1_fu_701_p2    |   lshr   |      0|  0|  101|           2|          32|
    |lshr_ln68_2_fu_840_p2    |   lshr   |      0|  0|  101|           2|          32|
    |lshr_ln68_fu_695_p2      |   lshr   |      0|  0|  101|          32|          32|
    |or_ln68_fu_750_p2        |    or    |      0|  0|    8|           8|           8|
    |select_ln68_1_fu_665_p3  |  select  |      0|  0|   32|           1|          32|
    |select_ln68_2_fu_673_p3  |  select  |      0|  0|    6|           1|           6|
    |select_ln68_3_fu_774_p3  |  select  |      0|  0|    6|           1|           6|
    |select_ln68_4_fu_780_p3  |  select  |      0|  0|    6|           1|           6|
    |select_ln68_5_fu_786_p3  |  select  |      0|  0|    6|           1|           6|
    |select_ln68_6_fu_827_p3  |  select  |      0|  0|   32|           1|          32|
    |select_ln68_fu_657_p3    |  select  |      0|  0|    6|           1|           6|
    |shl_ln68_1_fu_738_p2     |    shl   |      0|  0|   19|           8|           8|
    |shl_ln68_2_fu_811_p2     |    shl   |      0|  0|  101|          32|          32|
    |shl_ln68_3_fu_834_p2     |    shl   |      0|  0|  101|           2|          32|
    |shl_ln68_4_fu_862_p2     |    shl   |      0|  0|   11|           1|           4|
    |shl_ln68_fu_726_p2       |    shl   |      0|  0|   19|           1|           8|
    |x_1_fu_382_p2            |    xor   |      0|  0|   32|          32|          32|
    |xor_ln101_1_fu_566_p2    |    xor   |      0|  0|    2|           1|           1|
    |xor_ln101_2_fu_572_p2    |    xor   |      0|  0|    2|           1|           1|
    |xor_ln101_3_fu_578_p2    |    xor   |      0|  0|    2|           1|           1|
    |xor_ln101_4_fu_584_p2    |    xor   |      0|  0|    2|           1|           1|
    |xor_ln101_fu_560_p2      |    xor   |      0|  0|    2|           1|           1|
    |xor_ln68_1_fu_732_p2     |    xor   |      0|  0|    8|           8|           2|
    |xor_ln68_2_fu_645_p2     |    xor   |      0|  0|    6|           6|           5|
    |xor_ln68_3_fu_768_p2     |    xor   |      0|  0|    6|           6|           5|
    |xor_ln68_fu_717_p2       |    xor   |      0|  0|    3|           3|           2|
    |xor_ln97_fu_456_p2       |    xor   |      0|  0|   24|          24|          24|
    |xor_ln98_2_fu_522_p2     |    xor   |      0|  0|   24|          24|          24|
    |xor_ln98_fu_500_p2       |    xor   |      0|  0|   24|          24|          24|
    |y_1_fu_472_p2            |    xor   |      0|  0|   32|          32|          32|
    |y_2_fu_516_p2            |    xor   |      0|  0|   32|          32|          32|
    |y_3_fu_546_p2            |    xor   |      0|  0|   24|          24|          24|
    |y_fu_428_p2              |    xor   |      0|  0|   32|          32|          32|
    +-------------------------+----------+-------+---+-----+------------+------------+
    |Total                    |          |      0|  0| 1310|         686|         874|
    +-------------------------+----------+-------+---+-----+------------+------------+

    * Multiplexer: 
    +--------------------------+----+-----------+-----+-----------+
    |           Name           | LUT| Input Size| Bits| Total Bits|
    +--------------------------+----+-----------+-----+-----------+
    |ap_NS_fsm                 |  53|         12|    1|         12|
    |bitNumber_assign_reg_210  |   9|          2|    8|         16|
    |i_0_i_reg_243             |   9|          2|    3|          6|
    |j_0_reg_222               |   9|          2|    3|          6|
    |loop_0_reg_254            |   9|          2|    3|          6|
    |prod_address0             |  21|          4|    6|         24|
    |temp_address0             |  21|          4|    6|         24|
    |temp_we0                  |   9|          2|    4|          8|
    |x_0_i_reg_233             |   9|          2|   32|         64|
    +--------------------------+----+-----------+-----+-----------+
    |Total                     | 149|         32|   66|        166|
    +--------------------------+----+-----------+-----+-----------+

    * Register: 
    +--------------------------+----+----+-----+-----------+
    |           Name           | FF | LUT| Bits| Const Bits|
    +--------------------------+----+----+-----+-----------+
    |add_ln68_reg_976          |   3|   0|    6|          3|
    |ap_CS_fsm                 |  11|   0|   11|          0|
    |bitNumber_assign_reg_210  |   8|   0|    8|          0|
    |i_0_i_reg_243             |   3|   0|    3|          0|
    |i_5_reg_950               |   3|   0|    3|          0|
    |i_reg_904                 |   8|   0|    8|          0|
    |icmp_ln68_1_reg_987       |   1|   0|    1|          0|
    |j_0_reg_222               |   3|   0|    3|          0|
    |j_reg_917                 |   3|   0|    3|          0|
    |loop_0_reg_254            |   3|   0|    3|          0|
    |loop_reg_998              |   3|   0|    3|          0|
    |or_ln68_reg_982           |   8|   0|    8|          0|
    |shl_ln_reg_909            |   7|   0|    9|          2|
    |temp_addr_4_reg_961       |   2|   0|    6|          4|
    |tmp_7_reg_955             |   2|   0|    2|          0|
    |trunc_ln128_reg_896       |   3|   0|    3|          0|
    |x_0_i_reg_233             |  32|   0|   32|          0|
    |zext_ln134_reg_922        |   3|   0|   64|         61|
    |zext_ln141_reg_1003       |   3|   0|   64|         61|
    |zext_ln68_cast_reg_971    |   2|   0|    5|          3|
    +--------------------------+----+----+-----+-----------+
    |Total                     | 111|   0|  245|        134|
    +--------------------------+----+----+-----+-----------+



================================================================
== Interface
================================================================
* Summary: 
+-------------------+-----+-----+------------+---------------+--------------+
|     RTL Ports     | Dir | Bits|  Protocol  | Source Object |    C Type    |
+-------------------+-----+-----+------------+---------------+--------------+
|ap_clk             |  in |    1| ap_ctrl_hs |  matrix_mul.1 | return value |
|ap_rst             |  in |    1| ap_ctrl_hs |  matrix_mul.1 | return value |
|ap_start           |  in |    1| ap_ctrl_hs |  matrix_mul.1 | return value |
|ap_done            | out |    1| ap_ctrl_hs |  matrix_mul.1 | return value |
|ap_idle            | out |    1| ap_ctrl_hs |  matrix_mul.1 | return value |
|ap_ready           | out |    1| ap_ctrl_hs |  matrix_mul.1 | return value |
|output_r_address0  | out |    4|  ap_memory |    output_r   |     array    |
|output_r_ce0       | out |    1|  ap_memory |    output_r   |     array    |
|output_r_we0       | out |    1|  ap_memory |    output_r   |     array    |
|output_r_d0        | out |   32|  ap_memory |    output_r   |     array    |
|state_address0     | out |    3|  ap_memory |     state     |     array    |
|state_ce0          | out |    1|  ap_memory |     state     |     array    |
|state_q0           |  in |   32|  ap_memory |     state     |     array    |
|matrix_offset      |  in |   14|   ap_none  | matrix_offset |    scalar    |
+-------------------+-----+-----+------------+---------------+--------------+

