

================================================================
== Vivado HLS Report for 'picnic_keygen'
================================================================
* Date:           Wed May 13 21:29:01 2020

* Version:        2019.2 (Build 2704478 on Wed Nov 06 22:10:23 MST 2019)
* Project:        picnic1
* Solution:       keypair
* Product family: artix7
* Target device:  xc7a200t-fbg676-2


================================================================
== Performance Estimates
================================================================
+ Timing: 
    * Summary: 
    +--------+----------+----------+------------+
    |  Clock |  Target  | Estimated| Uncertainty|
    +--------+----------+----------+------------+
    |ap_clk  | 10.00 ns | 8.366 ns |   1.25 ns  |
    +--------+----------+----------+------------+

+ Latency: 
    * Summary: 
    +---------+---------+-----------+----------+-----+--------+---------+
    |  Latency (cycles) |  Latency (absolute)  |   Interval   | Pipeline|
    |   min   |   max   |    min    |    max   | min |   max  |   Type  |
    +---------+---------+-----------+----------+-----+--------+---------+
    |        1|   144996| 10.000 ns | 1.450 ms |    1|  144996|   none  |
    +---------+---------+-----------+----------+-----+--------+---------+

    + Detail: 
        * Instance: 
        +------------------------+-------------+---------+---------+----------+----------+--------+--------+---------+
        |                        |             |  Latency (cycles) |  Latency (absolute) |     Interval    | Pipeline|
        |        Instance        |    Module   |   min   |   max   |    min   |    max   |   min  |   max  |   Type  |
        +------------------------+-------------+---------+---------+----------+----------+--------+--------+---------+
        |grp_randombytes_fu_456  |randombytes  |    13347|    18671| 0.133 ms | 0.187 ms |   13347|   18671|   none  |
        |grp_LowMCEnc_fu_473     |LowMCEnc     |   107470|   107470| 1.075 ms | 1.075 ms |  107470|  107470|   none  |
        +------------------------+-------------+---------+---------+----------+----------+--------+--------+---------+

        * Loop: 
        +----------------+---------+---------+----------+-----------+-----------+------+----------+
        |                |  Latency (cycles) | Iteration|  Initiation Interval  | Trip |          |
        |    Loop Name   |   min   |   max   |  Latency |  achieved |   target  | Count| Pipelined|
        +----------------+---------+---------+----------+-----------+-----------+------+----------+
        |- memset_temp   |        7|        7|         1|          -|          -|     8|    no    |
        |- memset_temp2  |        7|        7|         1|          -|          -|     8|    no    |
        |- memset_temp3  |        7|        7|         1|          -|          -|     8|    no    |
        |- Loop 4        |       24|       24|         3|          -|          -|     8|    no    |
        |- Loop 5        |       64|       64|         2|          -|          -|    32|    no    |
        |- Loop 6        |       64|       64|         2|          -|          -|    32|    no    |
        +----------------+---------+---------+----------+-----------+-----------+------+----------+



================================================================
== Utilization Estimates
================================================================
* Summary: 
+-----------------+---------+-------+--------+--------+-----+
|       Name      | BRAM_18K| DSP48E|   FF   |   LUT  | URAM|
+-----------------+---------+-------+--------+--------+-----+
|DSP              |        -|      -|       -|       -|    -|
|Expression       |        -|      -|       0|     222|    -|
|FIFO             |        -|      -|       -|       -|    -|
|Instance         |       78|      -|    1857|    8898|    0|
|Memory           |        0|      -|     192|      12|    0|
|Multiplexer      |        -|      -|       -|     580|    -|
|Register         |        -|      -|     169|       -|    -|
+-----------------+---------+-------+--------+--------+-----+
|Total            |       78|      0|    2218|    9712|    0|
+-----------------+---------+-------+--------+--------+-----+
|Available        |      730|    740|  269200|  134600|    0|
+-----------------+---------+-------+--------+--------+-----+
|Utilization (%)  |       10|      0|   ~0   |       7|    0|
+-----------------+---------+-------+--------+--------+-----+

+ Detail: 
    * Instance: 
    +------------------------+-------------+---------+-------+------+------+-----+
    |        Instance        |    Module   | BRAM_18K| DSP48E|  FF  |  LUT | URAM|
    +------------------------+-------------+---------+-------+------+------+-----+
    |grp_LowMCEnc_fu_473     |LowMCEnc     |       70|      0|   420|  3997|    0|
    |grp_randombytes_fu_456  |randombytes  |        8|      0|  1437|  4901|    0|
    +------------------------+-------------+---------+-------+------+------+-----+
    |Total                   |             |       78|      0|  1857|  8898|    0|
    +------------------------+-------------+---------+-------+------+------+-----+

    * DSP48E: 
    N/A

    * Memory: 
    +---------+--------------------+---------+----+----+-----+------+-----+------+-------------+
    |  Memory |       Module       | BRAM_18K| FF | LUT| URAM| Words| Bits| Banks| W*Bits*Banks|
    +---------+--------------------+---------+----+----+-----+------+-----+------+-------------+
    |temp_U   |picnic_keygen_temp  |        0|  64|   4|    0|     8|   32|     1|          256|
    |temp2_U  |picnic_keygen_temp  |        0|  64|   4|    0|     8|   32|     1|          256|
    |temp3_U  |picnic_keygen_temp  |        0|  64|   4|    0|     8|   32|     1|          256|
    +---------+--------------------+---------+----+----+-----+------+-----+------+-------------+
    |Total    |                    |        0| 192|  12|    0|    24|   96|     3|          768|
    +---------+--------------------+---------+----+----+-----+------+-----+------+-------------+

    * FIFO: 
    N/A

    * Expression: 
    +------------------------+----------+-------+---+----+------------+------------+
    |      Variable Name     | Operation| DSP48E| FF| LUT| Bitwidth P0| Bitwidth P1|
    +------------------------+----------+-------+---+----+------------+------------+
    |add_ln210_1_fu_581_p2   |     +    |      0|  0|  12|           3|           1|
    |add_ln210_2_fu_598_p2   |     +    |      0|  0|  12|           3|           1|
    |add_ln210_fu_564_p2     |     +    |      0|  0|  12|           3|           1|
    |loop_3_fu_732_p2        |     +    |      0|  0|  15|           6|           1|
    |loop_4_fu_784_p2        |     +    |      0|  0|  15|           6|           1|
    |loop_fu_657_p2          |     +    |      0|  0|  15|           3|           6|
    |empty_19_fu_492_p2      |   icmp   |      0|  0|   9|           4|           3|
    |empty_21_fu_504_p2      |   icmp   |      0|  0|   9|           4|           3|
    |empty_23_fu_516_p2      |   icmp   |      0|  0|   9|           4|           4|
    |empty_25_fu_528_p2      |   icmp   |      0|  0|   9|           4|           4|
    |empty_27_fu_540_p2      |   icmp   |      0|  0|   9|           4|           4|
    |empty_29_fu_552_p2      |   icmp   |      0|  0|   9|           4|           1|
    |empty_fu_486_p2         |   icmp   |      0|  0|   9|           4|           2|
    |icmp_ln210_1_fu_592_p2  |   icmp   |      0|  0|   9|           3|           2|
    |icmp_ln210_2_fu_609_p2  |   icmp   |      0|  0|   9|           3|           2|
    |icmp_ln210_fu_575_p2    |   icmp   |      0|  0|   9|           3|           2|
    |icmp_ln221_fu_726_p2    |   icmp   |      0|  0|  11|           6|           7|
    |icmp_ln229_fu_778_p2    |   icmp   |      0|  0|  11|           6|           7|
    |empty_20_fu_498_p2      |    or    |      0|  0|   2|           1|           1|
    |empty_22_fu_510_p2      |    or    |      0|  0|   2|           1|           1|
    |empty_24_fu_522_p2      |    or    |      0|  0|   2|           1|           1|
    |empty_26_fu_534_p2      |    or    |      0|  0|   2|           1|           1|
    |empty_28_fu_546_p2      |    or    |      0|  0|   2|           1|           1|
    |empty_30_fu_558_p2      |    or    |      0|  0|   2|           1|           1|
    |or_ln213_1_fu_663_p2    |    or    |      0|  0|   5|           5|           2|
    |or_ln213_2_fu_675_p2    |    or    |      0|  0|   5|           5|           2|
    |or_ln213_fu_634_p2      |    or    |      0|  0|   5|           5|           1|
    |select_ln166_fu_796_p3  |  select  |      0|  0|   2|           1|           2|
    +------------------------+----------+-------+---+----+------------+------------+
    |Total                   |          |      0|  0| 222|          95|          65|
    +------------------------+----------+-------+---+----+------------+------------+

    * Multiplexer: 
    +----------------------------------+----+-----------+-----+-----------+
    |               Name               | LUT| Input Size| Bits| Total Bits|
    +----------------------------------+----+-----------+-----+-----------+
    |DRBG_ctx_Key_ce0                  |   9|          2|    1|          2|
    |DRBG_ctx_Key_we0                  |   9|          2|    1|          2|
    |DRBG_ctx_V_ce0                    |   9|          2|    1|          2|
    |DRBG_ctx_V_we0                    |   9|          2|    1|          2|
    |DRBG_ctx_reseed_counter_o         |   9|          2|   32|         64|
    |DRBG_ctx_reseed_counter_o_ap_vld  |   9|          2|    1|          2|
    |ap_NS_fsm                         |  85|         17|    1|         17|
    |ap_return_0                       |   9|          2|   32|         64|
    |ap_return_1                       |   9|          2|    4|          8|
    |ap_return_2                       |   9|          2|    4|          8|
    |loop_0_reg_409                    |   9|          2|    6|         12|
    |loop_1_reg_420                    |   9|          2|    6|         12|
    |loop_2_reg_432                    |   9|          2|    6|         12|
    |phi_ln210_1_reg_387               |   9|          2|    3|          6|
    |phi_ln210_2_reg_398               |   9|          2|    3|          6|
    |phi_ln210_reg_376                 |   9|          2|    3|          6|
    |pk_ciphertext_address0            |  21|          4|    5|         20|
    |pk_ciphertext_address1            |  21|          4|    5|         20|
    |pk_plaintext_address0             |  27|          5|    5|         25|
    |pk_plaintext_address1             |  15|          3|    5|         15|
    |pk_plaintext_ce0                  |  15|          3|    1|          3|
    |pk_plaintext_we0                  |   9|          2|    1|          2|
    |sk_data_address0                  |  21|          4|    5|         20|
    |sk_data_address1                  |  15|          3|    5|         15|
    |sk_data_ce0                       |  15|          3|    1|          3|
    |sk_data_we0                       |   9|          2|    1|          2|
    |temp2_address0                    |  21|          4|    3|         12|
    |temp2_ce0                         |  15|          3|    1|          3|
    |temp2_d0                          |  15|          3|   32|         96|
    |temp3_address0                    |  21|          4|    3|         12|
    |temp3_ce0                         |  15|          3|    1|          3|
    |temp3_d0                          |  15|          3|   32|         96|
    |temp_address0                     |  33|          6|    3|         18|
    |temp_ce0                          |  15|          3|    1|          3|
    |temp_d0                           |  27|          5|   32|        160|
    |temp_we0                          |  15|          3|    1|          3|
    +----------------------------------+----+-----------+-----+-----------+
    |Total                             | 580|        117|  248|        756|
    +----------------------------------+----+-----------+-----+-----------+

    * Register: 
    +-------------------------------------+----+----+-----+-----------+
    |                 Name                | FF | LUT| Bits| Const Bits|
    +-------------------------------------+----+----+-----+-----------+
    |ap_CS_fsm                            |  16|   0|   16|          0|
    |ap_return_0_preg                     |  32|   0|   32|          0|
    |ap_return_1_preg                     |   4|   0|    4|          0|
    |ap_return_2_preg                     |   4|   0|    4|          0|
    |grp_LowMCEnc_fu_473_ap_start_reg     |   1|   0|    1|          0|
    |grp_randombytes_fu_456_ap_start_reg  |   1|   0|    1|          0|
    |loop_0_reg_409                       |   6|   0|    6|          0|
    |loop_1_reg_420                       |   6|   0|    6|          0|
    |loop_2_reg_432                       |   6|   0|    6|          0|
    |loop_3_reg_965                       |   6|   0|    6|          0|
    |loop_4_reg_978                       |   6|   0|    6|          0|
    |loop_reg_897                         |   6|   0|    6|          0|
    |p_0_reg_443                          |   1|   0|    1|          0|
    |phi_ln210_1_reg_387                  |   3|   0|    3|          0|
    |phi_ln210_2_reg_398                  |   3|   0|    3|          0|
    |phi_ln210_reg_376                    |   3|   0|    3|          0|
    |pk_ciphertext_load_1_reg_907         |   8|   0|    8|          0|
    |pk_ciphertext_load_reg_902           |   8|   0|    8|          0|
    |pk_plaintext_load_1_reg_927          |   8|   0|    8|          0|
    |pk_plaintext_load_reg_922            |   8|   0|    8|          0|
    |sk_data_load_1_reg_947               |   8|   0|    8|          0|
    |sk_data_load_reg_942                 |   8|   0|    8|          0|
    |temp_addr_3_reg_970                  |   3|   0|    3|          0|
    |trunc_ln211_reg_861                  |   5|   0|    5|          0|
    |trunc_ln213_1_reg_872                |   3|   0|    3|          0|
    |zext_ln231_reg_983                   |   6|   0|   64|         58|
    +-------------------------------------+----+----+-----+-----------+
    |Total                                | 169|   0|  227|         58|
    +-------------------------------------+----+----+-----+-----------+



================================================================
== Interface
================================================================
* Summary: 
+----------------------------------+-----+-----+------------+-------------------------+--------------+
|             RTL Ports            | Dir | Bits|  Protocol  |      Source Object      |    C Type    |
+----------------------------------+-----+-----+------------+-------------------------+--------------+
|ap_clk                            |  in |    1| ap_ctrl_hs |      picnic_keygen      | return value |
|ap_rst                            |  in |    1| ap_ctrl_hs |      picnic_keygen      | return value |
|ap_start                          |  in |    1| ap_ctrl_hs |      picnic_keygen      | return value |
|ap_done                           | out |    1| ap_ctrl_hs |      picnic_keygen      | return value |
|ap_idle                           | out |    1| ap_ctrl_hs |      picnic_keygen      | return value |
|ap_ready                          | out |    1| ap_ctrl_hs |      picnic_keygen      | return value |
|ap_return_0                       | out |   32| ap_ctrl_hs |      picnic_keygen      | return value |
|ap_return_1                       | out |    4| ap_ctrl_hs |      picnic_keygen      | return value |
|ap_return_2                       | out |    4| ap_ctrl_hs |      picnic_keygen      | return value |
|parameters                        |  in |    4|   ap_none  |        parameters       |    scalar    |
|pk_plaintext_address0             | out |    5|  ap_memory |       pk_plaintext      |     array    |
|pk_plaintext_ce0                  | out |    1|  ap_memory |       pk_plaintext      |     array    |
|pk_plaintext_we0                  | out |    1|  ap_memory |       pk_plaintext      |     array    |
|pk_plaintext_d0                   | out |    8|  ap_memory |       pk_plaintext      |     array    |
|pk_plaintext_q0                   |  in |    8|  ap_memory |       pk_plaintext      |     array    |
|pk_plaintext_address1             | out |    5|  ap_memory |       pk_plaintext      |     array    |
|pk_plaintext_ce1                  | out |    1|  ap_memory |       pk_plaintext      |     array    |
|pk_plaintext_q1                   |  in |    8|  ap_memory |       pk_plaintext      |     array    |
|pk_ciphertext_address0            | out |    5|  ap_memory |      pk_ciphertext      |     array    |
|pk_ciphertext_ce0                 | out |    1|  ap_memory |      pk_ciphertext      |     array    |
|pk_ciphertext_we0                 | out |    1|  ap_memory |      pk_ciphertext      |     array    |
|pk_ciphertext_d0                  | out |    8|  ap_memory |      pk_ciphertext      |     array    |
|pk_ciphertext_q0                  |  in |    8|  ap_memory |      pk_ciphertext      |     array    |
|pk_ciphertext_address1            | out |    5|  ap_memory |      pk_ciphertext      |     array    |
|pk_ciphertext_ce1                 | out |    1|  ap_memory |      pk_ciphertext      |     array    |
|pk_ciphertext_q1                  |  in |    8|  ap_memory |      pk_ciphertext      |     array    |
|sk_data_address0                  | out |    5|  ap_memory |         sk_data         |     array    |
|sk_data_ce0                       | out |    1|  ap_memory |         sk_data         |     array    |
|sk_data_we0                       | out |    1|  ap_memory |         sk_data         |     array    |
|sk_data_d0                        | out |    8|  ap_memory |         sk_data         |     array    |
|sk_data_q0                        |  in |    8|  ap_memory |         sk_data         |     array    |
|sk_data_address1                  | out |    5|  ap_memory |         sk_data         |     array    |
|sk_data_ce1                       | out |    1|  ap_memory |         sk_data         |     array    |
|sk_data_q1                        |  in |    8|  ap_memory |         sk_data         |     array    |
|sk_pk_plaintext_address0          | out |    5|  ap_memory |     sk_pk_plaintext     |     array    |
|sk_pk_plaintext_ce0               | out |    1|  ap_memory |     sk_pk_plaintext     |     array    |
|sk_pk_plaintext_we0               | out |    1|  ap_memory |     sk_pk_plaintext     |     array    |
|sk_pk_plaintext_d0                | out |    8|  ap_memory |     sk_pk_plaintext     |     array    |
|sk_pk_ciphertext_address0         | out |    5|  ap_memory |     sk_pk_ciphertext    |     array    |
|sk_pk_ciphertext_ce0              | out |    1|  ap_memory |     sk_pk_ciphertext    |     array    |
|sk_pk_ciphertext_we0              | out |    1|  ap_memory |     sk_pk_ciphertext    |     array    |
|sk_pk_ciphertext_d0               | out |    8|  ap_memory |     sk_pk_ciphertext    |     array    |
|DRBG_ctx_V_address0               | out |    4|  ap_memory |        DRBG_ctx_V       |     array    |
|DRBG_ctx_V_ce0                    | out |    1|  ap_memory |        DRBG_ctx_V       |     array    |
|DRBG_ctx_V_we0                    | out |    1|  ap_memory |        DRBG_ctx_V       |     array    |
|DRBG_ctx_V_d0                     | out |    8|  ap_memory |        DRBG_ctx_V       |     array    |
|DRBG_ctx_V_q0                     |  in |    8|  ap_memory |        DRBG_ctx_V       |     array    |
|DRBG_ctx_Key_address0             | out |    5|  ap_memory |       DRBG_ctx_Key      |     array    |
|DRBG_ctx_Key_ce0                  | out |    1|  ap_memory |       DRBG_ctx_Key      |     array    |
|DRBG_ctx_Key_we0                  | out |    1|  ap_memory |       DRBG_ctx_Key      |     array    |
|DRBG_ctx_Key_d0                   | out |    8|  ap_memory |       DRBG_ctx_Key      |     array    |
|DRBG_ctx_Key_q0                   |  in |    8|  ap_memory |       DRBG_ctx_Key      |     array    |
|DRBG_ctx_reseed_counter_i         |  in |   32|   ap_ovld  | DRBG_ctx_reseed_counter |    pointer   |
|DRBG_ctx_reseed_counter_o         | out |   32|   ap_ovld  | DRBG_ctx_reseed_counter |    pointer   |
|DRBG_ctx_reseed_counter_o_ap_vld  | out |    1|   ap_ovld  | DRBG_ctx_reseed_counter |    pointer   |
+----------------------------------+-----+-----+------------+-------------------------+--------------+

