

================================================================
== Vivado HLS Report for 'randombytes'
================================================================
* Date:           Thu May 14 22:22:24 2020

* Version:        2019.2 (Build 2704478 on Wed Nov 06 22:10:23 MST 2019)
* Project:        picnic1
* Solution:       keypair
* Product family: artix7
* Target device:  xc7a200t-fbg676-2


================================================================
== Performance Estimates
================================================================
+ Timing: 
    * Summary: 
    +--------+----------+----------+------------+
    |  Clock |  Target  | Estimated| Uncertainty|
    +--------+----------+----------+------------+
    |ap_clk  | 10.00 ns | 6.344 ns |   1.25 ns  |
    +--------+----------+----------+------------+

+ Latency: 
    * Summary: 
    +---------+---------+----------+----------+-------+-------+---------+
    |  Latency (cycles) |  Latency (absolute) |    Interval   | Pipeline|
    |   min   |   max   |    min   |    max   |  min  |  max  |   Type  |
    +---------+---------+----------+----------+-------+-------+---------+
    |    13347|    18671| 0.133 ms | 0.187 ms |  13347|  18671|   none  |
    +---------+---------+----------+----------+-------+-------+---------+

    + Detail: 
        * Instance: 
        +-------------------------+--------------+---------+---------+-----------+-----------+------+------+---------+
        |                         |              |  Latency (cycles) |   Latency (absolute)  |   Interval  | Pipeline|
        |         Instance        |    Module    |   min   |   max   |    min    |    max    |  min |  max |   Type  |
        +-------------------------+--------------+---------+---------+-----------+-----------+------+------+---------+
        |grp_AES256_ECB_fu_240    |AES256_ECB    |     3298|     4598| 32.980 us | 45.980 us |  3298|  4598|   none  |
        |grp_AES256_ECB_1_fu_254  |AES256_ECB_1  |     3298|     4598| 32.980 us | 45.980 us |  3298|  4598|   none  |
        +-------------------------+--------------+---------+---------+-----------+-----------+------+------+---------+

        * Loop: 
        +-------------+---------+---------+-------------+-----------+-----------+--------+----------+
        |             |  Latency (cycles) |  Iteration  |  Initiation Interval  |  Trip  |          |
        |  Loop Name  |   min   |   max   |   Latency   |  achieved |   target  |  Count | Pipelined|
        +-------------+---------+---------+-------------+-----------+-----------+--------+----------+
        |- Loop 1     |        2|       33|            2|          -|          -| 1 ~ 16 |    no    |
        |- Loop 2     |       32|       32|            2|          -|          -|      16|    no    |
        |- Loop 3     |     9912|    13905| 3304 ~ 4635 |          -|          -|       3|    no    |
        | + Loop 3.1  |        2|       33|            2|          -|          -| 1 ~ 16 |    no    |
        |- Loop 4     |       64|       64|            2|          -|          -|      32|    no    |
        |- Loop 5     |       32|       32|            2|          -|          -|      16|    no    |
        +-------------+---------+---------+-------------+-----------+-----------+--------+----------+



================================================================
== Utilization Estimates
================================================================
* Summary: 
+-----------------+---------+-------+--------+--------+-----+
|       Name      | BRAM_18K| DSP48E|   FF   |   LUT  | URAM|
+-----------------+---------+-------+--------+--------+-----+
|DSP              |        -|      -|       -|       -|    -|
|Expression       |        -|      -|       0|     191|    -|
|FIFO             |        -|      -|       -|       -|    -|
|Instance         |        8|      -|    1320|    4345|    0|
|Memory           |        0|      -|      32|       8|    0|
|Multiplexer      |        -|      -|       -|     357|    -|
|Register         |        -|      -|      85|       -|    -|
+-----------------+---------+-------+--------+--------+-----+
|Total            |        8|      0|    1437|    4901|    0|
+-----------------+---------+-------+--------+--------+-----+
|Available        |      730|    740|  269200|  134600|    0|
+-----------------+---------+-------+--------+--------+-----+
|Utilization (%)  |        1|      0|   ~0   |       3|    0|
+-----------------+---------+-------+--------+--------+-----+

+ Detail: 
    * Instance: 
    +-------------------------+--------------+---------+-------+-----+------+-----+
    |         Instance        |    Module    | BRAM_18K| DSP48E|  FF |  LUT | URAM|
    +-------------------------+--------------+---------+-------+-----+------+-----+
    |grp_AES256_ECB_fu_240    |AES256_ECB    |        4|      0|  661|  2180|    0|
    |grp_AES256_ECB_1_fu_254  |AES256_ECB_1  |        4|      0|  659|  2165|    0|
    +-------------------------+--------------+---------+-------+-----+------+-----+
    |Total                    |              |        8|      0| 1320|  4345|    0|
    +-------------------------+--------------+---------+-------+-----+------+-----+

    * DSP48E: 
    N/A

    * Memory: 
    +---------+-------------------+---------+----+----+-----+------+-----+------+-------------+
    |  Memory |       Module      | BRAM_18K| FF | LUT| URAM| Words| Bits| Banks| W*Bits*Banks|
    +---------+-------------------+---------+----+----+-----+------+-----+------+-------------+
    |block_U  |randombytes_block  |        0|  16|   2|    0|    16|    8|     1|          128|
    |temp_U   |randombytes_temp   |        0|  16|   6|    0|    48|    8|     1|          384|
    +---------+-------------------+---------+----+----+-----+------+-----+------+-------------+
    |Total    |                   |        0|  32|   8|    0|    64|   16|     2|          512|
    +---------+-------------------+---------+----+----+-----+------+-----+------+-------------+

    * FIFO: 
    N/A

    * Expression: 
    +----------------------+----------+-------+---+----+------------+------------+
    |     Variable Name    | Operation| DSP48E| FF| LUT| Bitwidth P0| Bitwidth P1|
    +----------------------+----------+-------+---+----+------------+------------+
    |add_ln310_fu_410_p2   |     +    |      0|  0|  39|          32|           1|
    |grp_fu_273_p2         |     +    |      0|  0|  15|           8|           1|
    |i_1_fu_387_p2         |     +    |      0|  0|  15|           5|           1|
    |i_4_fu_326_p2         |     +    |      0|  0|  10|           2|           1|
    |i_fu_370_p2           |     +    |      0|  0|  15|           6|           1|
    |j_1_fu_349_p2         |     +    |      0|  0|  15|           5|           2|
    |j_fu_297_p2           |     +    |      0|  0|  15|           5|           2|
    |loop_fu_309_p2        |     +    |      0|  0|  15|           5|           1|
    |grp_fu_267_p2         |   icmp   |      0|  0|  11|           8|           2|
    |icmp_ln269_fu_303_p2  |   icmp   |      0|  0|  11|           5|           6|
    |icmp_ln287_fu_320_p2  |   icmp   |      0|  0|   8|           2|           2|
    |icmp_ln306_fu_364_p2  |   icmp   |      0|  0|  11|           6|           7|
    |icmp_ln308_fu_381_p2  |   icmp   |      0|  0|  11|           5|           6|
    +----------------------+----------+-------+---+----+------------+------------+
    |Total                 |          |      0|  0| 191|          94|          33|
    +----------------------+----------+-------+---+----+------------+------------+

    * Multiplexer: 
    +---------------------------+----+-----------+-----+-----------+
    |            Name           | LUT| Input Size| Bits| Total Bits|
    +---------------------------+----+-----------+-----+-----------+
    |DRBG_ctx_Key_address0      |  21|          4|    5|         20|
    |DRBG_ctx_Key_ce0           |  21|          4|    1|          4|
    |DRBG_ctx_V_address0        |  41|          8|    4|         32|
    |DRBG_ctx_V_ce0             |  21|          4|    1|          4|
    |DRBG_ctx_V_d0              |  21|          4|    8|         32|
    |DRBG_ctx_reseed_counter_o  |   9|          2|   32|         64|
    |ap_NS_fsm                  |  85|         17|    1|         17|
    |block_address0             |  15|          3|    4|         12|
    |block_ce0                  |  15|          3|    1|          3|
    |block_we0                  |   9|          2|    1|          2|
    |i_0_reg_193                |   9|          2|    2|          4|
    |i_2_reg_217                |   9|          2|    6|         12|
    |i_3_reg_228                |   9|          2|    5|         10|
    |j1_0_reg_205               |   9|          2|    5|         10|
    |j_0_reg_170                |   9|          2|    5|         10|
    |loop_0_reg_182             |   9|          2|    5|         10|
    |temp_address0              |  21|          4|    6|         24|
    |temp_ce0                   |  15|          3|    1|          3|
    |temp_we0                   |   9|          2|    1|          2|
    +---------------------------+----+-----------+-----+-----------+
    |Total                      | 357|         72|   94|        275|
    +---------------------------+----+-----------+-----+-----------+

    * Register: 
    +--------------------------------------+----+----+-----+-----------+
    |                 Name                 | FF | LUT| Bits| Const Bits|
    +--------------------------------------+----+----+-----+-----------+
    |DRBG_ctx_V_addr_1_reg_472             |   4|   0|    4|          0|
    |DRBG_ctx_V_addr_reg_430               |   4|   0|    4|          0|
    |ap_CS_fsm                             |  16|   0|   16|          0|
    |grp_AES256_ECB_1_fu_254_ap_start_reg  |   1|   0|    1|          0|
    |grp_AES256_ECB_fu_240_ap_start_reg    |   1|   0|    1|          0|
    |i_0_reg_193                           |   2|   0|    2|          0|
    |i_1_reg_511                           |   5|   0|    5|          0|
    |i_2_reg_217                           |   6|   0|    6|          0|
    |i_3_reg_228                           |   5|   0|    5|          0|
    |i_4_reg_464                           |   2|   0|    2|          0|
    |i_reg_493                             |   6|   0|    6|          0|
    |j1_0_reg_205                          |   5|   0|    5|          0|
    |j_0_reg_170                           |   5|   0|    5|          0|
    |loop_0_reg_182                        |   5|   0|    5|          0|
    |loop_reg_446                          |   5|   0|    5|          0|
    |shl_ln_reg_485                        |   2|   0|    6|          4|
    |zext_ln270_reg_451                    |   5|   0|   64|         59|
    |zext_ln307_reg_498                    |   6|   0|   64|         58|
    +--------------------------------------+----+----+-----+-----------+
    |Total                                 |  85|   0|  206|        121|
    +--------------------------------------+----+----+-----+-----------+



================================================================
== Interface
================================================================
* Summary: 
+----------------------------------+-----+-----+------------+-------------------------+--------------+
|             RTL Ports            | Dir | Bits|  Protocol  |      Source Object      |    C Type    |
+----------------------------------+-----+-----+------------+-------------------------+--------------+
|ap_clk                            |  in |    1| ap_ctrl_hs |       randombytes       | return value |
|ap_rst                            |  in |    1| ap_ctrl_hs |       randombytes       | return value |
|ap_start                          |  in |    1| ap_ctrl_hs |       randombytes       | return value |
|ap_done                           | out |    1| ap_ctrl_hs |       randombytes       | return value |
|ap_idle                           | out |    1| ap_ctrl_hs |       randombytes       | return value |
|ap_ready                          | out |    1| ap_ctrl_hs |       randombytes       | return value |
|x_address0                        | out |    5|  ap_memory |            x            |     array    |
|x_ce0                             | out |    1|  ap_memory |            x            |     array    |
|x_we0                             | out |    1|  ap_memory |            x            |     array    |
|x_d0                              | out |    8|  ap_memory |            x            |     array    |
|DRBG_ctx_V_address0               | out |    4|  ap_memory |        DRBG_ctx_V       |     array    |
|DRBG_ctx_V_ce0                    | out |    1|  ap_memory |        DRBG_ctx_V       |     array    |
|DRBG_ctx_V_we0                    | out |    1|  ap_memory |        DRBG_ctx_V       |     array    |
|DRBG_ctx_V_d0                     | out |    8|  ap_memory |        DRBG_ctx_V       |     array    |
|DRBG_ctx_V_q0                     |  in |    8|  ap_memory |        DRBG_ctx_V       |     array    |
|DRBG_ctx_Key_address0             | out |    5|  ap_memory |       DRBG_ctx_Key      |     array    |
|DRBG_ctx_Key_ce0                  | out |    1|  ap_memory |       DRBG_ctx_Key      |     array    |
|DRBG_ctx_Key_we0                  | out |    1|  ap_memory |       DRBG_ctx_Key      |     array    |
|DRBG_ctx_Key_d0                   | out |    8|  ap_memory |       DRBG_ctx_Key      |     array    |
|DRBG_ctx_Key_q0                   |  in |    8|  ap_memory |       DRBG_ctx_Key      |     array    |
|DRBG_ctx_reseed_counter_i         |  in |   32|   ap_ovld  | DRBG_ctx_reseed_counter |    pointer   |
|DRBG_ctx_reseed_counter_o         | out |   32|   ap_ovld  | DRBG_ctx_reseed_counter |    pointer   |
|DRBG_ctx_reseed_counter_o_ap_vld  | out |    1|   ap_ovld  | DRBG_ctx_reseed_counter |    pointer   |
+----------------------------------+-----+-----+------------+-------------------------+--------------+

